[0.086s] DEBUG:colcon:Command line arguments: ['/usr/bin/colcon', 'build']
[0.086s] DEBUG:colcon:Parsed command line arguments: Namespace(log_base=None, log_level=None, verb_name='build', build_base='build', install_base='install', merge_install=False, symlink_install=False, test_result_base=None, continue_on_error=False, executor='parallel', parallel_workers=16, event_handlers=None, ignore_user_meta=False, metas=['./colcon.meta'], base_paths=['.'], packages_ignore=None, packages_ignore_regex=None, paths=None, packages_up_to=None, packages_up_to_regex=None, packages_above=None, packages_above_and_dependencies=None, packages_above_depth=None, packages_select_by_dep=None, packages_skip_by_dep=None, packages_skip_up_to=None, packages_select_build_failed=False, packages_skip_build_finished=False, packages_select_test_failures=False, packages_skip_test_passed=False, packages_select=None, packages_skip=None, packages_select_regex=None, packages_skip_regex=None, packages_start=None, packages_end=None, allow_overriding=[], cmake_args=None, cmake_target=None, cmake_target_skip_unavailable=False, cmake_clean_cache=False, cmake_clean_first=False, cmake_force_configure=False, ament_cmake_args=None, catkin_cmake_args=None, catkin_skip_building_tests=False, mixin_files=None, mixin=None, verb_parser=<colcon_mixin.mixin.mixin_argument.MixinArgumentDecorator object at 0x7b177830e4d0>, verb_extension=<colcon_core.verb.build.BuildVerb object at 0x7b177846b3a0>, main=<bound method BuildVerb.main of <colcon_core.verb.build.BuildVerb object at 0x7b177846b3a0>>, mixin_verb=('build',))
[0.211s] Level 1:colcon.colcon_core.package_discovery:discover_packages(colcon_meta) check parameters
[0.212s] Level 1:colcon.colcon_core.package_discovery:discover_packages(recursive) check parameters
[0.212s] Level 1:colcon.colcon_core.package_discovery:discover_packages(ignore) check parameters
[0.212s] Level 1:colcon.colcon_core.package_discovery:discover_packages(path) check parameters
[0.212s] Level 1:colcon.colcon_core.package_discovery:discover_packages(colcon_meta) discover
[0.212s] Level 1:colcon.colcon_core.package_discovery:discover_packages(recursive) discover
[0.212s] INFO:colcon.colcon_core.package_discovery:Crawling recursively for packages in '/home/tyzros/chapt3/topic_practice_ws/src'
[0.212s] Level 1:colcon.colcon_core.package_identification:_identify(.) by extensions ['ignore', 'ignore_ament_install']
[0.212s] Level 1:colcon.colcon_core.package_identification:_identify(.) by extension 'ignore'
[0.212s] Level 1:colcon.colcon_core.package_identification:_identify(.) by extension 'ignore_ament_install'
[0.212s] Level 1:colcon.colcon_core.package_identification:_identify(.) by extensions ['colcon_pkg']
[0.212s] Level 1:colcon.colcon_core.package_identification:_identify(.) by extension 'colcon_pkg'
[0.212s] Level 1:colcon.colcon_core.package_identification:_identify(.) by extensions ['colcon_meta']
[0.212s] Level 1:colcon.colcon_core.package_identification:_identify(.) by extension 'colcon_meta'
[0.212s] Level 1:colcon.colcon_core.package_identification:_identify(.) by extensions ['ros']
[0.212s] Level 1:colcon.colcon_core.package_identification:_identify(.) by extension 'ros'
[0.220s] Level 1:colcon.colcon_core.package_identification:_identify(.) by extensions ['cmake', 'python']
[0.220s] Level 1:colcon.colcon_core.package_identification:_identify(.) by extension 'cmake'
[0.220s] Level 1:colcon.colcon_core.package_identification:_identify(.) by extension 'python'
[0.220s] Level 1:colcon.colcon_core.package_identification:_identify(.) by extensions ['python_setup_py']
[0.220s] Level 1:colcon.colcon_core.package_identification:_identify(.) by extension 'python_setup_py'
[0.220s] Level 1:colcon.colcon_core.package_identification:_identify(build) by extensions ['ignore', 'ignore_ament_install']
[0.221s] Level 1:colcon.colcon_core.package_identification:_identify(build) by extension 'ignore'
[0.221s] Level 1:colcon.colcon_core.package_identification:_identify(build) ignored
[0.221s] Level 1:colcon.colcon_core.package_identification:_identify(install) by extensions ['ignore', 'ignore_ament_install']
[0.221s] Level 1:colcon.colcon_core.package_identification:_identify(install) by extension 'ignore'
[0.221s] Level 1:colcon.colcon_core.package_identification:_identify(install) ignored
[0.221s] Level 1:colcon.colcon_core.package_identification:_identify(log) by extensions ['ignore', 'ignore_ament_install']
[0.221s] Level 1:colcon.colcon_core.package_identification:_identify(log) by extension 'ignore'
[0.221s] Level 1:colcon.colcon_core.package_identification:_identify(log) ignored
[0.221s] Level 1:colcon.colcon_core.package_identification:_identify(status_display) by extensions ['ignore', 'ignore_ament_install']
[0.221s] Level 1:colcon.colcon_core.package_identification:_identify(status_display) by extension 'ignore'
[0.221s] Level 1:colcon.colcon_core.package_identification:_identify(status_display) by extension 'ignore_ament_install'
[0.221s] Level 1:colcon.colcon_core.package_identification:_identify(status_display) by extensions ['colcon_pkg']
[0.221s] Level 1:colcon.colcon_core.package_identification:_identify(status_display) by extension 'colcon_pkg'
[0.221s] Level 1:colcon.colcon_core.package_identification:_identify(status_display) by extensions ['colcon_meta']
[0.221s] Level 1:colcon.colcon_core.package_identification:_identify(status_display) by extension 'colcon_meta'
[0.221s] Level 1:colcon.colcon_core.package_identification:_identify(status_display) by extensions ['ros']
[0.221s] Level 1:colcon.colcon_core.package_identification:_identify(status_display) by extension 'ros'
[0.223s] DEBUG:colcon.colcon_core.package_identification:Package 'status_display' with type 'ros.ament_cmake' and name 'status_display'
[0.223s] Level 1:colcon.colcon_core.package_identification:_identify(status_interfaces) by extensions ['ignore', 'ignore_ament_install']
[0.223s] Level 1:colcon.colcon_core.package_identification:_identify(status_interfaces) by extension 'ignore'
[0.223s] Level 1:colcon.colcon_core.package_identification:_identify(status_interfaces) by extension 'ignore_ament_install'
[0.223s] Level 1:colcon.colcon_core.package_identification:_identify(status_interfaces) by extensions ['colcon_pkg']
[0.223s] Level 1:colcon.colcon_core.package_identification:_identify(status_interfaces) by extension 'colcon_pkg'
[0.223s] Level 1:colcon.colcon_core.package_identification:_identify(status_interfaces) by extensions ['colcon_meta']
[0.223s] Level 1:colcon.colcon_core.package_identification:_identify(status_interfaces) by extension 'colcon_meta'
[0.224s] Level 1:colcon.colcon_core.package_identification:_identify(status_interfaces) by extensions ['ros']
[0.224s] Level 1:colcon.colcon_core.package_identification:_identify(status_interfaces) by extension 'ros'
[0.224s] DEBUG:colcon.colcon_core.package_identification:Package 'status_interfaces' with type 'ros.ament_cmake' and name 'status_interfaces'
[0.224s] Level 1:colcon.colcon_core.package_identification:_identify(status_publisher) by extensions ['ignore', 'ignore_ament_install']
[0.224s] Level 1:colcon.colcon_core.package_identification:_identify(status_publisher) by extension 'ignore'
[0.224s] Level 1:colcon.colcon_core.package_identification:_identify(status_publisher) by extension 'ignore_ament_install'
[0.224s] Level 1:colcon.colcon_core.package_identification:_identify(status_publisher) by extensions ['colcon_pkg']
[0.224s] Level 1:colcon.colcon_core.package_identification:_identify(status_publisher) by extension 'colcon_pkg'
[0.224s] Level 1:colcon.colcon_core.package_identification:_identify(status_publisher) by extensions ['colcon_meta']
[0.224s] Level 1:colcon.colcon_core.package_identification:_identify(status_publisher) by extension 'colcon_meta'
[0.224s] Level 1:colcon.colcon_core.package_identification:_identify(status_publisher) by extensions ['ros']
[0.224s] Level 1:colcon.colcon_core.package_identification:_identify(status_publisher) by extension 'ros'
[0.225s] DEBUG:colcon.colcon_core.package_identification:Package 'status_publisher' with type 'ros.ament_python' and name 'status_publisher'
[0.225s] Level 1:colcon.colcon_core.package_discovery:discover_packages(recursive) using defaults
[0.225s] Level 1:colcon.colcon_core.package_discovery:discover_packages(ignore) discover
[0.225s] Level 1:colcon.colcon_core.package_discovery:discover_packages(ignore) using defaults
[0.225s] Level 1:colcon.colcon_core.package_discovery:discover_packages(path) discover
[0.225s] Level 1:colcon.colcon_core.package_discovery:discover_packages(path) using defaults
[0.246s] Level 1:colcon.colcon_core.package_discovery:discover_packages(prefix_path) check parameters
[0.246s] Level 1:colcon.colcon_core.package_discovery:discover_packages(prefix_path) discover
[0.247s] DEBUG:colcon.colcon_installed_package_information.package_discovery:Found 1 installed packages in /home/tyzros/chapt3/topic_practice_ws/install
[0.249s] DEBUG:colcon.colcon_installed_package_information.package_discovery:Found 357 installed packages in /opt/ros/humble
[0.251s] Level 1:colcon.colcon_core.package_discovery:discover_packages(prefix_path) using defaults
[0.290s] Level 5:colcon.colcon_core.verb:set package 'status_interfaces' build argument 'cmake_args' from command line to 'None'
[0.290s] Level 5:colcon.colcon_core.verb:set package 'status_interfaces' build argument 'cmake_target' from command line to 'None'
[0.290s] Level 5:colcon.colcon_core.verb:set package 'status_interfaces' build argument 'cmake_target_skip_unavailable' from command line to 'False'
[0.290s] Level 5:colcon.colcon_core.verb:set package 'status_interfaces' build argument 'cmake_clean_cache' from command line to 'False'
[0.290s] Level 5:colcon.colcon_core.verb:set package 'status_interfaces' build argument 'cmake_clean_first' from command line to 'False'
[0.290s] Level 5:colcon.colcon_core.verb:set package 'status_interfaces' build argument 'cmake_force_configure' from command line to 'False'
[0.290s] Level 5:colcon.colcon_core.verb:set package 'status_interfaces' build argument 'ament_cmake_args' from command line to 'None'
[0.290s] Level 5:colcon.colcon_core.verb:set package 'status_interfaces' build argument 'catkin_cmake_args' from command line to 'None'
[0.290s] Level 5:colcon.colcon_core.verb:set package 'status_interfaces' build argument 'catkin_skip_building_tests' from command line to 'False'
[0.290s] DEBUG:colcon.colcon_core.verb:Building package 'status_interfaces' with the following arguments: {'ament_cmake_args': None, 'build_base': '/home/tyzros/chapt3/topic_practice_ws/src/build/status_interfaces', 'catkin_cmake_args': None, 'catkin_skip_building_tests': False, 'cmake_args': None, 'cmake_clean_cache': False, 'cmake_clean_first': False, 'cmake_force_configure': False, 'cmake_target': None, 'cmake_target_skip_unavailable': False, 'install_base': '/home/tyzros/chapt3/topic_practice_ws/src/install/status_interfaces', 'merge_install': False, 'path': '/home/tyzros/chapt3/topic_practice_ws/src/status_interfaces', 'symlink_install': False, 'test_result_base': None}
[0.290s] Level 5:colcon.colcon_core.verb:set package 'status_display' build argument 'cmake_args' from command line to 'None'
[0.290s] Level 5:colcon.colcon_core.verb:set package 'status_display' build argument 'cmake_target' from command line to 'None'
[0.290s] Level 5:colcon.colcon_core.verb:set package 'status_display' build argument 'cmake_target_skip_unavailable' from command line to 'False'
[0.290s] Level 5:colcon.colcon_core.verb:set package 'status_display' build argument 'cmake_clean_cache' from command line to 'False'
[0.290s] Level 5:colcon.colcon_core.verb:set package 'status_display' build argument 'cmake_clean_first' from command line to 'False'
[0.290s] Level 5:colcon.colcon_core.verb:set package 'status_display' build argument 'cmake_force_configure' from command line to 'False'
[0.290s] Level 5:colcon.colcon_core.verb:set package 'status_display' build argument 'ament_cmake_args' from command line to 'None'
[0.290s] Level 5:colcon.colcon_core.verb:set package 'status_display' build argument 'catkin_cmake_args' from command line to 'None'
[0.290s] Level 5:colcon.colcon_core.verb:set package 'status_display' build argument 'catkin_skip_building_tests' from command line to 'False'
[0.291s] DEBUG:colcon.colcon_core.verb:Building package 'status_display' with the following arguments: {'ament_cmake_args': None, 'build_base': '/home/tyzros/chapt3/topic_practice_ws/src/build/status_display', 'catkin_cmake_args': None, 'catkin_skip_building_tests': False, 'cmake_args': None, 'cmake_clean_cache': False, 'cmake_clean_first': False, 'cmake_force_configure': False, 'cmake_target': None, 'cmake_target_skip_unavailable': False, 'install_base': '/home/tyzros/chapt3/topic_practice_ws/src/install/status_display', 'merge_install': False, 'path': '/home/tyzros/chapt3/topic_practice_ws/src/status_display', 'symlink_install': False, 'test_result_base': None}
[0.291s] Level 5:colcon.colcon_core.verb:set package 'status_publisher' build argument 'cmake_args' from command line to 'None'
[0.291s] Level 5:colcon.colcon_core.verb:set package 'status_publisher' build argument 'cmake_target' from command line to 'None'
[0.291s] Level 5:colcon.colcon_core.verb:set package 'status_publisher' build argument 'cmake_target_skip_unavailable' from command line to 'False'
[0.291s] Level 5:colcon.colcon_core.verb:set package 'status_publisher' build argument 'cmake_clean_cache' from command line to 'False'
[0.291s] Level 5:colcon.colcon_core.verb:set package 'status_publisher' build argument 'cmake_clean_first' from command line to 'False'
[0.291s] Level 5:colcon.colcon_core.verb:set package 'status_publisher' build argument 'cmake_force_configure' from command line to 'False'
[0.291s] Level 5:colcon.colcon_core.verb:set package 'status_publisher' build argument 'ament_cmake_args' from command line to 'None'
[0.291s] Level 5:colcon.colcon_core.verb:set package 'status_publisher' build argument 'catkin_cmake_args' from command line to 'None'
[0.291s] Level 5:colcon.colcon_core.verb:set package 'status_publisher' build argument 'catkin_skip_building_tests' from command line to 'False'
[0.291s] DEBUG:colcon.colcon_core.verb:Building package 'status_publisher' with the following arguments: {'ament_cmake_args': None, 'build_base': '/home/tyzros/chapt3/topic_practice_ws/src/build/status_publisher', 'catkin_cmake_args': None, 'catkin_skip_building_tests': False, 'cmake_args': None, 'cmake_clean_cache': False, 'cmake_clean_first': False, 'cmake_force_configure': False, 'cmake_target': None, 'cmake_target_skip_unavailable': False, 'install_base': '/home/tyzros/chapt3/topic_practice_ws/src/install/status_publisher', 'merge_install': False, 'path': '/home/tyzros/chapt3/topic_practice_ws/src/status_publisher', 'symlink_install': False, 'test_result_base': None}
[0.291s] INFO:colcon.colcon_core.executor:Executing jobs using 'parallel' executor
[0.292s] DEBUG:colcon.colcon_parallel_executor.executor.parallel:run_until_complete
[0.292s] INFO:colcon.colcon_ros.task.ament_cmake.build:Building ROS package in '/home/tyzros/chapt3/topic_practice_ws/src/status_interfaces' with build type 'ament_cmake'
[0.293s] INFO:colcon.colcon_cmake.task.cmake.build:Building CMake package in '/home/tyzros/chapt3/topic_practice_ws/src/status_interfaces'
[0.295s] INFO:colcon.colcon_core.plugin_system:Skipping extension 'colcon_core.shell.bat': Not used on non-Windows systems
[0.295s] INFO:colcon.colcon_core.shell:Skip shell extension 'powershell' for command environment: Not usable outside of PowerShell
[0.295s] DEBUG:colcon.colcon_core.shell:Skip shell extension 'dsv' for command environment
[0.308s] DEBUG:colcon.colcon_core.event_handler.log_command:Invoking command in '/home/tyzros/chapt3/topic_practice_ws/src/build/status_interfaces': CMAKE_PREFIX_PATH=/opt/ros/humble /usr/bin/cmake /home/tyzros/chapt3/topic_practice_ws/src/status_interfaces -DCMAKE_INSTALL_PREFIX=/home/tyzros/chapt3/topic_practice_ws/src/install/status_interfaces
[1.629s] DEBUG:colcon.colcon_core.event_handler.log_command:Invoked command in '/home/tyzros/chapt3/topic_practice_ws/src/build/status_interfaces' returned '0': CMAKE_PREFIX_PATH=/opt/ros/humble /usr/bin/cmake /home/tyzros/chapt3/topic_practice_ws/src/status_interfaces -DCMAKE_INSTALL_PREFIX=/home/tyzros/chapt3/topic_practice_ws/src/install/status_interfaces
[1.631s] DEBUG:colcon.colcon_core.event_handler.log_command:Invoking command in '/home/tyzros/chapt3/topic_practice_ws/src/build/status_interfaces': CMAKE_PREFIX_PATH=/opt/ros/humble /usr/bin/cmake --build /home/tyzros/chapt3/topic_practice_ws/src/build/status_interfaces -- -j16 -l16
[3.408s] DEBUG:colcon.colcon_core.event_handler.log_command:Invoked command in '/home/tyzros/chapt3/topic_practice_ws/src/build/status_interfaces' returned '0': CMAKE_PREFIX_PATH=/opt/ros/humble /usr/bin/cmake --build /home/tyzros/chapt3/topic_practice_ws/src/build/status_interfaces -- -j16 -l16
[3.421s] DEBUG:colcon.colcon_core.event_handler.log_command:Invoking command in '/home/tyzros/chapt3/topic_practice_ws/src/build/status_interfaces': CMAKE_PREFIX_PATH=/opt/ros/humble /usr/bin/cmake --install /home/tyzros/chapt3/topic_practice_ws/src/build/status_interfaces
[3.501s] Level 1:colcon.colcon_core.environment:create_environment_scripts_only(status_interfaces)
[3.503s] Level 1:colcon.colcon_core.environment:checking '/home/tyzros/chapt3/topic_practice_ws/src/install/status_interfaces' for CMake module files
[3.504s] DEBUG:colcon.colcon_core.event_handler.log_command:Invoked command in '/home/tyzros/chapt3/topic_practice_ws/src/build/status_interfaces' returned '0': CMAKE_PREFIX_PATH=/opt/ros/humble /usr/bin/cmake --install /home/tyzros/chapt3/topic_practice_ws/src/build/status_interfaces
[3.505s] Level 1:colcon.colcon_core.environment:checking '/home/tyzros/chapt3/topic_practice_ws/src/install/status_interfaces' for CMake config files
[3.506s] Level 1:colcon.colcon_core.shell:create_environment_hook('status_interfaces', 'cmake_prefix_path')
[3.506s] INFO:colcon.colcon_core.shell:Creating environment hook '/home/tyzros/chapt3/topic_practice_ws/src/install/status_interfaces/share/status_interfaces/hook/cmake_prefix_path.ps1'
[3.507s] INFO:colcon.colcon_core.shell:Creating environment descriptor '/home/tyzros/chapt3/topic_practice_ws/src/install/status_interfaces/share/status_interfaces/hook/cmake_prefix_path.dsv'
[3.507s] INFO:colcon.colcon_core.shell:Creating environment hook '/home/tyzros/chapt3/topic_practice_ws/src/install/status_interfaces/share/status_interfaces/hook/cmake_prefix_path.sh'
[3.509s] Level 1:colcon.colcon_core.environment:checking '/home/tyzros/chapt3/topic_practice_ws/src/install/status_interfaces/lib'
[3.509s] Level 1:colcon.colcon_core.shell:create_environment_hook('status_interfaces', 'ld_library_path_lib')
[3.509s] INFO:colcon.colcon_core.shell:Creating environment hook '/home/tyzros/chapt3/topic_practice_ws/src/install/status_interfaces/share/status_interfaces/hook/ld_library_path_lib.ps1'
[3.510s] INFO:colcon.colcon_core.shell:Creating environment descriptor '/home/tyzros/chapt3/topic_practice_ws/src/install/status_interfaces/share/status_interfaces/hook/ld_library_path_lib.dsv'
[3.510s] INFO:colcon.colcon_core.shell:Creating environment hook '/home/tyzros/chapt3/topic_practice_ws/src/install/status_interfaces/share/status_interfaces/hook/ld_library_path_lib.sh'
[3.511s] Level 1:colcon.colcon_core.environment:checking '/home/tyzros/chapt3/topic_practice_ws/src/install/status_interfaces/bin'
[3.511s] Level 1:colcon.colcon_core.environment:checking '/home/tyzros/chapt3/topic_practice_ws/src/install/status_interfaces/lib/pkgconfig/status_interfaces.pc'
[3.511s] Level 1:colcon.colcon_core.environment:checking '/home/tyzros/chapt3/topic_practice_ws/src/install/status_interfaces/lib/python3.10/site-packages'
[3.511s] Level 1:colcon.colcon_core.environment:checking '/home/tyzros/chapt3/topic_practice_ws/src/install/status_interfaces/bin'
[3.511s] INFO:colcon.colcon_core.shell:Creating package script '/home/tyzros/chapt3/topic_practice_ws/src/install/status_interfaces/share/status_interfaces/package.ps1'
[3.512s] INFO:colcon.colcon_core.shell:Creating package descriptor '/home/tyzros/chapt3/topic_practice_ws/src/install/status_interfaces/share/status_interfaces/package.dsv'
[3.513s] INFO:colcon.colcon_core.shell:Creating package script '/home/tyzros/chapt3/topic_practice_ws/src/install/status_interfaces/share/status_interfaces/package.sh'
[3.513s] INFO:colcon.colcon_core.shell:Creating package script '/home/tyzros/chapt3/topic_practice_ws/src/install/status_interfaces/share/status_interfaces/package.bash'
[3.514s] INFO:colcon.colcon_core.shell:Creating package script '/home/tyzros/chapt3/topic_practice_ws/src/install/status_interfaces/share/status_interfaces/package.zsh'
[3.515s] Level 1:colcon.colcon_core.environment:create_file_with_runtime_dependencies(/home/tyzros/chapt3/topic_practice_ws/src/install/status_interfaces/share/colcon-core/packages/status_interfaces)
[3.515s] Level 1:colcon.colcon_core.environment:create_environment_scripts_only(status_interfaces)
[3.515s] Level 1:colcon.colcon_core.environment:checking '/home/tyzros/chapt3/topic_practice_ws/src/install/status_interfaces' for CMake module files
[3.516s] Level 1:colcon.colcon_core.environment:checking '/home/tyzros/chapt3/topic_practice_ws/src/install/status_interfaces' for CMake config files
[3.516s] Level 1:colcon.colcon_core.shell:create_environment_hook('status_interfaces', 'cmake_prefix_path')
[3.516s] INFO:colcon.colcon_core.shell:Creating environment hook '/home/tyzros/chapt3/topic_practice_ws/src/install/status_interfaces/share/status_interfaces/hook/cmake_prefix_path.ps1'
[3.517s] INFO:colcon.colcon_core.shell:Creating environment descriptor '/home/tyzros/chapt3/topic_practice_ws/src/install/status_interfaces/share/status_interfaces/hook/cmake_prefix_path.dsv'
[3.518s] INFO:colcon.colcon_core.shell:Creating environment hook '/home/tyzros/chapt3/topic_practice_ws/src/install/status_interfaces/share/status_interfaces/hook/cmake_prefix_path.sh'
[3.518s] Level 1:colcon.colcon_core.environment:checking '/home/tyzros/chapt3/topic_practice_ws/src/install/status_interfaces/lib'
[3.518s] Level 1:colcon.colcon_core.shell:create_environment_hook('status_interfaces', 'ld_library_path_lib')
[3.518s] INFO:colcon.colcon_core.shell:Creating environment hook '/home/tyzros/chapt3/topic_practice_ws/src/install/status_interfaces/share/status_interfaces/hook/ld_library_path_lib.ps1'
[3.519s] INFO:colcon.colcon_core.shell:Creating environment descriptor '/home/tyzros/chapt3/topic_practice_ws/src/install/status_interfaces/share/status_interfaces/hook/ld_library_path_lib.dsv'
[3.519s] INFO:colcon.colcon_core.shell:Creating environment hook '/home/tyzros/chapt3/topic_practice_ws/src/install/status_interfaces/share/status_interfaces/hook/ld_library_path_lib.sh'
[3.520s] Level 1:colcon.colcon_core.environment:checking '/home/tyzros/chapt3/topic_practice_ws/src/install/status_interfaces/bin'
[3.520s] Level 1:colcon.colcon_core.environment:checking '/home/tyzros/chapt3/topic_practice_ws/src/install/status_interfaces/lib/pkgconfig/status_interfaces.pc'
[3.520s] Level 1:colcon.colcon_core.environment:checking '/home/tyzros/chapt3/topic_practice_ws/src/install/status_interfaces/lib/python3.10/site-packages'
[3.520s] Level 1:colcon.colcon_core.environment:checking '/home/tyzros/chapt3/topic_practice_ws/src/install/status_interfaces/bin'
[3.521s] INFO:colcon.colcon_core.shell:Creating package script '/home/tyzros/chapt3/topic_practice_ws/src/install/status_interfaces/share/status_interfaces/package.ps1'
[3.521s] INFO:colcon.colcon_core.shell:Creating package descriptor '/home/tyzros/chapt3/topic_practice_ws/src/install/status_interfaces/share/status_interfaces/package.dsv'
[3.522s] INFO:colcon.colcon_core.shell:Creating package script '/home/tyzros/chapt3/topic_practice_ws/src/install/status_interfaces/share/status_interfaces/package.sh'
[3.523s] INFO:colcon.colcon_core.shell:Creating package script '/home/tyzros/chapt3/topic_practice_ws/src/install/status_interfaces/share/status_interfaces/package.bash'
[3.523s] INFO:colcon.colcon_core.shell:Creating package script '/home/tyzros/chapt3/topic_practice_ws/src/install/status_interfaces/share/status_interfaces/package.zsh'
[3.524s] Level 1:colcon.colcon_core.environment:create_file_with_runtime_dependencies(/home/tyzros/chapt3/topic_practice_ws/src/install/status_interfaces/share/colcon-core/packages/status_interfaces)
[3.524s] INFO:colcon.colcon_ros.task.ament_cmake.build:Building ROS package in '/home/tyzros/chapt3/topic_practice_ws/src/status_display' with build type 'ament_cmake'
[3.524s] INFO:colcon.colcon_cmake.task.cmake.build:Building CMake package in '/home/tyzros/chapt3/topic_practice_ws/src/status_display'
[3.524s] INFO:colcon.colcon_core.shell:Skip shell extension 'powershell' for command environment: Not usable outside of PowerShell
[3.524s] DEBUG:colcon.colcon_core.shell:Skip shell extension 'dsv' for command environment
[3.532s] INFO:colcon.colcon_ros.task.ament_python.build:Building ROS package in '/home/tyzros/chapt3/topic_practice_ws/src/status_publisher' with build type 'ament_python'
[3.533s] Level 1:colcon.colcon_core.shell:create_environment_hook('status_publisher', 'ament_prefix_path')
[3.533s] INFO:colcon.colcon_core.shell:Creating environment hook '/home/tyzros/chapt3/topic_practice_ws/src/install/status_publisher/share/status_publisher/hook/ament_prefix_path.ps1'
[3.535s] INFO:colcon.colcon_core.shell:Creating environment descriptor '/home/tyzros/chapt3/topic_practice_ws/src/install/status_publisher/share/status_publisher/hook/ament_prefix_path.dsv'
[3.535s] INFO:colcon.colcon_core.shell:Creating environment hook '/home/tyzros/chapt3/topic_practice_ws/src/install/status_publisher/share/status_publisher/hook/ament_prefix_path.sh'
[3.536s] INFO:colcon.colcon_core.shell:Skip shell extension 'powershell' for command environment: Not usable outside of PowerShell
[3.536s] DEBUG:colcon.colcon_core.shell:Skip shell extension 'dsv' for command environment
[3.551s] DEBUG:colcon.colcon_core.event_handler.log_command:Invoking command in '/home/tyzros/chapt3/topic_practice_ws/src/build/status_display': AMENT_PREFIX_PATH=/home/tyzros/chapt3/topic_practice_ws/src/install/status_interfaces:${AMENT_PREFIX_PATH} CMAKE_PREFIX_PATH=/home/tyzros/chapt3/topic_practice_ws/src/install/status_interfaces:/opt/ros/humble LD_LIBRARY_PATH=/home/tyzros/chapt3/topic_practice_ws/src/install/status_interfaces/lib:${LD_LIBRARY_PATH} PYTHONPATH=/home/tyzros/chapt3/topic_practice_ws/src/install/status_interfaces/local/lib/python3.10/dist-packages:${PYTHONPATH} /usr/bin/cmake /home/tyzros/chapt3/topic_practice_ws/src/status_display -DCMAKE_INSTALL_PREFIX=/home/tyzros/chapt3/topic_practice_ws/src/install/status_display
[3.784s] INFO:colcon.colcon_core.task.python.build:Building Python package in '/home/tyzros/chapt3/topic_practice_ws/src/status_publisher'
[3.784s] INFO:colcon.colcon_core.shell:Skip shell extension 'powershell' for command environment: Not usable outside of PowerShell
[3.784s] DEBUG:colcon.colcon_core.shell:Skip shell extension 'dsv' for command environment
[4.130s] DEBUG:colcon.colcon_core.event_handler.log_command:Invoking command in '/home/tyzros/chapt3/topic_practice_ws/src/status_publisher': AMENT_PREFIX_PATH=/home/tyzros/chapt3/topic_practice_ws/src/install/status_interfaces:${AMENT_PREFIX_PATH} CMAKE_PREFIX_PATH=/home/tyzros/chapt3/topic_practice_ws/src/install/status_interfaces LD_LIBRARY_PATH=/home/tyzros/chapt3/topic_practice_ws/src/install/status_interfaces/lib:${LD_LIBRARY_PATH} PYTHONPATH=/home/tyzros/chapt3/topic_practice_ws/src/build/status_publisher/prefix_override:/usr/lib/python3/dist-packages/colcon_core/task/python/colcon_distutils_commands:/home/tyzros/chapt3/topic_practice_ws/src/install/status_publisher/lib/python3.10/site-packages:/home/tyzros/chapt3/topic_practice_ws/src/install/status_interfaces/local/lib/python3.10/dist-packages:${PYTHONPATH} /usr/bin/python3 -W ignore:setup.py install is deprecated -W ignore:easy_install command is deprecated setup.py egg_info --egg-base ../build/status_publisher build --build-base /home/tyzros/chapt3/topic_practice_ws/src/build/status_publisher/build install --record /home/tyzros/chapt3/topic_practice_ws/src/build/status_publisher/install.log --single-version-externally-managed install_data
[4.392s] Level 1:colcon.colcon_core.environment:checking '/home/tyzros/chapt3/topic_practice_ws/src/install/status_publisher' for CMake module files
[4.393s] DEBUG:colcon.colcon_core.event_handler.log_command:Invoked command in '/home/tyzros/chapt3/topic_practice_ws/src/status_publisher' returned '0': AMENT_PREFIX_PATH=/home/tyzros/chapt3/topic_practice_ws/src/install/status_interfaces:${AMENT_PREFIX_PATH} CMAKE_PREFIX_PATH=/home/tyzros/chapt3/topic_practice_ws/src/install/status_interfaces LD_LIBRARY_PATH=/home/tyzros/chapt3/topic_practice_ws/src/install/status_interfaces/lib:${LD_LIBRARY_PATH} PYTHONPATH=/home/tyzros/chapt3/topic_practice_ws/src/build/status_publisher/prefix_override:/usr/lib/python3/dist-packages/colcon_core/task/python/colcon_distutils_commands:/home/tyzros/chapt3/topic_practice_ws/src/install/status_publisher/lib/python3.10/site-packages:/home/tyzros/chapt3/topic_practice_ws/src/install/status_interfaces/local/lib/python3.10/dist-packages:${PYTHONPATH} /usr/bin/python3 -W ignore:setup.py install is deprecated -W ignore:easy_install command is deprecated setup.py egg_info --egg-base ../build/status_publisher build --build-base /home/tyzros/chapt3/topic_practice_ws/src/build/status_publisher/build install --record /home/tyzros/chapt3/topic_practice_ws/src/build/status_publisher/install.log --single-version-externally-managed install_data
[4.394s] Level 1:colcon.colcon_core.environment:checking '/home/tyzros/chapt3/topic_practice_ws/src/install/status_publisher' for CMake config files
[4.395s] Level 1:colcon.colcon_core.environment:checking '/home/tyzros/chapt3/topic_practice_ws/src/install/status_publisher/lib'
[4.395s] Level 1:colcon.colcon_core.environment:checking '/home/tyzros/chapt3/topic_practice_ws/src/install/status_publisher/bin'
[4.395s] Level 1:colcon.colcon_core.environment:checking '/home/tyzros/chapt3/topic_practice_ws/src/install/status_publisher/lib/pkgconfig/status_publisher.pc'
[4.395s] Level 1:colcon.colcon_core.environment:checking '/home/tyzros/chapt3/topic_practice_ws/src/install/status_publisher/lib/python3.10/site-packages'
[4.395s] Level 1:colcon.colcon_core.shell:create_environment_hook('status_publisher', 'pythonpath')
[4.395s] INFO:colcon.colcon_core.shell:Creating environment hook '/home/tyzros/chapt3/topic_practice_ws/src/install/status_publisher/share/status_publisher/hook/pythonpath.ps1'
[4.396s] INFO:colcon.colcon_core.shell:Creating environment descriptor '/home/tyzros/chapt3/topic_practice_ws/src/install/status_publisher/share/status_publisher/hook/pythonpath.dsv'
[4.396s] INFO:colcon.colcon_core.shell:Creating environment hook '/home/tyzros/chapt3/topic_practice_ws/src/install/status_publisher/share/status_publisher/hook/pythonpath.sh'
[4.397s] Level 1:colcon.colcon_core.environment:checking '/home/tyzros/chapt3/topic_practice_ws/src/install/status_publisher/bin'
[4.397s] Level 1:colcon.colcon_core.environment:create_environment_scripts_only(status_publisher)
[4.397s] INFO:colcon.colcon_core.shell:Creating package script '/home/tyzros/chapt3/topic_practice_ws/src/install/status_publisher/share/status_publisher/package.ps1'
[4.397s] INFO:colcon.colcon_core.shell:Creating package descriptor '/home/tyzros/chapt3/topic_practice_ws/src/install/status_publisher/share/status_publisher/package.dsv'
[4.397s] INFO:colcon.colcon_core.shell:Creating package script '/home/tyzros/chapt3/topic_practice_ws/src/install/status_publisher/share/status_publisher/package.sh'
[4.398s] INFO:colcon.colcon_core.shell:Creating package script '/home/tyzros/chapt3/topic_practice_ws/src/install/status_publisher/share/status_publisher/package.bash'
[4.398s] INFO:colcon.colcon_core.shell:Creating package script '/home/tyzros/chapt3/topic_practice_ws/src/install/status_publisher/share/status_publisher/package.zsh'
[4.398s] Level 1:colcon.colcon_core.environment:create_file_with_runtime_dependencies(/home/tyzros/chapt3/topic_practice_ws/src/install/status_publisher/share/colcon-core/packages/status_publisher)
[4.679s] DEBUG:colcon.colcon_core.event_handler.log_command:Invoked command in '/home/tyzros/chapt3/topic_practice_ws/src/build/status_display' returned '0': AMENT_PREFIX_PATH=/home/tyzros/chapt3/topic_practice_ws/src/install/status_interfaces:${AMENT_PREFIX_PATH} CMAKE_PREFIX_PATH=/home/tyzros/chapt3/topic_practice_ws/src/install/status_interfaces:/opt/ros/humble LD_LIBRARY_PATH=/home/tyzros/chapt3/topic_practice_ws/src/install/status_interfaces/lib:${LD_LIBRARY_PATH} PYTHONPATH=/home/tyzros/chapt3/topic_practice_ws/src/install/status_interfaces/local/lib/python3.10/dist-packages:${PYTHONPATH} /usr/bin/cmake /home/tyzros/chapt3/topic_practice_ws/src/status_display -DCMAKE_INSTALL_PREFIX=/home/tyzros/chapt3/topic_practice_ws/src/install/status_display
[4.682s] DEBUG:colcon.colcon_core.event_handler.log_command:Invoking command in '/home/tyzros/chapt3/topic_practice_ws/src/build/status_display': AMENT_PREFIX_PATH=/home/tyzros/chapt3/topic_practice_ws/src/install/status_interfaces:${AMENT_PREFIX_PATH} CMAKE_PREFIX_PATH=/home/tyzros/chapt3/topic_practice_ws/src/install/status_interfaces:/opt/ros/humble LD_LIBRARY_PATH=/home/tyzros/chapt3/topic_practice_ws/src/install/status_interfaces/lib:${LD_LIBRARY_PATH} PYTHONPATH=/home/tyzros/chapt3/topic_practice_ws/src/install/status_interfaces/local/lib/python3.10/dist-packages:${PYTHONPATH} /usr/bin/cmake --build /home/tyzros/chapt3/topic_practice_ws/src/build/status_display -- -j16 -l16
[12.369s] DEBUG:colcon.colcon_core.event_handler.log_command:Invoked command in '/home/tyzros/chapt3/topic_practice_ws/src/build/status_display' returned '0': AMENT_PREFIX_PATH=/home/tyzros/chapt3/topic_practice_ws/src/install/status_interfaces:${AMENT_PREFIX_PATH} CMAKE_PREFIX_PATH=/home/tyzros/chapt3/topic_practice_ws/src/install/status_interfaces:/opt/ros/humble LD_LIBRARY_PATH=/home/tyzros/chapt3/topic_practice_ws/src/install/status_interfaces/lib:${LD_LIBRARY_PATH} PYTHONPATH=/home/tyzros/chapt3/topic_practice_ws/src/install/status_interfaces/local/lib/python3.10/dist-packages:${PYTHONPATH} /usr/bin/cmake --build /home/tyzros/chapt3/topic_practice_ws/src/build/status_display -- -j16 -l16
[12.371s] DEBUG:colcon.colcon_core.event_handler.log_command:Invoking command in '/home/tyzros/chapt3/topic_practice_ws/src/build/status_display': AMENT_PREFIX_PATH=/home/tyzros/chapt3/topic_practice_ws/src/install/status_interfaces:${AMENT_PREFIX_PATH} CMAKE_PREFIX_PATH=/home/tyzros/chapt3/topic_practice_ws/src/install/status_interfaces:/opt/ros/humble LD_LIBRARY_PATH=/home/tyzros/chapt3/topic_practice_ws/src/install/status_interfaces/lib:${LD_LIBRARY_PATH} PYTHONPATH=/home/tyzros/chapt3/topic_practice_ws/src/install/status_interfaces/local/lib/python3.10/dist-packages:${PYTHONPATH} /usr/bin/cmake --install /home/tyzros/chapt3/topic_practice_ws/src/build/status_display
[12.389s] Level 1:colcon.colcon_core.environment:create_environment_scripts_only(status_display)
[12.390s] DEBUG:colcon.colcon_core.event_handler.log_command:Invoked command in '/home/tyzros/chapt3/topic_practice_ws/src/build/status_display' returned '0': AMENT_PREFIX_PATH=/home/tyzros/chapt3/topic_practice_ws/src/install/status_interfaces:${AMENT_PREFIX_PATH} CMAKE_PREFIX_PATH=/home/tyzros/chapt3/topic_practice_ws/src/install/status_interfaces:/opt/ros/humble LD_LIBRARY_PATH=/home/tyzros/chapt3/topic_practice_ws/src/install/status_interfaces/lib:${LD_LIBRARY_PATH} PYTHONPATH=/home/tyzros/chapt3/topic_practice_ws/src/install/status_interfaces/local/lib/python3.10/dist-packages:${PYTHONPATH} /usr/bin/cmake --install /home/tyzros/chapt3/topic_practice_ws/src/build/status_display
[12.390s] Level 1:colcon.colcon_core.environment:checking '/home/tyzros/chapt3/topic_practice_ws/src/install/status_display' for CMake module files
[12.390s] Level 1:colcon.colcon_core.environment:checking '/home/tyzros/chapt3/topic_practice_ws/src/install/status_display' for CMake config files
[12.392s] Level 1:colcon.colcon_core.shell:create_environment_hook('status_display', 'cmake_prefix_path')
[12.392s] INFO:colcon.colcon_core.shell:Creating environment hook '/home/tyzros/chapt3/topic_practice_ws/src/install/status_display/share/status_display/hook/cmake_prefix_path.ps1'
[12.394s] INFO:colcon.colcon_core.shell:Creating environment descriptor '/home/tyzros/chapt3/topic_practice_ws/src/install/status_display/share/status_display/hook/cmake_prefix_path.dsv'
[12.395s] INFO:colcon.colcon_core.shell:Creating environment hook '/home/tyzros/chapt3/topic_practice_ws/src/install/status_display/share/status_display/hook/cmake_prefix_path.sh'
[12.396s] Level 1:colcon.colcon_core.environment:checking '/home/tyzros/chapt3/topic_practice_ws/src/install/status_display/lib'
[12.396s] Level 1:colcon.colcon_core.environment:checking '/home/tyzros/chapt3/topic_practice_ws/src/install/status_display/bin'
[12.396s] Level 1:colcon.colcon_core.environment:checking '/home/tyzros/chapt3/topic_practice_ws/src/install/status_display/lib/pkgconfig/status_display.pc'
[12.396s] Level 1:colcon.colcon_core.environment:checking '/home/tyzros/chapt3/topic_practice_ws/src/install/status_display/lib/python3.10/site-packages'
[12.396s] Level 1:colcon.colcon_core.environment:checking '/home/tyzros/chapt3/topic_practice_ws/src/install/status_display/bin'
[12.396s] INFO:colcon.colcon_core.shell:Creating package script '/home/tyzros/chapt3/topic_practice_ws/src/install/status_display/share/status_display/package.ps1'
[12.397s] INFO:colcon.colcon_core.shell:Creating package descriptor '/home/tyzros/chapt3/topic_practice_ws/src/install/status_display/share/status_display/package.dsv'
[12.397s] INFO:colcon.colcon_core.shell:Creating package script '/home/tyzros/chapt3/topic_practice_ws/src/install/status_display/share/status_display/package.sh'
[12.397s] INFO:colcon.colcon_core.shell:Creating package script '/home/tyzros/chapt3/topic_practice_ws/src/install/status_display/share/status_display/package.bash'
[12.398s] INFO:colcon.colcon_core.shell:Creating package script '/home/tyzros/chapt3/topic_practice_ws/src/install/status_display/share/status_display/package.zsh'
[12.398s] Level 1:colcon.colcon_core.environment:create_file_with_runtime_dependencies(/home/tyzros/chapt3/topic_practice_ws/src/install/status_display/share/colcon-core/packages/status_display)
[12.398s] Level 1:colcon.colcon_core.environment:create_environment_scripts_only(status_display)
[12.398s] Level 1:colcon.colcon_core.environment:checking '/home/tyzros/chapt3/topic_practice_ws/src/install/status_display' for CMake module files
[12.399s] Level 1:colcon.colcon_core.environment:checking '/home/tyzros/chapt3/topic_practice_ws/src/install/status_display' for CMake config files
[12.399s] Level 1:colcon.colcon_core.shell:create_environment_hook('status_display', 'cmake_prefix_path')
[12.399s] INFO:colcon.colcon_core.shell:Creating environment hook '/home/tyzros/chapt3/topic_practice_ws/src/install/status_display/share/status_display/hook/cmake_prefix_path.ps1'
[12.400s] INFO:colcon.colcon_core.shell:Creating environment descriptor '/home/tyzros/chapt3/topic_practice_ws/src/install/status_display/share/status_display/hook/cmake_prefix_path.dsv'
[12.400s] INFO:colcon.colcon_core.shell:Creating environment hook '/home/tyzros/chapt3/topic_practice_ws/src/install/status_display/share/status_display/hook/cmake_prefix_path.sh'
[12.400s] Level 1:colcon.colcon_core.environment:checking '/home/tyzros/chapt3/topic_practice_ws/src/install/status_display/lib'
[12.400s] Level 1:colcon.colcon_core.environment:checking '/home/tyzros/chapt3/topic_practice_ws/src/install/status_display/bin'
[12.400s] Level 1:colcon.colcon_core.environment:checking '/home/tyzros/chapt3/topic_practice_ws/src/install/status_display/lib/pkgconfig/status_display.pc'
[12.401s] Level 1:colcon.colcon_core.environment:checking '/home/tyzros/chapt3/topic_practice_ws/src/install/status_display/lib/python3.10/site-packages'
[12.401s] Level 1:colcon.colcon_core.environment:checking '/home/tyzros/chapt3/topic_practice_ws/src/install/status_display/bin'
[12.402s] INFO:colcon.colcon_core.shell:Creating package script '/home/tyzros/chapt3/topic_practice_ws/src/install/status_display/share/status_display/package.ps1'
[12.403s] INFO:colcon.colcon_core.shell:Creating package descriptor '/home/tyzros/chapt3/topic_practice_ws/src/install/status_display/share/status_display/package.dsv'
[12.403s] INFO:colcon.colcon_core.shell:Creating package script '/home/tyzros/chapt3/topic_practice_ws/src/install/status_display/share/status_display/package.sh'
[12.403s] INFO:colcon.colcon_core.shell:Creating package script '/home/tyzros/chapt3/topic_practice_ws/src/install/status_display/share/status_display/package.bash'
[12.404s] INFO:colcon.colcon_core.shell:Creating package script '/home/tyzros/chapt3/topic_practice_ws/src/install/status_display/share/status_display/package.zsh'
[12.404s] Level 1:colcon.colcon_core.environment:create_file_with_runtime_dependencies(/home/tyzros/chapt3/topic_practice_ws/src/install/status_display/share/colcon-core/packages/status_display)
[12.404s] DEBUG:colcon.colcon_parallel_executor.executor.parallel:closing loop
[12.405s] DEBUG:colcon.colcon_parallel_executor.executor.parallel:loop closed
[12.405s] DEBUG:colcon.colcon_parallel_executor.executor.parallel:run_until_complete finished with '0'
[12.405s] DEBUG:colcon.colcon_core.event_reactor:joining thread
[12.409s] INFO:colcon.colcon_core.plugin_system:Skipping extension 'colcon_notification.desktop_notification.terminal_notifier': Not used on non-Darwin systems
[12.409s] INFO:colcon.colcon_core.plugin_system:Skipping extension 'colcon_notification.desktop_notification.win32': Not used on non-Windows systems
[12.409s] INFO:colcon.colcon_notification.desktop_notification:Sending desktop notification using 'notify2'
[12.420s] DEBUG:colcon.colcon_core.event_reactor:joined thread
[12.421s] INFO:colcon.colcon_core.shell:Creating prefix script '/home/tyzros/chapt3/topic_practice_ws/src/install/local_setup.ps1'
[12.421s] INFO:colcon.colcon_core.shell:Creating prefix util module '/home/tyzros/chapt3/topic_practice_ws/src/install/_local_setup_util_ps1.py'
[12.422s] INFO:colcon.colcon_core.shell:Creating prefix chain script '/home/tyzros/chapt3/topic_practice_ws/src/install/setup.ps1'
[12.423s] INFO:colcon.colcon_core.shell:Creating prefix script '/home/tyzros/chapt3/topic_practice_ws/src/install/local_setup.sh'
[12.423s] INFO:colcon.colcon_core.shell:Creating prefix util module '/home/tyzros/chapt3/topic_practice_ws/src/install/_local_setup_util_sh.py'
[12.424s] INFO:colcon.colcon_core.shell:Creating prefix chain script '/home/tyzros/chapt3/topic_practice_ws/src/install/setup.sh'
[12.425s] INFO:colcon.colcon_core.shell:Creating prefix script '/home/tyzros/chapt3/topic_practice_ws/src/install/local_setup.bash'
[12.425s] INFO:colcon.colcon_core.shell:Creating prefix chain script '/home/tyzros/chapt3/topic_practice_ws/src/install/setup.bash'
[12.426s] INFO:colcon.colcon_core.shell:Creating prefix script '/home/tyzros/chapt3/topic_practice_ws/src/install/local_setup.zsh'
[12.426s] INFO:colcon.colcon_core.shell:Creating prefix chain script '/home/tyzros/chapt3/topic_practice_ws/src/install/setup.zsh'
