[0.787s] Invoking command in '/home/tyzros/chapt3/topic_practice_ws/src/status_publisher': AMENT_PREFIX_PATH=/home/tyzros/chapt3/install/status_interfaces:${AMENT_PREFIX_PATH} CMAKE_PREFIX_PATH=/home/tyzros/chapt3/install/status_interfaces LD_LIBRARY_PATH=/home/tyzros/chapt3/install/status_interfaces/lib:${LD_LIBRARY_PATH} PYTHONPATH=/home/tyzros/chapt3/build/status_publisher/prefix_override:/usr/lib/python3/dist-packages/colcon_core/task/python/colcon_distutils_commands:/home/tyzros/chapt3/install/status_publisher/lib/python3.10/site-packages:/home/tyzros/chapt3/install/status_interfaces/local/lib/python3.10/dist-packages:${PYTHONPATH} /usr/bin/python3 -W ignore:setup.py install is deprecated -W ignore:easy_install command is deprecated setup.py egg_info --egg-base ../../../build/status_publisher build --build-base /home/tyzros/chapt3/build/status_publisher/build install --record /home/tyzros/chapt3/build/status_publisher/install.log --single-version-externally-managed install_data
[1.064s] running egg_info
[1.064s] creating ../../../build/status_publisher/status_publisher.egg-info
[1.065s] writing ../../../build/status_publisher/status_publisher.egg-info/PKG-INFO
[1.065s] writing dependency_links to ../../../build/status_publisher/status_publisher.egg-info/dependency_links.txt
[1.065s] writing entry points to ../../../build/status_publisher/status_publisher.egg-info/entry_points.txt
[1.065s] writing requirements to ../../../build/status_publisher/status_publisher.egg-info/requires.txt
[1.065s] writing top-level names to ../../../build/status_publisher/status_publisher.egg-info/top_level.txt
[1.065s] writing manifest file '../../../build/status_publisher/status_publisher.egg-info/SOURCES.txt'
[1.067s] reading manifest file '../../../build/status_publisher/status_publisher.egg-info/SOURCES.txt'
[1.068s] adding license file 'LICENSE'
[1.068s] writing manifest file '../../../build/status_publisher/status_publisher.egg-info/SOURCES.txt'
[1.068s] running build
[1.068s] running build_py
[1.068s] creating /home/tyzros/chapt3/build/status_publisher/build
[1.069s] creating /home/tyzros/chapt3/build/status_publisher/build/lib
[1.069s] creating /home/tyzros/chapt3/build/status_publisher/build/lib/status_publisher
[1.069s] copying status_publisher/__init__.py -> /home/tyzros/chapt3/build/status_publisher/build/lib/status_publisher
[1.069s] copying status_publisher/sys_status_pub.py -> /home/tyzros/chapt3/build/status_publisher/build/lib/status_publisher
[1.070s] running install
[1.070s] running install_lib
[1.071s] creating /home/tyzros/chapt3/install/status_publisher/lib/python3.10/site-packages/status_publisher
[1.071s] copying /home/tyzros/chapt3/build/status_publisher/build/lib/status_publisher/__init__.py -> /home/tyzros/chapt3/install/status_publisher/lib/python3.10/site-packages/status_publisher
[1.071s] copying /home/tyzros/chapt3/build/status_publisher/build/lib/status_publisher/sys_status_pub.py -> /home/tyzros/chapt3/install/status_publisher/lib/python3.10/site-packages/status_publisher
[1.071s] byte-compiling /home/tyzros/chapt3/install/status_publisher/lib/python3.10/site-packages/status_publisher/__init__.py to __init__.cpython-310.pyc
[1.072s] byte-compiling /home/tyzros/chapt3/install/status_publisher/lib/python3.10/site-packages/status_publisher/sys_status_pub.py to sys_status_pub.cpython-310.pyc
[1.072s] running install_data
[1.073s] creating /home/tyzros/chapt3/install/status_publisher/share/ament_index
[1.073s] creating /home/tyzros/chapt3/install/status_publisher/share/ament_index/resource_index
[1.073s] creating /home/tyzros/chapt3/install/status_publisher/share/ament_index/resource_index/packages
[1.073s] copying resource/status_publisher -> /home/tyzros/chapt3/install/status_publisher/share/ament_index/resource_index/packages
[1.073s] copying package.xml -> /home/tyzros/chapt3/install/status_publisher/share/status_publisher
[1.073s] running install_egg_info
[1.076s] Copying ../../../build/status_publisher/status_publisher.egg-info to /home/tyzros/chapt3/install/status_publisher/lib/python3.10/site-packages/status_publisher-0.0.0-py3.10.egg-info
[1.077s] running install_scripts
[1.108s] Installing sys_status_pub script to /home/tyzros/chapt3/install/status_publisher/lib/status_publisher
[1.108s] writing list of installed files to '/home/tyzros/chapt3/build/status_publisher/install.log'
[1.128s] Invoked command in '/home/tyzros/chapt3/topic_practice_ws/src/status_publisher' returned '0': AMENT_PREFIX_PATH=/home/tyzros/chapt3/install/status_interfaces:${AMENT_PREFIX_PATH} CMAKE_PREFIX_PATH=/home/tyzros/chapt3/install/status_interfaces LD_LIBRARY_PATH=/home/tyzros/chapt3/install/status_interfaces/lib:${LD_LIBRARY_PATH} PYTHONPATH=/home/tyzros/chapt3/build/status_publisher/prefix_override:/usr/lib/python3/dist-packages/colcon_core/task/python/colcon_distutils_commands:/home/tyzros/chapt3/install/status_publisher/lib/python3.10/site-packages:/home/tyzros/chapt3/install/status_interfaces/local/lib/python3.10/dist-packages:${PYTHONPATH} /usr/bin/python3 -W ignore:setup.py install is deprecated -W ignore:easy_install command is deprecated setup.py egg_info --egg-base ../../../build/status_publisher build --build-base /home/tyzros/chapt3/build/status_publisher/build install --record /home/tyzros/chapt3/build/status_publisher/install.log --single-version-externally-managed install_data
