[0.017s] Invoking command in '/home/tyzros/chapt3/topic_practice_ws/src/build/status_display': CMAKE_PREFIX_PATH=/home/tyzros/chapt3/topic_practice_ws/src/install/status_interfaces:/home/tyzros/chapt3/topic_practice_ws/src/status_display/install/status_display:/home/tyzros/chapt3/topic_practice_ws/src/install/status_display:/home/tyzros/chapt3/topic_practice_ws/src/install/status_publisher:/opt/ros/humble /usr/bin/cmake --build /home/tyzros/chapt3/topic_practice_ws/src/build/status_display -- -j16 -l16
[0.056s] [35m[1mConsolidate compiler generated dependencies of target hello_qt[0m
[0.056s] [35m[1mConsolidate compiler generated dependencies of target sys_status_display[0m
[0.072s] [ 50%] Built target hello_qt
[0.075s] [100%] Built target sys_status_display
[0.251s] Invoked command in '/home/tyzros/chapt3/topic_practice_ws/src/build/status_display' returned '0': CMAKE_PREFIX_PATH=/home/tyzros/chapt3/topic_practice_ws/src/install/status_interfaces:/home/tyzros/chapt3/topic_practice_ws/src/status_display/install/status_display:/home/tyzros/chapt3/topic_practice_ws/src/install/status_display:/home/tyzros/chapt3/topic_practice_ws/src/install/status_publisher:/opt/ros/humble /usr/bin/cmake --build /home/tyzros/chapt3/topic_practice_ws/src/build/status_display -- -j16 -l16
[0.253s] Invoking command in '/home/tyzros/chapt3/topic_practice_ws/src/build/status_display': CMAKE_PREFIX_PATH=/home/tyzros/chapt3/topic_practice_ws/src/install/status_interfaces:/home/tyzros/chapt3/topic_practice_ws/src/status_display/install/status_display:/home/tyzros/chapt3/topic_practice_ws/src/install/status_display:/home/tyzros/chapt3/topic_practice_ws/src/install/status_publisher:/opt/ros/humble /usr/bin/cmake --install /home/tyzros/chapt3/topic_practice_ws/src/build/status_display
[0.259s] -- Install configuration: ""
[0.260s] -- Up-to-date: /home/tyzros/chapt3/topic_practice_ws/src/install/status_display/lib/status_display/hello_qt
[0.260s] -- Up-to-date: /home/tyzros/chapt3/topic_practice_ws/src/install/status_display/lib/status_display/sys_status_display
[0.260s] -- Up-to-date: /home/tyzros/chapt3/topic_practice_ws/src/install/status_display/share/ament_index/resource_index/package_run_dependencies/status_display
[0.261s] -- Up-to-date: /home/tyzros/chapt3/topic_practice_ws/src/install/status_display/share/ament_index/resource_index/parent_prefix_path/status_display
[0.261s] -- Up-to-date: /home/tyzros/chapt3/topic_practice_ws/src/install/status_display/share/status_display/environment/ament_prefix_path.sh
[0.261s] -- Up-to-date: /home/tyzros/chapt3/topic_practice_ws/src/install/status_display/share/status_display/environment/ament_prefix_path.dsv
[0.261s] -- Up-to-date: /home/tyzros/chapt3/topic_practice_ws/src/install/status_display/share/status_display/environment/path.sh
[0.262s] -- Up-to-date: /home/tyzros/chapt3/topic_practice_ws/src/install/status_display/share/status_display/environment/path.dsv
[0.262s] -- Up-to-date: /home/tyzros/chapt3/topic_practice_ws/src/install/status_display/share/status_display/local_setup.bash
[0.262s] -- Up-to-date: /home/tyzros/chapt3/topic_practice_ws/src/install/status_display/share/status_display/local_setup.sh
[0.264s] -- Up-to-date: /home/tyzros/chapt3/topic_practice_ws/src/install/status_display/share/status_display/local_setup.zsh
[0.264s] -- Up-to-date: /home/tyzros/chapt3/topic_practice_ws/src/install/status_display/share/status_display/local_setup.dsv
[0.264s] -- Installing: /home/tyzros/chapt3/topic_practice_ws/src/install/status_display/share/status_display/package.dsv
[0.265s] -- Up-to-date: /home/tyzros/chapt3/topic_practice_ws/src/install/status_display/share/ament_index/resource_index/packages/status_display
[0.265s] -- Up-to-date: /home/tyzros/chapt3/topic_practice_ws/src/install/status_display/share/status_display/cmake/status_displayConfig.cmake
[0.266s] -- Up-to-date: /home/tyzros/chapt3/topic_practice_ws/src/install/status_display/share/status_display/cmake/status_displayConfig-version.cmake
[0.266s] -- Up-to-date: /home/tyzros/chapt3/topic_practice_ws/src/install/status_display/share/status_display/package.xml
[0.267s] Invoked command in '/home/tyzros/chapt3/topic_practice_ws/src/build/status_display' returned '0': CMAKE_PREFIX_PATH=/home/tyzros/chapt3/topic_practice_ws/src/install/status_interfaces:/home/tyzros/chapt3/topic_practice_ws/src/status_display/install/status_display:/home/tyzros/chapt3/topic_practice_ws/src/install/status_display:/home/tyzros/chapt3/topic_practice_ws/src/install/status_publisher:/opt/ros/humble /usr/bin/cmake --install /home/tyzros/chapt3/topic_practice_ws/src/build/status_display
