[0.014s] Invoking command in '/home/tyzros/chapt3/topic_practice_ws/src/build/status_display': AMENT_PREFIX_PATH=/home/tyzros/chapt3/topic_practice_ws/src/install/status_interfaces:${AMENT_PREFIX_PATH} CMAKE_PREFIX_PATH=/home/tyzros/chapt3/topic_practice_ws/src/install/status_interfaces:/opt/ros/humble LD_LIBRARY_PATH=/home/tyzros/chapt3/topic_practice_ws/src/install/status_interfaces/lib:${LD_LIBRARY_PATH} PYTHONPATH=/home/tyzros/chapt3/topic_practice_ws/src/install/status_interfaces/local/lib/python3.10/dist-packages:${PYTHONPATH} /usr/bin/cmake --build /home/tyzros/chapt3/topic_practice_ws/src/build/status_display -- -j16 -l16
[0.112s] [ 50%] Built target hello_qt
[0.151s] [100%] Built target sys_status_display
[0.272s] Invoked command in '/home/tyzros/chapt3/topic_practice_ws/src/build/status_display' returned '0': AMENT_PREFIX_PATH=/home/tyzros/chapt3/topic_practice_ws/src/install/status_interfaces:${AMENT_PREFIX_PATH} CMAKE_PREFIX_PATH=/home/tyzros/chapt3/topic_practice_ws/src/install/status_interfaces:/opt/ros/humble LD_LIBRARY_PATH=/home/tyzros/chapt3/topic_practice_ws/src/install/status_interfaces/lib:${LD_LIBRARY_PATH} PYTHONPATH=/home/tyzros/chapt3/topic_practice_ws/src/install/status_interfaces/local/lib/python3.10/dist-packages:${PYTHONPATH} /usr/bin/cmake --build /home/tyzros/chapt3/topic_practice_ws/src/build/status_display -- -j16 -l16
[0.275s] Invoking command in '/home/tyzros/chapt3/topic_practice_ws/src/build/status_display': AMENT_PREFIX_PATH=/home/tyzros/chapt3/topic_practice_ws/src/install/status_interfaces:${AMENT_PREFIX_PATH} CMAKE_PREFIX_PATH=/home/tyzros/chapt3/topic_practice_ws/src/install/status_interfaces:/opt/ros/humble LD_LIBRARY_PATH=/home/tyzros/chapt3/topic_practice_ws/src/install/status_interfaces/lib:${LD_LIBRARY_PATH} PYTHONPATH=/home/tyzros/chapt3/topic_practice_ws/src/install/status_interfaces/local/lib/python3.10/dist-packages:${PYTHONPATH} /usr/bin/cmake --install /home/tyzros/chapt3/topic_practice_ws/src/build/status_display
[0.283s] -- Install configuration: ""
[0.283s] -- Up-to-date: /home/tyzros/chapt3/topic_practice_ws/src/install/status_display/lib/status_display/hello_qt
[0.284s] -- Up-to-date: /home/tyzros/chapt3/topic_practice_ws/src/install/status_display/lib/status_display/sys_status_display
[0.284s] -- Up-to-date: /home/tyzros/chapt3/topic_practice_ws/src/install/status_display/share/ament_index/resource_index/package_run_dependencies/status_display
[0.284s] -- Up-to-date: /home/tyzros/chapt3/topic_practice_ws/src/install/status_display/share/ament_index/resource_index/parent_prefix_path/status_display
[0.284s] -- Up-to-date: /home/tyzros/chapt3/topic_practice_ws/src/install/status_display/share/status_display/environment/ament_prefix_path.sh
[0.284s] -- Up-to-date: /home/tyzros/chapt3/topic_practice_ws/src/install/status_display/share/status_display/environment/ament_prefix_path.dsv
[0.284s] -- Up-to-date: /home/tyzros/chapt3/topic_practice_ws/src/install/status_display/share/status_display/environment/path.sh
[0.284s] -- Up-to-date: /home/tyzros/chapt3/topic_practice_ws/src/install/status_display/share/status_display/environment/path.dsv
[0.284s] -- Up-to-date: /home/tyzros/chapt3/topic_practice_ws/src/install/status_display/share/status_display/local_setup.bash
[0.284s] -- Up-to-date: /home/tyzros/chapt3/topic_practice_ws/src/install/status_display/share/status_display/local_setup.sh
[0.284s] -- Up-to-date: /home/tyzros/chapt3/topic_practice_ws/src/install/status_display/share/status_display/local_setup.zsh
[0.284s] -- Up-to-date: /home/tyzros/chapt3/topic_practice_ws/src/install/status_display/share/status_display/local_setup.dsv
[0.284s] -- Installing: /home/tyzros/chapt3/topic_practice_ws/src/install/status_display/share/status_display/package.dsv
[0.285s] -- Up-to-date: /home/tyzros/chapt3/topic_practice_ws/src/install/status_display/share/ament_index/resource_index/packages/status_display
[0.285s] -- Up-to-date: /home/tyzros/chapt3/topic_practice_ws/src/install/status_display/share/status_display/cmake/status_displayConfig.cmake
[0.285s] -- Up-to-date: /home/tyzros/chapt3/topic_practice_ws/src/install/status_display/share/status_display/cmake/status_displayConfig-version.cmake
[0.285s] -- Up-to-date: /home/tyzros/chapt3/topic_practice_ws/src/install/status_display/share/status_display/package.xml
[0.287s] Invoked command in '/home/tyzros/chapt3/topic_practice_ws/src/build/status_display' returned '0': AMENT_PREFIX_PATH=/home/tyzros/chapt3/topic_practice_ws/src/install/status_interfaces:${AMENT_PREFIX_PATH} CMAKE_PREFIX_PATH=/home/tyzros/chapt3/topic_practice_ws/src/install/status_interfaces:/opt/ros/humble LD_LIBRARY_PATH=/home/tyzros/chapt3/topic_practice_ws/src/install/status_interfaces/lib:${LD_LIBRARY_PATH} PYTHONPATH=/home/tyzros/chapt3/topic_practice_ws/src/install/status_interfaces/local/lib/python3.10/dist-packages:${PYTHONPATH} /usr/bin/cmake --install /home/tyzros/chapt3/topic_practice_ws/src/build/status_display
