[0.715s] Invoking command in '/home/tyzros/chapt3/topic_practice_ws/src/status_publisher': CMAKE_PREFIX_PATH=/home/tyzros/chapt3/topic_practice_ws/src/install/status_interfaces:/home/tyzros/chapt3/topic_practice_ws/src/install/status_display PYTHONPATH=/home/tyzros/chapt3/topic_practice_ws/src/build/status_publisher/prefix_override:/usr/lib/python3/dist-packages/colcon_core/task/python/colcon_distutils_commands:/home/tyzros/chapt3/topic_practice_ws/src/install/status_publisher/lib/python3.10/site-packages:${PYTHONPATH} /usr/bin/python3 -W ignore:setup.py install is deprecated -W ignore:easy_install command is deprecated setup.py egg_info --egg-base ../build/status_publisher build --build-base /home/tyzros/chapt3/topic_practice_ws/src/build/status_publisher/build install --record /home/tyzros/chapt3/topic_practice_ws/src/build/status_publisher/install.log --single-version-externally-managed install_data
[0.906s] running egg_info
[0.906s] writing ../build/status_publisher/status_publisher.egg-info/PKG-INFO
[0.906s] writing dependency_links to ../build/status_publisher/status_publisher.egg-info/dependency_links.txt
[0.907s] writing entry points to ../build/status_publisher/status_publisher.egg-info/entry_points.txt
[0.907s] writing requirements to ../build/status_publisher/status_publisher.egg-info/requires.txt
[0.907s] writing top-level names to ../build/status_publisher/status_publisher.egg-info/top_level.txt
[0.908s] reading manifest file '../build/status_publisher/status_publisher.egg-info/SOURCES.txt'
[0.909s] adding license file 'LICENSE'
[0.909s] writing manifest file '../build/status_publisher/status_publisher.egg-info/SOURCES.txt'
[0.910s] running build
[0.910s] running build_py
[0.910s] copying status_publisher/sys_status_pub.py -> /home/tyzros/chapt3/topic_practice_ws/src/build/status_publisher/build/lib/status_publisher
[0.911s] running install
[0.911s] running install_lib
[0.912s] copying /home/tyzros/chapt3/topic_practice_ws/src/build/status_publisher/build/lib/status_publisher/sys_status_pub.py -> /home/tyzros/chapt3/topic_practice_ws/src/install/status_publisher/lib/python3.10/site-packages/status_publisher
[0.912s] byte-compiling /home/tyzros/chapt3/topic_practice_ws/src/install/status_publisher/lib/python3.10/site-packages/status_publisher/sys_status_pub.py to sys_status_pub.cpython-310.pyc
[0.913s] running install_data
[0.913s] running install_egg_info
[0.914s] removing '/home/tyzros/chapt3/topic_practice_ws/src/install/status_publisher/lib/python3.10/site-packages/status_publisher-0.0.0-py3.10.egg-info' (and everything under it)
[0.915s] Copying ../build/status_publisher/status_publisher.egg-info to /home/tyzros/chapt3/topic_practice_ws/src/install/status_publisher/lib/python3.10/site-packages/status_publisher-0.0.0-py3.10.egg-info
[0.916s] running install_scripts
[0.931s] Installing sys_status_pub script to /home/tyzros/chapt3/topic_practice_ws/src/install/status_publisher/lib/status_publisher
[0.931s] writing list of installed files to '/home/tyzros/chapt3/topic_practice_ws/src/build/status_publisher/install.log'
[0.947s] Invoked command in '/home/tyzros/chapt3/topic_practice_ws/src/status_publisher' returned '0': CMAKE_PREFIX_PATH=/home/tyzros/chapt3/topic_practice_ws/src/install/status_interfaces:/home/tyzros/chapt3/topic_practice_ws/src/install/status_display PYTHONPATH=/home/tyzros/chapt3/topic_practice_ws/src/build/status_publisher/prefix_override:/usr/lib/python3/dist-packages/colcon_core/task/python/colcon_distutils_commands:/home/tyzros/chapt3/topic_practice_ws/src/install/status_publisher/lib/python3.10/site-packages:${PYTHONPATH} /usr/bin/python3 -W ignore:setup.py install is deprecated -W ignore:easy_install command is deprecated setup.py egg_info --egg-base ../build/status_publisher build --build-base /home/tyzros/chapt3/topic_practice_ws/src/build/status_publisher/build install --record /home/tyzros/chapt3/topic_practice_ws/src/build/status_publisher/install.log --single-version-externally-managed install_data
