[0.025s] Invoking command in '/home/tyzros/chapt3/topic_practice_ws/src/build/status_display': AMENT_PREFIX_PATH=/home/tyzros/chapt3/topic_practice_ws/src/install/status_interfaces:${AMENT_PREFIX_PATH} CMAKE_PREFIX_PATH=/home/tyzros/chapt3/topic_practice_ws/src/install/status_interfaces:/opt/ros/humble LD_LIBRARY_PATH=/home/tyzros/chapt3/topic_practice_ws/src/install/status_interfaces/lib:${LD_LIBRARY_PATH} PYTHONPATH=/home/tyzros/chapt3/topic_practice_ws/src/install/status_interfaces/local/lib/python3.10/dist-packages:${PYTHONPATH} /usr/bin/cmake /home/tyzros/chapt3/topic_practice_ws/src/status_display -DCMAKE_INSTALL_PREFIX=/home/tyzros/chapt3/topic_practice_ws/src/install/status_display
[0.096s] -- The C compiler identification is GNU 11.4.0
[0.152s] -- The CXX compiler identification is GNU 11.4.0
[0.160s] -- Detecting C compiler ABI info
[0.237s] -- Detecting C compiler ABI info - done
[0.242s] -- Check for working C compiler: /usr/bin/cc - skipped
[0.242s] -- Detecting C compile features
[0.242s] -- Detecting C compile features - done
[0.244s] -- Detecting CXX compiler ABI info
[0.329s] -- Detecting CXX compiler ABI info - done
[0.334s] -- Check for working CXX compiler: /usr/bin/c++ - skipped
[0.334s] -- Detecting CXX compile features
[0.335s] -- Detecting CXX compile features - done
[0.337s] -- Found ament_cmake: 1.3.11 (/opt/ros/humble/share/ament_cmake/cmake)
[0.473s] -- Found Python3: /usr/bin/python3 (found version "3.10.12") found components: Interpreter 
[0.560s] -- Found rclcpp: 16.0.12 (/opt/ros/humble/share/rclcpp/cmake)
[0.590s] -- Found rosidl_generator_c: 3.1.6 (/opt/ros/humble/share/rosidl_generator_c/cmake)
[0.594s] -- Found rosidl_adapter: 3.1.6 (/opt/ros/humble/share/rosidl_adapter/cmake)
[0.604s] -- Found rosidl_generator_cpp: 3.1.6 (/opt/ros/humble/share/rosidl_generator_cpp/cmake)
[0.615s] -- Using all available rosidl_typesupport_c: rosidl_typesupport_fastrtps_c;rosidl_typesupport_introspection_c
[0.628s] -- Using all available rosidl_typesupport_cpp: rosidl_typesupport_fastrtps_cpp;rosidl_typesupport_introspection_cpp
[0.666s] -- Found rmw_implementation_cmake: 6.1.2 (/opt/ros/humble/share/rmw_implementation_cmake/cmake)
[0.668s] -- Found rmw_fastrtps_cpp: 6.2.7 (/opt/ros/humble/share/rmw_fastrtps_cpp/cmake)
[0.750s] -- Found OpenSSL: /usr/lib/x86_64-linux-gnu/libcrypto.so (found version "3.0.2")  
[0.770s] -- Found FastRTPS: /opt/ros/humble/include  
[0.808s] -- Using RMW implementation 'rmw_fastrtps_cpp' as default
[0.815s] -- Looking for pthread.h
[0.890s] -- Looking for pthread.h - found
[0.891s] -- Performing Test CMAKE_HAVE_LIBC_PTHREAD
[0.969s] -- Performing Test CMAKE_HAVE_LIBC_PTHREAD - Success
[0.970s] -- Found Threads: TRUE  
[1.017s] -- Found status_interfaces: 0.0.0 (/home/tyzros/chapt3/topic_practice_ws/src/install/status_interfaces/share/status_interfaces/cmake)
[1.047s] -- Found ament_lint_auto: 0.12.12 (/opt/ros/humble/share/ament_lint_auto/cmake)
[1.126s] -- Added test 'cppcheck' to perform static code analysis on C / C++ code
[1.126s] -- Configured cppcheck include dirs: 
[1.126s] -- Configured cppcheck exclude dirs and/or files: 
[1.126s] -- Added test 'lint_cmake' to check CMake code style
[1.127s] -- Added test 'uncrustify' to check C / C++ code style
[1.127s] -- Configured uncrustify additional arguments: 
[1.127s] -- Added test 'xmllint' to check XML markup files
[1.128s] -- Configuring done
[1.140s] -- Generating done
[1.144s] -- Build files have been written to: /home/tyzros/chapt3/topic_practice_ws/src/build/status_display
[1.152s] Invoked command in '/home/tyzros/chapt3/topic_practice_ws/src/build/status_display' returned '0': AMENT_PREFIX_PATH=/home/tyzros/chapt3/topic_practice_ws/src/install/status_interfaces:${AMENT_PREFIX_PATH} CMAKE_PREFIX_PATH=/home/tyzros/chapt3/topic_practice_ws/src/install/status_interfaces:/opt/ros/humble LD_LIBRARY_PATH=/home/tyzros/chapt3/topic_practice_ws/src/install/status_interfaces/lib:${LD_LIBRARY_PATH} PYTHONPATH=/home/tyzros/chapt3/topic_practice_ws/src/install/status_interfaces/local/lib/python3.10/dist-packages:${PYTHONPATH} /usr/bin/cmake /home/tyzros/chapt3/topic_practice_ws/src/status_display -DCMAKE_INSTALL_PREFIX=/home/tyzros/chapt3/topic_practice_ws/src/install/status_display
[1.156s] Invoking command in '/home/tyzros/chapt3/topic_practice_ws/src/build/status_display': AMENT_PREFIX_PATH=/home/tyzros/chapt3/topic_practice_ws/src/install/status_interfaces:${AMENT_PREFIX_PATH} CMAKE_PREFIX_PATH=/home/tyzros/chapt3/topic_practice_ws/src/install/status_interfaces:/opt/ros/humble LD_LIBRARY_PATH=/home/tyzros/chapt3/topic_practice_ws/src/install/status_interfaces/lib:${LD_LIBRARY_PATH} PYTHONPATH=/home/tyzros/chapt3/topic_practice_ws/src/install/status_interfaces/local/lib/python3.10/dist-packages:${PYTHONPATH} /usr/bin/cmake --build /home/tyzros/chapt3/topic_practice_ws/src/build/status_display -- -j16 -l16
[1.201s] [ 25%] [32mBuilding CXX object CMakeFiles/hello_qt.dir/src/hello_qt.cpp.o[0m
[1.201s] [ 50%] [32mBuilding CXX object CMakeFiles/sys_status_display.dir/src/sys_status_display.cpp.o[0m
[2.043s] [ 75%] [32m[1mLinking CXX executable hello_qt[0m
[2.273s] [ 75%] Built target hello_qt
[8.078s] [100%] [32m[1mLinking CXX executable sys_status_display[0m
[8.833s] [100%] Built target sys_status_display
[8.843s] Invoked command in '/home/tyzros/chapt3/topic_practice_ws/src/build/status_display' returned '0': AMENT_PREFIX_PATH=/home/tyzros/chapt3/topic_practice_ws/src/install/status_interfaces:${AMENT_PREFIX_PATH} CMAKE_PREFIX_PATH=/home/tyzros/chapt3/topic_practice_ws/src/install/status_interfaces:/opt/ros/humble LD_LIBRARY_PATH=/home/tyzros/chapt3/topic_practice_ws/src/install/status_interfaces/lib:${LD_LIBRARY_PATH} PYTHONPATH=/home/tyzros/chapt3/topic_practice_ws/src/install/status_interfaces/local/lib/python3.10/dist-packages:${PYTHONPATH} /usr/bin/cmake --build /home/tyzros/chapt3/topic_practice_ws/src/build/status_display -- -j16 -l16
[8.844s] Invoking command in '/home/tyzros/chapt3/topic_practice_ws/src/build/status_display': AMENT_PREFIX_PATH=/home/tyzros/chapt3/topic_practice_ws/src/install/status_interfaces:${AMENT_PREFIX_PATH} CMAKE_PREFIX_PATH=/home/tyzros/chapt3/topic_practice_ws/src/install/status_interfaces:/opt/ros/humble LD_LIBRARY_PATH=/home/tyzros/chapt3/topic_practice_ws/src/install/status_interfaces/lib:${LD_LIBRARY_PATH} PYTHONPATH=/home/tyzros/chapt3/topic_practice_ws/src/install/status_interfaces/local/lib/python3.10/dist-packages:${PYTHONPATH} /usr/bin/cmake --install /home/tyzros/chapt3/topic_practice_ws/src/build/status_display
[8.853s] -- Install configuration: ""
[8.853s] -- Installing: /home/tyzros/chapt3/topic_practice_ws/src/install/status_display/lib/status_display/hello_qt
[8.853s] -- Installing: /home/tyzros/chapt3/topic_practice_ws/src/install/status_display/lib/status_display/sys_status_display
[8.859s] -- Set runtime path of "/home/tyzros/chapt3/topic_practice_ws/src/install/status_display/lib/status_display/sys_status_display" to ""
[8.860s] -- Installing: /home/tyzros/chapt3/topic_practice_ws/src/install/status_display/share/ament_index/resource_index/package_run_dependencies/status_display
[8.860s] -- Installing: /home/tyzros/chapt3/topic_practice_ws/src/install/status_display/share/ament_index/resource_index/parent_prefix_path/status_display
[8.860s] -- Installing: /home/tyzros/chapt3/topic_practice_ws/src/install/status_display/share/status_display/environment/ament_prefix_path.sh
[8.860s] -- Installing: /home/tyzros/chapt3/topic_practice_ws/src/install/status_display/share/status_display/environment/ament_prefix_path.dsv
[8.860s] -- Installing: /home/tyzros/chapt3/topic_practice_ws/src/install/status_display/share/status_display/environment/path.sh
[8.861s] -- Installing: /home/tyzros/chapt3/topic_practice_ws/src/install/status_display/share/status_display/environment/path.dsv
[8.861s] -- Installing: /home/tyzros/chapt3/topic_practice_ws/src/install/status_display/share/status_display/local_setup.bash
[8.861s] -- Installing: /home/tyzros/chapt3/topic_practice_ws/src/install/status_display/share/status_display/local_setup.sh
[8.861s] -- Installing: /home/tyzros/chapt3/topic_practice_ws/src/install/status_display/share/status_display/local_setup.zsh
[8.861s] -- Installing: /home/tyzros/chapt3/topic_practice_ws/src/install/status_display/share/status_display/local_setup.dsv
[8.861s] -- Installing: /home/tyzros/chapt3/topic_practice_ws/src/install/status_display/share/status_display/package.dsv
[8.861s] -- Installing: /home/tyzros/chapt3/topic_practice_ws/src/install/status_display/share/ament_index/resource_index/packages/status_display
[8.861s] -- Installing: /home/tyzros/chapt3/topic_practice_ws/src/install/status_display/share/status_display/cmake/status_displayConfig.cmake
[8.862s] -- Installing: /home/tyzros/chapt3/topic_practice_ws/src/install/status_display/share/status_display/cmake/status_displayConfig-version.cmake
[8.862s] -- Installing: /home/tyzros/chapt3/topic_practice_ws/src/install/status_display/share/status_display/package.xml
[8.863s] Invoked command in '/home/tyzros/chapt3/topic_practice_ws/src/build/status_display' returned '0': AMENT_PREFIX_PATH=/home/tyzros/chapt3/topic_practice_ws/src/install/status_interfaces:${AMENT_PREFIX_PATH} CMAKE_PREFIX_PATH=/home/tyzros/chapt3/topic_practice_ws/src/install/status_interfaces:/opt/ros/humble LD_LIBRARY_PATH=/home/tyzros/chapt3/topic_practice_ws/src/install/status_interfaces/lib:${LD_LIBRARY_PATH} PYTHONPATH=/home/tyzros/chapt3/topic_practice_ws/src/install/status_interfaces/local/lib/python3.10/dist-packages:${PYTHONPATH} /usr/bin/cmake --install /home/tyzros/chapt3/topic_practice_ws/src/build/status_display
