[0.021s] Invoking command in '/home/tyzros/chapt3/build/status_display': AMENT_PREFIX_PATH=/home/tyzros/chapt3/install/status_interfaces:${AMENT_PREFIX_PATH} CMAKE_PREFIX_PATH=/home/tyzros/chapt3/install/status_interfaces:/opt/ros/humble LD_LIBRARY_PATH=/home/tyzros/chapt3/install/status_interfaces/lib:${LD_LIBRARY_PATH} PYTHONPATH=/home/tyzros/chapt3/install/status_interfaces/local/lib/python3.10/dist-packages:${PYTHONPATH} /usr/bin/cmake /home/tyzros/chapt3/topic_practice_ws/src/status_display -DCMAKE_INSTALL_PREFIX=/home/tyzros/chapt3/install/status_display
[0.089s] -- The C compiler identification is GNU 11.4.0
[0.149s] -- The CXX compiler identification is GNU 11.4.0
[0.156s] -- Detecting C compiler ABI info
[0.329s] -- Detecting C compiler ABI info - done
[0.334s] -- Check for working C compiler: /usr/bin/cc - skipped
[0.334s] -- Detecting C compile features
[0.334s] -- Detecting C compile features - done
[0.336s] -- Detecting CXX compiler ABI info
[0.427s] -- Detecting CXX compiler ABI info - done
[0.431s] -- Check for working CXX compiler: /usr/bin/c++ - skipped
[0.432s] -- Detecting CXX compile features
[0.432s] -- Detecting CXX compile features - done
[0.434s] -- Found ament_cmake: 1.3.11 (/opt/ros/humble/share/ament_cmake/cmake)
[0.630s] -- Found Python3: /usr/bin/python3 (found version "3.10.12") found components: Interpreter 
[0.729s] -- Found rclcpp: 16.0.12 (/opt/ros/humble/share/rclcpp/cmake)
[0.774s] -- Found rosidl_generator_c: 3.1.6 (/opt/ros/humble/share/rosidl_generator_c/cmake)
[0.779s] -- Found rosidl_adapter: 3.1.6 (/opt/ros/humble/share/rosidl_adapter/cmake)
[0.787s] -- Found rosidl_generator_cpp: 3.1.6 (/opt/ros/humble/share/rosidl_generator_cpp/cmake)
[0.798s] -- Using all available rosidl_typesupport_c: rosidl_typesupport_fastrtps_c;rosidl_typesupport_introspection_c
[0.811s] -- Using all available rosidl_typesupport_cpp: rosidl_typesupport_fastrtps_cpp;rosidl_typesupport_introspection_cpp
[0.849s] -- Found rmw_implementation_cmake: 6.1.2 (/opt/ros/humble/share/rmw_implementation_cmake/cmake)
[0.851s] -- Found rmw_fastrtps_cpp: 6.2.7 (/opt/ros/humble/share/rmw_fastrtps_cpp/cmake)
[0.941s] -- Found OpenSSL: /usr/lib/x86_64-linux-gnu/libcrypto.so (found version "3.0.2")  
[0.972s] -- Found FastRTPS: /opt/ros/humble/include  
[1.003s] -- Using RMW implementation 'rmw_fastrtps_cpp' as default
[1.009s] -- Looking for pthread.h
[1.128s] -- Looking for pthread.h - found
[1.129s] -- Performing Test CMAKE_HAVE_LIBC_PTHREAD
[1.228s] -- Performing Test CMAKE_HAVE_LIBC_PTHREAD - Success
[1.229s] -- Found Threads: TRUE  
[1.268s] -- Found status_interfaces: 0.0.0 (/home/tyzros/chapt3/install/status_interfaces/share/status_interfaces/cmake)
[1.306s] -- Found ament_lint_auto: 0.12.12 (/opt/ros/humble/share/ament_lint_auto/cmake)
[1.364s] -- Added test 'cppcheck' to perform static code analysis on C / C++ code
[1.364s] -- Configured cppcheck include dirs: 
[1.364s] -- Configured cppcheck exclude dirs and/or files: 
[1.364s] -- Added test 'lint_cmake' to check CMake code style
[1.365s] -- Added test 'uncrustify' to check C / C++ code style
[1.365s] -- Configured uncrustify additional arguments: 
[1.366s] -- Added test 'xmllint' to check XML markup files
[1.367s] -- Configuring done
[1.380s] -- Generating done
[1.383s] -- Build files have been written to: /home/tyzros/chapt3/build/status_display
[1.392s] Invoked command in '/home/tyzros/chapt3/build/status_display' returned '0': AMENT_PREFIX_PATH=/home/tyzros/chapt3/install/status_interfaces:${AMENT_PREFIX_PATH} CMAKE_PREFIX_PATH=/home/tyzros/chapt3/install/status_interfaces:/opt/ros/humble LD_LIBRARY_PATH=/home/tyzros/chapt3/install/status_interfaces/lib:${LD_LIBRARY_PATH} PYTHONPATH=/home/tyzros/chapt3/install/status_interfaces/local/lib/python3.10/dist-packages:${PYTHONPATH} /usr/bin/cmake /home/tyzros/chapt3/topic_practice_ws/src/status_display -DCMAKE_INSTALL_PREFIX=/home/tyzros/chapt3/install/status_display
[1.394s] Invoking command in '/home/tyzros/chapt3/build/status_display': AMENT_PREFIX_PATH=/home/tyzros/chapt3/install/status_interfaces:${AMENT_PREFIX_PATH} CMAKE_PREFIX_PATH=/home/tyzros/chapt3/install/status_interfaces:/opt/ros/humble LD_LIBRARY_PATH=/home/tyzros/chapt3/install/status_interfaces/lib:${LD_LIBRARY_PATH} PYTHONPATH=/home/tyzros/chapt3/install/status_interfaces/local/lib/python3.10/dist-packages:${PYTHONPATH} /usr/bin/cmake --build /home/tyzros/chapt3/build/status_display -- -j16 -l16
[1.467s] [ 25%] [32mBuilding CXX object CMakeFiles/hello_qt.dir/src/hello_qt.cpp.o[0m
[1.467s] [ 50%] [32mBuilding CXX object CMakeFiles/sys_status_display.dir/src/sys_status_display.cpp.o[0m
[3.481s] [ 75%] [32m[1mLinking CXX executable hello_qt[0m
[3.810s] [ 75%] Built target hello_qt
[10.242s] [100%] [32m[1mLinking CXX executable sys_status_display[0m
[10.918s] [100%] Built target sys_status_display
[10.929s] Invoked command in '/home/tyzros/chapt3/build/status_display' returned '0': AMENT_PREFIX_PATH=/home/tyzros/chapt3/install/status_interfaces:${AMENT_PREFIX_PATH} CMAKE_PREFIX_PATH=/home/tyzros/chapt3/install/status_interfaces:/opt/ros/humble LD_LIBRARY_PATH=/home/tyzros/chapt3/install/status_interfaces/lib:${LD_LIBRARY_PATH} PYTHONPATH=/home/tyzros/chapt3/install/status_interfaces/local/lib/python3.10/dist-packages:${PYTHONPATH} /usr/bin/cmake --build /home/tyzros/chapt3/build/status_display -- -j16 -l16
[10.930s] Invoking command in '/home/tyzros/chapt3/build/status_display': AMENT_PREFIX_PATH=/home/tyzros/chapt3/install/status_interfaces:${AMENT_PREFIX_PATH} CMAKE_PREFIX_PATH=/home/tyzros/chapt3/install/status_interfaces:/opt/ros/humble LD_LIBRARY_PATH=/home/tyzros/chapt3/install/status_interfaces/lib:${LD_LIBRARY_PATH} PYTHONPATH=/home/tyzros/chapt3/install/status_interfaces/local/lib/python3.10/dist-packages:${PYTHONPATH} /usr/bin/cmake --install /home/tyzros/chapt3/build/status_display
[10.940s] -- Install configuration: ""
[10.940s] -- Installing: /home/tyzros/chapt3/install/status_display/lib/status_display/hello_qt
[10.941s] -- Installing: /home/tyzros/chapt3/install/status_display/lib/status_display/sys_status_display
[10.944s] -- Set runtime path of "/home/tyzros/chapt3/install/status_display/lib/status_display/sys_status_display" to ""
[10.944s] -- Installing: /home/tyzros/chapt3/install/status_display/share/ament_index/resource_index/package_run_dependencies/status_display
[10.944s] -- Installing: /home/tyzros/chapt3/install/status_display/share/ament_index/resource_index/parent_prefix_path/status_display
[10.945s] -- Installing: /home/tyzros/chapt3/install/status_display/share/status_display/environment/ament_prefix_path.sh
[10.945s] -- Installing: /home/tyzros/chapt3/install/status_display/share/status_display/environment/ament_prefix_path.dsv
[10.945s] -- Installing: /home/tyzros/chapt3/install/status_display/share/status_display/environment/path.sh
[10.945s] -- Installing: /home/tyzros/chapt3/install/status_display/share/status_display/environment/path.dsv
[10.945s] -- Installing: /home/tyzros/chapt3/install/status_display/share/status_display/local_setup.bash
[10.945s] -- Installing: /home/tyzros/chapt3/install/status_display/share/status_display/local_setup.sh
[10.945s] -- Installing: /home/tyzros/chapt3/install/status_display/share/status_display/local_setup.zsh
[10.946s] -- Installing: /home/tyzros/chapt3/install/status_display/share/status_display/local_setup.dsv
[10.946s] -- Installing: /home/tyzros/chapt3/install/status_display/share/status_display/package.dsv
[10.946s] -- Installing: /home/tyzros/chapt3/install/status_display/share/ament_index/resource_index/packages/status_display
[10.946s] -- Installing: /home/tyzros/chapt3/install/status_display/share/status_display/cmake/status_displayConfig.cmake
[10.946s] -- Installing: /home/tyzros/chapt3/install/status_display/share/status_display/cmake/status_displayConfig-version.cmake
[10.946s] -- Installing: /home/tyzros/chapt3/install/status_display/share/status_display/package.xml
[10.948s] Invoked command in '/home/tyzros/chapt3/build/status_display' returned '0': AMENT_PREFIX_PATH=/home/tyzros/chapt3/install/status_interfaces:${AMENT_PREFIX_PATH} CMAKE_PREFIX_PATH=/home/tyzros/chapt3/install/status_interfaces:/opt/ros/humble LD_LIBRARY_PATH=/home/tyzros/chapt3/install/status_interfaces/lib:${LD_LIBRARY_PATH} PYTHONPATH=/home/tyzros/chapt3/install/status_interfaces/local/lib/python3.10/dist-packages:${PYTHONPATH} /usr/bin/cmake --install /home/tyzros/chapt3/build/status_display
