[0.545s] Invoking command in '/home/tyzros/chapt3/topic_practice_ws/src/status_publisher': CMAKE_PREFIX_PATH=/home/tyzros/chapt3/topic_practice_ws/src/install/status_interfaces:/home/tyzros/chapt3/topic_practice_ws/src/status_display/install/status_display:/home/tyzros/chapt3/topic_practice_ws/src/install/status_display PYTHONPATH=/home/tyzros/chapt3/topic_practice_ws/src/build/status_publisher/prefix_override:/usr/lib/python3/dist-packages/colcon_core/task/python/colcon_distutils_commands:/home/tyzros/chapt3/topic_practice_ws/src/install/status_publisher/lib/python3.10/site-packages:${PYTHONPATH} /usr/bin/python3 -W ignore:setup.py install is deprecated -W ignore:easy_install command is deprecated setup.py egg_info --egg-base ../build/status_publisher build --build-base /home/tyzros/chapt3/topic_practice_ws/src/build/status_publisher/build install --record /home/tyzros/chapt3/topic_practice_ws/src/build/status_publisher/install.log --single-version-externally-managed install_data
[0.731s] running egg_info
[0.731s] writing ../build/status_publisher/status_publisher.egg-info/PKG-INFO
[0.732s] writing dependency_links to ../build/status_publisher/status_publisher.egg-info/dependency_links.txt
[0.732s] writing entry points to ../build/status_publisher/status_publisher.egg-info/entry_points.txt
[0.732s] writing requirements to ../build/status_publisher/status_publisher.egg-info/requires.txt
[0.732s] writing top-level names to ../build/status_publisher/status_publisher.egg-info/top_level.txt
[0.733s] reading manifest file '../build/status_publisher/status_publisher.egg-info/SOURCES.txt'
[0.734s] adding license file 'LICENSE'
[0.734s] writing manifest file '../build/status_publisher/status_publisher.egg-info/SOURCES.txt'
[0.734s] running build
[0.734s] running build_py
[0.735s] running install
[0.735s] running install_lib
[0.736s] running install_data
[0.736s] running install_egg_info
[0.738s] removing '/home/tyzros/chapt3/topic_practice_ws/src/install/status_publisher/lib/python3.10/site-packages/status_publisher-0.0.0-py3.10.egg-info' (and everything under it)
[0.738s] Copying ../build/status_publisher/status_publisher.egg-info to /home/tyzros/chapt3/topic_practice_ws/src/install/status_publisher/lib/python3.10/site-packages/status_publisher-0.0.0-py3.10.egg-info
[0.739s] running install_scripts
[0.754s] Installing sys_status_pub script to /home/tyzros/chapt3/topic_practice_ws/src/install/status_publisher/lib/status_publisher
[0.754s] writing list of installed files to '/home/tyzros/chapt3/topic_practice_ws/src/build/status_publisher/install.log'
[0.771s] Invoked command in '/home/tyzros/chapt3/topic_practice_ws/src/status_publisher' returned '0': CMAKE_PREFIX_PATH=/home/tyzros/chapt3/topic_practice_ws/src/install/status_interfaces:/home/tyzros/chapt3/topic_practice_ws/src/status_display/install/status_display:/home/tyzros/chapt3/topic_practice_ws/src/install/status_display PYTHONPATH=/home/tyzros/chapt3/topic_practice_ws/src/build/status_publisher/prefix_override:/usr/lib/python3/dist-packages/colcon_core/task/python/colcon_distutils_commands:/home/tyzros/chapt3/topic_practice_ws/src/install/status_publisher/lib/python3.10/site-packages:${PYTHONPATH} /usr/bin/python3 -W ignore:setup.py install is deprecated -W ignore:easy_install command is deprecated setup.py egg_info --egg-base ../build/status_publisher build --build-base /home/tyzros/chapt3/topic_practice_ws/src/build/status_publisher/build install --record /home/tyzros/chapt3/topic_practice_ws/src/build/status_publisher/install.log --single-version-externally-managed install_data
