[0.553s] Invoking command in '/home/tyzros/chapt3/topic_practice_ws/src/status_publisher': PYTHONPATH=/home/tyzros/chapt3/topic_practice_ws/src/status_publisher/build/status_publisher/prefix_override:/usr/lib/python3/dist-packages/colcon_core/task/python/colcon_distutils_commands:/home/tyzros/chapt3/topic_practice_ws/src/status_publisher/install/status_publisher/lib/python3.10/site-packages:${PYTHONPATH} /usr/bin/python3 -W ignore:setup.py install is deprecated -W ignore:easy_install command is deprecated setup.py egg_info --egg-base build/status_publisher build --build-base /home/tyzros/chapt3/topic_practice_ws/src/status_publisher/build/status_publisher/build install --record /home/tyzros/chapt3/topic_practice_ws/src/status_publisher/build/status_publisher/install.log --single-version-externally-managed install_data
[0.741s] running egg_info
[0.741s] creating build/status_publisher/status_publisher.egg-info
[0.742s] writing build/status_publisher/status_publisher.egg-info/PKG-INFO
[0.742s] writing dependency_links to build/status_publisher/status_publisher.egg-info/dependency_links.txt
[0.742s] writing entry points to build/status_publisher/status_publisher.egg-info/entry_points.txt
[0.742s] writing requirements to build/status_publisher/status_publisher.egg-info/requires.txt
[0.742s] writing top-level names to build/status_publisher/status_publisher.egg-info/top_level.txt
[0.742s] writing manifest file 'build/status_publisher/status_publisher.egg-info/SOURCES.txt'
[0.743s] reading manifest file 'build/status_publisher/status_publisher.egg-info/SOURCES.txt'
[0.743s] adding license file 'LICENSE'
[0.744s] writing manifest file 'build/status_publisher/status_publisher.egg-info/SOURCES.txt'
[0.744s] running build
[0.744s] running build_py
[0.744s] creating /home/tyzros/chapt3/topic_practice_ws/src/status_publisher/build/status_publisher/build
[0.744s] creating /home/tyzros/chapt3/topic_practice_ws/src/status_publisher/build/status_publisher/build/lib
[0.745s] creating /home/tyzros/chapt3/topic_practice_ws/src/status_publisher/build/status_publisher/build/lib/status_publisher
[0.745s] copying status_publisher/__init__.py -> /home/tyzros/chapt3/topic_practice_ws/src/status_publisher/build/status_publisher/build/lib/status_publisher
[0.745s] copying status_publisher/sys_status_pub.py -> /home/tyzros/chapt3/topic_practice_ws/src/status_publisher/build/status_publisher/build/lib/status_publisher
[0.745s] running install
[0.745s] running install_lib
[0.745s] creating /home/tyzros/chapt3/topic_practice_ws/src/status_publisher/install/status_publisher/lib/python3.10/site-packages/status_publisher
[0.745s] copying /home/tyzros/chapt3/topic_practice_ws/src/status_publisher/build/status_publisher/build/lib/status_publisher/__init__.py -> /home/tyzros/chapt3/topic_practice_ws/src/status_publisher/install/status_publisher/lib/python3.10/site-packages/status_publisher
[0.745s] copying /home/tyzros/chapt3/topic_practice_ws/src/status_publisher/build/status_publisher/build/lib/status_publisher/sys_status_pub.py -> /home/tyzros/chapt3/topic_practice_ws/src/status_publisher/install/status_publisher/lib/python3.10/site-packages/status_publisher
[0.746s] byte-compiling /home/tyzros/chapt3/topic_practice_ws/src/status_publisher/install/status_publisher/lib/python3.10/site-packages/status_publisher/__init__.py to __init__.cpython-310.pyc
[0.746s] byte-compiling /home/tyzros/chapt3/topic_practice_ws/src/status_publisher/install/status_publisher/lib/python3.10/site-packages/status_publisher/sys_status_pub.py to sys_status_pub.cpython-310.pyc
[0.746s] running install_data
[0.746s] creating /home/tyzros/chapt3/topic_practice_ws/src/status_publisher/install/status_publisher/share/ament_index
[0.746s] creating /home/tyzros/chapt3/topic_practice_ws/src/status_publisher/install/status_publisher/share/ament_index/resource_index
[0.747s] creating /home/tyzros/chapt3/topic_practice_ws/src/status_publisher/install/status_publisher/share/ament_index/resource_index/packages
[0.747s] copying resource/status_publisher -> /home/tyzros/chapt3/topic_practice_ws/src/status_publisher/install/status_publisher/share/ament_index/resource_index/packages
[0.747s] copying package.xml -> /home/tyzros/chapt3/topic_practice_ws/src/status_publisher/install/status_publisher/share/status_publisher
[0.747s] running install_egg_info
[0.748s] Copying build/status_publisher/status_publisher.egg-info to /home/tyzros/chapt3/topic_practice_ws/src/status_publisher/install/status_publisher/lib/python3.10/site-packages/status_publisher-0.0.0-py3.10.egg-info
[0.749s] running install_scripts
[0.764s] Installing sys_status_pub script to /home/tyzros/chapt3/topic_practice_ws/src/status_publisher/install/status_publisher/lib/status_publisher
[0.764s] writing list of installed files to '/home/tyzros/chapt3/topic_practice_ws/src/status_publisher/build/status_publisher/install.log'
[0.779s] Invoked command in '/home/tyzros/chapt3/topic_practice_ws/src/status_publisher' returned '0': PYTHONPATH=/home/tyzros/chapt3/topic_practice_ws/src/status_publisher/build/status_publisher/prefix_override:/usr/lib/python3/dist-packages/colcon_core/task/python/colcon_distutils_commands:/home/tyzros/chapt3/topic_practice_ws/src/status_publisher/install/status_publisher/lib/python3.10/site-packages:${PYTHONPATH} /usr/bin/python3 -W ignore:setup.py install is deprecated -W ignore:easy_install command is deprecated setup.py egg_info --egg-base build/status_publisher build --build-base /home/tyzros/chapt3/topic_practice_ws/src/status_publisher/build/status_publisher/build install --record /home/tyzros/chapt3/topic_practice_ws/src/status_publisher/build/status_publisher/install.log --single-version-externally-managed install_data
