[0.088s] DEBUG:colcon:Command line arguments: ['/usr/bin/colcon', 'build']
[0.089s] DEBUG:colcon:Parsed command line arguments: Namespace(log_base=None, log_level=None, verb_name='build', build_base='build', install_base='install', merge_install=False, symlink_install=False, test_result_base=None, continue_on_error=False, executor='parallel', parallel_workers=16, event_handlers=None, ignore_user_meta=False, metas=['./colcon.meta'], base_paths=['.'], packages_ignore=None, packages_ignore_regex=None, paths=None, packages_up_to=None, packages_up_to_regex=None, packages_above=None, packages_above_and_dependencies=None, packages_above_depth=None, packages_select_by_dep=None, packages_skip_by_dep=None, packages_skip_up_to=None, packages_select_build_failed=False, packages_skip_build_finished=False, packages_select_test_failures=False, packages_skip_test_passed=False, packages_select=None, packages_skip=None, packages_select_regex=None, packages_skip_regex=None, packages_start=None, packages_end=None, allow_overriding=[], cmake_args=None, cmake_target=None, cmake_target_skip_unavailable=False, cmake_clean_cache=False, cmake_clean_first=False, cmake_force_configure=False, ament_cmake_args=None, catkin_cmake_args=None, catkin_skip_building_tests=False, mixin_files=None, mixin=None, verb_parser=<colcon_mixin.mixin.mixin_argument.MixinArgumentDecorator object at 0x7cf1e0c42a10>, verb_extension=<colcon_core.verb.build.BuildVerb object at 0x7cf1e0d538e0>, main=<bound method BuildVerb.main of <colcon_core.verb.build.BuildVerb object at 0x7cf1e0d538e0>>, mixin_verb=('build',))
[0.219s] Level 1:colcon.colcon_core.package_discovery:discover_packages(colcon_meta) check parameters
[0.219s] Level 1:colcon.colcon_core.package_discovery:discover_packages(recursive) check parameters
[0.219s] Level 1:colcon.colcon_core.package_discovery:discover_packages(ignore) check parameters
[0.219s] Level 1:colcon.colcon_core.package_discovery:discover_packages(path) check parameters
[0.219s] Level 1:colcon.colcon_core.package_discovery:discover_packages(colcon_meta) discover
[0.219s] Level 1:colcon.colcon_core.package_discovery:discover_packages(recursive) discover
[0.219s] INFO:colcon.colcon_core.package_discovery:Crawling recursively for packages in '/home/tyzros/chapt3/topic_practice_ws/src/status_display'
[0.220s] Level 1:colcon.colcon_core.package_identification:_identify(.) by extensions ['ignore', 'ignore_ament_install']
[0.220s] Level 1:colcon.colcon_core.package_identification:_identify(.) by extension 'ignore'
[0.220s] Level 1:colcon.colcon_core.package_identification:_identify(.) by extension 'ignore_ament_install'
[0.220s] Level 1:colcon.colcon_core.package_identification:_identify(.) by extensions ['colcon_pkg']
[0.220s] Level 1:colcon.colcon_core.package_identification:_identify(.) by extension 'colcon_pkg'
[0.220s] Level 1:colcon.colcon_core.package_identification:_identify(.) by extensions ['colcon_meta']
[0.220s] Level 1:colcon.colcon_core.package_identification:_identify(.) by extension 'colcon_meta'
[0.220s] Level 1:colcon.colcon_core.package_identification:_identify(.) by extensions ['ros']
[0.220s] Level 1:colcon.colcon_core.package_identification:_identify(.) by extension 'ros'
[0.231s] DEBUG:colcon.colcon_core.package_identification:Package '.' with type 'ros.ament_cmake' and name 'status_display'
[0.231s] Level 1:colcon.colcon_core.package_discovery:discover_packages(recursive) using defaults
[0.231s] Level 1:colcon.colcon_core.package_discovery:discover_packages(ignore) discover
[0.231s] Level 1:colcon.colcon_core.package_discovery:discover_packages(ignore) using defaults
[0.231s] Level 1:colcon.colcon_core.package_discovery:discover_packages(path) discover
[0.231s] Level 1:colcon.colcon_core.package_discovery:discover_packages(path) using defaults
[0.259s] Level 1:colcon.colcon_core.package_discovery:discover_packages(prefix_path) check parameters
[0.259s] Level 1:colcon.colcon_core.package_discovery:discover_packages(prefix_path) discover
[0.261s] DEBUG:colcon.colcon_installed_package_information.package_discovery:Found 3 installed packages in /home/tyzros/chapt3/topic_practice_ws/src/install
[0.261s] DEBUG:colcon.colcon_installed_package_information.package_discovery:Found 1 installed packages in /home/tyzros/chapt3/topic_practice_ws/install
[0.263s] DEBUG:colcon.colcon_installed_package_information.package_discovery:Found 357 installed packages in /opt/ros/humble
[0.264s] Level 1:colcon.colcon_core.package_discovery:discover_packages(prefix_path) using defaults
[0.302s] Level 5:colcon.colcon_core.verb:set package 'status_display' build argument 'cmake_args' from command line to 'None'
[0.302s] Level 5:colcon.colcon_core.verb:set package 'status_display' build argument 'cmake_target' from command line to 'None'
[0.302s] Level 5:colcon.colcon_core.verb:set package 'status_display' build argument 'cmake_target_skip_unavailable' from command line to 'False'
[0.302s] Level 5:colcon.colcon_core.verb:set package 'status_display' build argument 'cmake_clean_cache' from command line to 'False'
[0.302s] Level 5:colcon.colcon_core.verb:set package 'status_display' build argument 'cmake_clean_first' from command line to 'False'
[0.302s] Level 5:colcon.colcon_core.verb:set package 'status_display' build argument 'cmake_force_configure' from command line to 'False'
[0.302s] Level 5:colcon.colcon_core.verb:set package 'status_display' build argument 'ament_cmake_args' from command line to 'None'
[0.302s] Level 5:colcon.colcon_core.verb:set package 'status_display' build argument 'catkin_cmake_args' from command line to 'None'
[0.302s] Level 5:colcon.colcon_core.verb:set package 'status_display' build argument 'catkin_skip_building_tests' from command line to 'False'
[0.302s] DEBUG:colcon.colcon_core.verb:Building package 'status_display' with the following arguments: {'ament_cmake_args': None, 'build_base': '/home/tyzros/chapt3/topic_practice_ws/src/status_display/build/status_display', 'catkin_cmake_args': None, 'catkin_skip_building_tests': False, 'cmake_args': None, 'cmake_clean_cache': False, 'cmake_clean_first': False, 'cmake_force_configure': False, 'cmake_target': None, 'cmake_target_skip_unavailable': False, 'install_base': '/home/tyzros/chapt3/topic_practice_ws/src/status_display/install/status_display', 'merge_install': False, 'path': '/home/tyzros/chapt3/topic_practice_ws/src/status_display', 'symlink_install': False, 'test_result_base': None}
[0.303s] INFO:colcon.colcon_core.executor:Executing jobs using 'parallel' executor
[0.303s] DEBUG:colcon.colcon_parallel_executor.executor.parallel:run_until_complete
[0.304s] INFO:colcon.colcon_ros.task.ament_cmake.build:Building ROS package in '/home/tyzros/chapt3/topic_practice_ws/src/status_display' with build type 'ament_cmake'
[0.304s] INFO:colcon.colcon_cmake.task.cmake.build:Building CMake package in '/home/tyzros/chapt3/topic_practice_ws/src/status_display'
[0.306s] INFO:colcon.colcon_core.plugin_system:Skipping extension 'colcon_core.shell.bat': Not used on non-Windows systems
[0.306s] INFO:colcon.colcon_core.shell:Skip shell extension 'powershell' for command environment: Not usable outside of PowerShell
[0.306s] DEBUG:colcon.colcon_core.shell:Skip shell extension 'dsv' for command environment
[0.316s] DEBUG:colcon.colcon_core.event_handler.log_command:Invoking command in '/home/tyzros/chapt3/topic_practice_ws/src/status_display/build/status_display': CMAKE_PREFIX_PATH=${CMAKE_PREFIX_PATH}:/home/tyzros/chapt3/topic_practice_ws/src/install/status_publisher:/opt/ros/humble /usr/bin/cmake /home/tyzros/chapt3/topic_practice_ws/src/status_display -DCMAKE_INSTALL_PREFIX=/home/tyzros/chapt3/topic_practice_ws/src/status_display/install/status_display
[1.442s] DEBUG:colcon.colcon_core.event_handler.log_command:Invoked command in '/home/tyzros/chapt3/topic_practice_ws/src/status_display/build/status_display' returned '0': CMAKE_PREFIX_PATH=${CMAKE_PREFIX_PATH}:/home/tyzros/chapt3/topic_practice_ws/src/install/status_publisher:/opt/ros/humble /usr/bin/cmake /home/tyzros/chapt3/topic_practice_ws/src/status_display -DCMAKE_INSTALL_PREFIX=/home/tyzros/chapt3/topic_practice_ws/src/status_display/install/status_display
[1.444s] DEBUG:colcon.colcon_core.event_handler.log_command:Invoking command in '/home/tyzros/chapt3/topic_practice_ws/src/status_display/build/status_display': CMAKE_PREFIX_PATH=${CMAKE_PREFIX_PATH}:/home/tyzros/chapt3/topic_practice_ws/src/install/status_publisher:/opt/ros/humble /usr/bin/cmake --build /home/tyzros/chapt3/topic_practice_ws/src/status_display/build/status_display -- -j16 -l16
[11.100s] DEBUG:colcon.colcon_core.event_handler.log_command:Invoked command in '/home/tyzros/chapt3/topic_practice_ws/src/status_display/build/status_display' returned '0': CMAKE_PREFIX_PATH=${CMAKE_PREFIX_PATH}:/home/tyzros/chapt3/topic_practice_ws/src/install/status_publisher:/opt/ros/humble /usr/bin/cmake --build /home/tyzros/chapt3/topic_practice_ws/src/status_display/build/status_display -- -j16 -l16
[11.112s] DEBUG:colcon.colcon_core.event_handler.log_command:Invoking command in '/home/tyzros/chapt3/topic_practice_ws/src/status_display/build/status_display': CMAKE_PREFIX_PATH=${CMAKE_PREFIX_PATH}:/home/tyzros/chapt3/topic_practice_ws/src/install/status_publisher:/opt/ros/humble /usr/bin/cmake --install /home/tyzros/chapt3/topic_practice_ws/src/status_display/build/status_display
[11.126s] Level 1:colcon.colcon_core.environment:create_environment_scripts_only(status_display)
[11.127s] DEBUG:colcon.colcon_core.event_handler.log_command:Invoked command in '/home/tyzros/chapt3/topic_practice_ws/src/status_display/build/status_display' returned '0': CMAKE_PREFIX_PATH=${CMAKE_PREFIX_PATH}:/home/tyzros/chapt3/topic_practice_ws/src/install/status_publisher:/opt/ros/humble /usr/bin/cmake --install /home/tyzros/chapt3/topic_practice_ws/src/status_display/build/status_display
[11.129s] Level 1:colcon.colcon_core.environment:checking '/home/tyzros/chapt3/topic_practice_ws/src/status_display/install/status_display' for CMake module files
[11.129s] Level 1:colcon.colcon_core.environment:checking '/home/tyzros/chapt3/topic_practice_ws/src/status_display/install/status_display' for CMake config files
[11.129s] Level 1:colcon.colcon_core.shell:create_environment_hook('status_display', 'cmake_prefix_path')
[11.130s] INFO:colcon.colcon_core.shell:Creating environment hook '/home/tyzros/chapt3/topic_practice_ws/src/status_display/install/status_display/share/status_display/hook/cmake_prefix_path.ps1'
[11.130s] INFO:colcon.colcon_core.shell:Creating environment descriptor '/home/tyzros/chapt3/topic_practice_ws/src/status_display/install/status_display/share/status_display/hook/cmake_prefix_path.dsv'
[11.130s] INFO:colcon.colcon_core.shell:Creating environment hook '/home/tyzros/chapt3/topic_practice_ws/src/status_display/install/status_display/share/status_display/hook/cmake_prefix_path.sh'
[11.131s] Level 1:colcon.colcon_core.environment:checking '/home/tyzros/chapt3/topic_practice_ws/src/status_display/install/status_display/lib'
[11.131s] Level 1:colcon.colcon_core.environment:checking '/home/tyzros/chapt3/topic_practice_ws/src/status_display/install/status_display/bin'
[11.131s] Level 1:colcon.colcon_core.environment:checking '/home/tyzros/chapt3/topic_practice_ws/src/status_display/install/status_display/lib/pkgconfig/status_display.pc'
[11.131s] Level 1:colcon.colcon_core.environment:checking '/home/tyzros/chapt3/topic_practice_ws/src/status_display/install/status_display/lib/python3.10/site-packages'
[11.132s] Level 1:colcon.colcon_core.environment:checking '/home/tyzros/chapt3/topic_practice_ws/src/status_display/install/status_display/bin'
[11.132s] INFO:colcon.colcon_core.shell:Creating package script '/home/tyzros/chapt3/topic_practice_ws/src/status_display/install/status_display/share/status_display/package.ps1'
[11.132s] INFO:colcon.colcon_core.shell:Creating package descriptor '/home/tyzros/chapt3/topic_practice_ws/src/status_display/install/status_display/share/status_display/package.dsv'
[11.133s] INFO:colcon.colcon_core.shell:Creating package script '/home/tyzros/chapt3/topic_practice_ws/src/status_display/install/status_display/share/status_display/package.sh'
[11.134s] INFO:colcon.colcon_core.shell:Creating package script '/home/tyzros/chapt3/topic_practice_ws/src/status_display/install/status_display/share/status_display/package.bash'
[11.134s] INFO:colcon.colcon_core.shell:Creating package script '/home/tyzros/chapt3/topic_practice_ws/src/status_display/install/status_display/share/status_display/package.zsh'
[11.135s] Level 1:colcon.colcon_core.environment:create_file_with_runtime_dependencies(/home/tyzros/chapt3/topic_practice_ws/src/status_display/install/status_display/share/colcon-core/packages/status_display)
[11.136s] Level 1:colcon.colcon_core.environment:create_environment_scripts_only(status_display)
[11.136s] Level 1:colcon.colcon_core.environment:checking '/home/tyzros/chapt3/topic_practice_ws/src/status_display/install/status_display' for CMake module files
[11.137s] Level 1:colcon.colcon_core.environment:checking '/home/tyzros/chapt3/topic_practice_ws/src/status_display/install/status_display' for CMake config files
[11.137s] Level 1:colcon.colcon_core.shell:create_environment_hook('status_display', 'cmake_prefix_path')
[11.137s] INFO:colcon.colcon_core.shell:Creating environment hook '/home/tyzros/chapt3/topic_practice_ws/src/status_display/install/status_display/share/status_display/hook/cmake_prefix_path.ps1'
[11.138s] INFO:colcon.colcon_core.shell:Creating environment descriptor '/home/tyzros/chapt3/topic_practice_ws/src/status_display/install/status_display/share/status_display/hook/cmake_prefix_path.dsv'
[11.138s] INFO:colcon.colcon_core.shell:Creating environment hook '/home/tyzros/chapt3/topic_practice_ws/src/status_display/install/status_display/share/status_display/hook/cmake_prefix_path.sh'
[11.138s] Level 1:colcon.colcon_core.environment:checking '/home/tyzros/chapt3/topic_practice_ws/src/status_display/install/status_display/lib'
[11.139s] Level 1:colcon.colcon_core.environment:checking '/home/tyzros/chapt3/topic_practice_ws/src/status_display/install/status_display/bin'
[11.139s] Level 1:colcon.colcon_core.environment:checking '/home/tyzros/chapt3/topic_practice_ws/src/status_display/install/status_display/lib/pkgconfig/status_display.pc'
[11.139s] Level 1:colcon.colcon_core.environment:checking '/home/tyzros/chapt3/topic_practice_ws/src/status_display/install/status_display/lib/python3.10/site-packages'
[11.139s] Level 1:colcon.colcon_core.environment:checking '/home/tyzros/chapt3/topic_practice_ws/src/status_display/install/status_display/bin'
[11.139s] INFO:colcon.colcon_core.shell:Creating package script '/home/tyzros/chapt3/topic_practice_ws/src/status_display/install/status_display/share/status_display/package.ps1'
[11.140s] INFO:colcon.colcon_core.shell:Creating package descriptor '/home/tyzros/chapt3/topic_practice_ws/src/status_display/install/status_display/share/status_display/package.dsv'
[11.140s] INFO:colcon.colcon_core.shell:Creating package script '/home/tyzros/chapt3/topic_practice_ws/src/status_display/install/status_display/share/status_display/package.sh'
[11.140s] INFO:colcon.colcon_core.shell:Creating package script '/home/tyzros/chapt3/topic_practice_ws/src/status_display/install/status_display/share/status_display/package.bash'
[11.141s] INFO:colcon.colcon_core.shell:Creating package script '/home/tyzros/chapt3/topic_practice_ws/src/status_display/install/status_display/share/status_display/package.zsh'
[11.141s] Level 1:colcon.colcon_core.environment:create_file_with_runtime_dependencies(/home/tyzros/chapt3/topic_practice_ws/src/status_display/install/status_display/share/colcon-core/packages/status_display)
[11.142s] DEBUG:colcon.colcon_parallel_executor.executor.parallel:closing loop
[11.142s] DEBUG:colcon.colcon_parallel_executor.executor.parallel:loop closed
[11.142s] DEBUG:colcon.colcon_parallel_executor.executor.parallel:run_until_complete finished with '0'
[11.142s] DEBUG:colcon.colcon_core.event_reactor:joining thread
[11.148s] INFO:colcon.colcon_core.plugin_system:Skipping extension 'colcon_notification.desktop_notification.terminal_notifier': Not used on non-Darwin systems
[11.148s] INFO:colcon.colcon_core.plugin_system:Skipping extension 'colcon_notification.desktop_notification.win32': Not used on non-Windows systems
[11.148s] INFO:colcon.colcon_notification.desktop_notification:Sending desktop notification using 'notify2'
[11.158s] DEBUG:colcon.colcon_core.event_reactor:joined thread
[11.159s] INFO:colcon.colcon_core.shell:Creating prefix script '/home/tyzros/chapt3/topic_practice_ws/src/status_display/install/local_setup.ps1'
[11.160s] INFO:colcon.colcon_core.shell:Creating prefix util module '/home/tyzros/chapt3/topic_practice_ws/src/status_display/install/_local_setup_util_ps1.py'
[11.161s] INFO:colcon.colcon_core.shell:Creating prefix chain script '/home/tyzros/chapt3/topic_practice_ws/src/status_display/install/setup.ps1'
[11.163s] INFO:colcon.colcon_core.shell:Creating prefix script '/home/tyzros/chapt3/topic_practice_ws/src/status_display/install/local_setup.sh'
[11.164s] INFO:colcon.colcon_core.shell:Creating prefix util module '/home/tyzros/chapt3/topic_practice_ws/src/status_display/install/_local_setup_util_sh.py'
[11.165s] INFO:colcon.colcon_core.shell:Creating prefix chain script '/home/tyzros/chapt3/topic_practice_ws/src/status_display/install/setup.sh'
[11.166s] INFO:colcon.colcon_core.shell:Creating prefix script '/home/tyzros/chapt3/topic_practice_ws/src/status_display/install/local_setup.bash'
[11.167s] INFO:colcon.colcon_core.shell:Creating prefix chain script '/home/tyzros/chapt3/topic_practice_ws/src/status_display/install/setup.bash'
[11.168s] INFO:colcon.colcon_core.shell:Creating prefix script '/home/tyzros/chapt3/topic_practice_ws/src/status_display/install/local_setup.zsh'
[11.169s] INFO:colcon.colcon_core.shell:Creating prefix chain script '/home/tyzros/chapt3/topic_practice_ws/src/status_display/install/setup.zsh'
