[0.012s] Invoking command in '/home/tyzros/chapt3/topic_practice_ws/src/status_display/build/status_display': CMAKE_PREFIX_PATH=${CMAKE_PREFIX_PATH}:/home/tyzros/chapt3/topic_practice_ws/src/install/status_publisher:/opt/ros/humble /usr/bin/cmake /home/tyzros/chapt3/topic_practice_ws/src/status_display -DCMAKE_INSTALL_PREFIX=/home/tyzros/chapt3/topic_practice_ws/src/status_display/install/status_display
[0.071s] -- The C compiler identification is GNU 11.4.0
[0.125s] -- The CXX compiler identification is GNU 11.4.0
[0.136s] -- Detecting C compiler ABI info
[0.215s] -- Detecting C compiler ABI info - done
[0.224s] -- Check for working C compiler: /usr/bin/cc - skipped
[0.225s] -- Detecting C compile features
[0.226s] -- Detecting C compile features - done
[0.229s] -- Detecting CXX compiler ABI info
[0.310s] -- Detecting CXX compiler ABI info - done
[0.318s] -- Check for working CXX compiler: /usr/bin/c++ - skipped
[0.319s] -- Detecting CXX compile features
[0.319s] -- Detecting CXX compile features - done
[0.321s] -- Found ament_cmake: 1.3.11 (/opt/ros/humble/share/ament_cmake/cmake)
[0.464s] -- Found Python3: /usr/bin/python3 (found version "3.10.12") found components: Interpreter 
[0.551s] -- Found rclcpp: 16.0.12 (/opt/ros/humble/share/rclcpp/cmake)
[0.586s] -- Found rosidl_generator_c: 3.1.6 (/opt/ros/humble/share/rosidl_generator_c/cmake)
[0.590s] -- Found rosidl_adapter: 3.1.6 (/opt/ros/humble/share/rosidl_adapter/cmake)
[0.598s] -- Found rosidl_generator_cpp: 3.1.6 (/opt/ros/humble/share/rosidl_generator_cpp/cmake)
[0.609s] -- Using all available rosidl_typesupport_c: rosidl_typesupport_fastrtps_c;rosidl_typesupport_introspection_c
[0.625s] -- Using all available rosidl_typesupport_cpp: rosidl_typesupport_fastrtps_cpp;rosidl_typesupport_introspection_cpp
[0.667s] -- Found rmw_implementation_cmake: 6.1.2 (/opt/ros/humble/share/rmw_implementation_cmake/cmake)
[0.670s] -- Found rmw_fastrtps_cpp: 6.2.7 (/opt/ros/humble/share/rmw_fastrtps_cpp/cmake)
[0.751s] -- Found OpenSSL: /usr/lib/x86_64-linux-gnu/libcrypto.so (found version "3.0.2")  
[0.770s] -- Found FastRTPS: /opt/ros/humble/include  
[0.803s] -- Using RMW implementation 'rmw_fastrtps_cpp' as default
[0.811s] -- Looking for pthread.h
[0.885s] -- Looking for pthread.h - found
[0.885s] -- Performing Test CMAKE_HAVE_LIBC_PTHREAD
[0.958s] -- Performing Test CMAKE_HAVE_LIBC_PTHREAD - Success
[0.959s] -- Found Threads: TRUE  
[1.000s] -- Found status_interfaces: 0.0.0 (/home/tyzros/chapt3/topic_practice_ws/src/install/status_interfaces/share/status_interfaces/cmake)
[1.019s] -- Found ament_lint_auto: 0.12.12 (/opt/ros/humble/share/ament_lint_auto/cmake)
[1.093s] -- Added test 'cppcheck' to perform static code analysis on C / C++ code
[1.093s] -- Configured cppcheck include dirs: 
[1.093s] -- Configured cppcheck exclude dirs and/or files: 
[1.094s] -- Added test 'flake8' to check Python code syntax and style conventions
[1.096s] -- Added test 'lint_cmake' to check CMake code style
[1.097s] -- Added test 'pep257' to check Python code against some of the docstring style conventions in PEP 257
[1.104s] -- Added test 'uncrustify' to check C / C++ code style
[1.104s] -- Configured uncrustify additional arguments: 
[1.105s] -- Added test 'xmllint' to check XML markup files
[1.107s] -- Configuring done
[1.123s] -- Generating done
[1.128s] -- Build files have been written to: /home/tyzros/chapt3/topic_practice_ws/src/status_display/build/status_display
[1.138s] Invoked command in '/home/tyzros/chapt3/topic_practice_ws/src/status_display/build/status_display' returned '0': CMAKE_PREFIX_PATH=${CMAKE_PREFIX_PATH}:/home/tyzros/chapt3/topic_practice_ws/src/install/status_publisher:/opt/ros/humble /usr/bin/cmake /home/tyzros/chapt3/topic_practice_ws/src/status_display -DCMAKE_INSTALL_PREFIX=/home/tyzros/chapt3/topic_practice_ws/src/status_display/install/status_display
[1.140s] Invoking command in '/home/tyzros/chapt3/topic_practice_ws/src/status_display/build/status_display': CMAKE_PREFIX_PATH=${CMAKE_PREFIX_PATH}:/home/tyzros/chapt3/topic_practice_ws/src/install/status_publisher:/opt/ros/humble /usr/bin/cmake --build /home/tyzros/chapt3/topic_practice_ws/src/status_display/build/status_display -- -j16 -l16
[1.188s] [ 25%] [32mBuilding CXX object CMakeFiles/sys_status_display.dir/src/sys_status_display.cpp.o[0m
[1.188s] [ 50%] [32mBuilding CXX object CMakeFiles/hello_qt.dir/src/hello_qt.cpp.o[0m
[2.324s] [ 75%] [32m[1mLinking CXX executable hello_qt[0m
[2.576s] [ 75%] Built target hello_qt
[10.057s] [100%] [32m[1mLinking CXX executable sys_status_display[0m
[10.782s] [100%] Built target sys_status_display
[10.795s] Invoked command in '/home/tyzros/chapt3/topic_practice_ws/src/status_display/build/status_display' returned '0': CMAKE_PREFIX_PATH=${CMAKE_PREFIX_PATH}:/home/tyzros/chapt3/topic_practice_ws/src/install/status_publisher:/opt/ros/humble /usr/bin/cmake --build /home/tyzros/chapt3/topic_practice_ws/src/status_display/build/status_display -- -j16 -l16
[10.807s] Invoking command in '/home/tyzros/chapt3/topic_practice_ws/src/status_display/build/status_display': CMAKE_PREFIX_PATH=${CMAKE_PREFIX_PATH}:/home/tyzros/chapt3/topic_practice_ws/src/install/status_publisher:/opt/ros/humble /usr/bin/cmake --install /home/tyzros/chapt3/topic_practice_ws/src/status_display/build/status_display
[10.813s] -- Install configuration: ""
[10.813s] -- Installing: /home/tyzros/chapt3/topic_practice_ws/src/status_display/install/status_display/lib/status_display/hello_qt
[10.813s] -- Installing: /home/tyzros/chapt3/topic_practice_ws/src/status_display/install/status_display/lib/status_display/sys_status_display
[10.817s] -- Set runtime path of "/home/tyzros/chapt3/topic_practice_ws/src/status_display/install/status_display/lib/status_display/sys_status_display" to ""
[10.817s] -- Installing: /home/tyzros/chapt3/topic_practice_ws/src/status_display/install/status_display/share/ament_index/resource_index/package_run_dependencies/status_display
[10.818s] -- Installing: /home/tyzros/chapt3/topic_practice_ws/src/status_display/install/status_display/share/ament_index/resource_index/parent_prefix_path/status_display
[10.818s] -- Installing: /home/tyzros/chapt3/topic_practice_ws/src/status_display/install/status_display/share/status_display/environment/ament_prefix_path.sh
[10.819s] -- Installing: /home/tyzros/chapt3/topic_practice_ws/src/status_display/install/status_display/share/status_display/environment/ament_prefix_path.dsv
[10.819s] -- Installing: /home/tyzros/chapt3/topic_practice_ws/src/status_display/install/status_display/share/status_display/environment/path.sh
[10.819s] -- Installing: /home/tyzros/chapt3/topic_practice_ws/src/status_display/install/status_display/share/status_display/environment/path.dsv
[10.820s] -- Installing: /home/tyzros/chapt3/topic_practice_ws/src/status_display/install/status_display/share/status_display/local_setup.bash
[10.820s] -- Installing: /home/tyzros/chapt3/topic_practice_ws/src/status_display/install/status_display/share/status_display/local_setup.sh
[10.820s] -- Installing: /home/tyzros/chapt3/topic_practice_ws/src/status_display/install/status_display/share/status_display/local_setup.zsh
[10.820s] -- Installing: /home/tyzros/chapt3/topic_practice_ws/src/status_display/install/status_display/share/status_display/local_setup.dsv
[10.820s] -- Installing: /home/tyzros/chapt3/topic_practice_ws/src/status_display/install/status_display/share/status_display/package.dsv
[10.820s] -- Installing: /home/tyzros/chapt3/topic_practice_ws/src/status_display/install/status_display/share/ament_index/resource_index/packages/status_display
[10.821s] -- Installing: /home/tyzros/chapt3/topic_practice_ws/src/status_display/install/status_display/share/status_display/cmake/status_displayConfig.cmake
[10.821s] -- Installing: /home/tyzros/chapt3/topic_practice_ws/src/status_display/install/status_display/share/status_display/cmake/status_displayConfig-version.cmake
[10.821s] -- Installing: /home/tyzros/chapt3/topic_practice_ws/src/status_display/install/status_display/share/status_display/package.xml
[10.823s] Invoked command in '/home/tyzros/chapt3/topic_practice_ws/src/status_display/build/status_display' returned '0': CMAKE_PREFIX_PATH=${CMAKE_PREFIX_PATH}:/home/tyzros/chapt3/topic_practice_ws/src/install/status_publisher:/opt/ros/humble /usr/bin/cmake --install /home/tyzros/chapt3/topic_practice_ws/src/status_display/build/status_display
