[0.094s] DEBUG:colcon:Command line arguments: ['/usr/bin/colcon', 'build']
[0.094s] DEBUG:colcon:Parsed command line arguments: Namespace(log_base=None, log_level=None, verb_name='build', build_base='build', install_base='install', merge_install=False, symlink_install=False, test_result_base=None, continue_on_error=False, executor='parallel', parallel_workers=16, event_handlers=None, ignore_user_meta=False, metas=['./colcon.meta'], base_paths=['.'], packages_ignore=None, packages_ignore_regex=None, paths=None, packages_up_to=None, packages_up_to_regex=None, packages_above=None, packages_above_and_dependencies=None, packages_above_depth=None, packages_select_by_dep=None, packages_skip_by_dep=None, packages_skip_up_to=None, packages_select_build_failed=False, packages_skip_build_finished=False, packages_select_test_failures=False, packages_skip_test_passed=False, packages_select=None, packages_skip=None, packages_select_regex=None, packages_skip_regex=None, packages_start=None, packages_end=None, allow_overriding=[], cmake_args=None, cmake_target=None, cmake_target_skip_unavailable=False, cmake_clean_cache=False, cmake_clean_first=False, cmake_force_configure=False, ament_cmake_args=None, catkin_cmake_args=None, catkin_skip_building_tests=False, mixin_files=None, mixin=None, verb_parser=<colcon_mixin.mixin.mixin_argument.MixinArgumentDecorator object at 0x79e38cf57040>, verb_extension=<colcon_core.verb.build.BuildVerb object at 0x79e38d063f10>, main=<bound method BuildVerb.main of <colcon_core.verb.build.BuildVerb object at 0x79e38d063f10>>, mixin_verb=('build',))
[0.230s] Level 1:colcon.colcon_core.package_discovery:discover_packages(colcon_meta) check parameters
[0.230s] Level 1:colcon.colcon_core.package_discovery:discover_packages(recursive) check parameters
[0.230s] Level 1:colcon.colcon_core.package_discovery:discover_packages(ignore) check parameters
[0.230s] Level 1:colcon.colcon_core.package_discovery:discover_packages(path) check parameters
[0.230s] Level 1:colcon.colcon_core.package_discovery:discover_packages(colcon_meta) discover
[0.231s] Level 1:colcon.colcon_core.package_discovery:discover_packages(recursive) discover
[0.231s] INFO:colcon.colcon_core.package_discovery:Crawling recursively for packages in '/home/tyzros/chapt3'
[0.231s] Level 1:colcon.colcon_core.package_identification:_identify(.) by extensions ['ignore', 'ignore_ament_install']
[0.231s] Level 1:colcon.colcon_core.package_identification:_identify(.) by extension 'ignore'
[0.231s] Level 1:colcon.colcon_core.package_identification:_identify(.) by extension 'ignore_ament_install'
[0.231s] Level 1:colcon.colcon_core.package_identification:_identify(.) by extensions ['colcon_pkg']
[0.231s] Level 1:colcon.colcon_core.package_identification:_identify(.) by extension 'colcon_pkg'
[0.231s] Level 1:colcon.colcon_core.package_identification:_identify(.) by extensions ['colcon_meta']
[0.231s] Level 1:colcon.colcon_core.package_identification:_identify(.) by extension 'colcon_meta'
[0.231s] Level 1:colcon.colcon_core.package_identification:_identify(.) by extensions ['ros']
[0.231s] Level 1:colcon.colcon_core.package_identification:_identify(.) by extension 'ros'
[0.240s] Level 1:colcon.colcon_core.package_identification:_identify(.) by extensions ['cmake', 'python']
[0.240s] Level 1:colcon.colcon_core.package_identification:_identify(.) by extension 'cmake'
[0.240s] Level 1:colcon.colcon_core.package_identification:_identify(.) by extension 'python'
[0.240s] Level 1:colcon.colcon_core.package_identification:_identify(.) by extensions ['python_setup_py']
[0.240s] Level 1:colcon.colcon_core.package_identification:_identify(.) by extension 'python_setup_py'
[0.240s] Level 1:colcon.colcon_core.package_identification:_identify(build) by extensions ['ignore', 'ignore_ament_install']
[0.240s] Level 1:colcon.colcon_core.package_identification:_identify(build) by extension 'ignore'
[0.240s] Level 1:colcon.colcon_core.package_identification:_identify(build) ignored
[0.240s] Level 1:colcon.colcon_core.package_identification:_identify(install) by extensions ['ignore', 'ignore_ament_install']
[0.240s] Level 1:colcon.colcon_core.package_identification:_identify(install) by extension 'ignore'
[0.240s] Level 1:colcon.colcon_core.package_identification:_identify(install) ignored
[0.240s] Level 1:colcon.colcon_core.package_identification:_identify(log) by extensions ['ignore', 'ignore_ament_install']
[0.240s] Level 1:colcon.colcon_core.package_identification:_identify(log) by extension 'ignore'
[0.240s] Level 1:colcon.colcon_core.package_identification:_identify(log) ignored
[0.241s] Level 1:colcon.colcon_core.package_identification:_identify(topic_practice_ws) by extensions ['ignore', 'ignore_ament_install']
[0.241s] Level 1:colcon.colcon_core.package_identification:_identify(topic_practice_ws) by extension 'ignore'
[0.241s] Level 1:colcon.colcon_core.package_identification:_identify(topic_practice_ws) by extension 'ignore_ament_install'
[0.241s] Level 1:colcon.colcon_core.package_identification:_identify(topic_practice_ws) by extensions ['colcon_pkg']
[0.241s] Level 1:colcon.colcon_core.package_identification:_identify(topic_practice_ws) by extension 'colcon_pkg'
[0.241s] Level 1:colcon.colcon_core.package_identification:_identify(topic_practice_ws) by extensions ['colcon_meta']
[0.241s] Level 1:colcon.colcon_core.package_identification:_identify(topic_practice_ws) by extension 'colcon_meta'
[0.241s] Level 1:colcon.colcon_core.package_identification:_identify(topic_practice_ws) by extensions ['ros']
[0.241s] Level 1:colcon.colcon_core.package_identification:_identify(topic_practice_ws) by extension 'ros'
[0.241s] Level 1:colcon.colcon_core.package_identification:_identify(topic_practice_ws) by extensions ['cmake', 'python']
[0.241s] Level 1:colcon.colcon_core.package_identification:_identify(topic_practice_ws) by extension 'cmake'
[0.241s] Level 1:colcon.colcon_core.package_identification:_identify(topic_practice_ws) by extension 'python'
[0.241s] Level 1:colcon.colcon_core.package_identification:_identify(topic_practice_ws) by extensions ['python_setup_py']
[0.241s] Level 1:colcon.colcon_core.package_identification:_identify(topic_practice_ws) by extension 'python_setup_py'
[0.241s] Level 1:colcon.colcon_core.package_identification:_identify(topic_practice_ws/src) by extensions ['ignore', 'ignore_ament_install']
[0.241s] Level 1:colcon.colcon_core.package_identification:_identify(topic_practice_ws/src) by extension 'ignore'
[0.241s] Level 1:colcon.colcon_core.package_identification:_identify(topic_practice_ws/src) by extension 'ignore_ament_install'
[0.241s] Level 1:colcon.colcon_core.package_identification:_identify(topic_practice_ws/src) by extensions ['colcon_pkg']
[0.241s] Level 1:colcon.colcon_core.package_identification:_identify(topic_practice_ws/src) by extension 'colcon_pkg'
[0.241s] Level 1:colcon.colcon_core.package_identification:_identify(topic_practice_ws/src) by extensions ['colcon_meta']
[0.241s] Level 1:colcon.colcon_core.package_identification:_identify(topic_practice_ws/src) by extension 'colcon_meta'
[0.241s] Level 1:colcon.colcon_core.package_identification:_identify(topic_practice_ws/src) by extensions ['ros']
[0.241s] Level 1:colcon.colcon_core.package_identification:_identify(topic_practice_ws/src) by extension 'ros'
[0.241s] Level 1:colcon.colcon_core.package_identification:_identify(topic_practice_ws/src) by extensions ['cmake', 'python']
[0.242s] Level 1:colcon.colcon_core.package_identification:_identify(topic_practice_ws/src) by extension 'cmake'
[0.242s] Level 1:colcon.colcon_core.package_identification:_identify(topic_practice_ws/src) by extension 'python'
[0.242s] Level 1:colcon.colcon_core.package_identification:_identify(topic_practice_ws/src) by extensions ['python_setup_py']
[0.242s] Level 1:colcon.colcon_core.package_identification:_identify(topic_practice_ws/src) by extension 'python_setup_py'
[0.242s] Level 1:colcon.colcon_core.package_identification:_identify(topic_practice_ws/src/status_display) by extensions ['ignore', 'ignore_ament_install']
[0.242s] Level 1:colcon.colcon_core.package_identification:_identify(topic_practice_ws/src/status_display) by extension 'ignore'
[0.242s] Level 1:colcon.colcon_core.package_identification:_identify(topic_practice_ws/src/status_display) by extension 'ignore_ament_install'
[0.242s] Level 1:colcon.colcon_core.package_identification:_identify(topic_practice_ws/src/status_display) by extensions ['colcon_pkg']
[0.242s] Level 1:colcon.colcon_core.package_identification:_identify(topic_practice_ws/src/status_display) by extension 'colcon_pkg'
[0.242s] Level 1:colcon.colcon_core.package_identification:_identify(topic_practice_ws/src/status_display) by extensions ['colcon_meta']
[0.242s] Level 1:colcon.colcon_core.package_identification:_identify(topic_practice_ws/src/status_display) by extension 'colcon_meta'
[0.242s] Level 1:colcon.colcon_core.package_identification:_identify(topic_practice_ws/src/status_display) by extensions ['ros']
[0.242s] Level 1:colcon.colcon_core.package_identification:_identify(topic_practice_ws/src/status_display) by extension 'ros'
[0.244s] DEBUG:colcon.colcon_core.package_identification:Package 'topic_practice_ws/src/status_display' with type 'ros.ament_cmake' and name 'status_display'
[0.244s] Level 1:colcon.colcon_core.package_identification:_identify(topic_practice_ws/src/status_interfaces) by extensions ['ignore', 'ignore_ament_install']
[0.244s] Level 1:colcon.colcon_core.package_identification:_identify(topic_practice_ws/src/status_interfaces) by extension 'ignore'
[0.244s] Level 1:colcon.colcon_core.package_identification:_identify(topic_practice_ws/src/status_interfaces) by extension 'ignore_ament_install'
[0.244s] Level 1:colcon.colcon_core.package_identification:_identify(topic_practice_ws/src/status_interfaces) by extensions ['colcon_pkg']
[0.244s] Level 1:colcon.colcon_core.package_identification:_identify(topic_practice_ws/src/status_interfaces) by extension 'colcon_pkg'
[0.244s] Level 1:colcon.colcon_core.package_identification:_identify(topic_practice_ws/src/status_interfaces) by extensions ['colcon_meta']
[0.244s] Level 1:colcon.colcon_core.package_identification:_identify(topic_practice_ws/src/status_interfaces) by extension 'colcon_meta'
[0.244s] Level 1:colcon.colcon_core.package_identification:_identify(topic_practice_ws/src/status_interfaces) by extensions ['ros']
[0.244s] Level 1:colcon.colcon_core.package_identification:_identify(topic_practice_ws/src/status_interfaces) by extension 'ros'
[0.245s] DEBUG:colcon.colcon_core.package_identification:Package 'topic_practice_ws/src/status_interfaces' with type 'ros.ament_cmake' and name 'status_interfaces'
[0.245s] Level 1:colcon.colcon_core.package_identification:_identify(topic_practice_ws/src/status_publisher) by extensions ['ignore', 'ignore_ament_install']
[0.245s] Level 1:colcon.colcon_core.package_identification:_identify(topic_practice_ws/src/status_publisher) by extension 'ignore'
[0.245s] Level 1:colcon.colcon_core.package_identification:_identify(topic_practice_ws/src/status_publisher) by extension 'ignore_ament_install'
[0.245s] Level 1:colcon.colcon_core.package_identification:_identify(topic_practice_ws/src/status_publisher) by extensions ['colcon_pkg']
[0.245s] Level 1:colcon.colcon_core.package_identification:_identify(topic_practice_ws/src/status_publisher) by extension 'colcon_pkg'
[0.245s] Level 1:colcon.colcon_core.package_identification:_identify(topic_practice_ws/src/status_publisher) by extensions ['colcon_meta']
[0.245s] Level 1:colcon.colcon_core.package_identification:_identify(topic_practice_ws/src/status_publisher) by extension 'colcon_meta'
[0.245s] Level 1:colcon.colcon_core.package_identification:_identify(topic_practice_ws/src/status_publisher) by extensions ['ros']
[0.245s] Level 1:colcon.colcon_core.package_identification:_identify(topic_practice_ws/src/status_publisher) by extension 'ros'
[0.246s] DEBUG:colcon.colcon_core.package_identification:Package 'topic_practice_ws/src/status_publisher' with type 'ros.ament_python' and name 'status_publisher'
[0.246s] Level 1:colcon.colcon_core.package_identification:_identify(topic_ws) by extensions ['ignore', 'ignore_ament_install']
[0.246s] Level 1:colcon.colcon_core.package_identification:_identify(topic_ws) by extension 'ignore'
[0.246s] Level 1:colcon.colcon_core.package_identification:_identify(topic_ws) by extension 'ignore_ament_install'
[0.246s] Level 1:colcon.colcon_core.package_identification:_identify(topic_ws) by extensions ['colcon_pkg']
[0.246s] Level 1:colcon.colcon_core.package_identification:_identify(topic_ws) by extension 'colcon_pkg'
[0.246s] Level 1:colcon.colcon_core.package_identification:_identify(topic_ws) by extensions ['colcon_meta']
[0.246s] Level 1:colcon.colcon_core.package_identification:_identify(topic_ws) by extension 'colcon_meta'
[0.246s] Level 1:colcon.colcon_core.package_identification:_identify(topic_ws) by extensions ['ros']
[0.246s] Level 1:colcon.colcon_core.package_identification:_identify(topic_ws) by extension 'ros'
[0.246s] Level 1:colcon.colcon_core.package_identification:_identify(topic_ws) by extensions ['cmake', 'python']
[0.246s] Level 1:colcon.colcon_core.package_identification:_identify(topic_ws) by extension 'cmake'
[0.246s] Level 1:colcon.colcon_core.package_identification:_identify(topic_ws) by extension 'python'
[0.246s] Level 1:colcon.colcon_core.package_identification:_identify(topic_ws) by extensions ['python_setup_py']
[0.246s] Level 1:colcon.colcon_core.package_identification:_identify(topic_ws) by extension 'python_setup_py'
[0.246s] Level 1:colcon.colcon_core.package_identification:_identify(topic_ws/src) by extensions ['ignore', 'ignore_ament_install']
[0.247s] Level 1:colcon.colcon_core.package_identification:_identify(topic_ws/src) by extension 'ignore'
[0.247s] Level 1:colcon.colcon_core.package_identification:_identify(topic_ws/src) by extension 'ignore_ament_install'
[0.247s] Level 1:colcon.colcon_core.package_identification:_identify(topic_ws/src) by extensions ['colcon_pkg']
[0.247s] Level 1:colcon.colcon_core.package_identification:_identify(topic_ws/src) by extension 'colcon_pkg'
[0.247s] Level 1:colcon.colcon_core.package_identification:_identify(topic_ws/src) by extensions ['colcon_meta']
[0.247s] Level 1:colcon.colcon_core.package_identification:_identify(topic_ws/src) by extension 'colcon_meta'
[0.247s] Level 1:colcon.colcon_core.package_identification:_identify(topic_ws/src) by extensions ['ros']
[0.247s] Level 1:colcon.colcon_core.package_identification:_identify(topic_ws/src) by extension 'ros'
[0.247s] Level 1:colcon.colcon_core.package_identification:_identify(topic_ws/src) by extensions ['cmake', 'python']
[0.247s] Level 1:colcon.colcon_core.package_identification:_identify(topic_ws/src) by extension 'cmake'
[0.247s] Level 1:colcon.colcon_core.package_identification:_identify(topic_ws/src) by extension 'python'
[0.247s] Level 1:colcon.colcon_core.package_identification:_identify(topic_ws/src) by extensions ['python_setup_py']
[0.247s] Level 1:colcon.colcon_core.package_identification:_identify(topic_ws/src) by extension 'python_setup_py'
[0.247s] Level 1:colcon.colcon_core.package_identification:_identify(topic_ws/src/demo_cpp_topic) by extensions ['ignore', 'ignore_ament_install']
[0.247s] Level 1:colcon.colcon_core.package_identification:_identify(topic_ws/src/demo_cpp_topic) by extension 'ignore'
[0.247s] Level 1:colcon.colcon_core.package_identification:_identify(topic_ws/src/demo_cpp_topic) by extension 'ignore_ament_install'
[0.247s] Level 1:colcon.colcon_core.package_identification:_identify(topic_ws/src/demo_cpp_topic) by extensions ['colcon_pkg']
[0.247s] Level 1:colcon.colcon_core.package_identification:_identify(topic_ws/src/demo_cpp_topic) by extension 'colcon_pkg'
[0.247s] Level 1:colcon.colcon_core.package_identification:_identify(topic_ws/src/demo_cpp_topic) by extensions ['colcon_meta']
[0.247s] Level 1:colcon.colcon_core.package_identification:_identify(topic_ws/src/demo_cpp_topic) by extension 'colcon_meta'
[0.247s] Level 1:colcon.colcon_core.package_identification:_identify(topic_ws/src/demo_cpp_topic) by extensions ['ros']
[0.247s] Level 1:colcon.colcon_core.package_identification:_identify(topic_ws/src/demo_cpp_topic) by extension 'ros'
[0.248s] DEBUG:colcon.colcon_core.package_identification:Package 'topic_ws/src/demo_cpp_topic' with type 'ros.ament_cmake' and name 'demo_cpp_topic'
[0.248s] Level 1:colcon.colcon_core.package_identification:_identify(topic_ws/src/demo_python_topic) by extensions ['ignore', 'ignore_ament_install']
[0.248s] Level 1:colcon.colcon_core.package_identification:_identify(topic_ws/src/demo_python_topic) by extension 'ignore'
[0.248s] Level 1:colcon.colcon_core.package_identification:_identify(topic_ws/src/demo_python_topic) by extension 'ignore_ament_install'
[0.248s] Level 1:colcon.colcon_core.package_identification:_identify(topic_ws/src/demo_python_topic) by extensions ['colcon_pkg']
[0.248s] Level 1:colcon.colcon_core.package_identification:_identify(topic_ws/src/demo_python_topic) by extension 'colcon_pkg'
[0.248s] Level 1:colcon.colcon_core.package_identification:_identify(topic_ws/src/demo_python_topic) by extensions ['colcon_meta']
[0.248s] Level 1:colcon.colcon_core.package_identification:_identify(topic_ws/src/demo_python_topic) by extension 'colcon_meta'
[0.248s] Level 1:colcon.colcon_core.package_identification:_identify(topic_ws/src/demo_python_topic) by extensions ['ros']
[0.248s] Level 1:colcon.colcon_core.package_identification:_identify(topic_ws/src/demo_python_topic) by extension 'ros'
[0.249s] DEBUG:colcon.colcon_core.package_identification:Package 'topic_ws/src/demo_python_topic' with type 'ros.ament_python' and name 'demo_python_topic'
[0.249s] Level 1:colcon.colcon_core.package_discovery:discover_packages(recursive) using defaults
[0.249s] Level 1:colcon.colcon_core.package_discovery:discover_packages(ignore) discover
[0.249s] Level 1:colcon.colcon_core.package_discovery:discover_packages(ignore) using defaults
[0.249s] Level 1:colcon.colcon_core.package_discovery:discover_packages(path) discover
[0.249s] Level 1:colcon.colcon_core.package_discovery:discover_packages(path) using defaults
[0.272s] Level 1:colcon.colcon_core.package_discovery:discover_packages(prefix_path) check parameters
[0.272s] Level 1:colcon.colcon_core.package_discovery:discover_packages(prefix_path) discover
[0.273s] DEBUG:colcon.colcon_installed_package_information.package_discovery:Found 5 installed packages in /home/tyzros/chapt3/install
[0.275s] DEBUG:colcon.colcon_installed_package_information.package_discovery:Found 357 installed packages in /opt/ros/humble
[0.276s] Level 1:colcon.colcon_core.package_discovery:discover_packages(prefix_path) using defaults
[0.309s] Level 5:colcon.colcon_core.verb:set package 'demo_cpp_topic' build argument 'cmake_args' from command line to 'None'
[0.309s] Level 5:colcon.colcon_core.verb:set package 'demo_cpp_topic' build argument 'cmake_target' from command line to 'None'
[0.309s] Level 5:colcon.colcon_core.verb:set package 'demo_cpp_topic' build argument 'cmake_target_skip_unavailable' from command line to 'False'
[0.309s] Level 5:colcon.colcon_core.verb:set package 'demo_cpp_topic' build argument 'cmake_clean_cache' from command line to 'False'
[0.309s] Level 5:colcon.colcon_core.verb:set package 'demo_cpp_topic' build argument 'cmake_clean_first' from command line to 'False'
[0.309s] Level 5:colcon.colcon_core.verb:set package 'demo_cpp_topic' build argument 'cmake_force_configure' from command line to 'False'
[0.309s] Level 5:colcon.colcon_core.verb:set package 'demo_cpp_topic' build argument 'ament_cmake_args' from command line to 'None'
[0.309s] Level 5:colcon.colcon_core.verb:set package 'demo_cpp_topic' build argument 'catkin_cmake_args' from command line to 'None'
[0.309s] Level 5:colcon.colcon_core.verb:set package 'demo_cpp_topic' build argument 'catkin_skip_building_tests' from command line to 'False'
[0.309s] DEBUG:colcon.colcon_core.verb:Building package 'demo_cpp_topic' with the following arguments: {'ament_cmake_args': None, 'build_base': '/home/tyzros/chapt3/build/demo_cpp_topic', 'catkin_cmake_args': None, 'catkin_skip_building_tests': False, 'cmake_args': None, 'cmake_clean_cache': False, 'cmake_clean_first': False, 'cmake_force_configure': False, 'cmake_target': None, 'cmake_target_skip_unavailable': False, 'install_base': '/home/tyzros/chapt3/install/demo_cpp_topic', 'merge_install': False, 'path': '/home/tyzros/chapt3/topic_ws/src/demo_cpp_topic', 'symlink_install': False, 'test_result_base': None}
[0.309s] Level 5:colcon.colcon_core.verb:set package 'demo_python_topic' build argument 'cmake_args' from command line to 'None'
[0.309s] Level 5:colcon.colcon_core.verb:set package 'demo_python_topic' build argument 'cmake_target' from command line to 'None'
[0.309s] Level 5:colcon.colcon_core.verb:set package 'demo_python_topic' build argument 'cmake_target_skip_unavailable' from command line to 'False'
[0.309s] Level 5:colcon.colcon_core.verb:set package 'demo_python_topic' build argument 'cmake_clean_cache' from command line to 'False'
[0.310s] Level 5:colcon.colcon_core.verb:set package 'demo_python_topic' build argument 'cmake_clean_first' from command line to 'False'
[0.310s] Level 5:colcon.colcon_core.verb:set package 'demo_python_topic' build argument 'cmake_force_configure' from command line to 'False'
[0.310s] Level 5:colcon.colcon_core.verb:set package 'demo_python_topic' build argument 'ament_cmake_args' from command line to 'None'
[0.310s] Level 5:colcon.colcon_core.verb:set package 'demo_python_topic' build argument 'catkin_cmake_args' from command line to 'None'
[0.310s] Level 5:colcon.colcon_core.verb:set package 'demo_python_topic' build argument 'catkin_skip_building_tests' from command line to 'False'
[0.310s] DEBUG:colcon.colcon_core.verb:Building package 'demo_python_topic' with the following arguments: {'ament_cmake_args': None, 'build_base': '/home/tyzros/chapt3/build/demo_python_topic', 'catkin_cmake_args': None, 'catkin_skip_building_tests': False, 'cmake_args': None, 'cmake_clean_cache': False, 'cmake_clean_first': False, 'cmake_force_configure': False, 'cmake_target': None, 'cmake_target_skip_unavailable': False, 'install_base': '/home/tyzros/chapt3/install/demo_python_topic', 'merge_install': False, 'path': '/home/tyzros/chapt3/topic_ws/src/demo_python_topic', 'symlink_install': False, 'test_result_base': None}
[0.310s] Level 5:colcon.colcon_core.verb:set package 'status_interfaces' build argument 'cmake_args' from command line to 'None'
[0.310s] Level 5:colcon.colcon_core.verb:set package 'status_interfaces' build argument 'cmake_target' from command line to 'None'
[0.310s] Level 5:colcon.colcon_core.verb:set package 'status_interfaces' build argument 'cmake_target_skip_unavailable' from command line to 'False'
[0.310s] Level 5:colcon.colcon_core.verb:set package 'status_interfaces' build argument 'cmake_clean_cache' from command line to 'False'
[0.310s] Level 5:colcon.colcon_core.verb:set package 'status_interfaces' build argument 'cmake_clean_first' from command line to 'False'
[0.310s] Level 5:colcon.colcon_core.verb:set package 'status_interfaces' build argument 'cmake_force_configure' from command line to 'False'
[0.310s] Level 5:colcon.colcon_core.verb:set package 'status_interfaces' build argument 'ament_cmake_args' from command line to 'None'
[0.310s] Level 5:colcon.colcon_core.verb:set package 'status_interfaces' build argument 'catkin_cmake_args' from command line to 'None'
[0.310s] Level 5:colcon.colcon_core.verb:set package 'status_interfaces' build argument 'catkin_skip_building_tests' from command line to 'False'
[0.310s] DEBUG:colcon.colcon_core.verb:Building package 'status_interfaces' with the following arguments: {'ament_cmake_args': None, 'build_base': '/home/tyzros/chapt3/build/status_interfaces', 'catkin_cmake_args': None, 'catkin_skip_building_tests': False, 'cmake_args': None, 'cmake_clean_cache': False, 'cmake_clean_first': False, 'cmake_force_configure': False, 'cmake_target': None, 'cmake_target_skip_unavailable': False, 'install_base': '/home/tyzros/chapt3/install/status_interfaces', 'merge_install': False, 'path': '/home/tyzros/chapt3/topic_practice_ws/src/status_interfaces', 'symlink_install': False, 'test_result_base': None}
[0.310s] Level 5:colcon.colcon_core.verb:set package 'status_display' build argument 'cmake_args' from command line to 'None'
[0.310s] Level 5:colcon.colcon_core.verb:set package 'status_display' build argument 'cmake_target' from command line to 'None'
[0.311s] Level 5:colcon.colcon_core.verb:set package 'status_display' build argument 'cmake_target_skip_unavailable' from command line to 'False'
[0.311s] Level 5:colcon.colcon_core.verb:set package 'status_display' build argument 'cmake_clean_cache' from command line to 'False'
[0.311s] Level 5:colcon.colcon_core.verb:set package 'status_display' build argument 'cmake_clean_first' from command line to 'False'
[0.311s] Level 5:colcon.colcon_core.verb:set package 'status_display' build argument 'cmake_force_configure' from command line to 'False'
[0.311s] Level 5:colcon.colcon_core.verb:set package 'status_display' build argument 'ament_cmake_args' from command line to 'None'
[0.311s] Level 5:colcon.colcon_core.verb:set package 'status_display' build argument 'catkin_cmake_args' from command line to 'None'
[0.311s] Level 5:colcon.colcon_core.verb:set package 'status_display' build argument 'catkin_skip_building_tests' from command line to 'False'
[0.311s] DEBUG:colcon.colcon_core.verb:Building package 'status_display' with the following arguments: {'ament_cmake_args': None, 'build_base': '/home/tyzros/chapt3/build/status_display', 'catkin_cmake_args': None, 'catkin_skip_building_tests': False, 'cmake_args': None, 'cmake_clean_cache': False, 'cmake_clean_first': False, 'cmake_force_configure': False, 'cmake_target': None, 'cmake_target_skip_unavailable': False, 'install_base': '/home/tyzros/chapt3/install/status_display', 'merge_install': False, 'path': '/home/tyzros/chapt3/topic_practice_ws/src/status_display', 'symlink_install': False, 'test_result_base': None}
[0.311s] Level 5:colcon.colcon_core.verb:set package 'status_publisher' build argument 'cmake_args' from command line to 'None'
[0.311s] Level 5:colcon.colcon_core.verb:set package 'status_publisher' build argument 'cmake_target' from command line to 'None'
[0.311s] Level 5:colcon.colcon_core.verb:set package 'status_publisher' build argument 'cmake_target_skip_unavailable' from command line to 'False'
[0.311s] Level 5:colcon.colcon_core.verb:set package 'status_publisher' build argument 'cmake_clean_cache' from command line to 'False'
[0.311s] Level 5:colcon.colcon_core.verb:set package 'status_publisher' build argument 'cmake_clean_first' from command line to 'False'
[0.311s] Level 5:colcon.colcon_core.verb:set package 'status_publisher' build argument 'cmake_force_configure' from command line to 'False'
[0.311s] Level 5:colcon.colcon_core.verb:set package 'status_publisher' build argument 'ament_cmake_args' from command line to 'None'
[0.311s] Level 5:colcon.colcon_core.verb:set package 'status_publisher' build argument 'catkin_cmake_args' from command line to 'None'
[0.311s] Level 5:colcon.colcon_core.verb:set package 'status_publisher' build argument 'catkin_skip_building_tests' from command line to 'False'
[0.311s] DEBUG:colcon.colcon_core.verb:Building package 'status_publisher' with the following arguments: {'ament_cmake_args': None, 'build_base': '/home/tyzros/chapt3/build/status_publisher', 'catkin_cmake_args': None, 'catkin_skip_building_tests': False, 'cmake_args': None, 'cmake_clean_cache': False, 'cmake_clean_first': False, 'cmake_force_configure': False, 'cmake_target': None, 'cmake_target_skip_unavailable': False, 'install_base': '/home/tyzros/chapt3/install/status_publisher', 'merge_install': False, 'path': '/home/tyzros/chapt3/topic_practice_ws/src/status_publisher', 'symlink_install': False, 'test_result_base': None}
[0.311s] INFO:colcon.colcon_core.executor:Executing jobs using 'parallel' executor
[0.312s] DEBUG:colcon.colcon_parallel_executor.executor.parallel:run_until_complete
[0.312s] INFO:colcon.colcon_ros.task.ament_cmake.build:Building ROS package in '/home/tyzros/chapt3/topic_practice_ws/src/status_interfaces' with build type 'ament_cmake'
[0.313s] INFO:colcon.colcon_cmake.task.cmake.build:Building CMake package in '/home/tyzros/chapt3/topic_practice_ws/src/status_interfaces'
[0.314s] INFO:colcon.colcon_core.plugin_system:Skipping extension 'colcon_core.shell.bat': Not used on non-Windows systems
[0.314s] INFO:colcon.colcon_core.shell:Skip shell extension 'powershell' for command environment: Not usable outside of PowerShell
[0.314s] DEBUG:colcon.colcon_core.shell:Skip shell extension 'dsv' for command environment
[0.318s] INFO:colcon.colcon_ros.task.ament_cmake.build:Building ROS package in '/home/tyzros/chapt3/topic_ws/src/demo_cpp_topic' with build type 'ament_cmake'
[0.318s] INFO:colcon.colcon_cmake.task.cmake.build:Building CMake package in '/home/tyzros/chapt3/topic_ws/src/demo_cpp_topic'
[0.318s] INFO:colcon.colcon_core.shell:Skip shell extension 'powershell' for command environment: Not usable outside of PowerShell
[0.319s] DEBUG:colcon.colcon_core.shell:Skip shell extension 'dsv' for command environment
[0.322s] INFO:colcon.colcon_ros.task.ament_python.build:Building ROS package in '/home/tyzros/chapt3/topic_ws/src/demo_python_topic' with build type 'ament_python'
[0.322s] Level 1:colcon.colcon_core.shell:create_environment_hook('demo_python_topic', 'ament_prefix_path')
[0.323s] INFO:colcon.colcon_core.shell:Creating environment hook '/home/tyzros/chapt3/install/demo_python_topic/share/demo_python_topic/hook/ament_prefix_path.ps1'
[0.324s] INFO:colcon.colcon_core.shell:Creating environment descriptor '/home/tyzros/chapt3/install/demo_python_topic/share/demo_python_topic/hook/ament_prefix_path.dsv'
[0.324s] INFO:colcon.colcon_core.shell:Creating environment hook '/home/tyzros/chapt3/install/demo_python_topic/share/demo_python_topic/hook/ament_prefix_path.sh'
[0.325s] INFO:colcon.colcon_core.shell:Skip shell extension 'powershell' for command environment: Not usable outside of PowerShell
[0.325s] DEBUG:colcon.colcon_core.shell:Skip shell extension 'dsv' for command environment
[0.340s] DEBUG:colcon.colcon_core.event_handler.log_command:Invoking command in '/home/tyzros/chapt3/build/status_interfaces': CMAKE_PREFIX_PATH=${CMAKE_PREFIX_PATH}:/home/tyzros/chapt3/install/status_publisher:/home/tyzros/chapt3/install/demo_python_topic:/opt/ros/humble /usr/bin/cmake --build /home/tyzros/chapt3/build/status_interfaces -- -j16 -l16
[0.343s] DEBUG:colcon.colcon_core.event_handler.log_command:Invoking command in '/home/tyzros/chapt3/build/demo_cpp_topic': CMAKE_PREFIX_PATH=${CMAKE_PREFIX_PATH}:/home/tyzros/chapt3/install/status_publisher:/home/tyzros/chapt3/install/demo_python_topic:/opt/ros/humble /usr/bin/cmake --build /home/tyzros/chapt3/build/demo_cpp_topic -- -j16 -l16
[0.590s] INFO:colcon.colcon_core.task.python.build:Building Python package in '/home/tyzros/chapt3/topic_ws/src/demo_python_topic'
[0.591s] INFO:colcon.colcon_core.shell:Skip shell extension 'powershell' for command environment: Not usable outside of PowerShell
[0.591s] DEBUG:colcon.colcon_core.shell:Skip shell extension 'dsv' for command environment
[0.598s] DEBUG:colcon.colcon_core.event_handler.log_command:Invoked command in '/home/tyzros/chapt3/build/demo_cpp_topic' returned '0': CMAKE_PREFIX_PATH=${CMAKE_PREFIX_PATH}:/home/tyzros/chapt3/install/status_publisher:/home/tyzros/chapt3/install/demo_python_topic:/opt/ros/humble /usr/bin/cmake --build /home/tyzros/chapt3/build/demo_cpp_topic -- -j16 -l16
[0.610s] DEBUG:colcon.colcon_core.event_handler.log_command:Invoking command in '/home/tyzros/chapt3/build/demo_cpp_topic': CMAKE_PREFIX_PATH=${CMAKE_PREFIX_PATH}:/home/tyzros/chapt3/install/status_publisher:/home/tyzros/chapt3/install/demo_python_topic:/opt/ros/humble /usr/bin/cmake --install /home/tyzros/chapt3/build/demo_cpp_topic
[0.625s] Level 1:colcon.colcon_core.environment:create_environment_scripts_only(demo_cpp_topic)
[0.626s] DEBUG:colcon.colcon_core.event_handler.log_command:Invoked command in '/home/tyzros/chapt3/build/demo_cpp_topic' returned '0': CMAKE_PREFIX_PATH=${CMAKE_PREFIX_PATH}:/home/tyzros/chapt3/install/status_publisher:/home/tyzros/chapt3/install/demo_python_topic:/opt/ros/humble /usr/bin/cmake --install /home/tyzros/chapt3/build/demo_cpp_topic
[0.630s] Level 1:colcon.colcon_core.environment:checking '/home/tyzros/chapt3/install/demo_cpp_topic' for CMake module files
[0.631s] Level 1:colcon.colcon_core.environment:checking '/home/tyzros/chapt3/install/demo_cpp_topic' for CMake config files
[0.631s] Level 1:colcon.colcon_core.shell:create_environment_hook('demo_cpp_topic', 'cmake_prefix_path')
[0.632s] INFO:colcon.colcon_core.shell:Creating environment hook '/home/tyzros/chapt3/install/demo_cpp_topic/share/demo_cpp_topic/hook/cmake_prefix_path.ps1'
[0.633s] INFO:colcon.colcon_core.shell:Creating environment descriptor '/home/tyzros/chapt3/install/demo_cpp_topic/share/demo_cpp_topic/hook/cmake_prefix_path.dsv'
[0.633s] INFO:colcon.colcon_core.shell:Creating environment hook '/home/tyzros/chapt3/install/demo_cpp_topic/share/demo_cpp_topic/hook/cmake_prefix_path.sh'
[0.634s] Level 1:colcon.colcon_core.environment:checking '/home/tyzros/chapt3/install/demo_cpp_topic/lib'
[0.635s] Level 1:colcon.colcon_core.environment:checking '/home/tyzros/chapt3/install/demo_cpp_topic/bin'
[0.635s] Level 1:colcon.colcon_core.environment:checking '/home/tyzros/chapt3/install/demo_cpp_topic/lib/pkgconfig/demo_cpp_topic.pc'
[0.635s] Level 1:colcon.colcon_core.environment:checking '/home/tyzros/chapt3/install/demo_cpp_topic/lib/python3.10/site-packages'
[0.635s] Level 1:colcon.colcon_core.environment:checking '/home/tyzros/chapt3/install/demo_cpp_topic/bin'
[0.635s] INFO:colcon.colcon_core.shell:Creating package script '/home/tyzros/chapt3/install/demo_cpp_topic/share/demo_cpp_topic/package.ps1'
[0.636s] INFO:colcon.colcon_core.shell:Creating package descriptor '/home/tyzros/chapt3/install/demo_cpp_topic/share/demo_cpp_topic/package.dsv'
[0.637s] INFO:colcon.colcon_core.shell:Creating package script '/home/tyzros/chapt3/install/demo_cpp_topic/share/demo_cpp_topic/package.sh'
[0.638s] INFO:colcon.colcon_core.shell:Creating package script '/home/tyzros/chapt3/install/demo_cpp_topic/share/demo_cpp_topic/package.bash'
[0.639s] INFO:colcon.colcon_core.shell:Creating package script '/home/tyzros/chapt3/install/demo_cpp_topic/share/demo_cpp_topic/package.zsh'
[0.640s] Level 1:colcon.colcon_core.environment:create_file_with_runtime_dependencies(/home/tyzros/chapt3/install/demo_cpp_topic/share/colcon-core/packages/demo_cpp_topic)
[0.640s] Level 1:colcon.colcon_core.environment:create_environment_scripts_only(demo_cpp_topic)
[0.641s] Level 1:colcon.colcon_core.environment:checking '/home/tyzros/chapt3/install/demo_cpp_topic' for CMake module files
[0.641s] Level 1:colcon.colcon_core.environment:checking '/home/tyzros/chapt3/install/demo_cpp_topic' for CMake config files
[0.641s] Level 1:colcon.colcon_core.shell:create_environment_hook('demo_cpp_topic', 'cmake_prefix_path')
[0.641s] INFO:colcon.colcon_core.shell:Creating environment hook '/home/tyzros/chapt3/install/demo_cpp_topic/share/demo_cpp_topic/hook/cmake_prefix_path.ps1'
[0.642s] INFO:colcon.colcon_core.shell:Creating environment descriptor '/home/tyzros/chapt3/install/demo_cpp_topic/share/demo_cpp_topic/hook/cmake_prefix_path.dsv'
[0.642s] INFO:colcon.colcon_core.shell:Creating environment hook '/home/tyzros/chapt3/install/demo_cpp_topic/share/demo_cpp_topic/hook/cmake_prefix_path.sh'
[0.643s] Level 1:colcon.colcon_core.environment:checking '/home/tyzros/chapt3/install/demo_cpp_topic/lib'
[0.643s] Level 1:colcon.colcon_core.environment:checking '/home/tyzros/chapt3/install/demo_cpp_topic/bin'
[0.643s] Level 1:colcon.colcon_core.environment:checking '/home/tyzros/chapt3/install/demo_cpp_topic/lib/pkgconfig/demo_cpp_topic.pc'
[0.643s] Level 1:colcon.colcon_core.environment:checking '/home/tyzros/chapt3/install/demo_cpp_topic/lib/python3.10/site-packages'
[0.643s] Level 1:colcon.colcon_core.environment:checking '/home/tyzros/chapt3/install/demo_cpp_topic/bin'
[0.643s] INFO:colcon.colcon_core.shell:Creating package script '/home/tyzros/chapt3/install/demo_cpp_topic/share/demo_cpp_topic/package.ps1'
[0.644s] INFO:colcon.colcon_core.shell:Creating package descriptor '/home/tyzros/chapt3/install/demo_cpp_topic/share/demo_cpp_topic/package.dsv'
[0.645s] INFO:colcon.colcon_core.shell:Creating package script '/home/tyzros/chapt3/install/demo_cpp_topic/share/demo_cpp_topic/package.sh'
[0.645s] INFO:colcon.colcon_core.shell:Creating package script '/home/tyzros/chapt3/install/demo_cpp_topic/share/demo_cpp_topic/package.bash'
[0.645s] INFO:colcon.colcon_core.shell:Creating package script '/home/tyzros/chapt3/install/demo_cpp_topic/share/demo_cpp_topic/package.zsh'
[0.646s] Level 1:colcon.colcon_core.environment:create_file_with_runtime_dependencies(/home/tyzros/chapt3/install/demo_cpp_topic/share/colcon-core/packages/demo_cpp_topic)
[0.727s] DEBUG:colcon.colcon_core.event_handler.log_command:Invoked command in '/home/tyzros/chapt3/build/status_interfaces' returned '0': CMAKE_PREFIX_PATH=${CMAKE_PREFIX_PATH}:/home/tyzros/chapt3/install/status_publisher:/home/tyzros/chapt3/install/demo_python_topic:/opt/ros/humble /usr/bin/cmake --build /home/tyzros/chapt3/build/status_interfaces -- -j16 -l16
[0.730s] DEBUG:colcon.colcon_core.event_handler.log_command:Invoking command in '/home/tyzros/chapt3/build/status_interfaces': CMAKE_PREFIX_PATH=${CMAKE_PREFIX_PATH}:/home/tyzros/chapt3/install/status_publisher:/home/tyzros/chapt3/install/demo_python_topic:/opt/ros/humble /usr/bin/cmake --install /home/tyzros/chapt3/build/status_interfaces
[0.795s] Level 1:colcon.colcon_core.environment:create_environment_scripts_only(status_interfaces)
[0.795s] Level 1:colcon.colcon_core.environment:checking '/home/tyzros/chapt3/install/status_interfaces' for CMake module files
[0.796s] DEBUG:colcon.colcon_core.event_handler.log_command:Invoked command in '/home/tyzros/chapt3/build/status_interfaces' returned '0': CMAKE_PREFIX_PATH=${CMAKE_PREFIX_PATH}:/home/tyzros/chapt3/install/status_publisher:/home/tyzros/chapt3/install/demo_python_topic:/opt/ros/humble /usr/bin/cmake --install /home/tyzros/chapt3/build/status_interfaces
[0.797s] Level 1:colcon.colcon_core.environment:checking '/home/tyzros/chapt3/install/status_interfaces' for CMake config files
[0.798s] Level 1:colcon.colcon_core.shell:create_environment_hook('status_interfaces', 'cmake_prefix_path')
[0.798s] INFO:colcon.colcon_core.shell:Creating environment hook '/home/tyzros/chapt3/install/status_interfaces/share/status_interfaces/hook/cmake_prefix_path.ps1'
[0.799s] INFO:colcon.colcon_core.shell:Creating environment descriptor '/home/tyzros/chapt3/install/status_interfaces/share/status_interfaces/hook/cmake_prefix_path.dsv'
[0.799s] INFO:colcon.colcon_core.shell:Creating environment hook '/home/tyzros/chapt3/install/status_interfaces/share/status_interfaces/hook/cmake_prefix_path.sh'
[0.800s] Level 1:colcon.colcon_core.environment:checking '/home/tyzros/chapt3/install/status_interfaces/lib'
[0.800s] Level 1:colcon.colcon_core.shell:create_environment_hook('status_interfaces', 'ld_library_path_lib')
[0.800s] INFO:colcon.colcon_core.shell:Creating environment hook '/home/tyzros/chapt3/install/status_interfaces/share/status_interfaces/hook/ld_library_path_lib.ps1'
[0.800s] INFO:colcon.colcon_core.shell:Creating environment descriptor '/home/tyzros/chapt3/install/status_interfaces/share/status_interfaces/hook/ld_library_path_lib.dsv'
[0.801s] INFO:colcon.colcon_core.shell:Creating environment hook '/home/tyzros/chapt3/install/status_interfaces/share/status_interfaces/hook/ld_library_path_lib.sh'
[0.801s] Level 1:colcon.colcon_core.environment:checking '/home/tyzros/chapt3/install/status_interfaces/bin'
[0.801s] Level 1:colcon.colcon_core.environment:checking '/home/tyzros/chapt3/install/status_interfaces/lib/pkgconfig/status_interfaces.pc'
[0.801s] Level 1:colcon.colcon_core.environment:checking '/home/tyzros/chapt3/install/status_interfaces/lib/python3.10/site-packages'
[0.801s] Level 1:colcon.colcon_core.environment:checking '/home/tyzros/chapt3/install/status_interfaces/bin'
[0.802s] INFO:colcon.colcon_core.shell:Creating package script '/home/tyzros/chapt3/install/status_interfaces/share/status_interfaces/package.ps1'
[0.802s] INFO:colcon.colcon_core.shell:Creating package descriptor '/home/tyzros/chapt3/install/status_interfaces/share/status_interfaces/package.dsv'
[0.802s] INFO:colcon.colcon_core.shell:Creating package script '/home/tyzros/chapt3/install/status_interfaces/share/status_interfaces/package.sh'
[0.803s] INFO:colcon.colcon_core.shell:Creating package script '/home/tyzros/chapt3/install/status_interfaces/share/status_interfaces/package.bash'
[0.803s] INFO:colcon.colcon_core.shell:Creating package script '/home/tyzros/chapt3/install/status_interfaces/share/status_interfaces/package.zsh'
[0.804s] Level 1:colcon.colcon_core.environment:create_file_with_runtime_dependencies(/home/tyzros/chapt3/install/status_interfaces/share/colcon-core/packages/status_interfaces)
[0.804s] Level 1:colcon.colcon_core.environment:create_environment_scripts_only(status_interfaces)
[0.804s] Level 1:colcon.colcon_core.environment:checking '/home/tyzros/chapt3/install/status_interfaces' for CMake module files
[0.805s] Level 1:colcon.colcon_core.environment:checking '/home/tyzros/chapt3/install/status_interfaces' for CMake config files
[0.805s] Level 1:colcon.colcon_core.shell:create_environment_hook('status_interfaces', 'cmake_prefix_path')
[0.805s] INFO:colcon.colcon_core.shell:Creating environment hook '/home/tyzros/chapt3/install/status_interfaces/share/status_interfaces/hook/cmake_prefix_path.ps1'
[0.806s] INFO:colcon.colcon_core.shell:Creating environment descriptor '/home/tyzros/chapt3/install/status_interfaces/share/status_interfaces/hook/cmake_prefix_path.dsv'
[0.806s] INFO:colcon.colcon_core.shell:Creating environment hook '/home/tyzros/chapt3/install/status_interfaces/share/status_interfaces/hook/cmake_prefix_path.sh'
[0.807s] Level 1:colcon.colcon_core.environment:checking '/home/tyzros/chapt3/install/status_interfaces/lib'
[0.807s] Level 1:colcon.colcon_core.shell:create_environment_hook('status_interfaces', 'ld_library_path_lib')
[0.807s] INFO:colcon.colcon_core.shell:Creating environment hook '/home/tyzros/chapt3/install/status_interfaces/share/status_interfaces/hook/ld_library_path_lib.ps1'
[0.807s] INFO:colcon.colcon_core.shell:Creating environment descriptor '/home/tyzros/chapt3/install/status_interfaces/share/status_interfaces/hook/ld_library_path_lib.dsv'
[0.807s] INFO:colcon.colcon_core.shell:Creating environment hook '/home/tyzros/chapt3/install/status_interfaces/share/status_interfaces/hook/ld_library_path_lib.sh'
[0.808s] Level 1:colcon.colcon_core.environment:checking '/home/tyzros/chapt3/install/status_interfaces/bin'
[0.808s] Level 1:colcon.colcon_core.environment:checking '/home/tyzros/chapt3/install/status_interfaces/lib/pkgconfig/status_interfaces.pc'
[0.809s] Level 1:colcon.colcon_core.environment:checking '/home/tyzros/chapt3/install/status_interfaces/lib/python3.10/site-packages'
[0.809s] Level 1:colcon.colcon_core.environment:checking '/home/tyzros/chapt3/install/status_interfaces/bin'
[0.810s] INFO:colcon.colcon_core.shell:Creating package script '/home/tyzros/chapt3/install/status_interfaces/share/status_interfaces/package.ps1'
[0.810s] INFO:colcon.colcon_core.shell:Creating package descriptor '/home/tyzros/chapt3/install/status_interfaces/share/status_interfaces/package.dsv'
[0.811s] INFO:colcon.colcon_core.shell:Creating package script '/home/tyzros/chapt3/install/status_interfaces/share/status_interfaces/package.sh'
[0.811s] INFO:colcon.colcon_core.shell:Creating package script '/home/tyzros/chapt3/install/status_interfaces/share/status_interfaces/package.bash'
[0.811s] INFO:colcon.colcon_core.shell:Creating package script '/home/tyzros/chapt3/install/status_interfaces/share/status_interfaces/package.zsh'
[0.812s] Level 1:colcon.colcon_core.environment:create_file_with_runtime_dependencies(/home/tyzros/chapt3/install/status_interfaces/share/colcon-core/packages/status_interfaces)
[0.814s] INFO:colcon.colcon_ros.task.ament_cmake.build:Building ROS package in '/home/tyzros/chapt3/topic_practice_ws/src/status_display' with build type 'ament_cmake'
[0.814s] INFO:colcon.colcon_cmake.task.cmake.build:Building CMake package in '/home/tyzros/chapt3/topic_practice_ws/src/status_display'
[0.815s] INFO:colcon.colcon_core.shell:Skip shell extension 'powershell' for command environment: Not usable outside of PowerShell
[0.815s] DEBUG:colcon.colcon_core.shell:Skip shell extension 'dsv' for command environment
[0.820s] INFO:colcon.colcon_ros.task.ament_python.build:Building ROS package in '/home/tyzros/chapt3/topic_practice_ws/src/status_publisher' with build type 'ament_python'
[0.820s] Level 1:colcon.colcon_core.shell:create_environment_hook('status_publisher', 'ament_prefix_path')
[0.820s] INFO:colcon.colcon_core.shell:Creating environment hook '/home/tyzros/chapt3/install/status_publisher/share/status_publisher/hook/ament_prefix_path.ps1'
[0.821s] INFO:colcon.colcon_core.shell:Creating environment descriptor '/home/tyzros/chapt3/install/status_publisher/share/status_publisher/hook/ament_prefix_path.dsv'
[0.822s] INFO:colcon.colcon_core.shell:Creating environment hook '/home/tyzros/chapt3/install/status_publisher/share/status_publisher/hook/ament_prefix_path.sh'
[0.822s] INFO:colcon.colcon_core.shell:Skip shell extension 'powershell' for command environment: Not usable outside of PowerShell
[0.822s] DEBUG:colcon.colcon_core.shell:Skip shell extension 'dsv' for command environment
[0.835s] DEBUG:colcon.colcon_core.event_handler.log_command:Invoking command in '/home/tyzros/chapt3/build/status_display': CMAKE_PREFIX_PATH=/home/tyzros/chapt3/install/status_interfaces:/home/tyzros/chapt3/install/status_display:/home/tyzros/chapt3/install/demo_cpp_topic:/home/tyzros/chapt3/install/status_publisher:/home/tyzros/chapt3/install/demo_python_topic:/opt/ros/humble /usr/bin/cmake --build /home/tyzros/chapt3/build/status_display -- -j16 -l16
[1.059s] INFO:colcon.colcon_core.task.python.build:Building Python package in '/home/tyzros/chapt3/topic_practice_ws/src/status_publisher'
[1.059s] INFO:colcon.colcon_core.shell:Skip shell extension 'powershell' for command environment: Not usable outside of PowerShell
[1.060s] DEBUG:colcon.colcon_core.shell:Skip shell extension 'dsv' for command environment
[1.068s] DEBUG:colcon.colcon_core.event_handler.log_command:Invoking command in '/home/tyzros/chapt3/topic_ws/src/demo_python_topic': PYTHONPATH=/home/tyzros/chapt3/build/demo_python_topic/prefix_override:/usr/lib/python3/dist-packages/colcon_core/task/python/colcon_distutils_commands:/home/tyzros/chapt3/install/demo_python_topic/lib/python3.10/site-packages:${PYTHONPATH} /usr/bin/python3 -W ignore:setup.py install is deprecated -W ignore:easy_install command is deprecated setup.py egg_info --egg-base ../../../build/demo_python_topic build --build-base /home/tyzros/chapt3/build/demo_python_topic/build install --record /home/tyzros/chapt3/build/demo_python_topic/install.log --single-version-externally-managed install_data
[1.069s] DEBUG:colcon.colcon_core.event_handler.log_command:Invoked command in '/home/tyzros/chapt3/build/status_display' returned '0': CMAKE_PREFIX_PATH=/home/tyzros/chapt3/install/status_interfaces:/home/tyzros/chapt3/install/status_display:/home/tyzros/chapt3/install/demo_cpp_topic:/home/tyzros/chapt3/install/status_publisher:/home/tyzros/chapt3/install/demo_python_topic:/opt/ros/humble /usr/bin/cmake --build /home/tyzros/chapt3/build/status_display -- -j16 -l16
[1.070s] DEBUG:colcon.colcon_core.event_handler.log_command:Invoking command in '/home/tyzros/chapt3/build/status_display': CMAKE_PREFIX_PATH=/home/tyzros/chapt3/install/status_interfaces:/home/tyzros/chapt3/install/status_display:/home/tyzros/chapt3/install/demo_cpp_topic:/home/tyzros/chapt3/install/status_publisher:/home/tyzros/chapt3/install/demo_python_topic:/opt/ros/humble /usr/bin/cmake --install /home/tyzros/chapt3/build/status_display
[1.081s] Level 1:colcon.colcon_core.environment:create_environment_scripts_only(status_display)
[1.082s] Level 1:colcon.colcon_core.environment:checking '/home/tyzros/chapt3/install/status_display' for CMake module files
[1.082s] DEBUG:colcon.colcon_core.event_handler.log_command:Invoked command in '/home/tyzros/chapt3/build/status_display' returned '0': CMAKE_PREFIX_PATH=/home/tyzros/chapt3/install/status_interfaces:/home/tyzros/chapt3/install/status_display:/home/tyzros/chapt3/install/demo_cpp_topic:/home/tyzros/chapt3/install/status_publisher:/home/tyzros/chapt3/install/demo_python_topic:/opt/ros/humble /usr/bin/cmake --install /home/tyzros/chapt3/build/status_display
[1.083s] Level 1:colcon.colcon_core.environment:checking '/home/tyzros/chapt3/install/status_display' for CMake config files
[1.083s] Level 1:colcon.colcon_core.shell:create_environment_hook('status_display', 'cmake_prefix_path')
[1.083s] INFO:colcon.colcon_core.shell:Creating environment hook '/home/tyzros/chapt3/install/status_display/share/status_display/hook/cmake_prefix_path.ps1'
[1.083s] INFO:colcon.colcon_core.shell:Creating environment descriptor '/home/tyzros/chapt3/install/status_display/share/status_display/hook/cmake_prefix_path.dsv'
[1.084s] INFO:colcon.colcon_core.shell:Creating environment hook '/home/tyzros/chapt3/install/status_display/share/status_display/hook/cmake_prefix_path.sh'
[1.084s] Level 1:colcon.colcon_core.environment:checking '/home/tyzros/chapt3/install/status_display/lib'
[1.084s] Level 1:colcon.colcon_core.environment:checking '/home/tyzros/chapt3/install/status_display/bin'
[1.084s] Level 1:colcon.colcon_core.environment:checking '/home/tyzros/chapt3/install/status_display/lib/pkgconfig/status_display.pc'
[1.085s] Level 1:colcon.colcon_core.environment:checking '/home/tyzros/chapt3/install/status_display/lib/python3.10/site-packages'
[1.088s] Level 1:colcon.colcon_core.environment:checking '/home/tyzros/chapt3/install/status_display/bin'
[1.088s] INFO:colcon.colcon_core.shell:Creating package script '/home/tyzros/chapt3/install/status_display/share/status_display/package.ps1'
[1.088s] INFO:colcon.colcon_core.shell:Creating package descriptor '/home/tyzros/chapt3/install/status_display/share/status_display/package.dsv'
[1.091s] INFO:colcon.colcon_core.shell:Creating package script '/home/tyzros/chapt3/install/status_display/share/status_display/package.sh'
[1.091s] INFO:colcon.colcon_core.shell:Creating package script '/home/tyzros/chapt3/install/status_display/share/status_display/package.bash'
[1.092s] INFO:colcon.colcon_core.shell:Creating package script '/home/tyzros/chapt3/install/status_display/share/status_display/package.zsh'
[1.092s] Level 1:colcon.colcon_core.environment:create_file_with_runtime_dependencies(/home/tyzros/chapt3/install/status_display/share/colcon-core/packages/status_display)
[1.093s] Level 1:colcon.colcon_core.environment:create_environment_scripts_only(status_display)
[1.093s] Level 1:colcon.colcon_core.environment:checking '/home/tyzros/chapt3/install/status_display' for CMake module files
[1.093s] Level 1:colcon.colcon_core.environment:checking '/home/tyzros/chapt3/install/status_display' for CMake config files
[1.094s] Level 1:colcon.colcon_core.shell:create_environment_hook('status_display', 'cmake_prefix_path')
[1.094s] INFO:colcon.colcon_core.shell:Creating environment hook '/home/tyzros/chapt3/install/status_display/share/status_display/hook/cmake_prefix_path.ps1'
[1.094s] INFO:colcon.colcon_core.shell:Creating environment descriptor '/home/tyzros/chapt3/install/status_display/share/status_display/hook/cmake_prefix_path.dsv'
[1.094s] INFO:colcon.colcon_core.shell:Creating environment hook '/home/tyzros/chapt3/install/status_display/share/status_display/hook/cmake_prefix_path.sh'
[1.095s] Level 1:colcon.colcon_core.environment:checking '/home/tyzros/chapt3/install/status_display/lib'
[1.095s] Level 1:colcon.colcon_core.environment:checking '/home/tyzros/chapt3/install/status_display/bin'
[1.095s] Level 1:colcon.colcon_core.environment:checking '/home/tyzros/chapt3/install/status_display/lib/pkgconfig/status_display.pc'
[1.095s] Level 1:colcon.colcon_core.environment:checking '/home/tyzros/chapt3/install/status_display/lib/python3.10/site-packages'
[1.095s] Level 1:colcon.colcon_core.environment:checking '/home/tyzros/chapt3/install/status_display/bin'
[1.095s] INFO:colcon.colcon_core.shell:Creating package script '/home/tyzros/chapt3/install/status_display/share/status_display/package.ps1'
[1.096s] INFO:colcon.colcon_core.shell:Creating package descriptor '/home/tyzros/chapt3/install/status_display/share/status_display/package.dsv'
[1.096s] INFO:colcon.colcon_core.shell:Creating package script '/home/tyzros/chapt3/install/status_display/share/status_display/package.sh'
[1.097s] INFO:colcon.colcon_core.shell:Creating package script '/home/tyzros/chapt3/install/status_display/share/status_display/package.bash'
[1.098s] INFO:colcon.colcon_core.shell:Creating package script '/home/tyzros/chapt3/install/status_display/share/status_display/package.zsh'
[1.099s] Level 1:colcon.colcon_core.environment:create_file_with_runtime_dependencies(/home/tyzros/chapt3/install/status_display/share/colcon-core/packages/status_display)
[1.318s] Level 1:colcon.colcon_core.environment:checking '/home/tyzros/chapt3/install/demo_python_topic' for CMake module files
[1.318s] DEBUG:colcon.colcon_core.event_handler.log_command:Invoked command in '/home/tyzros/chapt3/topic_ws/src/demo_python_topic' returned '0': PYTHONPATH=/home/tyzros/chapt3/build/demo_python_topic/prefix_override:/usr/lib/python3/dist-packages/colcon_core/task/python/colcon_distutils_commands:/home/tyzros/chapt3/install/demo_python_topic/lib/python3.10/site-packages:${PYTHONPATH} /usr/bin/python3 -W ignore:setup.py install is deprecated -W ignore:easy_install command is deprecated setup.py egg_info --egg-base ../../../build/demo_python_topic build --build-base /home/tyzros/chapt3/build/demo_python_topic/build install --record /home/tyzros/chapt3/build/demo_python_topic/install.log --single-version-externally-managed install_data
[1.319s] Level 1:colcon.colcon_core.environment:checking '/home/tyzros/chapt3/install/demo_python_topic' for CMake config files
[1.319s] Level 1:colcon.colcon_core.environment:checking '/home/tyzros/chapt3/install/demo_python_topic/lib'
[1.319s] Level 1:colcon.colcon_core.environment:checking '/home/tyzros/chapt3/install/demo_python_topic/bin'
[1.319s] Level 1:colcon.colcon_core.environment:checking '/home/tyzros/chapt3/install/demo_python_topic/lib/pkgconfig/demo_python_topic.pc'
[1.319s] Level 1:colcon.colcon_core.environment:checking '/home/tyzros/chapt3/install/demo_python_topic/lib/python3.10/site-packages'
[1.320s] Level 1:colcon.colcon_core.shell:create_environment_hook('demo_python_topic', 'pythonpath')
[1.320s] INFO:colcon.colcon_core.shell:Creating environment hook '/home/tyzros/chapt3/install/demo_python_topic/share/demo_python_topic/hook/pythonpath.ps1'
[1.320s] INFO:colcon.colcon_core.shell:Creating environment descriptor '/home/tyzros/chapt3/install/demo_python_topic/share/demo_python_topic/hook/pythonpath.dsv'
[1.320s] INFO:colcon.colcon_core.shell:Creating environment hook '/home/tyzros/chapt3/install/demo_python_topic/share/demo_python_topic/hook/pythonpath.sh'
[1.321s] Level 1:colcon.colcon_core.environment:checking '/home/tyzros/chapt3/install/demo_python_topic/bin'
[1.321s] Level 1:colcon.colcon_core.environment:create_environment_scripts_only(demo_python_topic)
[1.321s] INFO:colcon.colcon_core.shell:Creating package script '/home/tyzros/chapt3/install/demo_python_topic/share/demo_python_topic/package.ps1'
[1.322s] INFO:colcon.colcon_core.shell:Creating package descriptor '/home/tyzros/chapt3/install/demo_python_topic/share/demo_python_topic/package.dsv'
[1.322s] INFO:colcon.colcon_core.shell:Creating package script '/home/tyzros/chapt3/install/demo_python_topic/share/demo_python_topic/package.sh'
[1.322s] INFO:colcon.colcon_core.shell:Creating package script '/home/tyzros/chapt3/install/demo_python_topic/share/demo_python_topic/package.bash'
[1.323s] INFO:colcon.colcon_core.shell:Creating package script '/home/tyzros/chapt3/install/demo_python_topic/share/demo_python_topic/package.zsh'
[1.323s] Level 1:colcon.colcon_core.environment:create_file_with_runtime_dependencies(/home/tyzros/chapt3/install/demo_python_topic/share/colcon-core/packages/demo_python_topic)
[1.378s] DEBUG:colcon.colcon_core.event_handler.log_command:Invoking command in '/home/tyzros/chapt3/topic_practice_ws/src/status_publisher': CMAKE_PREFIX_PATH=/home/tyzros/chapt3/install/status_interfaces:/home/tyzros/chapt3/install/status_display:/home/tyzros/chapt3/install/demo_cpp_topic PYTHONPATH=/home/tyzros/chapt3/build/status_publisher/prefix_override:/usr/lib/python3/dist-packages/colcon_core/task/python/colcon_distutils_commands:/home/tyzros/chapt3/install/status_publisher/lib/python3.10/site-packages:${PYTHONPATH} /usr/bin/python3 -W ignore:setup.py install is deprecated -W ignore:easy_install command is deprecated setup.py egg_info --egg-base ../../../build/status_publisher build --build-base /home/tyzros/chapt3/build/status_publisher/build install --record /home/tyzros/chapt3/build/status_publisher/install.log --single-version-externally-managed install_data
[1.613s] Level 1:colcon.colcon_core.environment:checking '/home/tyzros/chapt3/install/status_publisher' for CMake module files
[1.613s] DEBUG:colcon.colcon_core.event_handler.log_command:Invoked command in '/home/tyzros/chapt3/topic_practice_ws/src/status_publisher' returned '0': CMAKE_PREFIX_PATH=/home/tyzros/chapt3/install/status_interfaces:/home/tyzros/chapt3/install/status_display:/home/tyzros/chapt3/install/demo_cpp_topic PYTHONPATH=/home/tyzros/chapt3/build/status_publisher/prefix_override:/usr/lib/python3/dist-packages/colcon_core/task/python/colcon_distutils_commands:/home/tyzros/chapt3/install/status_publisher/lib/python3.10/site-packages:${PYTHONPATH} /usr/bin/python3 -W ignore:setup.py install is deprecated -W ignore:easy_install command is deprecated setup.py egg_info --egg-base ../../../build/status_publisher build --build-base /home/tyzros/chapt3/build/status_publisher/build install --record /home/tyzros/chapt3/build/status_publisher/install.log --single-version-externally-managed install_data
[1.614s] Level 1:colcon.colcon_core.environment:checking '/home/tyzros/chapt3/install/status_publisher' for CMake config files
[1.614s] Level 1:colcon.colcon_core.environment:checking '/home/tyzros/chapt3/install/status_publisher/lib'
[1.614s] Level 1:colcon.colcon_core.environment:checking '/home/tyzros/chapt3/install/status_publisher/bin'
[1.614s] Level 1:colcon.colcon_core.environment:checking '/home/tyzros/chapt3/install/status_publisher/lib/pkgconfig/status_publisher.pc'
[1.614s] Level 1:colcon.colcon_core.environment:checking '/home/tyzros/chapt3/install/status_publisher/lib/python3.10/site-packages'
[1.614s] Level 1:colcon.colcon_core.shell:create_environment_hook('status_publisher', 'pythonpath')
[1.615s] INFO:colcon.colcon_core.shell:Creating environment hook '/home/tyzros/chapt3/install/status_publisher/share/status_publisher/hook/pythonpath.ps1'
[1.615s] INFO:colcon.colcon_core.shell:Creating environment descriptor '/home/tyzros/chapt3/install/status_publisher/share/status_publisher/hook/pythonpath.dsv'
[1.615s] INFO:colcon.colcon_core.shell:Creating environment hook '/home/tyzros/chapt3/install/status_publisher/share/status_publisher/hook/pythonpath.sh'
[1.616s] Level 1:colcon.colcon_core.environment:checking '/home/tyzros/chapt3/install/status_publisher/bin'
[1.616s] Level 1:colcon.colcon_core.environment:create_environment_scripts_only(status_publisher)
[1.616s] INFO:colcon.colcon_core.shell:Creating package script '/home/tyzros/chapt3/install/status_publisher/share/status_publisher/package.ps1'
[1.616s] INFO:colcon.colcon_core.shell:Creating package descriptor '/home/tyzros/chapt3/install/status_publisher/share/status_publisher/package.dsv'
[1.617s] INFO:colcon.colcon_core.shell:Creating package script '/home/tyzros/chapt3/install/status_publisher/share/status_publisher/package.sh'
[1.617s] INFO:colcon.colcon_core.shell:Creating package script '/home/tyzros/chapt3/install/status_publisher/share/status_publisher/package.bash'
[1.618s] INFO:colcon.colcon_core.shell:Creating package script '/home/tyzros/chapt3/install/status_publisher/share/status_publisher/package.zsh'
[1.618s] Level 1:colcon.colcon_core.environment:create_file_with_runtime_dependencies(/home/tyzros/chapt3/install/status_publisher/share/colcon-core/packages/status_publisher)
[1.618s] DEBUG:colcon.colcon_parallel_executor.executor.parallel:closing loop
[1.619s] DEBUG:colcon.colcon_parallel_executor.executor.parallel:loop closed
[1.619s] DEBUG:colcon.colcon_parallel_executor.executor.parallel:run_until_complete finished with '0'
[1.619s] DEBUG:colcon.colcon_core.event_reactor:joining thread
[1.624s] INFO:colcon.colcon_core.plugin_system:Skipping extension 'colcon_notification.desktop_notification.terminal_notifier': Not used on non-Darwin systems
[1.624s] INFO:colcon.colcon_core.plugin_system:Skipping extension 'colcon_notification.desktop_notification.win32': Not used on non-Windows systems
[1.624s] INFO:colcon.colcon_notification.desktop_notification:Sending desktop notification using 'notify2'
[1.638s] DEBUG:colcon.colcon_core.event_reactor:joined thread
[1.639s] INFO:colcon.colcon_core.shell:Creating prefix script '/home/tyzros/chapt3/install/local_setup.ps1'
[1.640s] INFO:colcon.colcon_core.shell:Creating prefix util module '/home/tyzros/chapt3/install/_local_setup_util_ps1.py'
[1.641s] INFO:colcon.colcon_core.shell:Creating prefix chain script '/home/tyzros/chapt3/install/setup.ps1'
[1.642s] INFO:colcon.colcon_core.shell:Creating prefix script '/home/tyzros/chapt3/install/local_setup.sh'
[1.643s] INFO:colcon.colcon_core.shell:Creating prefix util module '/home/tyzros/chapt3/install/_local_setup_util_sh.py'
[1.643s] INFO:colcon.colcon_core.shell:Creating prefix chain script '/home/tyzros/chapt3/install/setup.sh'
[1.644s] INFO:colcon.colcon_core.shell:Creating prefix script '/home/tyzros/chapt3/install/local_setup.bash'
[1.645s] INFO:colcon.colcon_core.shell:Creating prefix chain script '/home/tyzros/chapt3/install/setup.bash'
[1.646s] INFO:colcon.colcon_core.shell:Creating prefix script '/home/tyzros/chapt3/install/local_setup.zsh'
[1.646s] INFO:colcon.colcon_core.shell:Creating prefix chain script '/home/tyzros/chapt3/install/setup.zsh'
