[0.746s] Invoking command in '/home/tyzros/chapt3/topic_ws/src/demo_python_topic': PYTHONPATH=/home/tyzros/chapt3/build/demo_python_topic/prefix_override:/usr/lib/python3/dist-packages/colcon_core/task/python/colcon_distutils_commands:/home/tyzros/chapt3/install/demo_python_topic/lib/python3.10/site-packages:${PYTHONPATH} /usr/bin/python3 -W ignore:setup.py install is deprecated -W ignore:easy_install command is deprecated setup.py egg_info --egg-base ../../../build/demo_python_topic build --build-base /home/tyzros/chapt3/build/demo_python_topic/build install --record /home/tyzros/chapt3/build/demo_python_topic/install.log --single-version-externally-managed install_data
[0.957s] running egg_info
[0.958s] writing ../../../build/demo_python_topic/demo_python_topic.egg-info/PKG-INFO
[0.958s] writing dependency_links to ../../../build/demo_python_topic/demo_python_topic.egg-info/dependency_links.txt
[0.958s] writing entry points to ../../../build/demo_python_topic/demo_python_topic.egg-info/entry_points.txt
[0.958s] writing requirements to ../../../build/demo_python_topic/demo_python_topic.egg-info/requires.txt
[0.959s] writing top-level names to ../../../build/demo_python_topic/demo_python_topic.egg-info/top_level.txt
[0.960s] reading manifest file '../../../build/demo_python_topic/demo_python_topic.egg-info/SOURCES.txt'
[0.960s] adding license file 'LICENSE'
[0.961s] writing manifest file '../../../build/demo_python_topic/demo_python_topic.egg-info/SOURCES.txt'
[0.961s] running build
[0.961s] running build_py
[0.961s] running install
[0.961s] running install_lib
[0.962s] running install_data
[0.963s] running install_egg_info
[0.965s] removing '/home/tyzros/chapt3/install/demo_python_topic/lib/python3.10/site-packages/demo_python_topic-0.0.0-py3.10.egg-info' (and everything under it)
[0.965s] Copying ../../../build/demo_python_topic/demo_python_topic.egg-info to /home/tyzros/chapt3/install/demo_python_topic/lib/python3.10/site-packages/demo_python_topic-0.0.0-py3.10.egg-info
[0.966s] running install_scripts
[0.980s] Installing novel_pub_node script to /home/tyzros/chapt3/install/demo_python_topic/lib/demo_python_topic
[0.983s] Installing novel_sub_node script to /home/tyzros/chapt3/install/demo_python_topic/lib/demo_python_topic
[0.983s] writing list of installed files to '/home/tyzros/chapt3/build/demo_python_topic/install.log'
[0.996s] Invoked command in '/home/tyzros/chapt3/topic_ws/src/demo_python_topic' returned '0': PYTHONPATH=/home/tyzros/chapt3/build/demo_python_topic/prefix_override:/usr/lib/python3/dist-packages/colcon_core/task/python/colcon_distutils_commands:/home/tyzros/chapt3/install/demo_python_topic/lib/python3.10/site-packages:${PYTHONPATH} /usr/bin/python3 -W ignore:setup.py install is deprecated -W ignore:easy_install command is deprecated setup.py egg_info --egg-base ../../../build/demo_python_topic build --build-base /home/tyzros/chapt3/build/demo_python_topic/build install --record /home/tyzros/chapt3/build/demo_python_topic/install.log --single-version-externally-managed install_data
