[0.519s] Invoking command in '/home/tyzros/chapt3/topic_ws/src/demo_python_topic': PYTHONPATH=/home/tyzros/chapt3/topic_ws/src/demo_python_topic/build/demo_python_topic/prefix_override:/usr/lib/python3/dist-packages/colcon_core/task/python/colcon_distutils_commands:/home/tyzros/chapt3/topic_ws/src/demo_python_topic/install/demo_python_topic/lib/python3.10/site-packages:${PYTHONPATH} /usr/bin/python3 -W ignore:setup.py install is deprecated -W ignore:easy_install command is deprecated setup.py egg_info --egg-base build/demo_python_topic build --build-base /home/tyzros/chapt3/topic_ws/src/demo_python_topic/build/demo_python_topic/build install --record /home/tyzros/chapt3/topic_ws/src/demo_python_topic/build/demo_python_topic/install.log --single-version-externally-managed install_data
[0.725s] running egg_info
[0.726s] creating build/demo_python_topic/demo_python_topic.egg-info
[0.727s] writing build/demo_python_topic/demo_python_topic.egg-info/PKG-INFO
[0.728s] writing dependency_links to build/demo_python_topic/demo_python_topic.egg-info/dependency_links.txt
[0.728s] writing entry points to build/demo_python_topic/demo_python_topic.egg-info/entry_points.txt
[0.729s] writing requirements to build/demo_python_topic/demo_python_topic.egg-info/requires.txt
[0.729s] writing top-level names to build/demo_python_topic/demo_python_topic.egg-info/top_level.txt
[0.729s] writing manifest file 'build/demo_python_topic/demo_python_topic.egg-info/SOURCES.txt'
[0.732s] reading manifest file 'build/demo_python_topic/demo_python_topic.egg-info/SOURCES.txt'
[0.732s] adding license file 'LICENSE'
[0.733s] writing manifest file 'build/demo_python_topic/demo_python_topic.egg-info/SOURCES.txt'
[0.734s] running build
[0.734s] running build_py
[0.734s] creating /home/tyzros/chapt3/topic_ws/src/demo_python_topic/build/demo_python_topic/build
[0.734s] creating /home/tyzros/chapt3/topic_ws/src/demo_python_topic/build/demo_python_topic/build/lib
[0.734s] creating /home/tyzros/chapt3/topic_ws/src/demo_python_topic/build/demo_python_topic/build/lib/demo_python_topic
[0.735s] copying demo_python_topic/__init__.py -> /home/tyzros/chapt3/topic_ws/src/demo_python_topic/build/demo_python_topic/build/lib/demo_python_topic
[0.735s] copying demo_python_topic/novel_sub_node.py -> /home/tyzros/chapt3/topic_ws/src/demo_python_topic/build/demo_python_topic/build/lib/demo_python_topic
[0.735s] copying demo_python_topic/novel_pub_node.py -> /home/tyzros/chapt3/topic_ws/src/demo_python_topic/build/demo_python_topic/build/lib/demo_python_topic
[0.735s] running install
[0.735s] running install_lib
[0.736s] creating /home/tyzros/chapt3/topic_ws/src/demo_python_topic/install/demo_python_topic/lib/python3.10/site-packages/demo_python_topic
[0.736s] copying /home/tyzros/chapt3/topic_ws/src/demo_python_topic/build/demo_python_topic/build/lib/demo_python_topic/__init__.py -> /home/tyzros/chapt3/topic_ws/src/demo_python_topic/install/demo_python_topic/lib/python3.10/site-packages/demo_python_topic
[0.736s] copying /home/tyzros/chapt3/topic_ws/src/demo_python_topic/build/demo_python_topic/build/lib/demo_python_topic/novel_sub_node.py -> /home/tyzros/chapt3/topic_ws/src/demo_python_topic/install/demo_python_topic/lib/python3.10/site-packages/demo_python_topic
[0.736s] copying /home/tyzros/chapt3/topic_ws/src/demo_python_topic/build/demo_python_topic/build/lib/demo_python_topic/novel_pub_node.py -> /home/tyzros/chapt3/topic_ws/src/demo_python_topic/install/demo_python_topic/lib/python3.10/site-packages/demo_python_topic
[0.738s] byte-compiling /home/tyzros/chapt3/topic_ws/src/demo_python_topic/install/demo_python_topic/lib/python3.10/site-packages/demo_python_topic/__init__.py to __init__.cpython-310.pyc
[0.738s] byte-compiling /home/tyzros/chapt3/topic_ws/src/demo_python_topic/install/demo_python_topic/lib/python3.10/site-packages/demo_python_topic/novel_sub_node.py to novel_sub_node.cpython-310.pyc
[0.739s] byte-compiling /home/tyzros/chapt3/topic_ws/src/demo_python_topic/install/demo_python_topic/lib/python3.10/site-packages/demo_python_topic/novel_pub_node.py to novel_pub_node.cpython-310.pyc
[0.739s] running install_data
[0.739s] creating /home/tyzros/chapt3/topic_ws/src/demo_python_topic/install/demo_python_topic/share/ament_index
[0.739s] creating /home/tyzros/chapt3/topic_ws/src/demo_python_topic/install/demo_python_topic/share/ament_index/resource_index
[0.739s] creating /home/tyzros/chapt3/topic_ws/src/demo_python_topic/install/demo_python_topic/share/ament_index/resource_index/packages
[0.740s] copying resource/demo_python_topic -> /home/tyzros/chapt3/topic_ws/src/demo_python_topic/install/demo_python_topic/share/ament_index/resource_index/packages
[0.740s] copying package.xml -> /home/tyzros/chapt3/topic_ws/src/demo_python_topic/install/demo_python_topic/share/demo_python_topic
[0.740s] running install_egg_info
[0.741s] Copying build/demo_python_topic/demo_python_topic.egg-info to /home/tyzros/chapt3/topic_ws/src/demo_python_topic/install/demo_python_topic/lib/python3.10/site-packages/demo_python_topic-0.0.0-py3.10.egg-info
[0.742s] running install_scripts
[0.760s] Installing novel_pub_node script to /home/tyzros/chapt3/topic_ws/src/demo_python_topic/install/demo_python_topic/lib/demo_python_topic
[0.760s] Installing novel_sub_node script to /home/tyzros/chapt3/topic_ws/src/demo_python_topic/install/demo_python_topic/lib/demo_python_topic
[0.760s] writing list of installed files to '/home/tyzros/chapt3/topic_ws/src/demo_python_topic/build/demo_python_topic/install.log'
[0.780s] Invoked command in '/home/tyzros/chapt3/topic_ws/src/demo_python_topic' returned '0': PYTHONPATH=/home/tyzros/chapt3/topic_ws/src/demo_python_topic/build/demo_python_topic/prefix_override:/usr/lib/python3/dist-packages/colcon_core/task/python/colcon_distutils_commands:/home/tyzros/chapt3/topic_ws/src/demo_python_topic/install/demo_python_topic/lib/python3.10/site-packages:${PYTHONPATH} /usr/bin/python3 -W ignore:setup.py install is deprecated -W ignore:easy_install command is deprecated setup.py egg_info --egg-base build/demo_python_topic build --build-base /home/tyzros/chapt3/topic_ws/src/demo_python_topic/build/demo_python_topic/build install --record /home/tyzros/chapt3/topic_ws/src/demo_python_topic/build/demo_python_topic/install.log --single-version-externally-managed install_data
