[0.016s] Invoking command in '/home/tyzros/chapt3/topic_practice_ws/src/build/status_display': CMAKE_PREFIX_PATH=/home/tyzros/chapt3/topic_practice_ws/src/install/status_interfaces:/home/tyzros/chapt3/topic_practice_ws/src/install/status_display:/home/tyzros/chapt3/topic_practice_ws/src/install/status_publisher:/opt/ros/humble /usr/bin/cmake --build /home/tyzros/chapt3/topic_practice_ws/src/build/status_display -- -j16 -l16
[0.085s] [ 50%] Built target hello_qt
[0.103s] [100%] Built target sys_status_display
[0.232s] Invoked command in '/home/tyzros/chapt3/topic_practice_ws/src/build/status_display' returned '0': CMAKE_PREFIX_PATH=/home/tyzros/chapt3/topic_practice_ws/src/install/status_interfaces:/home/tyzros/chapt3/topic_practice_ws/src/install/status_display:/home/tyzros/chapt3/topic_practice_ws/src/install/status_publisher:/opt/ros/humble /usr/bin/cmake --build /home/tyzros/chapt3/topic_practice_ws/src/build/status_display -- -j16 -l16
[0.235s] Invoking command in '/home/tyzros/chapt3/topic_practice_ws/src/build/status_display': CMAKE_PREFIX_PATH=/home/tyzros/chapt3/topic_practice_ws/src/install/status_interfaces:/home/tyzros/chapt3/topic_practice_ws/src/install/status_display:/home/tyzros/chapt3/topic_practice_ws/src/install/status_publisher:/opt/ros/humble /usr/bin/cmake --install /home/tyzros/chapt3/topic_practice_ws/src/build/status_display
[0.241s] -- Install configuration: ""
[0.243s] -- Up-to-date: /home/tyzros/chapt3/topic_practice_ws/src/install/status_display/lib/status_display/hello_qt
[0.244s] -- Up-to-date: /home/tyzros/chapt3/topic_practice_ws/src/install/status_display/lib/status_display/sys_status_display
[0.244s] -- Up-to-date: /home/tyzros/chapt3/topic_practice_ws/src/install/status_display/share/ament_index/resource_index/package_run_dependencies/status_display
[0.245s] -- Up-to-date: /home/tyzros/chapt3/topic_practice_ws/src/install/status_display/share/ament_index/resource_index/parent_prefix_path/status_display
[0.245s] -- Up-to-date: /home/tyzros/chapt3/topic_practice_ws/src/install/status_display/share/status_display/environment/ament_prefix_path.sh
[0.245s] -- Up-to-date: /home/tyzros/chapt3/topic_practice_ws/src/install/status_display/share/status_display/environment/ament_prefix_path.dsv
[0.245s] -- Up-to-date: /home/tyzros/chapt3/topic_practice_ws/src/install/status_display/share/status_display/environment/path.sh
[0.245s] -- Up-to-date: /home/tyzros/chapt3/topic_practice_ws/src/install/status_display/share/status_display/environment/path.dsv
[0.245s] -- Up-to-date: /home/tyzros/chapt3/topic_practice_ws/src/install/status_display/share/status_display/local_setup.bash
[0.245s] -- Up-to-date: /home/tyzros/chapt3/topic_practice_ws/src/install/status_display/share/status_display/local_setup.sh
[0.245s] -- Up-to-date: /home/tyzros/chapt3/topic_practice_ws/src/install/status_display/share/status_display/local_setup.zsh
[0.245s] -- Up-to-date: /home/tyzros/chapt3/topic_practice_ws/src/install/status_display/share/status_display/local_setup.dsv
[0.245s] -- Installing: /home/tyzros/chapt3/topic_practice_ws/src/install/status_display/share/status_display/package.dsv
[0.246s] -- Up-to-date: /home/tyzros/chapt3/topic_practice_ws/src/install/status_display/share/ament_index/resource_index/packages/status_display
[0.246s] -- Up-to-date: /home/tyzros/chapt3/topic_practice_ws/src/install/status_display/share/status_display/cmake/status_displayConfig.cmake
[0.246s] -- Up-to-date: /home/tyzros/chapt3/topic_practice_ws/src/install/status_display/share/status_display/cmake/status_displayConfig-version.cmake
[0.246s] -- Up-to-date: /home/tyzros/chapt3/topic_practice_ws/src/install/status_display/share/status_display/package.xml
[0.248s] Invoked command in '/home/tyzros/chapt3/topic_practice_ws/src/build/status_display' returned '0': CMAKE_PREFIX_PATH=/home/tyzros/chapt3/topic_practice_ws/src/install/status_interfaces:/home/tyzros/chapt3/topic_practice_ws/src/install/status_display:/home/tyzros/chapt3/topic_practice_ws/src/install/status_publisher:/opt/ros/humble /usr/bin/cmake --install /home/tyzros/chapt3/topic_practice_ws/src/build/status_display
