[0.096s] DEBUG:colcon:Command line arguments: ['/usr/bin/colcon', 'build']
[0.096s] DEBUG:colcon:Parsed command line arguments: Namespace(log_base=None, log_level=None, verb_name='build', build_base='build', install_base='install', merge_install=False, symlink_install=False, test_result_base=None, continue_on_error=False, executor='parallel', parallel_workers=16, event_handlers=None, ignore_user_meta=False, metas=['./colcon.meta'], base_paths=['.'], packages_ignore=None, packages_ignore_regex=None, paths=None, packages_up_to=None, packages_up_to_regex=None, packages_above=None, packages_above_and_dependencies=None, packages_above_depth=None, packages_select_by_dep=None, packages_skip_by_dep=None, packages_skip_up_to=None, packages_select_build_failed=False, packages_skip_build_finished=False, packages_select_test_failures=False, packages_skip_test_passed=False, packages_select=None, packages_skip=None, packages_select_regex=None, packages_skip_regex=None, packages_start=None, packages_end=None, allow_overriding=[], cmake_args=None, cmake_target=None, cmake_target_skip_unavailable=False, cmake_clean_cache=False, cmake_clean_first=False, cmake_force_configure=False, ament_cmake_args=None, catkin_cmake_args=None, catkin_skip_building_tests=False, mixin_files=None, mixin=None, verb_parser=<colcon_mixin.mixin.mixin_argument.MixinArgumentDecorator object at 0x782677c66fb0>, verb_extension=<colcon_core.verb.build.BuildVerb object at 0x782677db0880>, main=<bound method BuildVerb.main of <colcon_core.verb.build.BuildVerb object at 0x782677db0880>>, mixin_verb=('build',))
[0.229s] Level 1:colcon.colcon_core.package_discovery:discover_packages(colcon_meta) check parameters
[0.229s] Level 1:colcon.colcon_core.package_discovery:discover_packages(recursive) check parameters
[0.229s] Level 1:colcon.colcon_core.package_discovery:discover_packages(ignore) check parameters
[0.229s] Level 1:colcon.colcon_core.package_discovery:discover_packages(path) check parameters
[0.229s] Level 1:colcon.colcon_core.package_discovery:discover_packages(colcon_meta) discover
[0.229s] Level 1:colcon.colcon_core.package_discovery:discover_packages(recursive) discover
[0.230s] INFO:colcon.colcon_core.package_discovery:Crawling recursively for packages in '/home/tyzros/chapt3/topic_practice_ws/src/status_publisher'
[0.230s] Level 1:colcon.colcon_core.package_identification:_identify(.) by extensions ['ignore', 'ignore_ament_install']
[0.230s] Level 1:colcon.colcon_core.package_identification:_identify(.) by extension 'ignore'
[0.230s] Level 1:colcon.colcon_core.package_identification:_identify(.) by extension 'ignore_ament_install'
[0.230s] Level 1:colcon.colcon_core.package_identification:_identify(.) by extensions ['colcon_pkg']
[0.230s] Level 1:colcon.colcon_core.package_identification:_identify(.) by extension 'colcon_pkg'
[0.230s] Level 1:colcon.colcon_core.package_identification:_identify(.) by extensions ['colcon_meta']
[0.230s] Level 1:colcon.colcon_core.package_identification:_identify(.) by extension 'colcon_meta'
[0.230s] Level 1:colcon.colcon_core.package_identification:_identify(.) by extensions ['ros']
[0.230s] Level 1:colcon.colcon_core.package_identification:_identify(.) by extension 'ros'
[0.239s] DEBUG:colcon.colcon_core.package_identification:Package '.' with type 'ros.ament_python' and name 'status_publisher'
[0.239s] Level 1:colcon.colcon_core.package_discovery:discover_packages(recursive) using defaults
[0.239s] Level 1:colcon.colcon_core.package_discovery:discover_packages(ignore) discover
[0.239s] Level 1:colcon.colcon_core.package_discovery:discover_packages(ignore) using defaults
[0.240s] Level 1:colcon.colcon_core.package_discovery:discover_packages(path) discover
[0.240s] Level 1:colcon.colcon_core.package_discovery:discover_packages(path) using defaults
[0.263s] Level 1:colcon.colcon_core.package_discovery:discover_packages(prefix_path) check parameters
[0.263s] Level 1:colcon.colcon_core.package_discovery:discover_packages(prefix_path) discover
[0.264s] DEBUG:colcon.colcon_installed_package_information.package_discovery:Found 3 installed packages in /home/tyzros/chapt3/topic_practice_ws/src/install
[0.266s] DEBUG:colcon.colcon_installed_package_information.package_discovery:Found 357 installed packages in /opt/ros/humble
[0.267s] Level 1:colcon.colcon_core.package_discovery:discover_packages(prefix_path) using defaults
[0.300s] Level 5:colcon.colcon_core.verb:set package 'status_publisher' build argument 'cmake_args' from command line to 'None'
[0.300s] Level 5:colcon.colcon_core.verb:set package 'status_publisher' build argument 'cmake_target' from command line to 'None'
[0.300s] Level 5:colcon.colcon_core.verb:set package 'status_publisher' build argument 'cmake_target_skip_unavailable' from command line to 'False'
[0.300s] Level 5:colcon.colcon_core.verb:set package 'status_publisher' build argument 'cmake_clean_cache' from command line to 'False'
[0.300s] Level 5:colcon.colcon_core.verb:set package 'status_publisher' build argument 'cmake_clean_first' from command line to 'False'
[0.300s] Level 5:colcon.colcon_core.verb:set package 'status_publisher' build argument 'cmake_force_configure' from command line to 'False'
[0.301s] Level 5:colcon.colcon_core.verb:set package 'status_publisher' build argument 'ament_cmake_args' from command line to 'None'
[0.301s] Level 5:colcon.colcon_core.verb:set package 'status_publisher' build argument 'catkin_cmake_args' from command line to 'None'
[0.301s] Level 5:colcon.colcon_core.verb:set package 'status_publisher' build argument 'catkin_skip_building_tests' from command line to 'False'
[0.301s] DEBUG:colcon.colcon_core.verb:Building package 'status_publisher' with the following arguments: {'ament_cmake_args': None, 'build_base': '/home/tyzros/chapt3/topic_practice_ws/src/status_publisher/build/status_publisher', 'catkin_cmake_args': None, 'catkin_skip_building_tests': False, 'cmake_args': None, 'cmake_clean_cache': False, 'cmake_clean_first': False, 'cmake_force_configure': False, 'cmake_target': None, 'cmake_target_skip_unavailable': False, 'install_base': '/home/tyzros/chapt3/topic_practice_ws/src/status_publisher/install/status_publisher', 'merge_install': False, 'path': '/home/tyzros/chapt3/topic_practice_ws/src/status_publisher', 'symlink_install': False, 'test_result_base': None}
[0.301s] INFO:colcon.colcon_core.executor:Executing jobs using 'parallel' executor
[0.302s] DEBUG:colcon.colcon_parallel_executor.executor.parallel:run_until_complete
[0.302s] INFO:colcon.colcon_ros.task.ament_python.build:Building ROS package in '/home/tyzros/chapt3/topic_practice_ws/src/status_publisher' with build type 'ament_python'
[0.302s] Level 1:colcon.colcon_core.shell:create_environment_hook('status_publisher', 'ament_prefix_path')
[0.304s] INFO:colcon.colcon_core.plugin_system:Skipping extension 'colcon_core.shell.bat': Not used on non-Windows systems
[0.304s] INFO:colcon.colcon_core.shell:Creating environment hook '/home/tyzros/chapt3/topic_practice_ws/src/status_publisher/install/status_publisher/share/status_publisher/hook/ament_prefix_path.ps1'
[0.305s] INFO:colcon.colcon_core.shell:Creating environment descriptor '/home/tyzros/chapt3/topic_practice_ws/src/status_publisher/install/status_publisher/share/status_publisher/hook/ament_prefix_path.dsv'
[0.305s] INFO:colcon.colcon_core.shell:Creating environment hook '/home/tyzros/chapt3/topic_practice_ws/src/status_publisher/install/status_publisher/share/status_publisher/hook/ament_prefix_path.sh'
[0.306s] INFO:colcon.colcon_core.shell:Skip shell extension 'powershell' for command environment: Not usable outside of PowerShell
[0.306s] DEBUG:colcon.colcon_core.shell:Skip shell extension 'dsv' for command environment
[0.525s] INFO:colcon.colcon_core.task.python.build:Building Python package in '/home/tyzros/chapt3/topic_practice_ws/src/status_publisher'
[0.526s] INFO:colcon.colcon_core.shell:Skip shell extension 'powershell' for command environment: Not usable outside of PowerShell
[0.526s] DEBUG:colcon.colcon_core.shell:Skip shell extension 'dsv' for command environment
[0.857s] DEBUG:colcon.colcon_core.event_handler.log_command:Invoking command in '/home/tyzros/chapt3/topic_practice_ws/src/status_publisher': PYTHONPATH=/home/tyzros/chapt3/topic_practice_ws/src/status_publisher/build/status_publisher/prefix_override:/usr/lib/python3/dist-packages/colcon_core/task/python/colcon_distutils_commands:/home/tyzros/chapt3/topic_practice_ws/src/status_publisher/install/status_publisher/lib/python3.10/site-packages:${PYTHONPATH} /usr/bin/python3 -W ignore:setup.py install is deprecated -W ignore:easy_install command is deprecated setup.py egg_info --egg-base build/status_publisher build --build-base /home/tyzros/chapt3/topic_practice_ws/src/status_publisher/build/status_publisher/build install --record /home/tyzros/chapt3/topic_practice_ws/src/status_publisher/build/status_publisher/install.log --single-version-externally-managed install_data
[1.083s] DEBUG:colcon.colcon_core.event_handler.log_command:Invoked command in '/home/tyzros/chapt3/topic_practice_ws/src/status_publisher' returned '0': PYTHONPATH=/home/tyzros/chapt3/topic_practice_ws/src/status_publisher/build/status_publisher/prefix_override:/usr/lib/python3/dist-packages/colcon_core/task/python/colcon_distutils_commands:/home/tyzros/chapt3/topic_practice_ws/src/status_publisher/install/status_publisher/lib/python3.10/site-packages:${PYTHONPATH} /usr/bin/python3 -W ignore:setup.py install is deprecated -W ignore:easy_install command is deprecated setup.py egg_info --egg-base build/status_publisher build --build-base /home/tyzros/chapt3/topic_practice_ws/src/status_publisher/build/status_publisher/build install --record /home/tyzros/chapt3/topic_practice_ws/src/status_publisher/build/status_publisher/install.log --single-version-externally-managed install_data
[1.084s] Level 1:colcon.colcon_core.environment:checking '/home/tyzros/chapt3/topic_practice_ws/src/status_publisher/install/status_publisher' for CMake module files
[1.085s] Level 1:colcon.colcon_core.environment:checking '/home/tyzros/chapt3/topic_practice_ws/src/status_publisher/install/status_publisher' for CMake config files
[1.085s] Level 1:colcon.colcon_core.environment:checking '/home/tyzros/chapt3/topic_practice_ws/src/status_publisher/install/status_publisher/lib'
[1.085s] Level 1:colcon.colcon_core.environment:checking '/home/tyzros/chapt3/topic_practice_ws/src/status_publisher/install/status_publisher/bin'
[1.085s] Level 1:colcon.colcon_core.environment:checking '/home/tyzros/chapt3/topic_practice_ws/src/status_publisher/install/status_publisher/lib/pkgconfig/status_publisher.pc'
[1.086s] Level 1:colcon.colcon_core.environment:checking '/home/tyzros/chapt3/topic_practice_ws/src/status_publisher/install/status_publisher/lib/python3.10/site-packages'
[1.086s] Level 1:colcon.colcon_core.shell:create_environment_hook('status_publisher', 'pythonpath')
[1.086s] INFO:colcon.colcon_core.shell:Creating environment hook '/home/tyzros/chapt3/topic_practice_ws/src/status_publisher/install/status_publisher/share/status_publisher/hook/pythonpath.ps1'
[1.086s] INFO:colcon.colcon_core.shell:Creating environment descriptor '/home/tyzros/chapt3/topic_practice_ws/src/status_publisher/install/status_publisher/share/status_publisher/hook/pythonpath.dsv'
[1.086s] INFO:colcon.colcon_core.shell:Creating environment hook '/home/tyzros/chapt3/topic_practice_ws/src/status_publisher/install/status_publisher/share/status_publisher/hook/pythonpath.sh'
[1.087s] Level 1:colcon.colcon_core.environment:checking '/home/tyzros/chapt3/topic_practice_ws/src/status_publisher/install/status_publisher/bin'
[1.087s] Level 1:colcon.colcon_core.environment:create_environment_scripts_only(status_publisher)
[1.087s] INFO:colcon.colcon_core.shell:Creating package script '/home/tyzros/chapt3/topic_practice_ws/src/status_publisher/install/status_publisher/share/status_publisher/package.ps1'
[1.087s] INFO:colcon.colcon_core.shell:Creating package descriptor '/home/tyzros/chapt3/topic_practice_ws/src/status_publisher/install/status_publisher/share/status_publisher/package.dsv'
[1.088s] INFO:colcon.colcon_core.shell:Creating package script '/home/tyzros/chapt3/topic_practice_ws/src/status_publisher/install/status_publisher/share/status_publisher/package.sh'
[1.088s] INFO:colcon.colcon_core.shell:Creating package script '/home/tyzros/chapt3/topic_practice_ws/src/status_publisher/install/status_publisher/share/status_publisher/package.bash'
[1.089s] INFO:colcon.colcon_core.shell:Creating package script '/home/tyzros/chapt3/topic_practice_ws/src/status_publisher/install/status_publisher/share/status_publisher/package.zsh'
[1.089s] Level 1:colcon.colcon_core.environment:create_file_with_runtime_dependencies(/home/tyzros/chapt3/topic_practice_ws/src/status_publisher/install/status_publisher/share/colcon-core/packages/status_publisher)
[1.089s] DEBUG:colcon.colcon_parallel_executor.executor.parallel:closing loop
[1.090s] DEBUG:colcon.colcon_parallel_executor.executor.parallel:loop closed
[1.090s] DEBUG:colcon.colcon_parallel_executor.executor.parallel:run_until_complete finished with '0'
[1.090s] DEBUG:colcon.colcon_core.event_reactor:joining thread
[1.094s] INFO:colcon.colcon_core.plugin_system:Skipping extension 'colcon_notification.desktop_notification.terminal_notifier': Not used on non-Darwin systems
[1.094s] INFO:colcon.colcon_core.plugin_system:Skipping extension 'colcon_notification.desktop_notification.win32': Not used on non-Windows systems
[1.094s] INFO:colcon.colcon_notification.desktop_notification:Sending desktop notification using 'notify2'
[1.103s] DEBUG:colcon.colcon_core.event_reactor:joined thread
[1.104s] INFO:colcon.colcon_core.shell:Creating prefix script '/home/tyzros/chapt3/topic_practice_ws/src/status_publisher/install/local_setup.ps1'
[1.105s] INFO:colcon.colcon_core.shell:Creating prefix util module '/home/tyzros/chapt3/topic_practice_ws/src/status_publisher/install/_local_setup_util_ps1.py'
[1.105s] INFO:colcon.colcon_core.shell:Creating prefix chain script '/home/tyzros/chapt3/topic_practice_ws/src/status_publisher/install/setup.ps1'
[1.106s] INFO:colcon.colcon_core.shell:Creating prefix script '/home/tyzros/chapt3/topic_practice_ws/src/status_publisher/install/local_setup.sh'
[1.106s] INFO:colcon.colcon_core.shell:Creating prefix util module '/home/tyzros/chapt3/topic_practice_ws/src/status_publisher/install/_local_setup_util_sh.py'
[1.107s] INFO:colcon.colcon_core.shell:Creating prefix chain script '/home/tyzros/chapt3/topic_practice_ws/src/status_publisher/install/setup.sh'
[1.108s] INFO:colcon.colcon_core.shell:Creating prefix script '/home/tyzros/chapt3/topic_practice_ws/src/status_publisher/install/local_setup.bash'
[1.108s] INFO:colcon.colcon_core.shell:Creating prefix chain script '/home/tyzros/chapt3/topic_practice_ws/src/status_publisher/install/setup.bash'
[1.109s] INFO:colcon.colcon_core.shell:Creating prefix script '/home/tyzros/chapt3/topic_practice_ws/src/status_publisher/install/local_setup.zsh'
[1.110s] INFO:colcon.colcon_core.shell:Creating prefix chain script '/home/tyzros/chapt3/topic_practice_ws/src/status_publisher/install/setup.zsh'
