[0.557s] Invoking command in '/home/tyzros/chapt3/topic_practice_ws/src/status_publisher': CMAKE_PREFIX_PATH=/home/tyzros/chapt3/install/status_interfaces:/home/tyzros/chapt3/install/status_display:/home/tyzros/chapt3/install/demo_cpp_topic PYTHONPATH=/home/tyzros/chapt3/build/status_publisher/prefix_override:/usr/lib/python3/dist-packages/colcon_core/task/python/colcon_distutils_commands:/home/tyzros/chapt3/install/status_publisher/lib/python3.10/site-packages:${PYTHONPATH} /usr/bin/python3 -W ignore:setup.py install is deprecated -W ignore:easy_install command is deprecated setup.py egg_info --egg-base ../../../build/status_publisher build --build-base /home/tyzros/chapt3/build/status_publisher/build install --record /home/tyzros/chapt3/build/status_publisher/install.log --single-version-externally-managed install_data
[0.755s] running egg_info
[0.756s] writing ../../../build/status_publisher/status_publisher.egg-info/PKG-INFO
[0.756s] writing dependency_links to ../../../build/status_publisher/status_publisher.egg-info/dependency_links.txt
[0.756s] writing entry points to ../../../build/status_publisher/status_publisher.egg-info/entry_points.txt
[0.756s] writing requirements to ../../../build/status_publisher/status_publisher.egg-info/requires.txt
[0.757s] writing top-level names to ../../../build/status_publisher/status_publisher.egg-info/top_level.txt
[0.758s] reading manifest file '../../../build/status_publisher/status_publisher.egg-info/SOURCES.txt'
[0.758s] adding license file 'LICENSE'
[0.758s] writing manifest file '../../../build/status_publisher/status_publisher.egg-info/SOURCES.txt'
[0.758s] running build
[0.758s] running build_py
[0.759s] running install
[0.759s] running install_lib
[0.760s] running install_data
[0.760s] running install_egg_info
[0.762s] removing '/home/tyzros/chapt3/install/status_publisher/lib/python3.10/site-packages/status_publisher-0.0.0-py3.10.egg-info' (and everything under it)
[0.762s] Copying ../../../build/status_publisher/status_publisher.egg-info to /home/tyzros/chapt3/install/status_publisher/lib/python3.10/site-packages/status_publisher-0.0.0-py3.10.egg-info
[0.763s] running install_scripts
[0.778s] Installing sys_status_pub script to /home/tyzros/chapt3/install/status_publisher/lib/status_publisher
[0.778s] writing list of installed files to '/home/tyzros/chapt3/build/status_publisher/install.log'
[0.792s] Invoked command in '/home/tyzros/chapt3/topic_practice_ws/src/status_publisher' returned '0': CMAKE_PREFIX_PATH=/home/tyzros/chapt3/install/status_interfaces:/home/tyzros/chapt3/install/status_display:/home/tyzros/chapt3/install/demo_cpp_topic PYTHONPATH=/home/tyzros/chapt3/build/status_publisher/prefix_override:/usr/lib/python3/dist-packages/colcon_core/task/python/colcon_distutils_commands:/home/tyzros/chapt3/install/status_publisher/lib/python3.10/site-packages:${PYTHONPATH} /usr/bin/python3 -W ignore:setup.py install is deprecated -W ignore:easy_install command is deprecated setup.py egg_info --egg-base ../../../build/status_publisher build --build-base /home/tyzros/chapt3/build/status_publisher/build install --record /home/tyzros/chapt3/build/status_publisher/install.log --single-version-externally-managed install_data
