[0.137s] DEBUG:colcon:Command line arguments: ['/usr/bin/colcon', 'build']
[0.137s] DEBUG:colcon:Parsed command line arguments: Namespace(log_base=None, log_level=None, verb_name='build', build_base='build', install_base='install', merge_install=False, symlink_install=False, test_result_base=None, continue_on_error=False, executor='parallel', parallel_workers=16, event_handlers=None, ignore_user_meta=False, metas=['./colcon.meta'], base_paths=['.'], packages_ignore=None, packages_ignore_regex=None, paths=None, packages_up_to=None, packages_up_to_regex=None, packages_above=None, packages_above_and_dependencies=None, packages_above_depth=None, packages_select_by_dep=None, packages_skip_by_dep=None, packages_skip_up_to=None, packages_select_build_failed=False, packages_skip_build_finished=False, packages_select_test_failures=False, packages_skip_test_passed=False, packages_select=None, packages_skip=None, packages_select_regex=None, packages_skip_regex=None, packages_start=None, packages_end=None, allow_overriding=[], cmake_args=None, cmake_target=None, cmake_target_skip_unavailable=False, cmake_clean_cache=False, cmake_clean_first=False, cmake_force_configure=False, ament_cmake_args=None, catkin_cmake_args=None, catkin_skip_building_tests=False, mixin_files=None, mixin=None, verb_parser=<colcon_mixin.mixin.mixin_argument.MixinArgumentDecorator object at 0x77068ce4a230>, verb_extension=<colcon_core.verb.build.BuildVerb object at 0x77068cf5b100>, main=<bound method BuildVerb.main of <colcon_core.verb.build.BuildVerb object at 0x77068cf5b100>>, mixin_verb=('build',))
[0.384s] Level 1:colcon.colcon_core.package_discovery:discover_packages(colcon_meta) check parameters
[0.384s] Level 1:colcon.colcon_core.package_discovery:discover_packages(recursive) check parameters
[0.384s] Level 1:colcon.colcon_core.package_discovery:discover_packages(ignore) check parameters
[0.384s] Level 1:colcon.colcon_core.package_discovery:discover_packages(path) check parameters
[0.384s] Level 1:colcon.colcon_core.package_discovery:discover_packages(colcon_meta) discover
[0.384s] Level 1:colcon.colcon_core.package_discovery:discover_packages(recursive) discover
[0.384s] INFO:colcon.colcon_core.package_discovery:Crawling recursively for packages in '/home/tyzros/chapt3'
[0.384s] Level 1:colcon.colcon_core.package_identification:_identify(.) by extensions ['ignore', 'ignore_ament_install']
[0.384s] Level 1:colcon.colcon_core.package_identification:_identify(.) by extension 'ignore'
[0.384s] Level 1:colcon.colcon_core.package_identification:_identify(.) by extension 'ignore_ament_install'
[0.384s] Level 1:colcon.colcon_core.package_identification:_identify(.) by extensions ['colcon_pkg']
[0.385s] Level 1:colcon.colcon_core.package_identification:_identify(.) by extension 'colcon_pkg'
[0.385s] Level 1:colcon.colcon_core.package_identification:_identify(.) by extensions ['colcon_meta']
[0.385s] Level 1:colcon.colcon_core.package_identification:_identify(.) by extension 'colcon_meta'
[0.385s] Level 1:colcon.colcon_core.package_identification:_identify(.) by extensions ['ros']
[0.385s] Level 1:colcon.colcon_core.package_identification:_identify(.) by extension 'ros'
[0.393s] Level 1:colcon.colcon_core.package_identification:_identify(.) by extensions ['cmake', 'python']
[0.393s] Level 1:colcon.colcon_core.package_identification:_identify(.) by extension 'cmake'
[0.394s] Level 1:colcon.colcon_core.package_identification:_identify(.) by extension 'python'
[0.394s] Level 1:colcon.colcon_core.package_identification:_identify(.) by extensions ['python_setup_py']
[0.394s] Level 1:colcon.colcon_core.package_identification:_identify(.) by extension 'python_setup_py'
[0.394s] Level 1:colcon.colcon_core.package_identification:_identify(build) by extensions ['ignore', 'ignore_ament_install']
[0.394s] Level 1:colcon.colcon_core.package_identification:_identify(build) by extension 'ignore'
[0.394s] Level 1:colcon.colcon_core.package_identification:_identify(build) ignored
[0.394s] Level 1:colcon.colcon_core.package_identification:_identify(install) by extensions ['ignore', 'ignore_ament_install']
[0.394s] Level 1:colcon.colcon_core.package_identification:_identify(install) by extension 'ignore'
[0.394s] Level 1:colcon.colcon_core.package_identification:_identify(install) ignored
[0.394s] Level 1:colcon.colcon_core.package_identification:_identify(log) by extensions ['ignore', 'ignore_ament_install']
[0.394s] Level 1:colcon.colcon_core.package_identification:_identify(log) by extension 'ignore'
[0.394s] Level 1:colcon.colcon_core.package_identification:_identify(log) ignored
[0.394s] Level 1:colcon.colcon_core.package_identification:_identify(topic_practice_ws) by extensions ['ignore', 'ignore_ament_install']
[0.394s] Level 1:colcon.colcon_core.package_identification:_identify(topic_practice_ws) by extension 'ignore'
[0.394s] Level 1:colcon.colcon_core.package_identification:_identify(topic_practice_ws) by extension 'ignore_ament_install'
[0.394s] Level 1:colcon.colcon_core.package_identification:_identify(topic_practice_ws) by extensions ['colcon_pkg']
[0.394s] Level 1:colcon.colcon_core.package_identification:_identify(topic_practice_ws) by extension 'colcon_pkg'
[0.394s] Level 1:colcon.colcon_core.package_identification:_identify(topic_practice_ws) by extensions ['colcon_meta']
[0.394s] Level 1:colcon.colcon_core.package_identification:_identify(topic_practice_ws) by extension 'colcon_meta'
[0.394s] Level 1:colcon.colcon_core.package_identification:_identify(topic_practice_ws) by extensions ['ros']
[0.394s] Level 1:colcon.colcon_core.package_identification:_identify(topic_practice_ws) by extension 'ros'
[0.395s] Level 1:colcon.colcon_core.package_identification:_identify(topic_practice_ws) by extensions ['cmake', 'python']
[0.395s] Level 1:colcon.colcon_core.package_identification:_identify(topic_practice_ws) by extension 'cmake'
[0.395s] Level 1:colcon.colcon_core.package_identification:_identify(topic_practice_ws) by extension 'python'
[0.395s] Level 1:colcon.colcon_core.package_identification:_identify(topic_practice_ws) by extensions ['python_setup_py']
[0.395s] Level 1:colcon.colcon_core.package_identification:_identify(topic_practice_ws) by extension 'python_setup_py'
[0.395s] Level 1:colcon.colcon_core.package_identification:_identify(topic_practice_ws/src) by extensions ['ignore', 'ignore_ament_install']
[0.395s] Level 1:colcon.colcon_core.package_identification:_identify(topic_practice_ws/src) by extension 'ignore'
[0.395s] Level 1:colcon.colcon_core.package_identification:_identify(topic_practice_ws/src) by extension 'ignore_ament_install'
[0.395s] Level 1:colcon.colcon_core.package_identification:_identify(topic_practice_ws/src) by extensions ['colcon_pkg']
[0.395s] Level 1:colcon.colcon_core.package_identification:_identify(topic_practice_ws/src) by extension 'colcon_pkg'
[0.395s] Level 1:colcon.colcon_core.package_identification:_identify(topic_practice_ws/src) by extensions ['colcon_meta']
[0.395s] Level 1:colcon.colcon_core.package_identification:_identify(topic_practice_ws/src) by extension 'colcon_meta'
[0.395s] Level 1:colcon.colcon_core.package_identification:_identify(topic_practice_ws/src) by extensions ['ros']
[0.395s] Level 1:colcon.colcon_core.package_identification:_identify(topic_practice_ws/src) by extension 'ros'
[0.395s] Level 1:colcon.colcon_core.package_identification:_identify(topic_practice_ws/src) by extensions ['cmake', 'python']
[0.395s] Level 1:colcon.colcon_core.package_identification:_identify(topic_practice_ws/src) by extension 'cmake'
[0.395s] Level 1:colcon.colcon_core.package_identification:_identify(topic_practice_ws/src) by extension 'python'
[0.395s] Level 1:colcon.colcon_core.package_identification:_identify(topic_practice_ws/src) by extensions ['python_setup_py']
[0.395s] Level 1:colcon.colcon_core.package_identification:_identify(topic_practice_ws/src) by extension 'python_setup_py'
[0.395s] Level 1:colcon.colcon_core.package_identification:_identify(topic_practice_ws/src/status_display) by extensions ['ignore', 'ignore_ament_install']
[0.395s] Level 1:colcon.colcon_core.package_identification:_identify(topic_practice_ws/src/status_display) by extension 'ignore'
[0.395s] Level 1:colcon.colcon_core.package_identification:_identify(topic_practice_ws/src/status_display) by extension 'ignore_ament_install'
[0.395s] Level 1:colcon.colcon_core.package_identification:_identify(topic_practice_ws/src/status_display) by extensions ['colcon_pkg']
[0.395s] Level 1:colcon.colcon_core.package_identification:_identify(topic_practice_ws/src/status_display) by extension 'colcon_pkg'
[0.395s] Level 1:colcon.colcon_core.package_identification:_identify(topic_practice_ws/src/status_display) by extensions ['colcon_meta']
[0.395s] Level 1:colcon.colcon_core.package_identification:_identify(topic_practice_ws/src/status_display) by extension 'colcon_meta'
[0.396s] Level 1:colcon.colcon_core.package_identification:_identify(topic_practice_ws/src/status_display) by extensions ['ros']
[0.396s] Level 1:colcon.colcon_core.package_identification:_identify(topic_practice_ws/src/status_display) by extension 'ros'
[0.399s] DEBUG:colcon.colcon_core.package_identification:Package 'topic_practice_ws/src/status_display' with type 'ros.ament_cmake' and name 'status_display'
[0.399s] Level 1:colcon.colcon_core.package_identification:_identify(topic_practice_ws/src/status_interfaces) by extensions ['ignore', 'ignore_ament_install']
[0.399s] Level 1:colcon.colcon_core.package_identification:_identify(topic_practice_ws/src/status_interfaces) by extension 'ignore'
[0.399s] Level 1:colcon.colcon_core.package_identification:_identify(topic_practice_ws/src/status_interfaces) by extension 'ignore_ament_install'
[0.399s] Level 1:colcon.colcon_core.package_identification:_identify(topic_practice_ws/src/status_interfaces) by extensions ['colcon_pkg']
[0.399s] Level 1:colcon.colcon_core.package_identification:_identify(topic_practice_ws/src/status_interfaces) by extension 'colcon_pkg'
[0.399s] Level 1:colcon.colcon_core.package_identification:_identify(topic_practice_ws/src/status_interfaces) by extensions ['colcon_meta']
[0.399s] Level 1:colcon.colcon_core.package_identification:_identify(topic_practice_ws/src/status_interfaces) by extension 'colcon_meta'
[0.399s] Level 1:colcon.colcon_core.package_identification:_identify(topic_practice_ws/src/status_interfaces) by extensions ['ros']
[0.399s] Level 1:colcon.colcon_core.package_identification:_identify(topic_practice_ws/src/status_interfaces) by extension 'ros'
[0.400s] DEBUG:colcon.colcon_core.package_identification:Package 'topic_practice_ws/src/status_interfaces' with type 'ros.ament_cmake' and name 'status_interfaces'
[0.400s] Level 1:colcon.colcon_core.package_identification:_identify(topic_practice_ws/src/status_publisher) by extensions ['ignore', 'ignore_ament_install']
[0.400s] Level 1:colcon.colcon_core.package_identification:_identify(topic_practice_ws/src/status_publisher) by extension 'ignore'
[0.400s] Level 1:colcon.colcon_core.package_identification:_identify(topic_practice_ws/src/status_publisher) by extension 'ignore_ament_install'
[0.400s] Level 1:colcon.colcon_core.package_identification:_identify(topic_practice_ws/src/status_publisher) by extensions ['colcon_pkg']
[0.400s] Level 1:colcon.colcon_core.package_identification:_identify(topic_practice_ws/src/status_publisher) by extension 'colcon_pkg'
[0.400s] Level 1:colcon.colcon_core.package_identification:_identify(topic_practice_ws/src/status_publisher) by extensions ['colcon_meta']
[0.400s] Level 1:colcon.colcon_core.package_identification:_identify(topic_practice_ws/src/status_publisher) by extension 'colcon_meta'
[0.400s] Level 1:colcon.colcon_core.package_identification:_identify(topic_practice_ws/src/status_publisher) by extensions ['ros']
[0.400s] Level 1:colcon.colcon_core.package_identification:_identify(topic_practice_ws/src/status_publisher) by extension 'ros'
[0.400s] DEBUG:colcon.colcon_core.package_identification:Package 'topic_practice_ws/src/status_publisher' with type 'ros.ament_python' and name 'status_publisher'
[0.400s] Level 1:colcon.colcon_core.package_identification:_identify(topic_ws) by extensions ['ignore', 'ignore_ament_install']
[0.401s] Level 1:colcon.colcon_core.package_identification:_identify(topic_ws) by extension 'ignore'
[0.401s] Level 1:colcon.colcon_core.package_identification:_identify(topic_ws) by extension 'ignore_ament_install'
[0.401s] Level 1:colcon.colcon_core.package_identification:_identify(topic_ws) by extensions ['colcon_pkg']
[0.401s] Level 1:colcon.colcon_core.package_identification:_identify(topic_ws) by extension 'colcon_pkg'
[0.401s] Level 1:colcon.colcon_core.package_identification:_identify(topic_ws) by extensions ['colcon_meta']
[0.401s] Level 1:colcon.colcon_core.package_identification:_identify(topic_ws) by extension 'colcon_meta'
[0.401s] Level 1:colcon.colcon_core.package_identification:_identify(topic_ws) by extensions ['ros']
[0.401s] Level 1:colcon.colcon_core.package_identification:_identify(topic_ws) by extension 'ros'
[0.401s] Level 1:colcon.colcon_core.package_identification:_identify(topic_ws) by extensions ['cmake', 'python']
[0.401s] Level 1:colcon.colcon_core.package_identification:_identify(topic_ws) by extension 'cmake'
[0.401s] Level 1:colcon.colcon_core.package_identification:_identify(topic_ws) by extension 'python'
[0.401s] Level 1:colcon.colcon_core.package_identification:_identify(topic_ws) by extensions ['python_setup_py']
[0.401s] Level 1:colcon.colcon_core.package_identification:_identify(topic_ws) by extension 'python_setup_py'
[0.401s] Level 1:colcon.colcon_core.package_identification:_identify(topic_ws/src) by extensions ['ignore', 'ignore_ament_install']
[0.401s] Level 1:colcon.colcon_core.package_identification:_identify(topic_ws/src) by extension 'ignore'
[0.401s] Level 1:colcon.colcon_core.package_identification:_identify(topic_ws/src) by extension 'ignore_ament_install'
[0.401s] Level 1:colcon.colcon_core.package_identification:_identify(topic_ws/src) by extensions ['colcon_pkg']
[0.401s] Level 1:colcon.colcon_core.package_identification:_identify(topic_ws/src) by extension 'colcon_pkg'
[0.401s] Level 1:colcon.colcon_core.package_identification:_identify(topic_ws/src) by extensions ['colcon_meta']
[0.401s] Level 1:colcon.colcon_core.package_identification:_identify(topic_ws/src) by extension 'colcon_meta'
[0.401s] Level 1:colcon.colcon_core.package_identification:_identify(topic_ws/src) by extensions ['ros']
[0.401s] Level 1:colcon.colcon_core.package_identification:_identify(topic_ws/src) by extension 'ros'
[0.401s] Level 1:colcon.colcon_core.package_identification:_identify(topic_ws/src) by extensions ['cmake', 'python']
[0.401s] Level 1:colcon.colcon_core.package_identification:_identify(topic_ws/src) by extension 'cmake'
[0.401s] Level 1:colcon.colcon_core.package_identification:_identify(topic_ws/src) by extension 'python'
[0.401s] Level 1:colcon.colcon_core.package_identification:_identify(topic_ws/src) by extensions ['python_setup_py']
[0.401s] Level 1:colcon.colcon_core.package_identification:_identify(topic_ws/src) by extension 'python_setup_py'
[0.402s] Level 1:colcon.colcon_core.package_identification:_identify(topic_ws/src/demo_cpp_topic) by extensions ['ignore', 'ignore_ament_install']
[0.402s] Level 1:colcon.colcon_core.package_identification:_identify(topic_ws/src/demo_cpp_topic) by extension 'ignore'
[0.402s] Level 1:colcon.colcon_core.package_identification:_identify(topic_ws/src/demo_cpp_topic) by extension 'ignore_ament_install'
[0.402s] Level 1:colcon.colcon_core.package_identification:_identify(topic_ws/src/demo_cpp_topic) by extensions ['colcon_pkg']
[0.402s] Level 1:colcon.colcon_core.package_identification:_identify(topic_ws/src/demo_cpp_topic) by extension 'colcon_pkg'
[0.402s] Level 1:colcon.colcon_core.package_identification:_identify(topic_ws/src/demo_cpp_topic) by extensions ['colcon_meta']
[0.402s] Level 1:colcon.colcon_core.package_identification:_identify(topic_ws/src/demo_cpp_topic) by extension 'colcon_meta'
[0.402s] Level 1:colcon.colcon_core.package_identification:_identify(topic_ws/src/demo_cpp_topic) by extensions ['ros']
[0.402s] Level 1:colcon.colcon_core.package_identification:_identify(topic_ws/src/demo_cpp_topic) by extension 'ros'
[0.403s] DEBUG:colcon.colcon_core.package_identification:Package 'topic_ws/src/demo_cpp_topic' with type 'ros.ament_cmake' and name 'demo_cpp_topic'
[0.403s] Level 1:colcon.colcon_core.package_identification:_identify(topic_ws/src/demo_python_topic) by extensions ['ignore', 'ignore_ament_install']
[0.403s] Level 1:colcon.colcon_core.package_identification:_identify(topic_ws/src/demo_python_topic) by extension 'ignore'
[0.403s] Level 1:colcon.colcon_core.package_identification:_identify(topic_ws/src/demo_python_topic) by extension 'ignore_ament_install'
[0.403s] Level 1:colcon.colcon_core.package_identification:_identify(topic_ws/src/demo_python_topic) by extensions ['colcon_pkg']
[0.403s] Level 1:colcon.colcon_core.package_identification:_identify(topic_ws/src/demo_python_topic) by extension 'colcon_pkg'
[0.403s] Level 1:colcon.colcon_core.package_identification:_identify(topic_ws/src/demo_python_topic) by extensions ['colcon_meta']
[0.403s] Level 1:colcon.colcon_core.package_identification:_identify(topic_ws/src/demo_python_topic) by extension 'colcon_meta'
[0.403s] Level 1:colcon.colcon_core.package_identification:_identify(topic_ws/src/demo_python_topic) by extensions ['ros']
[0.403s] Level 1:colcon.colcon_core.package_identification:_identify(topic_ws/src/demo_python_topic) by extension 'ros'
[0.404s] DEBUG:colcon.colcon_core.package_identification:Package 'topic_ws/src/demo_python_topic' with type 'ros.ament_python' and name 'demo_python_topic'
[0.404s] Level 1:colcon.colcon_core.package_discovery:discover_packages(recursive) using defaults
[0.404s] Level 1:colcon.colcon_core.package_discovery:discover_packages(ignore) discover
[0.404s] Level 1:colcon.colcon_core.package_discovery:discover_packages(ignore) using defaults
[0.404s] Level 1:colcon.colcon_core.package_discovery:discover_packages(path) discover
[0.404s] Level 1:colcon.colcon_core.package_discovery:discover_packages(path) using defaults
[0.431s] Level 1:colcon.colcon_core.package_discovery:discover_packages(prefix_path) check parameters
[0.431s] Level 1:colcon.colcon_core.package_discovery:discover_packages(prefix_path) discover
[0.435s] DEBUG:colcon.colcon_installed_package_information.package_discovery:Found 357 installed packages in /opt/ros/humble
[0.436s] Level 1:colcon.colcon_core.package_discovery:discover_packages(prefix_path) using defaults
[0.470s] Level 5:colcon.colcon_core.verb:set package 'demo_cpp_topic' build argument 'cmake_args' from command line to 'None'
[0.470s] Level 5:colcon.colcon_core.verb:set package 'demo_cpp_topic' build argument 'cmake_target' from command line to 'None'
[0.470s] Level 5:colcon.colcon_core.verb:set package 'demo_cpp_topic' build argument 'cmake_target_skip_unavailable' from command line to 'False'
[0.470s] Level 5:colcon.colcon_core.verb:set package 'demo_cpp_topic' build argument 'cmake_clean_cache' from command line to 'False'
[0.470s] Level 5:colcon.colcon_core.verb:set package 'demo_cpp_topic' build argument 'cmake_clean_first' from command line to 'False'
[0.470s] Level 5:colcon.colcon_core.verb:set package 'demo_cpp_topic' build argument 'cmake_force_configure' from command line to 'False'
[0.470s] Level 5:colcon.colcon_core.verb:set package 'demo_cpp_topic' build argument 'ament_cmake_args' from command line to 'None'
[0.470s] Level 5:colcon.colcon_core.verb:set package 'demo_cpp_topic' build argument 'catkin_cmake_args' from command line to 'None'
[0.470s] Level 5:colcon.colcon_core.verb:set package 'demo_cpp_topic' build argument 'catkin_skip_building_tests' from command line to 'False'
[0.470s] DEBUG:colcon.colcon_core.verb:Building package 'demo_cpp_topic' with the following arguments: {'ament_cmake_args': None, 'build_base': '/home/tyzros/chapt3/build/demo_cpp_topic', 'catkin_cmake_args': None, 'catkin_skip_building_tests': False, 'cmake_args': None, 'cmake_clean_cache': False, 'cmake_clean_first': False, 'cmake_force_configure': False, 'cmake_target': None, 'cmake_target_skip_unavailable': False, 'install_base': '/home/tyzros/chapt3/install/demo_cpp_topic', 'merge_install': False, 'path': '/home/tyzros/chapt3/topic_ws/src/demo_cpp_topic', 'symlink_install': False, 'test_result_base': None}
[0.470s] Level 5:colcon.colcon_core.verb:set package 'demo_python_topic' build argument 'cmake_args' from command line to 'None'
[0.470s] Level 5:colcon.colcon_core.verb:set package 'demo_python_topic' build argument 'cmake_target' from command line to 'None'
[0.470s] Level 5:colcon.colcon_core.verb:set package 'demo_python_topic' build argument 'cmake_target_skip_unavailable' from command line to 'False'
[0.470s] Level 5:colcon.colcon_core.verb:set package 'demo_python_topic' build argument 'cmake_clean_cache' from command line to 'False'
[0.470s] Level 5:colcon.colcon_core.verb:set package 'demo_python_topic' build argument 'cmake_clean_first' from command line to 'False'
[0.471s] Level 5:colcon.colcon_core.verb:set package 'demo_python_topic' build argument 'cmake_force_configure' from command line to 'False'
[0.471s] Level 5:colcon.colcon_core.verb:set package 'demo_python_topic' build argument 'ament_cmake_args' from command line to 'None'
[0.471s] Level 5:colcon.colcon_core.verb:set package 'demo_python_topic' build argument 'catkin_cmake_args' from command line to 'None'
[0.471s] Level 5:colcon.colcon_core.verb:set package 'demo_python_topic' build argument 'catkin_skip_building_tests' from command line to 'False'
[0.471s] DEBUG:colcon.colcon_core.verb:Building package 'demo_python_topic' with the following arguments: {'ament_cmake_args': None, 'build_base': '/home/tyzros/chapt3/build/demo_python_topic', 'catkin_cmake_args': None, 'catkin_skip_building_tests': False, 'cmake_args': None, 'cmake_clean_cache': False, 'cmake_clean_first': False, 'cmake_force_configure': False, 'cmake_target': None, 'cmake_target_skip_unavailable': False, 'install_base': '/home/tyzros/chapt3/install/demo_python_topic', 'merge_install': False, 'path': '/home/tyzros/chapt3/topic_ws/src/demo_python_topic', 'symlink_install': False, 'test_result_base': None}
[0.471s] Level 5:colcon.colcon_core.verb:set package 'status_interfaces' build argument 'cmake_args' from command line to 'None'
[0.471s] Level 5:colcon.colcon_core.verb:set package 'status_interfaces' build argument 'cmake_target' from command line to 'None'
[0.471s] Level 5:colcon.colcon_core.verb:set package 'status_interfaces' build argument 'cmake_target_skip_unavailable' from command line to 'False'
[0.471s] Level 5:colcon.colcon_core.verb:set package 'status_interfaces' build argument 'cmake_clean_cache' from command line to 'False'
[0.471s] Level 5:colcon.colcon_core.verb:set package 'status_interfaces' build argument 'cmake_clean_first' from command line to 'False'
[0.471s] Level 5:colcon.colcon_core.verb:set package 'status_interfaces' build argument 'cmake_force_configure' from command line to 'False'
[0.471s] Level 5:colcon.colcon_core.verb:set package 'status_interfaces' build argument 'ament_cmake_args' from command line to 'None'
[0.471s] Level 5:colcon.colcon_core.verb:set package 'status_interfaces' build argument 'catkin_cmake_args' from command line to 'None'
[0.471s] Level 5:colcon.colcon_core.verb:set package 'status_interfaces' build argument 'catkin_skip_building_tests' from command line to 'False'
[0.471s] DEBUG:colcon.colcon_core.verb:Building package 'status_interfaces' with the following arguments: {'ament_cmake_args': None, 'build_base': '/home/tyzros/chapt3/build/status_interfaces', 'catkin_cmake_args': None, 'catkin_skip_building_tests': False, 'cmake_args': None, 'cmake_clean_cache': False, 'cmake_clean_first': False, 'cmake_force_configure': False, 'cmake_target': None, 'cmake_target_skip_unavailable': False, 'install_base': '/home/tyzros/chapt3/install/status_interfaces', 'merge_install': False, 'path': '/home/tyzros/chapt3/topic_practice_ws/src/status_interfaces', 'symlink_install': False, 'test_result_base': None}
[0.471s] Level 5:colcon.colcon_core.verb:set package 'status_display' build argument 'cmake_args' from command line to 'None'
[0.471s] Level 5:colcon.colcon_core.verb:set package 'status_display' build argument 'cmake_target' from command line to 'None'
[0.471s] Level 5:colcon.colcon_core.verb:set package 'status_display' build argument 'cmake_target_skip_unavailable' from command line to 'False'
[0.471s] Level 5:colcon.colcon_core.verb:set package 'status_display' build argument 'cmake_clean_cache' from command line to 'False'
[0.472s] Level 5:colcon.colcon_core.verb:set package 'status_display' build argument 'cmake_clean_first' from command line to 'False'
[0.472s] Level 5:colcon.colcon_core.verb:set package 'status_display' build argument 'cmake_force_configure' from command line to 'False'
[0.472s] Level 5:colcon.colcon_core.verb:set package 'status_display' build argument 'ament_cmake_args' from command line to 'None'
[0.472s] Level 5:colcon.colcon_core.verb:set package 'status_display' build argument 'catkin_cmake_args' from command line to 'None'
[0.472s] Level 5:colcon.colcon_core.verb:set package 'status_display' build argument 'catkin_skip_building_tests' from command line to 'False'
[0.472s] DEBUG:colcon.colcon_core.verb:Building package 'status_display' with the following arguments: {'ament_cmake_args': None, 'build_base': '/home/tyzros/chapt3/build/status_display', 'catkin_cmake_args': None, 'catkin_skip_building_tests': False, 'cmake_args': None, 'cmake_clean_cache': False, 'cmake_clean_first': False, 'cmake_force_configure': False, 'cmake_target': None, 'cmake_target_skip_unavailable': False, 'install_base': '/home/tyzros/chapt3/install/status_display', 'merge_install': False, 'path': '/home/tyzros/chapt3/topic_practice_ws/src/status_display', 'symlink_install': False, 'test_result_base': None}
[0.472s] Level 5:colcon.colcon_core.verb:set package 'status_publisher' build argument 'cmake_args' from command line to 'None'
[0.472s] Level 5:colcon.colcon_core.verb:set package 'status_publisher' build argument 'cmake_target' from command line to 'None'
[0.472s] Level 5:colcon.colcon_core.verb:set package 'status_publisher' build argument 'cmake_target_skip_unavailable' from command line to 'False'
[0.472s] Level 5:colcon.colcon_core.verb:set package 'status_publisher' build argument 'cmake_clean_cache' from command line to 'False'
[0.472s] Level 5:colcon.colcon_core.verb:set package 'status_publisher' build argument 'cmake_clean_first' from command line to 'False'
[0.472s] Level 5:colcon.colcon_core.verb:set package 'status_publisher' build argument 'cmake_force_configure' from command line to 'False'
[0.472s] Level 5:colcon.colcon_core.verb:set package 'status_publisher' build argument 'ament_cmake_args' from command line to 'None'
[0.472s] Level 5:colcon.colcon_core.verb:set package 'status_publisher' build argument 'catkin_cmake_args' from command line to 'None'
[0.472s] Level 5:colcon.colcon_core.verb:set package 'status_publisher' build argument 'catkin_skip_building_tests' from command line to 'False'
[0.472s] DEBUG:colcon.colcon_core.verb:Building package 'status_publisher' with the following arguments: {'ament_cmake_args': None, 'build_base': '/home/tyzros/chapt3/build/status_publisher', 'catkin_cmake_args': None, 'catkin_skip_building_tests': False, 'cmake_args': None, 'cmake_clean_cache': False, 'cmake_clean_first': False, 'cmake_force_configure': False, 'cmake_target': None, 'cmake_target_skip_unavailable': False, 'install_base': '/home/tyzros/chapt3/install/status_publisher', 'merge_install': False, 'path': '/home/tyzros/chapt3/topic_practice_ws/src/status_publisher', 'symlink_install': False, 'test_result_base': None}
[0.472s] INFO:colcon.colcon_core.executor:Executing jobs using 'parallel' executor
[0.473s] DEBUG:colcon.colcon_parallel_executor.executor.parallel:run_until_complete
[0.473s] INFO:colcon.colcon_ros.task.ament_cmake.build:Building ROS package in '/home/tyzros/chapt3/topic_practice_ws/src/status_interfaces' with build type 'ament_cmake'
[0.473s] INFO:colcon.colcon_cmake.task.cmake.build:Building CMake package in '/home/tyzros/chapt3/topic_practice_ws/src/status_interfaces'
[0.478s] INFO:colcon.colcon_core.plugin_system:Skipping extension 'colcon_core.shell.bat': Not used on non-Windows systems
[0.478s] INFO:colcon.colcon_core.shell:Skip shell extension 'powershell' for command environment: Not usable outside of PowerShell
[0.478s] DEBUG:colcon.colcon_core.shell:Skip shell extension 'dsv' for command environment
[0.482s] INFO:colcon.colcon_ros.task.ament_cmake.build:Building ROS package in '/home/tyzros/chapt3/topic_ws/src/demo_cpp_topic' with build type 'ament_cmake'
[0.482s] INFO:colcon.colcon_cmake.task.cmake.build:Building CMake package in '/home/tyzros/chapt3/topic_ws/src/demo_cpp_topic'
[0.482s] INFO:colcon.colcon_core.shell:Skip shell extension 'powershell' for command environment: Not usable outside of PowerShell
[0.482s] DEBUG:colcon.colcon_core.shell:Skip shell extension 'dsv' for command environment
[0.485s] INFO:colcon.colcon_ros.task.ament_python.build:Building ROS package in '/home/tyzros/chapt3/topic_ws/src/demo_python_topic' with build type 'ament_python'
[0.486s] Level 1:colcon.colcon_core.shell:create_environment_hook('demo_python_topic', 'ament_prefix_path')
[0.486s] INFO:colcon.colcon_core.shell:Creating environment hook '/home/tyzros/chapt3/install/demo_python_topic/share/demo_python_topic/hook/ament_prefix_path.ps1'
[0.487s] INFO:colcon.colcon_core.shell:Creating environment descriptor '/home/tyzros/chapt3/install/demo_python_topic/share/demo_python_topic/hook/ament_prefix_path.dsv'
[0.488s] INFO:colcon.colcon_core.shell:Creating environment hook '/home/tyzros/chapt3/install/demo_python_topic/share/demo_python_topic/hook/ament_prefix_path.sh'
[0.489s] INFO:colcon.colcon_core.shell:Skip shell extension 'powershell' for command environment: Not usable outside of PowerShell
[0.489s] DEBUG:colcon.colcon_core.shell:Skip shell extension 'dsv' for command environment
[0.498s] DEBUG:colcon.colcon_core.event_handler.log_command:Invoking command in '/home/tyzros/chapt3/build/status_interfaces': CMAKE_PREFIX_PATH=/opt/ros/humble /usr/bin/cmake /home/tyzros/chapt3/topic_practice_ws/src/status_interfaces -DCMAKE_INSTALL_PREFIX=/home/tyzros/chapt3/install/status_interfaces
[0.503s] DEBUG:colcon.colcon_core.event_handler.log_command:Invoking command in '/home/tyzros/chapt3/build/demo_cpp_topic': CMAKE_PREFIX_PATH=/opt/ros/humble /usr/bin/cmake /home/tyzros/chapt3/topic_ws/src/demo_cpp_topic -DCMAKE_INSTALL_PREFIX=/home/tyzros/chapt3/install/demo_cpp_topic
[0.696s] INFO:colcon.colcon_core.task.python.build:Building Python package in '/home/tyzros/chapt3/topic_ws/src/demo_python_topic'
[0.697s] INFO:colcon.colcon_core.shell:Skip shell extension 'powershell' for command environment: Not usable outside of PowerShell
[0.697s] DEBUG:colcon.colcon_core.shell:Skip shell extension 'dsv' for command environment
[1.188s] DEBUG:colcon.colcon_core.event_handler.log_command:Invoking command in '/home/tyzros/chapt3/topic_ws/src/demo_python_topic': PYTHONPATH=/home/tyzros/chapt3/build/demo_python_topic/prefix_override:/usr/lib/python3/dist-packages/colcon_core/task/python/colcon_distutils_commands:/home/tyzros/chapt3/install/demo_python_topic/lib/python3.10/site-packages:${PYTHONPATH} /usr/bin/python3 -W ignore:setup.py install is deprecated -W ignore:easy_install command is deprecated setup.py egg_info --egg-base ../../../build/demo_python_topic build --build-base /home/tyzros/chapt3/build/demo_python_topic/build install --record /home/tyzros/chapt3/build/demo_python_topic/install.log --single-version-externally-managed install_data
[1.416s] DEBUG:colcon.colcon_core.event_handler.log_command:Invoked command in '/home/tyzros/chapt3/topic_ws/src/demo_python_topic' returned '0': PYTHONPATH=/home/tyzros/chapt3/build/demo_python_topic/prefix_override:/usr/lib/python3/dist-packages/colcon_core/task/python/colcon_distutils_commands:/home/tyzros/chapt3/install/demo_python_topic/lib/python3.10/site-packages:${PYTHONPATH} /usr/bin/python3 -W ignore:setup.py install is deprecated -W ignore:easy_install command is deprecated setup.py egg_info --egg-base ../../../build/demo_python_topic build --build-base /home/tyzros/chapt3/build/demo_python_topic/build install --record /home/tyzros/chapt3/build/demo_python_topic/install.log --single-version-externally-managed install_data
[1.420s] Level 1:colcon.colcon_core.environment:checking '/home/tyzros/chapt3/install/demo_python_topic' for CMake module files
[1.420s] Level 1:colcon.colcon_core.environment:checking '/home/tyzros/chapt3/install/demo_python_topic' for CMake config files
[1.421s] Level 1:colcon.colcon_core.environment:checking '/home/tyzros/chapt3/install/demo_python_topic/lib'
[1.421s] Level 1:colcon.colcon_core.environment:checking '/home/tyzros/chapt3/install/demo_python_topic/bin'
[1.421s] Level 1:colcon.colcon_core.environment:checking '/home/tyzros/chapt3/install/demo_python_topic/lib/pkgconfig/demo_python_topic.pc'
[1.421s] Level 1:colcon.colcon_core.environment:checking '/home/tyzros/chapt3/install/demo_python_topic/lib/python3.10/site-packages'
[1.421s] Level 1:colcon.colcon_core.shell:create_environment_hook('demo_python_topic', 'pythonpath')
[1.421s] INFO:colcon.colcon_core.shell:Creating environment hook '/home/tyzros/chapt3/install/demo_python_topic/share/demo_python_topic/hook/pythonpath.ps1'
[1.422s] INFO:colcon.colcon_core.shell:Creating environment descriptor '/home/tyzros/chapt3/install/demo_python_topic/share/demo_python_topic/hook/pythonpath.dsv'
[1.422s] INFO:colcon.colcon_core.shell:Creating environment hook '/home/tyzros/chapt3/install/demo_python_topic/share/demo_python_topic/hook/pythonpath.sh'
[1.423s] Level 1:colcon.colcon_core.environment:checking '/home/tyzros/chapt3/install/demo_python_topic/bin'
[1.423s] Level 1:colcon.colcon_core.environment:create_environment_scripts_only(demo_python_topic)
[1.423s] INFO:colcon.colcon_core.shell:Creating package script '/home/tyzros/chapt3/install/demo_python_topic/share/demo_python_topic/package.ps1'
[1.424s] INFO:colcon.colcon_core.shell:Creating package descriptor '/home/tyzros/chapt3/install/demo_python_topic/share/demo_python_topic/package.dsv'
[1.425s] INFO:colcon.colcon_core.shell:Creating package script '/home/tyzros/chapt3/install/demo_python_topic/share/demo_python_topic/package.sh'
[1.426s] INFO:colcon.colcon_core.shell:Creating package script '/home/tyzros/chapt3/install/demo_python_topic/share/demo_python_topic/package.bash'
[1.426s] INFO:colcon.colcon_core.shell:Creating package script '/home/tyzros/chapt3/install/demo_python_topic/share/demo_python_topic/package.zsh'
[1.427s] Level 1:colcon.colcon_core.environment:create_file_with_runtime_dependencies(/home/tyzros/chapt3/install/demo_python_topic/share/colcon-core/packages/demo_python_topic)
[1.867s] DEBUG:colcon.colcon_core.event_handler.log_command:Invoked command in '/home/tyzros/chapt3/build/demo_cpp_topic' returned '0': CMAKE_PREFIX_PATH=/opt/ros/humble /usr/bin/cmake /home/tyzros/chapt3/topic_ws/src/demo_cpp_topic -DCMAKE_INSTALL_PREFIX=/home/tyzros/chapt3/install/demo_cpp_topic
[1.867s] DEBUG:colcon.colcon_core.event_handler.log_command:Invoking command in '/home/tyzros/chapt3/build/demo_cpp_topic': CMAKE_PREFIX_PATH=/opt/ros/humble /usr/bin/cmake --build /home/tyzros/chapt3/build/demo_cpp_topic -- -j16 -l16
[1.957s] DEBUG:colcon.colcon_core.event_handler.log_command:Invoked command in '/home/tyzros/chapt3/build/status_interfaces' returned '0': CMAKE_PREFIX_PATH=/opt/ros/humble /usr/bin/cmake /home/tyzros/chapt3/topic_practice_ws/src/status_interfaces -DCMAKE_INSTALL_PREFIX=/home/tyzros/chapt3/install/status_interfaces
[1.959s] DEBUG:colcon.colcon_core.event_handler.log_command:Invoking command in '/home/tyzros/chapt3/build/status_interfaces': CMAKE_PREFIX_PATH=/opt/ros/humble /usr/bin/cmake --build /home/tyzros/chapt3/build/status_interfaces -- -j16 -l16
[4.337s] DEBUG:colcon.colcon_core.event_handler.log_command:Invoked command in '/home/tyzros/chapt3/build/status_interfaces' returned '0': CMAKE_PREFIX_PATH=/opt/ros/humble /usr/bin/cmake --build /home/tyzros/chapt3/build/status_interfaces -- -j16 -l16
[4.348s] DEBUG:colcon.colcon_core.event_handler.log_command:Invoking command in '/home/tyzros/chapt3/build/status_interfaces': CMAKE_PREFIX_PATH=/opt/ros/humble /usr/bin/cmake --install /home/tyzros/chapt3/build/status_interfaces
[4.423s] Level 1:colcon.colcon_core.environment:create_environment_scripts_only(status_interfaces)
[4.423s] Level 1:colcon.colcon_core.environment:checking '/home/tyzros/chapt3/install/status_interfaces' for CMake module files
[4.424s] DEBUG:colcon.colcon_core.event_handler.log_command:Invoked command in '/home/tyzros/chapt3/build/status_interfaces' returned '0': CMAKE_PREFIX_PATH=/opt/ros/humble /usr/bin/cmake --install /home/tyzros/chapt3/build/status_interfaces
[4.425s] Level 1:colcon.colcon_core.environment:checking '/home/tyzros/chapt3/install/status_interfaces' for CMake config files
[4.425s] Level 1:colcon.colcon_core.shell:create_environment_hook('status_interfaces', 'cmake_prefix_path')
[4.426s] INFO:colcon.colcon_core.shell:Creating environment hook '/home/tyzros/chapt3/install/status_interfaces/share/status_interfaces/hook/cmake_prefix_path.ps1'
[4.426s] INFO:colcon.colcon_core.shell:Creating environment descriptor '/home/tyzros/chapt3/install/status_interfaces/share/status_interfaces/hook/cmake_prefix_path.dsv'
[4.426s] INFO:colcon.colcon_core.shell:Creating environment hook '/home/tyzros/chapt3/install/status_interfaces/share/status_interfaces/hook/cmake_prefix_path.sh'
[4.427s] Level 1:colcon.colcon_core.environment:checking '/home/tyzros/chapt3/install/status_interfaces/lib'
[4.427s] Level 1:colcon.colcon_core.shell:create_environment_hook('status_interfaces', 'ld_library_path_lib')
[4.427s] INFO:colcon.colcon_core.shell:Creating environment hook '/home/tyzros/chapt3/install/status_interfaces/share/status_interfaces/hook/ld_library_path_lib.ps1'
[4.427s] INFO:colcon.colcon_core.shell:Creating environment descriptor '/home/tyzros/chapt3/install/status_interfaces/share/status_interfaces/hook/ld_library_path_lib.dsv'
[4.427s] INFO:colcon.colcon_core.shell:Creating environment hook '/home/tyzros/chapt3/install/status_interfaces/share/status_interfaces/hook/ld_library_path_lib.sh'
[4.428s] Level 1:colcon.colcon_core.environment:checking '/home/tyzros/chapt3/install/status_interfaces/bin'
[4.428s] Level 1:colcon.colcon_core.environment:checking '/home/tyzros/chapt3/install/status_interfaces/lib/pkgconfig/status_interfaces.pc'
[4.428s] Level 1:colcon.colcon_core.environment:checking '/home/tyzros/chapt3/install/status_interfaces/lib/python3.10/site-packages'
[4.428s] Level 1:colcon.colcon_core.environment:checking '/home/tyzros/chapt3/install/status_interfaces/bin'
[4.428s] INFO:colcon.colcon_core.shell:Creating package script '/home/tyzros/chapt3/install/status_interfaces/share/status_interfaces/package.ps1'
[4.429s] INFO:colcon.colcon_core.shell:Creating package descriptor '/home/tyzros/chapt3/install/status_interfaces/share/status_interfaces/package.dsv'
[4.429s] INFO:colcon.colcon_core.shell:Creating package script '/home/tyzros/chapt3/install/status_interfaces/share/status_interfaces/package.sh'
[4.429s] INFO:colcon.colcon_core.shell:Creating package script '/home/tyzros/chapt3/install/status_interfaces/share/status_interfaces/package.bash'
[4.430s] INFO:colcon.colcon_core.shell:Creating package script '/home/tyzros/chapt3/install/status_interfaces/share/status_interfaces/package.zsh'
[4.430s] Level 1:colcon.colcon_core.environment:create_file_with_runtime_dependencies(/home/tyzros/chapt3/install/status_interfaces/share/colcon-core/packages/status_interfaces)
[4.431s] Level 1:colcon.colcon_core.environment:create_environment_scripts_only(status_interfaces)
[4.431s] Level 1:colcon.colcon_core.environment:checking '/home/tyzros/chapt3/install/status_interfaces' for CMake module files
[4.432s] Level 1:colcon.colcon_core.environment:checking '/home/tyzros/chapt3/install/status_interfaces' for CMake config files
[4.432s] Level 1:colcon.colcon_core.shell:create_environment_hook('status_interfaces', 'cmake_prefix_path')
[4.432s] INFO:colcon.colcon_core.shell:Creating environment hook '/home/tyzros/chapt3/install/status_interfaces/share/status_interfaces/hook/cmake_prefix_path.ps1'
[4.432s] INFO:colcon.colcon_core.shell:Creating environment descriptor '/home/tyzros/chapt3/install/status_interfaces/share/status_interfaces/hook/cmake_prefix_path.dsv'
[4.433s] INFO:colcon.colcon_core.shell:Creating environment hook '/home/tyzros/chapt3/install/status_interfaces/share/status_interfaces/hook/cmake_prefix_path.sh'
[4.433s] Level 1:colcon.colcon_core.environment:checking '/home/tyzros/chapt3/install/status_interfaces/lib'
[4.433s] Level 1:colcon.colcon_core.shell:create_environment_hook('status_interfaces', 'ld_library_path_lib')
[4.433s] INFO:colcon.colcon_core.shell:Creating environment hook '/home/tyzros/chapt3/install/status_interfaces/share/status_interfaces/hook/ld_library_path_lib.ps1'
[4.434s] INFO:colcon.colcon_core.shell:Creating environment descriptor '/home/tyzros/chapt3/install/status_interfaces/share/status_interfaces/hook/ld_library_path_lib.dsv'
[4.434s] INFO:colcon.colcon_core.shell:Creating environment hook '/home/tyzros/chapt3/install/status_interfaces/share/status_interfaces/hook/ld_library_path_lib.sh'
[4.434s] Level 1:colcon.colcon_core.environment:checking '/home/tyzros/chapt3/install/status_interfaces/bin'
[4.434s] Level 1:colcon.colcon_core.environment:checking '/home/tyzros/chapt3/install/status_interfaces/lib/pkgconfig/status_interfaces.pc'
[4.434s] Level 1:colcon.colcon_core.environment:checking '/home/tyzros/chapt3/install/status_interfaces/lib/python3.10/site-packages'
[4.435s] Level 1:colcon.colcon_core.environment:checking '/home/tyzros/chapt3/install/status_interfaces/bin'
[4.435s] INFO:colcon.colcon_core.shell:Creating package script '/home/tyzros/chapt3/install/status_interfaces/share/status_interfaces/package.ps1'
[4.435s] INFO:colcon.colcon_core.shell:Creating package descriptor '/home/tyzros/chapt3/install/status_interfaces/share/status_interfaces/package.dsv'
[4.435s] INFO:colcon.colcon_core.shell:Creating package script '/home/tyzros/chapt3/install/status_interfaces/share/status_interfaces/package.sh'
[4.436s] INFO:colcon.colcon_core.shell:Creating package script '/home/tyzros/chapt3/install/status_interfaces/share/status_interfaces/package.bash'
[4.436s] INFO:colcon.colcon_core.shell:Creating package script '/home/tyzros/chapt3/install/status_interfaces/share/status_interfaces/package.zsh'
[4.436s] Level 1:colcon.colcon_core.environment:create_file_with_runtime_dependencies(/home/tyzros/chapt3/install/status_interfaces/share/colcon-core/packages/status_interfaces)
[4.437s] INFO:colcon.colcon_ros.task.ament_cmake.build:Building ROS package in '/home/tyzros/chapt3/topic_practice_ws/src/status_display' with build type 'ament_cmake'
[4.437s] INFO:colcon.colcon_cmake.task.cmake.build:Building CMake package in '/home/tyzros/chapt3/topic_practice_ws/src/status_display'
[4.437s] INFO:colcon.colcon_core.shell:Skip shell extension 'powershell' for command environment: Not usable outside of PowerShell
[4.437s] DEBUG:colcon.colcon_core.shell:Skip shell extension 'dsv' for command environment
[4.445s] INFO:colcon.colcon_ros.task.ament_python.build:Building ROS package in '/home/tyzros/chapt3/topic_practice_ws/src/status_publisher' with build type 'ament_python'
[4.445s] Level 1:colcon.colcon_core.shell:create_environment_hook('status_publisher', 'ament_prefix_path')
[4.445s] INFO:colcon.colcon_core.shell:Creating environment hook '/home/tyzros/chapt3/install/status_publisher/share/status_publisher/hook/ament_prefix_path.ps1'
[4.446s] INFO:colcon.colcon_core.shell:Creating environment descriptor '/home/tyzros/chapt3/install/status_publisher/share/status_publisher/hook/ament_prefix_path.dsv'
[4.446s] INFO:colcon.colcon_core.shell:Creating environment hook '/home/tyzros/chapt3/install/status_publisher/share/status_publisher/hook/ament_prefix_path.sh'
[4.446s] INFO:colcon.colcon_core.shell:Skip shell extension 'powershell' for command environment: Not usable outside of PowerShell
[4.447s] DEBUG:colcon.colcon_core.shell:Skip shell extension 'dsv' for command environment
[4.459s] DEBUG:colcon.colcon_core.event_handler.log_command:Invoking command in '/home/tyzros/chapt3/build/status_display': AMENT_PREFIX_PATH=/home/tyzros/chapt3/install/status_interfaces:${AMENT_PREFIX_PATH} CMAKE_PREFIX_PATH=/home/tyzros/chapt3/install/status_interfaces:/opt/ros/humble LD_LIBRARY_PATH=/home/tyzros/chapt3/install/status_interfaces/lib:${LD_LIBRARY_PATH} PYTHONPATH=/home/tyzros/chapt3/install/status_interfaces/local/lib/python3.10/dist-packages:${PYTHONPATH} /usr/bin/cmake /home/tyzros/chapt3/topic_practice_ws/src/status_display -DCMAKE_INSTALL_PREFIX=/home/tyzros/chapt3/install/status_display
[4.793s] INFO:colcon.colcon_core.task.python.build:Building Python package in '/home/tyzros/chapt3/topic_practice_ws/src/status_publisher'
[4.793s] INFO:colcon.colcon_core.shell:Skip shell extension 'powershell' for command environment: Not usable outside of PowerShell
[4.794s] DEBUG:colcon.colcon_core.shell:Skip shell extension 'dsv' for command environment
[5.232s] DEBUG:colcon.colcon_core.event_handler.log_command:Invoking command in '/home/tyzros/chapt3/topic_practice_ws/src/status_publisher': AMENT_PREFIX_PATH=/home/tyzros/chapt3/install/status_interfaces:${AMENT_PREFIX_PATH} CMAKE_PREFIX_PATH=/home/tyzros/chapt3/install/status_interfaces LD_LIBRARY_PATH=/home/tyzros/chapt3/install/status_interfaces/lib:${LD_LIBRARY_PATH} PYTHONPATH=/home/tyzros/chapt3/build/status_publisher/prefix_override:/usr/lib/python3/dist-packages/colcon_core/task/python/colcon_distutils_commands:/home/tyzros/chapt3/install/status_publisher/lib/python3.10/site-packages:/home/tyzros/chapt3/install/status_interfaces/local/lib/python3.10/dist-packages:${PYTHONPATH} /usr/bin/python3 -W ignore:setup.py install is deprecated -W ignore:easy_install command is deprecated setup.py egg_info --egg-base ../../../build/status_publisher build --build-base /home/tyzros/chapt3/build/status_publisher/build install --record /home/tyzros/chapt3/build/status_publisher/install.log --single-version-externally-managed install_data
[5.573s] Level 1:colcon.colcon_core.environment:checking '/home/tyzros/chapt3/install/status_publisher' for CMake module files
[5.574s] DEBUG:colcon.colcon_core.event_handler.log_command:Invoked command in '/home/tyzros/chapt3/topic_practice_ws/src/status_publisher' returned '0': AMENT_PREFIX_PATH=/home/tyzros/chapt3/install/status_interfaces:${AMENT_PREFIX_PATH} CMAKE_PREFIX_PATH=/home/tyzros/chapt3/install/status_interfaces LD_LIBRARY_PATH=/home/tyzros/chapt3/install/status_interfaces/lib:${LD_LIBRARY_PATH} PYTHONPATH=/home/tyzros/chapt3/build/status_publisher/prefix_override:/usr/lib/python3/dist-packages/colcon_core/task/python/colcon_distutils_commands:/home/tyzros/chapt3/install/status_publisher/lib/python3.10/site-packages:/home/tyzros/chapt3/install/status_interfaces/local/lib/python3.10/dist-packages:${PYTHONPATH} /usr/bin/python3 -W ignore:setup.py install is deprecated -W ignore:easy_install command is deprecated setup.py egg_info --egg-base ../../../build/status_publisher build --build-base /home/tyzros/chapt3/build/status_publisher/build install --record /home/tyzros/chapt3/build/status_publisher/install.log --single-version-externally-managed install_data
[5.574s] Level 1:colcon.colcon_core.environment:checking '/home/tyzros/chapt3/install/status_publisher' for CMake config files
[5.575s] Level 1:colcon.colcon_core.environment:checking '/home/tyzros/chapt3/install/status_publisher/lib'
[5.575s] Level 1:colcon.colcon_core.environment:checking '/home/tyzros/chapt3/install/status_publisher/bin'
[5.575s] Level 1:colcon.colcon_core.environment:checking '/home/tyzros/chapt3/install/status_publisher/lib/pkgconfig/status_publisher.pc'
[5.576s] Level 1:colcon.colcon_core.environment:checking '/home/tyzros/chapt3/install/status_publisher/lib/python3.10/site-packages'
[5.576s] Level 1:colcon.colcon_core.shell:create_environment_hook('status_publisher', 'pythonpath')
[5.576s] INFO:colcon.colcon_core.shell:Creating environment hook '/home/tyzros/chapt3/install/status_publisher/share/status_publisher/hook/pythonpath.ps1'
[5.576s] INFO:colcon.colcon_core.shell:Creating environment descriptor '/home/tyzros/chapt3/install/status_publisher/share/status_publisher/hook/pythonpath.dsv'
[5.577s] INFO:colcon.colcon_core.shell:Creating environment hook '/home/tyzros/chapt3/install/status_publisher/share/status_publisher/hook/pythonpath.sh'
[5.577s] Level 1:colcon.colcon_core.environment:checking '/home/tyzros/chapt3/install/status_publisher/bin'
[5.577s] Level 1:colcon.colcon_core.environment:create_environment_scripts_only(status_publisher)
[5.577s] INFO:colcon.colcon_core.shell:Creating package script '/home/tyzros/chapt3/install/status_publisher/share/status_publisher/package.ps1'
[5.578s] INFO:colcon.colcon_core.shell:Creating package descriptor '/home/tyzros/chapt3/install/status_publisher/share/status_publisher/package.dsv'
[5.578s] INFO:colcon.colcon_core.shell:Creating package script '/home/tyzros/chapt3/install/status_publisher/share/status_publisher/package.sh'
[5.578s] INFO:colcon.colcon_core.shell:Creating package script '/home/tyzros/chapt3/install/status_publisher/share/status_publisher/package.bash'
[5.578s] INFO:colcon.colcon_core.shell:Creating package script '/home/tyzros/chapt3/install/status_publisher/share/status_publisher/package.zsh'
[5.578s] Level 1:colcon.colcon_core.environment:create_file_with_runtime_dependencies(/home/tyzros/chapt3/install/status_publisher/share/colcon-core/packages/status_publisher)
[5.830s] DEBUG:colcon.colcon_core.event_handler.log_command:Invoked command in '/home/tyzros/chapt3/build/status_display' returned '0': AMENT_PREFIX_PATH=/home/tyzros/chapt3/install/status_interfaces:${AMENT_PREFIX_PATH} CMAKE_PREFIX_PATH=/home/tyzros/chapt3/install/status_interfaces:/opt/ros/humble LD_LIBRARY_PATH=/home/tyzros/chapt3/install/status_interfaces/lib:${LD_LIBRARY_PATH} PYTHONPATH=/home/tyzros/chapt3/install/status_interfaces/local/lib/python3.10/dist-packages:${PYTHONPATH} /usr/bin/cmake /home/tyzros/chapt3/topic_practice_ws/src/status_display -DCMAKE_INSTALL_PREFIX=/home/tyzros/chapt3/install/status_display
[5.832s] DEBUG:colcon.colcon_core.event_handler.log_command:Invoking command in '/home/tyzros/chapt3/build/status_display': AMENT_PREFIX_PATH=/home/tyzros/chapt3/install/status_interfaces:${AMENT_PREFIX_PATH} CMAKE_PREFIX_PATH=/home/tyzros/chapt3/install/status_interfaces:/opt/ros/humble LD_LIBRARY_PATH=/home/tyzros/chapt3/install/status_interfaces/lib:${LD_LIBRARY_PATH} PYTHONPATH=/home/tyzros/chapt3/install/status_interfaces/local/lib/python3.10/dist-packages:${PYTHONPATH} /usr/bin/cmake --build /home/tyzros/chapt3/build/status_display -- -j16 -l16
[12.576s] DEBUG:colcon.colcon_core.event_handler.log_command:Invoked command in '/home/tyzros/chapt3/build/demo_cpp_topic' returned '0': CMAKE_PREFIX_PATH=/opt/ros/humble /usr/bin/cmake --build /home/tyzros/chapt3/build/demo_cpp_topic -- -j16 -l16
[12.579s] DEBUG:colcon.colcon_core.event_handler.log_command:Invoking command in '/home/tyzros/chapt3/build/demo_cpp_topic': CMAKE_PREFIX_PATH=/opt/ros/humble /usr/bin/cmake --install /home/tyzros/chapt3/build/demo_cpp_topic
[12.597s] Level 1:colcon.colcon_core.environment:create_environment_scripts_only(demo_cpp_topic)
[12.597s] Level 1:colcon.colcon_core.environment:checking '/home/tyzros/chapt3/install/demo_cpp_topic' for CMake module files
[12.598s] DEBUG:colcon.colcon_core.event_handler.log_command:Invoked command in '/home/tyzros/chapt3/build/demo_cpp_topic' returned '0': CMAKE_PREFIX_PATH=/opt/ros/humble /usr/bin/cmake --install /home/tyzros/chapt3/build/demo_cpp_topic
[12.598s] Level 1:colcon.colcon_core.environment:checking '/home/tyzros/chapt3/install/demo_cpp_topic' for CMake config files
[12.598s] Level 1:colcon.colcon_core.shell:create_environment_hook('demo_cpp_topic', 'cmake_prefix_path')
[12.599s] INFO:colcon.colcon_core.shell:Creating environment hook '/home/tyzros/chapt3/install/demo_cpp_topic/share/demo_cpp_topic/hook/cmake_prefix_path.ps1'
[12.599s] INFO:colcon.colcon_core.shell:Creating environment descriptor '/home/tyzros/chapt3/install/demo_cpp_topic/share/demo_cpp_topic/hook/cmake_prefix_path.dsv'
[12.599s] INFO:colcon.colcon_core.shell:Creating environment hook '/home/tyzros/chapt3/install/demo_cpp_topic/share/demo_cpp_topic/hook/cmake_prefix_path.sh'
[12.600s] Level 1:colcon.colcon_core.environment:checking '/home/tyzros/chapt3/install/demo_cpp_topic/lib'
[12.600s] Level 1:colcon.colcon_core.environment:checking '/home/tyzros/chapt3/install/demo_cpp_topic/bin'
[12.600s] Level 1:colcon.colcon_core.environment:checking '/home/tyzros/chapt3/install/demo_cpp_topic/lib/pkgconfig/demo_cpp_topic.pc'
[12.600s] Level 1:colcon.colcon_core.environment:checking '/home/tyzros/chapt3/install/demo_cpp_topic/lib/python3.10/site-packages'
[12.600s] Level 1:colcon.colcon_core.environment:checking '/home/tyzros/chapt3/install/demo_cpp_topic/bin'
[12.600s] INFO:colcon.colcon_core.shell:Creating package script '/home/tyzros/chapt3/install/demo_cpp_topic/share/demo_cpp_topic/package.ps1'
[12.601s] INFO:colcon.colcon_core.shell:Creating package descriptor '/home/tyzros/chapt3/install/demo_cpp_topic/share/demo_cpp_topic/package.dsv'
[12.601s] INFO:colcon.colcon_core.shell:Creating package script '/home/tyzros/chapt3/install/demo_cpp_topic/share/demo_cpp_topic/package.sh'
[12.602s] INFO:colcon.colcon_core.shell:Creating package script '/home/tyzros/chapt3/install/demo_cpp_topic/share/demo_cpp_topic/package.bash'
[12.602s] INFO:colcon.colcon_core.shell:Creating package script '/home/tyzros/chapt3/install/demo_cpp_topic/share/demo_cpp_topic/package.zsh'
[12.602s] Level 1:colcon.colcon_core.environment:create_file_with_runtime_dependencies(/home/tyzros/chapt3/install/demo_cpp_topic/share/colcon-core/packages/demo_cpp_topic)
[12.603s] Level 1:colcon.colcon_core.environment:create_environment_scripts_only(demo_cpp_topic)
[12.603s] Level 1:colcon.colcon_core.environment:checking '/home/tyzros/chapt3/install/demo_cpp_topic' for CMake module files
[12.603s] Level 1:colcon.colcon_core.environment:checking '/home/tyzros/chapt3/install/demo_cpp_topic' for CMake config files
[12.603s] Level 1:colcon.colcon_core.shell:create_environment_hook('demo_cpp_topic', 'cmake_prefix_path')
[12.603s] INFO:colcon.colcon_core.shell:Creating environment hook '/home/tyzros/chapt3/install/demo_cpp_topic/share/demo_cpp_topic/hook/cmake_prefix_path.ps1'
[12.604s] INFO:colcon.colcon_core.shell:Creating environment descriptor '/home/tyzros/chapt3/install/demo_cpp_topic/share/demo_cpp_topic/hook/cmake_prefix_path.dsv'
[12.604s] INFO:colcon.colcon_core.shell:Creating environment hook '/home/tyzros/chapt3/install/demo_cpp_topic/share/demo_cpp_topic/hook/cmake_prefix_path.sh'
[12.605s] Level 1:colcon.colcon_core.environment:checking '/home/tyzros/chapt3/install/demo_cpp_topic/lib'
[12.605s] Level 1:colcon.colcon_core.environment:checking '/home/tyzros/chapt3/install/demo_cpp_topic/bin'
[12.605s] Level 1:colcon.colcon_core.environment:checking '/home/tyzros/chapt3/install/demo_cpp_topic/lib/pkgconfig/demo_cpp_topic.pc'
[12.605s] Level 1:colcon.colcon_core.environment:checking '/home/tyzros/chapt3/install/demo_cpp_topic/lib/python3.10/site-packages'
[12.605s] Level 1:colcon.colcon_core.environment:checking '/home/tyzros/chapt3/install/demo_cpp_topic/bin'
[12.605s] INFO:colcon.colcon_core.shell:Creating package script '/home/tyzros/chapt3/install/demo_cpp_topic/share/demo_cpp_topic/package.ps1'
[12.606s] INFO:colcon.colcon_core.shell:Creating package descriptor '/home/tyzros/chapt3/install/demo_cpp_topic/share/demo_cpp_topic/package.dsv'
[12.606s] INFO:colcon.colcon_core.shell:Creating package script '/home/tyzros/chapt3/install/demo_cpp_topic/share/demo_cpp_topic/package.sh'
[12.606s] INFO:colcon.colcon_core.shell:Creating package script '/home/tyzros/chapt3/install/demo_cpp_topic/share/demo_cpp_topic/package.bash'
[12.607s] INFO:colcon.colcon_core.shell:Creating package script '/home/tyzros/chapt3/install/demo_cpp_topic/share/demo_cpp_topic/package.zsh'
[12.607s] Level 1:colcon.colcon_core.environment:create_file_with_runtime_dependencies(/home/tyzros/chapt3/install/demo_cpp_topic/share/colcon-core/packages/demo_cpp_topic)
[15.367s] DEBUG:colcon.colcon_core.event_handler.log_command:Invoked command in '/home/tyzros/chapt3/build/status_display' returned '0': AMENT_PREFIX_PATH=/home/tyzros/chapt3/install/status_interfaces:${AMENT_PREFIX_PATH} CMAKE_PREFIX_PATH=/home/tyzros/chapt3/install/status_interfaces:/opt/ros/humble LD_LIBRARY_PATH=/home/tyzros/chapt3/install/status_interfaces/lib:${LD_LIBRARY_PATH} PYTHONPATH=/home/tyzros/chapt3/install/status_interfaces/local/lib/python3.10/dist-packages:${PYTHONPATH} /usr/bin/cmake --build /home/tyzros/chapt3/build/status_display -- -j16 -l16
[15.368s] DEBUG:colcon.colcon_core.event_handler.log_command:Invoking command in '/home/tyzros/chapt3/build/status_display': AMENT_PREFIX_PATH=/home/tyzros/chapt3/install/status_interfaces:${AMENT_PREFIX_PATH} CMAKE_PREFIX_PATH=/home/tyzros/chapt3/install/status_interfaces:/opt/ros/humble LD_LIBRARY_PATH=/home/tyzros/chapt3/install/status_interfaces/lib:${LD_LIBRARY_PATH} PYTHONPATH=/home/tyzros/chapt3/install/status_interfaces/local/lib/python3.10/dist-packages:${PYTHONPATH} /usr/bin/cmake --install /home/tyzros/chapt3/build/status_display
[15.385s] Level 1:colcon.colcon_core.environment:create_environment_scripts_only(status_display)
[15.386s] Level 1:colcon.colcon_core.environment:checking '/home/tyzros/chapt3/install/status_display' for CMake module files
[15.386s] DEBUG:colcon.colcon_core.event_handler.log_command:Invoked command in '/home/tyzros/chapt3/build/status_display' returned '0': AMENT_PREFIX_PATH=/home/tyzros/chapt3/install/status_interfaces:${AMENT_PREFIX_PATH} CMAKE_PREFIX_PATH=/home/tyzros/chapt3/install/status_interfaces:/opt/ros/humble LD_LIBRARY_PATH=/home/tyzros/chapt3/install/status_interfaces/lib:${LD_LIBRARY_PATH} PYTHONPATH=/home/tyzros/chapt3/install/status_interfaces/local/lib/python3.10/dist-packages:${PYTHONPATH} /usr/bin/cmake --install /home/tyzros/chapt3/build/status_display
[15.386s] Level 1:colcon.colcon_core.environment:checking '/home/tyzros/chapt3/install/status_display' for CMake config files
[15.387s] Level 1:colcon.colcon_core.shell:create_environment_hook('status_display', 'cmake_prefix_path')
[15.387s] INFO:colcon.colcon_core.shell:Creating environment hook '/home/tyzros/chapt3/install/status_display/share/status_display/hook/cmake_prefix_path.ps1'
[15.387s] INFO:colcon.colcon_core.shell:Creating environment descriptor '/home/tyzros/chapt3/install/status_display/share/status_display/hook/cmake_prefix_path.dsv'
[15.387s] INFO:colcon.colcon_core.shell:Creating environment hook '/home/tyzros/chapt3/install/status_display/share/status_display/hook/cmake_prefix_path.sh'
[15.388s] Level 1:colcon.colcon_core.environment:checking '/home/tyzros/chapt3/install/status_display/lib'
[15.388s] Level 1:colcon.colcon_core.environment:checking '/home/tyzros/chapt3/install/status_display/bin'
[15.388s] Level 1:colcon.colcon_core.environment:checking '/home/tyzros/chapt3/install/status_display/lib/pkgconfig/status_display.pc'
[15.388s] Level 1:colcon.colcon_core.environment:checking '/home/tyzros/chapt3/install/status_display/lib/python3.10/site-packages'
[15.388s] Level 1:colcon.colcon_core.environment:checking '/home/tyzros/chapt3/install/status_display/bin'
[15.389s] INFO:colcon.colcon_core.shell:Creating package script '/home/tyzros/chapt3/install/status_display/share/status_display/package.ps1'
[15.389s] INFO:colcon.colcon_core.shell:Creating package descriptor '/home/tyzros/chapt3/install/status_display/share/status_display/package.dsv'
[15.389s] INFO:colcon.colcon_core.shell:Creating package script '/home/tyzros/chapt3/install/status_display/share/status_display/package.sh'
[15.390s] INFO:colcon.colcon_core.shell:Creating package script '/home/tyzros/chapt3/install/status_display/share/status_display/package.bash'
[15.390s] INFO:colcon.colcon_core.shell:Creating package script '/home/tyzros/chapt3/install/status_display/share/status_display/package.zsh'
[15.390s] Level 1:colcon.colcon_core.environment:create_file_with_runtime_dependencies(/home/tyzros/chapt3/install/status_display/share/colcon-core/packages/status_display)
[15.390s] Level 1:colcon.colcon_core.environment:create_environment_scripts_only(status_display)
[15.391s] Level 1:colcon.colcon_core.environment:checking '/home/tyzros/chapt3/install/status_display' for CMake module files
[15.391s] Level 1:colcon.colcon_core.environment:checking '/home/tyzros/chapt3/install/status_display' for CMake config files
[15.391s] Level 1:colcon.colcon_core.shell:create_environment_hook('status_display', 'cmake_prefix_path')
[15.391s] INFO:colcon.colcon_core.shell:Creating environment hook '/home/tyzros/chapt3/install/status_display/share/status_display/hook/cmake_prefix_path.ps1'
[15.392s] INFO:colcon.colcon_core.shell:Creating environment descriptor '/home/tyzros/chapt3/install/status_display/share/status_display/hook/cmake_prefix_path.dsv'
[15.392s] INFO:colcon.colcon_core.shell:Creating environment hook '/home/tyzros/chapt3/install/status_display/share/status_display/hook/cmake_prefix_path.sh'
[15.393s] Level 1:colcon.colcon_core.environment:checking '/home/tyzros/chapt3/install/status_display/lib'
[15.393s] Level 1:colcon.colcon_core.environment:checking '/home/tyzros/chapt3/install/status_display/bin'
[15.393s] Level 1:colcon.colcon_core.environment:checking '/home/tyzros/chapt3/install/status_display/lib/pkgconfig/status_display.pc'
[15.393s] Level 1:colcon.colcon_core.environment:checking '/home/tyzros/chapt3/install/status_display/lib/python3.10/site-packages'
[15.393s] Level 1:colcon.colcon_core.environment:checking '/home/tyzros/chapt3/install/status_display/bin'
[15.393s] INFO:colcon.colcon_core.shell:Creating package script '/home/tyzros/chapt3/install/status_display/share/status_display/package.ps1'
[15.394s] INFO:colcon.colcon_core.shell:Creating package descriptor '/home/tyzros/chapt3/install/status_display/share/status_display/package.dsv'
[15.394s] INFO:colcon.colcon_core.shell:Creating package script '/home/tyzros/chapt3/install/status_display/share/status_display/package.sh'
[15.394s] INFO:colcon.colcon_core.shell:Creating package script '/home/tyzros/chapt3/install/status_display/share/status_display/package.bash'
[15.395s] INFO:colcon.colcon_core.shell:Creating package script '/home/tyzros/chapt3/install/status_display/share/status_display/package.zsh'
[15.396s] Level 1:colcon.colcon_core.environment:create_file_with_runtime_dependencies(/home/tyzros/chapt3/install/status_display/share/colcon-core/packages/status_display)
[15.398s] DEBUG:colcon.colcon_parallel_executor.executor.parallel:closing loop
[15.398s] DEBUG:colcon.colcon_parallel_executor.executor.parallel:loop closed
[15.398s] DEBUG:colcon.colcon_parallel_executor.executor.parallel:run_until_complete finished with '0'
[15.398s] DEBUG:colcon.colcon_core.event_reactor:joining thread
[15.415s] INFO:colcon.colcon_core.plugin_system:Skipping extension 'colcon_notification.desktop_notification.terminal_notifier': Not used on non-Darwin systems
[15.415s] INFO:colcon.colcon_core.plugin_system:Skipping extension 'colcon_notification.desktop_notification.win32': Not used on non-Windows systems
[15.415s] INFO:colcon.colcon_notification.desktop_notification:Sending desktop notification using 'notify2'
[15.467s] DEBUG:colcon.colcon_core.event_reactor:joined thread
[15.468s] INFO:colcon.colcon_core.shell:Creating prefix script '/home/tyzros/chapt3/install/local_setup.ps1'
[15.469s] INFO:colcon.colcon_core.shell:Creating prefix util module '/home/tyzros/chapt3/install/_local_setup_util_ps1.py'
[15.470s] INFO:colcon.colcon_core.shell:Creating prefix chain script '/home/tyzros/chapt3/install/setup.ps1'
[15.471s] INFO:colcon.colcon_core.shell:Creating prefix script '/home/tyzros/chapt3/install/local_setup.sh'
[15.471s] INFO:colcon.colcon_core.shell:Creating prefix util module '/home/tyzros/chapt3/install/_local_setup_util_sh.py'
[15.472s] INFO:colcon.colcon_core.shell:Creating prefix chain script '/home/tyzros/chapt3/install/setup.sh'
[15.473s] INFO:colcon.colcon_core.shell:Creating prefix script '/home/tyzros/chapt3/install/local_setup.bash'
[15.473s] INFO:colcon.colcon_core.shell:Creating prefix chain script '/home/tyzros/chapt3/install/setup.bash'
[15.474s] INFO:colcon.colcon_core.shell:Creating prefix script '/home/tyzros/chapt3/install/local_setup.zsh'
[15.475s] INFO:colcon.colcon_core.shell:Creating prefix chain script '/home/tyzros/chapt3/install/setup.zsh'
