[0.017s] Invoking command in '/home/tyzros/chapt3/topic_practice_ws/src/status_display/build/status_display': CMAKE_PREFIX_PATH=${CMAKE_PREFIX_PATH}:/home/tyzros/chapt3/topic_practice_ws/src/install/status_publisher:/opt/ros/humble /usr/bin/cmake --build /home/tyzros/chapt3/topic_practice_ws/src/status_display/build/status_display -- -j16 -l16
[0.061s] [35m[1mConsolidate compiler generated dependencies of target sys_status_display[0m
[0.066s] [35m[1mConsolidate compiler generated dependencies of target hello_qt[0m
[0.082s] [ 50%] Built target sys_status_display
[0.082s] [100%] Built target hello_qt
[0.094s] Invoked command in '/home/tyzros/chapt3/topic_practice_ws/src/status_display/build/status_display' returned '0': CMAKE_PREFIX_PATH=${CMAKE_PREFIX_PATH}:/home/tyzros/chapt3/topic_practice_ws/src/install/status_publisher:/opt/ros/humble /usr/bin/cmake --build /home/tyzros/chapt3/topic_practice_ws/src/status_display/build/status_display -- -j16 -l16
[0.105s] Invoking command in '/home/tyzros/chapt3/topic_practice_ws/src/status_display/build/status_display': CMAKE_PREFIX_PATH=${CMAKE_PREFIX_PATH}:/home/tyzros/chapt3/topic_practice_ws/src/install/status_publisher:/opt/ros/humble /usr/bin/cmake --install /home/tyzros/chapt3/topic_practice_ws/src/status_display/build/status_display
[0.115s] -- Install configuration: ""
[0.115s] -- Up-to-date: /home/tyzros/chapt3/topic_practice_ws/src/status_display/install/status_display/lib/status_display/hello_qt
[0.118s] -- Up-to-date: /home/tyzros/chapt3/topic_practice_ws/src/status_display/install/status_display/lib/status_display/sys_status_display
[0.118s] -- Up-to-date: /home/tyzros/chapt3/topic_practice_ws/src/status_display/install/status_display/share/ament_index/resource_index/package_run_dependencies/status_display
[0.118s] -- Up-to-date: /home/tyzros/chapt3/topic_practice_ws/src/status_display/install/status_display/share/ament_index/resource_index/parent_prefix_path/status_display
[0.118s] -- Up-to-date: /home/tyzros/chapt3/topic_practice_ws/src/status_display/install/status_display/share/status_display/environment/ament_prefix_path.sh
[0.118s] -- Up-to-date: /home/tyzros/chapt3/topic_practice_ws/src/status_display/install/status_display/share/status_display/environment/ament_prefix_path.dsv
[0.118s] -- Up-to-date: /home/tyzros/chapt3/topic_practice_ws/src/status_display/install/status_display/share/status_display/environment/path.sh
[0.118s] -- Up-to-date: /home/tyzros/chapt3/topic_practice_ws/src/status_display/install/status_display/share/status_display/environment/path.dsv
[0.119s] -- Up-to-date: /home/tyzros/chapt3/topic_practice_ws/src/status_display/install/status_display/share/status_display/local_setup.bash
[0.119s] -- Up-to-date: /home/tyzros/chapt3/topic_practice_ws/src/status_display/install/status_display/share/status_display/local_setup.sh
[0.119s] -- Up-to-date: /home/tyzros/chapt3/topic_practice_ws/src/status_display/install/status_display/share/status_display/local_setup.zsh
[0.119s] -- Up-to-date: /home/tyzros/chapt3/topic_practice_ws/src/status_display/install/status_display/share/status_display/local_setup.dsv
[0.119s] -- Installing: /home/tyzros/chapt3/topic_practice_ws/src/status_display/install/status_display/share/status_display/package.dsv
[0.119s] -- Up-to-date: /home/tyzros/chapt3/topic_practice_ws/src/status_display/install/status_display/share/ament_index/resource_index/packages/status_display
[0.119s] -- Up-to-date: /home/tyzros/chapt3/topic_practice_ws/src/status_display/install/status_display/share/status_display/cmake/status_displayConfig.cmake
[0.119s] -- Up-to-date: /home/tyzros/chapt3/topic_practice_ws/src/status_display/install/status_display/share/status_display/cmake/status_displayConfig-version.cmake
[0.119s] -- Up-to-date: /home/tyzros/chapt3/topic_practice_ws/src/status_display/install/status_display/share/status_display/package.xml
[0.120s] Invoked command in '/home/tyzros/chapt3/topic_practice_ws/src/status_display/build/status_display' returned '0': CMAKE_PREFIX_PATH=${CMAKE_PREFIX_PATH}:/home/tyzros/chapt3/topic_practice_ws/src/install/status_publisher:/opt/ros/humble /usr/bin/cmake --install /home/tyzros/chapt3/topic_practice_ws/src/status_display/build/status_display
