[0.020s] Invoking command in '/home/tyzros/chapt3/build/demo_cpp_topic': CMAKE_PREFIX_PATH=/opt/ros/humble /usr/bin/cmake /home/tyzros/chapt3/topic_ws/src/demo_cpp_topic -DCMAKE_INSTALL_PREFIX=/home/tyzros/chapt3/install/demo_cpp_topic
[0.153s] -- The C compiler identification is GNU 11.4.0
[0.254s] -- The CXX compiler identification is GNU 11.4.0
[0.269s] -- Detecting C compiler ABI info
[0.345s] -- Detecting C compiler ABI info - done
[0.352s] -- Check for working C compiler: /usr/bin/cc - skipped
[0.352s] -- Detecting C compile features
[0.353s] -- Detecting C compile features - done
[0.356s] -- Detecting CXX compiler ABI info
[0.439s] -- Detecting CXX compiler ABI info - done
[0.444s] -- Check for working CXX compiler: /usr/bin/c++ - skipped
[0.444s] -- Detecting CXX compile features
[0.444s] -- Detecting CXX compile features - done
[0.446s] -- Found ament_cmake: 1.3.11 (/opt/ros/humble/share/ament_cmake/cmake)
[0.575s] -- Found Python3: /usr/bin/python3 (found version "3.10.12") found components: Interpreter 
[0.671s] -- Found rclcpp: 16.0.12 (/opt/ros/humble/share/rclcpp/cmake)
[0.727s] -- Found rosidl_generator_c: 3.1.6 (/opt/ros/humble/share/rosidl_generator_c/cmake)
[0.731s] -- Found rosidl_adapter: 3.1.6 (/opt/ros/humble/share/rosidl_adapter/cmake)
[0.738s] -- Found rosidl_generator_cpp: 3.1.6 (/opt/ros/humble/share/rosidl_generator_cpp/cmake)
[0.754s] -- Using all available rosidl_typesupport_c: rosidl_typesupport_fastrtps_c;rosidl_typesupport_introspection_c
[0.766s] -- Using all available rosidl_typesupport_cpp: rosidl_typesupport_fastrtps_cpp;rosidl_typesupport_introspection_cpp
[0.825s] -- Found rmw_implementation_cmake: 6.1.2 (/opt/ros/humble/share/rmw_implementation_cmake/cmake)
[0.828s] -- Found rmw_fastrtps_cpp: 6.2.7 (/opt/ros/humble/share/rmw_fastrtps_cpp/cmake)
[0.929s] -- Found OpenSSL: /usr/lib/x86_64-linux-gnu/libcrypto.so (found version "3.0.2")  
[0.952s] -- Found FastRTPS: /opt/ros/humble/include  
[0.983s] -- Using RMW implementation 'rmw_fastrtps_cpp' as default
[0.994s] -- Looking for pthread.h
[1.072s] -- Looking for pthread.h - found
[1.072s] -- Performing Test CMAKE_HAVE_LIBC_PTHREAD
[1.142s] -- Performing Test CMAKE_HAVE_LIBC_PTHREAD - Success
[1.143s] -- Found Threads: TRUE  
[1.211s] -- Found geometry_msgs: 4.8.0 (/opt/ros/humble/share/geometry_msgs/cmake)
[1.229s] -- Found turtlesim: 1.4.2 (/opt/ros/humble/share/turtlesim/cmake)
[1.282s] -- Found ament_lint_auto: 0.12.12 (/opt/ros/humble/share/ament_lint_auto/cmake)
[1.356s] -- Added test 'cppcheck' to perform static code analysis on C / C++ code
[1.356s] -- Configured cppcheck include dirs: 
[1.356s] -- Configured cppcheck exclude dirs and/or files: 
[1.357s] -- Added test 'lint_cmake' to check CMake code style
[1.358s] -- Added test 'uncrustify' to check C / C++ code style
[1.358s] -- Configured uncrustify additional arguments: 
[1.359s] -- Added test 'xmllint' to check XML markup files
[1.360s] -- Configuring done
[1.371s] -- Generating done
[1.374s] -- Build files have been written to: /home/tyzros/chapt3/build/demo_cpp_topic
[1.384s] Invoked command in '/home/tyzros/chapt3/build/demo_cpp_topic' returned '0': CMAKE_PREFIX_PATH=/opt/ros/humble /usr/bin/cmake /home/tyzros/chapt3/topic_ws/src/demo_cpp_topic -DCMAKE_INSTALL_PREFIX=/home/tyzros/chapt3/install/demo_cpp_topic
[1.385s] Invoking command in '/home/tyzros/chapt3/build/demo_cpp_topic': CMAKE_PREFIX_PATH=/opt/ros/humble /usr/bin/cmake --build /home/tyzros/chapt3/build/demo_cpp_topic -- -j16 -l16
[1.428s] [ 25%] [32mBuilding CXX object CMakeFiles/turtle_circle.dir/src/turtle_circle.cpp.o[0m
[1.430s] [ 50%] [32mBuilding CXX object CMakeFiles/turtle_control.dir/src/turtle_control.cpp.o[0m
[7.672s] [ 75%] [32m[1mLinking CXX executable turtle_circle[0m
[7.885s] [ 75%] Built target turtle_circle
[11.628s] [100%] [32m[1mLinking CXX executable turtle_control[0m
[12.082s] [100%] Built target turtle_control
[12.093s] Invoked command in '/home/tyzros/chapt3/build/demo_cpp_topic' returned '0': CMAKE_PREFIX_PATH=/opt/ros/humble /usr/bin/cmake --build /home/tyzros/chapt3/build/demo_cpp_topic -- -j16 -l16
[12.096s] Invoking command in '/home/tyzros/chapt3/build/demo_cpp_topic': CMAKE_PREFIX_PATH=/opt/ros/humble /usr/bin/cmake --install /home/tyzros/chapt3/build/demo_cpp_topic
[12.104s] -- Install configuration: ""
[12.105s] -- Installing: /home/tyzros/chapt3/install/demo_cpp_topic/lib/demo_cpp_topic/turtle_control
[12.109s] -- Set runtime path of "/home/tyzros/chapt3/install/demo_cpp_topic/lib/demo_cpp_topic/turtle_control" to ""
[12.109s] -- Installing: /home/tyzros/chapt3/install/demo_cpp_topic/lib/demo_cpp_topic/turtle_circle
[12.111s] -- Set runtime path of "/home/tyzros/chapt3/install/demo_cpp_topic/lib/demo_cpp_topic/turtle_circle" to ""
[12.111s] -- Installing: /home/tyzros/chapt3/install/demo_cpp_topic/share/ament_index/resource_index/package_run_dependencies/demo_cpp_topic
[12.111s] -- Installing: /home/tyzros/chapt3/install/demo_cpp_topic/share/ament_index/resource_index/parent_prefix_path/demo_cpp_topic
[12.112s] -- Installing: /home/tyzros/chapt3/install/demo_cpp_topic/share/demo_cpp_topic/environment/ament_prefix_path.sh
[12.112s] -- Installing: /home/tyzros/chapt3/install/demo_cpp_topic/share/demo_cpp_topic/environment/ament_prefix_path.dsv
[12.112s] -- Installing: /home/tyzros/chapt3/install/demo_cpp_topic/share/demo_cpp_topic/environment/path.sh
[12.112s] -- Installing: /home/tyzros/chapt3/install/demo_cpp_topic/share/demo_cpp_topic/environment/path.dsv
[12.112s] -- Installing: /home/tyzros/chapt3/install/demo_cpp_topic/share/demo_cpp_topic/local_setup.bash
[12.113s] -- Installing: /home/tyzros/chapt3/install/demo_cpp_topic/share/demo_cpp_topic/local_setup.sh
[12.113s] -- Installing: /home/tyzros/chapt3/install/demo_cpp_topic/share/demo_cpp_topic/local_setup.zsh
[12.113s] -- Installing: /home/tyzros/chapt3/install/demo_cpp_topic/share/demo_cpp_topic/local_setup.dsv
[12.113s] -- Installing: /home/tyzros/chapt3/install/demo_cpp_topic/share/demo_cpp_topic/package.dsv
[12.113s] -- Installing: /home/tyzros/chapt3/install/demo_cpp_topic/share/ament_index/resource_index/packages/demo_cpp_topic
[12.113s] -- Installing: /home/tyzros/chapt3/install/demo_cpp_topic/share/demo_cpp_topic/cmake/demo_cpp_topicConfig.cmake
[12.113s] -- Installing: /home/tyzros/chapt3/install/demo_cpp_topic/share/demo_cpp_topic/cmake/demo_cpp_topicConfig-version.cmake
[12.113s] -- Installing: /home/tyzros/chapt3/install/demo_cpp_topic/share/demo_cpp_topic/package.xml
[12.115s] Invoked command in '/home/tyzros/chapt3/build/demo_cpp_topic' returned '0': CMAKE_PREFIX_PATH=/opt/ros/humble /usr/bin/cmake --install /home/tyzros/chapt3/build/demo_cpp_topic
