[0.018s] Invoking command in '/home/tyzros/chapt3/topic_practice_ws/src/build/status_interfaces': CMAKE_PREFIX_PATH=${CMAKE_PREFIX_PATH}:/home/tyzros/chapt3/topic_practice_ws/src/install/status_publisher:/opt/ros/humble /usr/bin/cmake --build /home/tyzros/chapt3/topic_practice_ws/src/build/status_interfaces -- -j16 -l16
[0.124s] [  3%] Built target status_interfaces__cpp
[0.129s] [ 12%] Built target status_interfaces__rosidl_generator_c
[0.142s] [ 12%] Built target ament_cmake_python_copy_status_interfaces
[0.165s] [ 22%] Built target status_interfaces__rosidl_typesupport_fastrtps_c
[0.166s] [ 32%] Built target status_interfaces__rosidl_typesupport_c
[0.167s] [ 41%] Built target status_interfaces__rosidl_typesupport_introspection_c
[0.169s] [ 61%] Built target status_interfaces__rosidl_typesupport_cpp
[0.169s] [ 61%] Built target status_interfaces__rosidl_typesupport_fastrtps_cpp
[0.173s] [ 70%] Built target status_interfaces__rosidl_typesupport_introspection_cpp
[0.197s] [ 70%] Built target status_interfaces
[0.221s] [ 74%] Built target status_interfaces__py
[0.252s] [ 80%] Built target status_interfaces__rosidl_generator_py
[0.279s] [ 87%] Built target status_interfaces__rosidl_typesupport_c__pyext
[0.280s] [ 93%] Built target status_interfaces__rosidl_typesupport_fastrtps_c__pyext
[0.285s] [100%] Built target status_interfaces__rosidl_typesupport_introspection_c__pyext
[0.409s] running egg_info
[0.409s] writing status_interfaces.egg-info/PKG-INFO
[0.410s] writing dependency_links to status_interfaces.egg-info/dependency_links.txt
[0.410s] writing top-level names to status_interfaces.egg-info/top_level.txt
[0.415s] reading manifest file 'status_interfaces.egg-info/SOURCES.txt'
[0.416s] writing manifest file 'status_interfaces.egg-info/SOURCES.txt'
[0.439s] [100%] Built target ament_cmake_python_build_status_interfaces_egg
[0.451s] Invoked command in '/home/tyzros/chapt3/topic_practice_ws/src/build/status_interfaces' returned '0': CMAKE_PREFIX_PATH=${CMAKE_PREFIX_PATH}:/home/tyzros/chapt3/topic_practice_ws/src/install/status_publisher:/opt/ros/humble /usr/bin/cmake --build /home/tyzros/chapt3/topic_practice_ws/src/build/status_interfaces -- -j16 -l16
[0.462s] Invoking command in '/home/tyzros/chapt3/topic_practice_ws/src/build/status_interfaces': CMAKE_PREFIX_PATH=${CMAKE_PREFIX_PATH}:/home/tyzros/chapt3/topic_practice_ws/src/install/status_publisher:/opt/ros/humble /usr/bin/cmake --install /home/tyzros/chapt3/topic_practice_ws/src/build/status_interfaces
[0.470s] -- Install configuration: ""
[0.471s] -- Up-to-date: /home/tyzros/chapt3/topic_practice_ws/src/install/status_interfaces/share/ament_index/resource_index/rosidl_interfaces/status_interfaces
[0.471s] -- Up-to-date: /home/tyzros/chapt3/topic_practice_ws/src/install/status_interfaces/include/status_interfaces/status_interfaces
[0.472s] -- Up-to-date: /home/tyzros/chapt3/topic_practice_ws/src/install/status_interfaces/include/status_interfaces/status_interfaces/msg
[0.472s] -- Up-to-date: /home/tyzros/chapt3/topic_practice_ws/src/install/status_interfaces/include/status_interfaces/status_interfaces/msg/detail
[0.472s] -- Up-to-date: /home/tyzros/chapt3/topic_practice_ws/src/install/status_interfaces/include/status_interfaces/status_interfaces/msg/detail/system_status__struct.h
[0.472s] -- Up-to-date: /home/tyzros/chapt3/topic_practice_ws/src/install/status_interfaces/include/status_interfaces/status_interfaces/msg/detail/system_status__type_support.h
[0.472s] -- Up-to-date: /home/tyzros/chapt3/topic_practice_ws/src/install/status_interfaces/include/status_interfaces/status_interfaces/msg/detail/system_status__functions.h
[0.473s] -- Up-to-date: /home/tyzros/chapt3/topic_practice_ws/src/install/status_interfaces/include/status_interfaces/status_interfaces/msg/detail/system_status__functions.c
[0.473s] -- Up-to-date: /home/tyzros/chapt3/topic_practice_ws/src/install/status_interfaces/include/status_interfaces/status_interfaces/msg/rosidl_generator_c__visibility_control.h
[0.473s] -- Up-to-date: /home/tyzros/chapt3/topic_practice_ws/src/install/status_interfaces/include/status_interfaces/status_interfaces/msg/system_status.h
[0.473s] -- Up-to-date: /home/tyzros/chapt3/topic_practice_ws/src/install/status_interfaces/share/status_interfaces/environment/library_path.sh
[0.474s] -- Up-to-date: /home/tyzros/chapt3/topic_practice_ws/src/install/status_interfaces/share/status_interfaces/environment/library_path.dsv
[0.474s] -- Up-to-date: /home/tyzros/chapt3/topic_practice_ws/src/install/status_interfaces/lib/libstatus_interfaces__rosidl_generator_c.so
[0.474s] -- Up-to-date: /home/tyzros/chapt3/topic_practice_ws/src/install/status_interfaces/include/status_interfaces/status_interfaces
[0.474s] -- Up-to-date: /home/tyzros/chapt3/topic_practice_ws/src/install/status_interfaces/include/status_interfaces/status_interfaces/msg
[0.474s] -- Up-to-date: /home/tyzros/chapt3/topic_practice_ws/src/install/status_interfaces/include/status_interfaces/status_interfaces/msg/rosidl_typesupport_fastrtps_c__visibility_control.h
[0.474s] -- Up-to-date: /home/tyzros/chapt3/topic_practice_ws/src/install/status_interfaces/include/status_interfaces/status_interfaces/msg/detail
[0.474s] -- Up-to-date: /home/tyzros/chapt3/topic_practice_ws/src/install/status_interfaces/include/status_interfaces/status_interfaces/msg/detail/system_status__rosidl_typesupport_fastrtps_c.h
[0.474s] -- Up-to-date: /home/tyzros/chapt3/topic_practice_ws/src/install/status_interfaces/lib/libstatus_interfaces__rosidl_typesupport_fastrtps_c.so
[0.474s] -- Up-to-date: /home/tyzros/chapt3/topic_practice_ws/src/install/status_interfaces/include/status_interfaces/status_interfaces
[0.474s] -- Up-to-date: /home/tyzros/chapt3/topic_practice_ws/src/install/status_interfaces/include/status_interfaces/status_interfaces/msg
[0.475s] -- Up-to-date: /home/tyzros/chapt3/topic_practice_ws/src/install/status_interfaces/include/status_interfaces/status_interfaces/msg/detail
[0.475s] -- Up-to-date: /home/tyzros/chapt3/topic_practice_ws/src/install/status_interfaces/include/status_interfaces/status_interfaces/msg/detail/system_status__rosidl_typesupport_introspection_c.h
[0.475s] -- Up-to-date: /home/tyzros/chapt3/topic_practice_ws/src/install/status_interfaces/include/status_interfaces/status_interfaces/msg/detail/system_status__type_support.c
[0.475s] -- Up-to-date: /home/tyzros/chapt3/topic_practice_ws/src/install/status_interfaces/include/status_interfaces/status_interfaces/msg/rosidl_typesupport_introspection_c__visibility_control.h
[0.475s] -- Up-to-date: /home/tyzros/chapt3/topic_practice_ws/src/install/status_interfaces/lib/libstatus_interfaces__rosidl_typesupport_introspection_c.so
[0.475s] -- Up-to-date: /home/tyzros/chapt3/topic_practice_ws/src/install/status_interfaces/lib/libstatus_interfaces__rosidl_typesupport_c.so
[0.476s] -- Up-to-date: /home/tyzros/chapt3/topic_practice_ws/src/install/status_interfaces/include/status_interfaces/status_interfaces
[0.476s] -- Up-to-date: /home/tyzros/chapt3/topic_practice_ws/src/install/status_interfaces/include/status_interfaces/status_interfaces/msg
[0.476s] -- Up-to-date: /home/tyzros/chapt3/topic_practice_ws/src/install/status_interfaces/include/status_interfaces/status_interfaces/msg/rosidl_generator_cpp__visibility_control.hpp
[0.476s] -- Up-to-date: /home/tyzros/chapt3/topic_practice_ws/src/install/status_interfaces/include/status_interfaces/status_interfaces/msg/system_status.hpp
[0.476s] -- Up-to-date: /home/tyzros/chapt3/topic_practice_ws/src/install/status_interfaces/include/status_interfaces/status_interfaces/msg/detail
[0.476s] -- Up-to-date: /home/tyzros/chapt3/topic_practice_ws/src/install/status_interfaces/include/status_interfaces/status_interfaces/msg/detail/system_status__type_support.hpp
[0.476s] -- Up-to-date: /home/tyzros/chapt3/topic_practice_ws/src/install/status_interfaces/include/status_interfaces/status_interfaces/msg/detail/system_status__struct.hpp
[0.476s] -- Up-to-date: /home/tyzros/chapt3/topic_practice_ws/src/install/status_interfaces/include/status_interfaces/status_interfaces/msg/detail/system_status__builder.hpp
[0.476s] -- Up-to-date: /home/tyzros/chapt3/topic_practice_ws/src/install/status_interfaces/include/status_interfaces/status_interfaces/msg/detail/system_status__traits.hpp
[0.476s] -- Up-to-date: /home/tyzros/chapt3/topic_practice_ws/src/install/status_interfaces/include/status_interfaces/status_interfaces
[0.476s] -- Up-to-date: /home/tyzros/chapt3/topic_practice_ws/src/install/status_interfaces/include/status_interfaces/status_interfaces/msg
[0.476s] -- Up-to-date: /home/tyzros/chapt3/topic_practice_ws/src/install/status_interfaces/include/status_interfaces/status_interfaces/msg/rosidl_typesupport_fastrtps_cpp__visibility_control.h
[0.476s] -- Up-to-date: /home/tyzros/chapt3/topic_practice_ws/src/install/status_interfaces/include/status_interfaces/status_interfaces/msg/detail
[0.476s] -- Up-to-date: /home/tyzros/chapt3/topic_practice_ws/src/install/status_interfaces/include/status_interfaces/status_interfaces/msg/detail/system_status__rosidl_typesupport_fastrtps_cpp.hpp
[0.476s] -- Up-to-date: /home/tyzros/chapt3/topic_practice_ws/src/install/status_interfaces/include/status_interfaces/status_interfaces/msg/detail/dds_fastrtps
[0.477s] -- Up-to-date: /home/tyzros/chapt3/topic_practice_ws/src/install/status_interfaces/lib/libstatus_interfaces__rosidl_typesupport_fastrtps_cpp.so
[0.478s] -- Up-to-date: /home/tyzros/chapt3/topic_practice_ws/src/install/status_interfaces/include/status_interfaces/status_interfaces
[0.478s] -- Up-to-date: /home/tyzros/chapt3/topic_practice_ws/src/install/status_interfaces/include/status_interfaces/status_interfaces/msg
[0.478s] -- Up-to-date: /home/tyzros/chapt3/topic_practice_ws/src/install/status_interfaces/include/status_interfaces/status_interfaces/msg/detail
[0.478s] -- Up-to-date: /home/tyzros/chapt3/topic_practice_ws/src/install/status_interfaces/include/status_interfaces/status_interfaces/msg/detail/system_status__type_support.cpp
[0.479s] -- Up-to-date: /home/tyzros/chapt3/topic_practice_ws/src/install/status_interfaces/include/status_interfaces/status_interfaces/msg/detail/system_status__rosidl_typesupport_introspection_cpp.hpp
[0.480s] -- Up-to-date: /home/tyzros/chapt3/topic_practice_ws/src/install/status_interfaces/lib/libstatus_interfaces__rosidl_typesupport_introspection_cpp.so
[0.481s] -- Up-to-date: /home/tyzros/chapt3/topic_practice_ws/src/install/status_interfaces/lib/libstatus_interfaces__rosidl_typesupport_cpp.so
[0.482s] -- Up-to-date: /home/tyzros/chapt3/topic_practice_ws/src/install/status_interfaces/share/status_interfaces/environment/pythonpath.sh
[0.482s] -- Up-to-date: /home/tyzros/chapt3/topic_practice_ws/src/install/status_interfaces/share/status_interfaces/environment/pythonpath.dsv
[0.482s] -- Up-to-date: /home/tyzros/chapt3/topic_practice_ws/src/install/status_interfaces/local/lib/python3.10/dist-packages/status_interfaces-0.0.0-py3.10.egg-info
[0.482s] -- Installing: /home/tyzros/chapt3/topic_practice_ws/src/install/status_interfaces/local/lib/python3.10/dist-packages/status_interfaces-0.0.0-py3.10.egg-info/top_level.txt
[0.482s] -- Installing: /home/tyzros/chapt3/topic_practice_ws/src/install/status_interfaces/local/lib/python3.10/dist-packages/status_interfaces-0.0.0-py3.10.egg-info/dependency_links.txt
[0.482s] -- Installing: /home/tyzros/chapt3/topic_practice_ws/src/install/status_interfaces/local/lib/python3.10/dist-packages/status_interfaces-0.0.0-py3.10.egg-info/SOURCES.txt
[0.482s] -- Installing: /home/tyzros/chapt3/topic_practice_ws/src/install/status_interfaces/local/lib/python3.10/dist-packages/status_interfaces-0.0.0-py3.10.egg-info/PKG-INFO
[0.483s] -- Up-to-date: /home/tyzros/chapt3/topic_practice_ws/src/install/status_interfaces/local/lib/python3.10/dist-packages/status_interfaces
[0.483s] -- Up-to-date: /home/tyzros/chapt3/topic_practice_ws/src/install/status_interfaces/local/lib/python3.10/dist-packages/status_interfaces/status_interfaces_s__rosidl_typesupport_introspection_c.cpython-310-x86_64-linux-gnu.so
[0.483s] -- Up-to-date: /home/tyzros/chapt3/topic_practice_ws/src/install/status_interfaces/local/lib/python3.10/dist-packages/status_interfaces/status_interfaces_s__rosidl_typesupport_c.cpython-310-x86_64-linux-gnu.so
[0.483s] -- Up-to-date: /home/tyzros/chapt3/topic_practice_ws/src/install/status_interfaces/local/lib/python3.10/dist-packages/status_interfaces/libstatus_interfaces__rosidl_generator_py.so
[0.483s] -- Up-to-date: /home/tyzros/chapt3/topic_practice_ws/src/install/status_interfaces/local/lib/python3.10/dist-packages/status_interfaces/__init__.py
[0.483s] -- Up-to-date: /home/tyzros/chapt3/topic_practice_ws/src/install/status_interfaces/local/lib/python3.10/dist-packages/status_interfaces/_status_interfaces_s.ep.rosidl_typesupport_introspection_c.c
[0.483s] -- Up-to-date: /home/tyzros/chapt3/topic_practice_ws/src/install/status_interfaces/local/lib/python3.10/dist-packages/status_interfaces/msg
[0.483s] -- Up-to-date: /home/tyzros/chapt3/topic_practice_ws/src/install/status_interfaces/local/lib/python3.10/dist-packages/status_interfaces/msg/__init__.py
[0.483s] -- Up-to-date: /home/tyzros/chapt3/topic_practice_ws/src/install/status_interfaces/local/lib/python3.10/dist-packages/status_interfaces/msg/_system_status.py
[0.483s] -- Up-to-date: /home/tyzros/chapt3/topic_practice_ws/src/install/status_interfaces/local/lib/python3.10/dist-packages/status_interfaces/msg/_system_status_s.c
[0.483s] -- Up-to-date: /home/tyzros/chapt3/topic_practice_ws/src/install/status_interfaces/local/lib/python3.10/dist-packages/status_interfaces/_status_interfaces_s.ep.rosidl_typesupport_c.c
[0.483s] -- Up-to-date: /home/tyzros/chapt3/topic_practice_ws/src/install/status_interfaces/local/lib/python3.10/dist-packages/status_interfaces/status_interfaces_s__rosidl_typesupport_fastrtps_c.cpython-310-x86_64-linux-gnu.so
[0.483s] -- Up-to-date: /home/tyzros/chapt3/topic_practice_ws/src/install/status_interfaces/local/lib/python3.10/dist-packages/status_interfaces/_status_interfaces_s.ep.rosidl_typesupport_fastrtps_c.c
[0.521s] Listing '/home/tyzros/chapt3/topic_practice_ws/src/install/status_interfaces/local/lib/python3.10/dist-packages/status_interfaces'...
[0.522s] Listing '/home/tyzros/chapt3/topic_practice_ws/src/install/status_interfaces/local/lib/python3.10/dist-packages/status_interfaces/msg'...
[0.527s] -- Up-to-date: /home/tyzros/chapt3/topic_practice_ws/src/install/status_interfaces/local/lib/python3.10/dist-packages/status_interfaces/status_interfaces_s__rosidl_typesupport_fastrtps_c.cpython-310-x86_64-linux-gnu.so
[0.528s] -- Up-to-date: /home/tyzros/chapt3/topic_practice_ws/src/install/status_interfaces/local/lib/python3.10/dist-packages/status_interfaces/status_interfaces_s__rosidl_typesupport_introspection_c.cpython-310-x86_64-linux-gnu.so
[0.530s] -- Up-to-date: /home/tyzros/chapt3/topic_practice_ws/src/install/status_interfaces/local/lib/python3.10/dist-packages/status_interfaces/status_interfaces_s__rosidl_typesupport_c.cpython-310-x86_64-linux-gnu.so
[0.530s] -- Up-to-date: /home/tyzros/chapt3/topic_practice_ws/src/install/status_interfaces/lib/libstatus_interfaces__rosidl_generator_py.so
[0.530s] -- Up-to-date: /home/tyzros/chapt3/topic_practice_ws/src/install/status_interfaces/share/status_interfaces/msg/SystemStatus.idl
[0.530s] -- Up-to-date: /home/tyzros/chapt3/topic_practice_ws/src/install/status_interfaces/share/status_interfaces/msg/SystemStatus.msg
[0.530s] -- Up-to-date: /home/tyzros/chapt3/topic_practice_ws/src/install/status_interfaces/share/ament_index/resource_index/package_run_dependencies/status_interfaces
[0.530s] -- Up-to-date: /home/tyzros/chapt3/topic_practice_ws/src/install/status_interfaces/share/ament_index/resource_index/parent_prefix_path/status_interfaces
[0.530s] -- Up-to-date: /home/tyzros/chapt3/topic_practice_ws/src/install/status_interfaces/share/status_interfaces/environment/ament_prefix_path.sh
[0.530s] -- Up-to-date: /home/tyzros/chapt3/topic_practice_ws/src/install/status_interfaces/share/status_interfaces/environment/ament_prefix_path.dsv
[0.530s] -- Up-to-date: /home/tyzros/chapt3/topic_practice_ws/src/install/status_interfaces/share/status_interfaces/environment/path.sh
[0.531s] -- Up-to-date: /home/tyzros/chapt3/topic_practice_ws/src/install/status_interfaces/share/status_interfaces/environment/path.dsv
[0.531s] -- Up-to-date: /home/tyzros/chapt3/topic_practice_ws/src/install/status_interfaces/share/status_interfaces/local_setup.bash
[0.531s] -- Up-to-date: /home/tyzros/chapt3/topic_practice_ws/src/install/status_interfaces/share/status_interfaces/local_setup.sh
[0.531s] -- Up-to-date: /home/tyzros/chapt3/topic_practice_ws/src/install/status_interfaces/share/status_interfaces/local_setup.zsh
[0.531s] -- Up-to-date: /home/tyzros/chapt3/topic_practice_ws/src/install/status_interfaces/share/status_interfaces/local_setup.dsv
[0.531s] -- Installing: /home/tyzros/chapt3/topic_practice_ws/src/install/status_interfaces/share/status_interfaces/package.dsv
[0.531s] -- Up-to-date: /home/tyzros/chapt3/topic_practice_ws/src/install/status_interfaces/share/ament_index/resource_index/packages/status_interfaces
[0.531s] -- Up-to-date: /home/tyzros/chapt3/topic_practice_ws/src/install/status_interfaces/share/status_interfaces/cmake/export_status_interfaces__rosidl_generator_cExport.cmake
[0.532s] -- Up-to-date: /home/tyzros/chapt3/topic_practice_ws/src/install/status_interfaces/share/status_interfaces/cmake/export_status_interfaces__rosidl_generator_cExport-noconfig.cmake
[0.532s] -- Up-to-date: /home/tyzros/chapt3/topic_practice_ws/src/install/status_interfaces/share/status_interfaces/cmake/export_status_interfaces__rosidl_typesupport_fastrtps_cExport.cmake
[0.532s] -- Up-to-date: /home/tyzros/chapt3/topic_practice_ws/src/install/status_interfaces/share/status_interfaces/cmake/export_status_interfaces__rosidl_typesupport_fastrtps_cExport-noconfig.cmake
[0.533s] -- Up-to-date: /home/tyzros/chapt3/topic_practice_ws/src/install/status_interfaces/share/status_interfaces/cmake/status_interfaces__rosidl_typesupport_introspection_cExport.cmake
[0.533s] -- Up-to-date: /home/tyzros/chapt3/topic_practice_ws/src/install/status_interfaces/share/status_interfaces/cmake/status_interfaces__rosidl_typesupport_introspection_cExport-noconfig.cmake
[0.534s] -- Up-to-date: /home/tyzros/chapt3/topic_practice_ws/src/install/status_interfaces/share/status_interfaces/cmake/status_interfaces__rosidl_typesupport_cExport.cmake
[0.534s] -- Up-to-date: /home/tyzros/chapt3/topic_practice_ws/src/install/status_interfaces/share/status_interfaces/cmake/status_interfaces__rosidl_typesupport_cExport-noconfig.cmake
[0.537s] -- Up-to-date: /home/tyzros/chapt3/topic_practice_ws/src/install/status_interfaces/share/status_interfaces/cmake/export_status_interfaces__rosidl_generator_cppExport.cmake
[0.538s] -- Up-to-date: /home/tyzros/chapt3/topic_practice_ws/src/install/status_interfaces/share/status_interfaces/cmake/export_status_interfaces__rosidl_typesupport_fastrtps_cppExport.cmake
[0.538s] -- Up-to-date: /home/tyzros/chapt3/topic_practice_ws/src/install/status_interfaces/share/status_interfaces/cmake/export_status_interfaces__rosidl_typesupport_fastrtps_cppExport-noconfig.cmake
[0.539s] -- Up-to-date: /home/tyzros/chapt3/topic_practice_ws/src/install/status_interfaces/share/status_interfaces/cmake/status_interfaces__rosidl_typesupport_introspection_cppExport.cmake
[0.539s] -- Up-to-date: /home/tyzros/chapt3/topic_practice_ws/src/install/status_interfaces/share/status_interfaces/cmake/status_interfaces__rosidl_typesupport_introspection_cppExport-noconfig.cmake
[0.540s] -- Up-to-date: /home/tyzros/chapt3/topic_practice_ws/src/install/status_interfaces/share/status_interfaces/cmake/status_interfaces__rosidl_typesupport_cppExport.cmake
[0.540s] -- Up-to-date: /home/tyzros/chapt3/topic_practice_ws/src/install/status_interfaces/share/status_interfaces/cmake/status_interfaces__rosidl_typesupport_cppExport-noconfig.cmake
[0.541s] -- Up-to-date: /home/tyzros/chapt3/topic_practice_ws/src/install/status_interfaces/share/status_interfaces/cmake/export_status_interfaces__rosidl_generator_pyExport.cmake
[0.541s] -- Up-to-date: /home/tyzros/chapt3/topic_practice_ws/src/install/status_interfaces/share/status_interfaces/cmake/export_status_interfaces__rosidl_generator_pyExport-noconfig.cmake
[0.541s] -- Up-to-date: /home/tyzros/chapt3/topic_practice_ws/src/install/status_interfaces/share/status_interfaces/cmake/rosidl_cmake-extras.cmake
[0.541s] -- Up-to-date: /home/tyzros/chapt3/topic_practice_ws/src/install/status_interfaces/share/status_interfaces/cmake/ament_cmake_export_dependencies-extras.cmake
[0.542s] -- Up-to-date: /home/tyzros/chapt3/topic_practice_ws/src/install/status_interfaces/share/status_interfaces/cmake/ament_cmake_export_include_directories-extras.cmake
[0.542s] -- Up-to-date: /home/tyzros/chapt3/topic_practice_ws/src/install/status_interfaces/share/status_interfaces/cmake/ament_cmake_export_libraries-extras.cmake
[0.542s] -- Up-to-date: /home/tyzros/chapt3/topic_practice_ws/src/install/status_interfaces/share/status_interfaces/cmake/ament_cmake_export_targets-extras.cmake
[0.542s] -- Up-to-date: /home/tyzros/chapt3/topic_practice_ws/src/install/status_interfaces/share/status_interfaces/cmake/rosidl_cmake_export_typesupport_targets-extras.cmake
[0.542s] -- Up-to-date: /home/tyzros/chapt3/topic_practice_ws/src/install/status_interfaces/share/status_interfaces/cmake/rosidl_cmake_export_typesupport_libraries-extras.cmake
[0.542s] -- Up-to-date: /home/tyzros/chapt3/topic_practice_ws/src/install/status_interfaces/share/status_interfaces/cmake/status_interfacesConfig.cmake
[0.542s] -- Up-to-date: /home/tyzros/chapt3/topic_practice_ws/src/install/status_interfaces/share/status_interfaces/cmake/status_interfacesConfig-version.cmake
[0.542s] -- Up-to-date: /home/tyzros/chapt3/topic_practice_ws/src/install/status_interfaces/share/status_interfaces/package.xml
[0.544s] Invoked command in '/home/tyzros/chapt3/topic_practice_ws/src/build/status_interfaces' returned '0': CMAKE_PREFIX_PATH=${CMAKE_PREFIX_PATH}:/home/tyzros/chapt3/topic_practice_ws/src/install/status_publisher:/opt/ros/humble /usr/bin/cmake --install /home/tyzros/chapt3/topic_practice_ws/src/build/status_interfaces
