[0.092s] DEBUG:colcon:Command line arguments: ['/usr/bin/colcon', 'build']
[0.092s] DEBUG:colcon:Parsed command line arguments: Namespace(log_base=None, log_level=None, verb_name='build', build_base='build', install_base='install', merge_install=False, symlink_install=False, test_result_base=None, continue_on_error=False, executor='parallel', parallel_workers=16, event_handlers=None, ignore_user_meta=False, metas=['./colcon.meta'], base_paths=['.'], packages_ignore=None, packages_ignore_regex=None, paths=None, packages_up_to=None, packages_up_to_regex=None, packages_above=None, packages_above_and_dependencies=None, packages_above_depth=None, packages_select_by_dep=None, packages_skip_by_dep=None, packages_skip_up_to=None, packages_select_build_failed=False, packages_skip_build_finished=False, packages_select_test_failures=False, packages_skip_test_passed=False, packages_select=None, packages_skip=None, packages_select_regex=None, packages_skip_regex=None, packages_start=None, packages_end=None, allow_overriding=[], cmake_args=None, cmake_target=None, cmake_target_skip_unavailable=False, cmake_clean_cache=False, cmake_clean_first=False, cmake_force_configure=False, ament_cmake_args=None, catkin_cmake_args=None, catkin_skip_building_tests=False, mixin_files=None, mixin=None, verb_parser=<colcon_mixin.mixin.mixin_argument.MixinArgumentDecorator object at 0x77c6eeaf3070>, verb_extension=<colcon_core.verb.build.BuildVerb object at 0x77c6eec5bf40>, main=<bound method BuildVerb.main of <colcon_core.verb.build.BuildVerb object at 0x77c6eec5bf40>>, mixin_verb=('build',))
[0.220s] Level 1:colcon.colcon_core.package_discovery:discover_packages(colcon_meta) check parameters
[0.221s] Level 1:colcon.colcon_core.package_discovery:discover_packages(recursive) check parameters
[0.221s] Level 1:colcon.colcon_core.package_discovery:discover_packages(ignore) check parameters
[0.221s] Level 1:colcon.colcon_core.package_discovery:discover_packages(path) check parameters
[0.221s] Level 1:colcon.colcon_core.package_discovery:discover_packages(colcon_meta) discover
[0.221s] Level 1:colcon.colcon_core.package_discovery:discover_packages(recursive) discover
[0.221s] INFO:colcon.colcon_core.package_discovery:Crawling recursively for packages in '/home/tyzros/chapt3/topic_ws/src'
[0.221s] Level 1:colcon.colcon_core.package_identification:_identify(.) by extensions ['ignore', 'ignore_ament_install']
[0.221s] Level 1:colcon.colcon_core.package_identification:_identify(.) by extension 'ignore'
[0.221s] Level 1:colcon.colcon_core.package_identification:_identify(.) by extension 'ignore_ament_install'
[0.221s] Level 1:colcon.colcon_core.package_identification:_identify(.) by extensions ['colcon_pkg']
[0.221s] Level 1:colcon.colcon_core.package_identification:_identify(.) by extension 'colcon_pkg'
[0.221s] Level 1:colcon.colcon_core.package_identification:_identify(.) by extensions ['colcon_meta']
[0.222s] Level 1:colcon.colcon_core.package_identification:_identify(.) by extension 'colcon_meta'
[0.222s] Level 1:colcon.colcon_core.package_identification:_identify(.) by extensions ['ros']
[0.222s] Level 1:colcon.colcon_core.package_identification:_identify(.) by extension 'ros'
[0.230s] Level 1:colcon.colcon_core.package_identification:_identify(.) by extensions ['cmake', 'python']
[0.230s] Level 1:colcon.colcon_core.package_identification:_identify(.) by extension 'cmake'
[0.230s] Level 1:colcon.colcon_core.package_identification:_identify(.) by extension 'python'
[0.230s] Level 1:colcon.colcon_core.package_identification:_identify(.) by extensions ['python_setup_py']
[0.230s] Level 1:colcon.colcon_core.package_identification:_identify(.) by extension 'python_setup_py'
[0.230s] Level 1:colcon.colcon_core.package_identification:_identify(build) by extensions ['ignore', 'ignore_ament_install']
[0.230s] Level 1:colcon.colcon_core.package_identification:_identify(build) by extension 'ignore'
[0.230s] Level 1:colcon.colcon_core.package_identification:_identify(build) ignored
[0.230s] Level 1:colcon.colcon_core.package_identification:_identify(demo_cpp_topic) by extensions ['ignore', 'ignore_ament_install']
[0.230s] Level 1:colcon.colcon_core.package_identification:_identify(demo_cpp_topic) by extension 'ignore'
[0.230s] Level 1:colcon.colcon_core.package_identification:_identify(demo_cpp_topic) by extension 'ignore_ament_install'
[0.230s] Level 1:colcon.colcon_core.package_identification:_identify(demo_cpp_topic) by extensions ['colcon_pkg']
[0.230s] Level 1:colcon.colcon_core.package_identification:_identify(demo_cpp_topic) by extension 'colcon_pkg'
[0.230s] Level 1:colcon.colcon_core.package_identification:_identify(demo_cpp_topic) by extensions ['colcon_meta']
[0.230s] Level 1:colcon.colcon_core.package_identification:_identify(demo_cpp_topic) by extension 'colcon_meta'
[0.230s] Level 1:colcon.colcon_core.package_identification:_identify(demo_cpp_topic) by extensions ['ros']
[0.230s] Level 1:colcon.colcon_core.package_identification:_identify(demo_cpp_topic) by extension 'ros'
[0.232s] DEBUG:colcon.colcon_core.package_identification:Package 'demo_cpp_topic' with type 'ros.ament_cmake' and name 'demo_cpp_topic'
[0.232s] Level 1:colcon.colcon_core.package_identification:_identify(demo_python_topic) by extensions ['ignore', 'ignore_ament_install']
[0.232s] Level 1:colcon.colcon_core.package_identification:_identify(demo_python_topic) by extension 'ignore'
[0.232s] Level 1:colcon.colcon_core.package_identification:_identify(demo_python_topic) by extension 'ignore_ament_install'
[0.232s] Level 1:colcon.colcon_core.package_identification:_identify(demo_python_topic) by extensions ['colcon_pkg']
[0.233s] Level 1:colcon.colcon_core.package_identification:_identify(demo_python_topic) by extension 'colcon_pkg'
[0.233s] Level 1:colcon.colcon_core.package_identification:_identify(demo_python_topic) by extensions ['colcon_meta']
[0.233s] Level 1:colcon.colcon_core.package_identification:_identify(demo_python_topic) by extension 'colcon_meta'
[0.233s] Level 1:colcon.colcon_core.package_identification:_identify(demo_python_topic) by extensions ['ros']
[0.233s] Level 1:colcon.colcon_core.package_identification:_identify(demo_python_topic) by extension 'ros'
[0.233s] DEBUG:colcon.colcon_core.package_identification:Package 'demo_python_topic' with type 'ros.ament_python' and name 'demo_python_topic'
[0.233s] Level 1:colcon.colcon_core.package_identification:_identify(install) by extensions ['ignore', 'ignore_ament_install']
[0.233s] Level 1:colcon.colcon_core.package_identification:_identify(install) by extension 'ignore'
[0.233s] Level 1:colcon.colcon_core.package_identification:_identify(install) ignored
[0.233s] Level 1:colcon.colcon_core.package_identification:_identify(log) by extensions ['ignore', 'ignore_ament_install']
[0.233s] Level 1:colcon.colcon_core.package_identification:_identify(log) by extension 'ignore'
[0.233s] Level 1:colcon.colcon_core.package_identification:_identify(log) ignored
[0.233s] Level 1:colcon.colcon_core.package_discovery:discover_packages(recursive) using defaults
[0.234s] Level 1:colcon.colcon_core.package_discovery:discover_packages(ignore) discover
[0.234s] Level 1:colcon.colcon_core.package_discovery:discover_packages(ignore) using defaults
[0.234s] Level 1:colcon.colcon_core.package_discovery:discover_packages(path) discover
[0.234s] Level 1:colcon.colcon_core.package_discovery:discover_packages(path) using defaults
[0.254s] Level 1:colcon.colcon_core.package_discovery:discover_packages(prefix_path) check parameters
[0.254s] Level 1:colcon.colcon_core.package_discovery:discover_packages(prefix_path) discover
[0.255s] DEBUG:colcon.colcon_installed_package_information.package_discovery:Found 5 installed packages in /home/tyzros/chapt3/install
[0.257s] DEBUG:colcon.colcon_installed_package_information.package_discovery:Found 357 installed packages in /opt/ros/humble
[0.258s] Level 1:colcon.colcon_core.package_discovery:discover_packages(prefix_path) using defaults
[0.289s] Level 5:colcon.colcon_core.verb:set package 'demo_cpp_topic' build argument 'cmake_args' from command line to 'None'
[0.289s] Level 5:colcon.colcon_core.verb:set package 'demo_cpp_topic' build argument 'cmake_target' from command line to 'None'
[0.289s] Level 5:colcon.colcon_core.verb:set package 'demo_cpp_topic' build argument 'cmake_target_skip_unavailable' from command line to 'False'
[0.290s] Level 5:colcon.colcon_core.verb:set package 'demo_cpp_topic' build argument 'cmake_clean_cache' from command line to 'False'
[0.290s] Level 5:colcon.colcon_core.verb:set package 'demo_cpp_topic' build argument 'cmake_clean_first' from command line to 'False'
[0.290s] Level 5:colcon.colcon_core.verb:set package 'demo_cpp_topic' build argument 'cmake_force_configure' from command line to 'False'
[0.290s] Level 5:colcon.colcon_core.verb:set package 'demo_cpp_topic' build argument 'ament_cmake_args' from command line to 'None'
[0.290s] Level 5:colcon.colcon_core.verb:set package 'demo_cpp_topic' build argument 'catkin_cmake_args' from command line to 'None'
[0.290s] Level 5:colcon.colcon_core.verb:set package 'demo_cpp_topic' build argument 'catkin_skip_building_tests' from command line to 'False'
[0.290s] DEBUG:colcon.colcon_core.verb:Building package 'demo_cpp_topic' with the following arguments: {'ament_cmake_args': None, 'build_base': '/home/tyzros/chapt3/topic_ws/src/build/demo_cpp_topic', 'catkin_cmake_args': None, 'catkin_skip_building_tests': False, 'cmake_args': None, 'cmake_clean_cache': False, 'cmake_clean_first': False, 'cmake_force_configure': False, 'cmake_target': None, 'cmake_target_skip_unavailable': False, 'install_base': '/home/tyzros/chapt3/topic_ws/src/install/demo_cpp_topic', 'merge_install': False, 'path': '/home/tyzros/chapt3/topic_ws/src/demo_cpp_topic', 'symlink_install': False, 'test_result_base': None}
[0.290s] Level 5:colcon.colcon_core.verb:set package 'demo_python_topic' build argument 'cmake_args' from command line to 'None'
[0.290s] Level 5:colcon.colcon_core.verb:set package 'demo_python_topic' build argument 'cmake_target' from command line to 'None'
[0.290s] Level 5:colcon.colcon_core.verb:set package 'demo_python_topic' build argument 'cmake_target_skip_unavailable' from command line to 'False'
[0.290s] Level 5:colcon.colcon_core.verb:set package 'demo_python_topic' build argument 'cmake_clean_cache' from command line to 'False'
[0.290s] Level 5:colcon.colcon_core.verb:set package 'demo_python_topic' build argument 'cmake_clean_first' from command line to 'False'
[0.290s] Level 5:colcon.colcon_core.verb:set package 'demo_python_topic' build argument 'cmake_force_configure' from command line to 'False'
[0.290s] Level 5:colcon.colcon_core.verb:set package 'demo_python_topic' build argument 'ament_cmake_args' from command line to 'None'
[0.290s] Level 5:colcon.colcon_core.verb:set package 'demo_python_topic' build argument 'catkin_cmake_args' from command line to 'None'
[0.290s] Level 5:colcon.colcon_core.verb:set package 'demo_python_topic' build argument 'catkin_skip_building_tests' from command line to 'False'
[0.290s] DEBUG:colcon.colcon_core.verb:Building package 'demo_python_topic' with the following arguments: {'ament_cmake_args': None, 'build_base': '/home/tyzros/chapt3/topic_ws/src/build/demo_python_topic', 'catkin_cmake_args': None, 'catkin_skip_building_tests': False, 'cmake_args': None, 'cmake_clean_cache': False, 'cmake_clean_first': False, 'cmake_force_configure': False, 'cmake_target': None, 'cmake_target_skip_unavailable': False, 'install_base': '/home/tyzros/chapt3/topic_ws/src/install/demo_python_topic', 'merge_install': False, 'path': '/home/tyzros/chapt3/topic_ws/src/demo_python_topic', 'symlink_install': False, 'test_result_base': None}
[0.290s] INFO:colcon.colcon_core.executor:Executing jobs using 'parallel' executor
[0.291s] DEBUG:colcon.colcon_parallel_executor.executor.parallel:run_until_complete
[0.291s] INFO:colcon.colcon_ros.task.ament_cmake.build:Building ROS package in '/home/tyzros/chapt3/topic_ws/src/demo_cpp_topic' with build type 'ament_cmake'
[0.291s] INFO:colcon.colcon_cmake.task.cmake.build:Building CMake package in '/home/tyzros/chapt3/topic_ws/src/demo_cpp_topic'
[0.293s] INFO:colcon.colcon_core.plugin_system:Skipping extension 'colcon_core.shell.bat': Not used on non-Windows systems
[0.293s] INFO:colcon.colcon_core.shell:Skip shell extension 'powershell' for command environment: Not usable outside of PowerShell
[0.293s] DEBUG:colcon.colcon_core.shell:Skip shell extension 'dsv' for command environment
[0.297s] INFO:colcon.colcon_ros.task.ament_python.build:Building ROS package in '/home/tyzros/chapt3/topic_ws/src/demo_python_topic' with build type 'ament_python'
[0.297s] Level 1:colcon.colcon_core.shell:create_environment_hook('demo_python_topic', 'ament_prefix_path')
[0.297s] INFO:colcon.colcon_core.shell:Creating environment hook '/home/tyzros/chapt3/topic_ws/src/install/demo_python_topic/share/demo_python_topic/hook/ament_prefix_path.ps1'
[0.299s] INFO:colcon.colcon_core.shell:Creating environment descriptor '/home/tyzros/chapt3/topic_ws/src/install/demo_python_topic/share/demo_python_topic/hook/ament_prefix_path.dsv'
[0.300s] INFO:colcon.colcon_core.shell:Creating environment hook '/home/tyzros/chapt3/topic_ws/src/install/demo_python_topic/share/demo_python_topic/hook/ament_prefix_path.sh'
[0.301s] INFO:colcon.colcon_core.shell:Skip shell extension 'powershell' for command environment: Not usable outside of PowerShell
[0.301s] DEBUG:colcon.colcon_core.shell:Skip shell extension 'dsv' for command environment
[0.311s] DEBUG:colcon.colcon_core.event_handler.log_command:Invoking command in '/home/tyzros/chapt3/topic_ws/src/build/demo_cpp_topic': CMAKE_PREFIX_PATH=${CMAKE_PREFIX_PATH}:/home/tyzros/chapt3/install/status_publisher:/home/tyzros/chapt3/install/demo_python_topic:/opt/ros/humble /usr/bin/cmake /home/tyzros/chapt3/topic_ws/src/demo_cpp_topic -DCMAKE_INSTALL_PREFIX=/home/tyzros/chapt3/topic_ws/src/install/demo_cpp_topic
[0.524s] INFO:colcon.colcon_core.task.python.build:Building Python package in '/home/tyzros/chapt3/topic_ws/src/demo_python_topic'
[0.524s] INFO:colcon.colcon_core.shell:Skip shell extension 'powershell' for command environment: Not usable outside of PowerShell
[0.524s] DEBUG:colcon.colcon_core.shell:Skip shell extension 'dsv' for command environment
[0.839s] DEBUG:colcon.colcon_core.event_handler.log_command:Invoking command in '/home/tyzros/chapt3/topic_ws/src/demo_python_topic': PYTHONPATH=/home/tyzros/chapt3/topic_ws/src/build/demo_python_topic/prefix_override:/usr/lib/python3/dist-packages/colcon_core/task/python/colcon_distutils_commands:/home/tyzros/chapt3/topic_ws/src/install/demo_python_topic/lib/python3.10/site-packages:${PYTHONPATH} /usr/bin/python3 -W ignore:setup.py install is deprecated -W ignore:easy_install command is deprecated setup.py egg_info --egg-base ../build/demo_python_topic build --build-base /home/tyzros/chapt3/topic_ws/src/build/demo_python_topic/build install --record /home/tyzros/chapt3/topic_ws/src/build/demo_python_topic/install.log --single-version-externally-managed install_data
[1.066s] DEBUG:colcon.colcon_core.event_handler.log_command:Invoked command in '/home/tyzros/chapt3/topic_ws/src/demo_python_topic' returned '0': PYTHONPATH=/home/tyzros/chapt3/topic_ws/src/build/demo_python_topic/prefix_override:/usr/lib/python3/dist-packages/colcon_core/task/python/colcon_distutils_commands:/home/tyzros/chapt3/topic_ws/src/install/demo_python_topic/lib/python3.10/site-packages:${PYTHONPATH} /usr/bin/python3 -W ignore:setup.py install is deprecated -W ignore:easy_install command is deprecated setup.py egg_info --egg-base ../build/demo_python_topic build --build-base /home/tyzros/chapt3/topic_ws/src/build/demo_python_topic/build install --record /home/tyzros/chapt3/topic_ws/src/build/demo_python_topic/install.log --single-version-externally-managed install_data
[1.067s] Level 1:colcon.colcon_core.environment:checking '/home/tyzros/chapt3/topic_ws/src/install/demo_python_topic' for CMake module files
[1.068s] Level 1:colcon.colcon_core.environment:checking '/home/tyzros/chapt3/topic_ws/src/install/demo_python_topic' for CMake config files
[1.068s] Level 1:colcon.colcon_core.environment:checking '/home/tyzros/chapt3/topic_ws/src/install/demo_python_topic/lib'
[1.068s] Level 1:colcon.colcon_core.environment:checking '/home/tyzros/chapt3/topic_ws/src/install/demo_python_topic/bin'
[1.069s] Level 1:colcon.colcon_core.environment:checking '/home/tyzros/chapt3/topic_ws/src/install/demo_python_topic/lib/pkgconfig/demo_python_topic.pc'
[1.069s] Level 1:colcon.colcon_core.environment:checking '/home/tyzros/chapt3/topic_ws/src/install/demo_python_topic/lib/python3.10/site-packages'
[1.069s] Level 1:colcon.colcon_core.shell:create_environment_hook('demo_python_topic', 'pythonpath')
[1.069s] INFO:colcon.colcon_core.shell:Creating environment hook '/home/tyzros/chapt3/topic_ws/src/install/demo_python_topic/share/demo_python_topic/hook/pythonpath.ps1'
[1.070s] INFO:colcon.colcon_core.shell:Creating environment descriptor '/home/tyzros/chapt3/topic_ws/src/install/demo_python_topic/share/demo_python_topic/hook/pythonpath.dsv'
[1.070s] INFO:colcon.colcon_core.shell:Creating environment hook '/home/tyzros/chapt3/topic_ws/src/install/demo_python_topic/share/demo_python_topic/hook/pythonpath.sh'
[1.070s] Level 1:colcon.colcon_core.environment:checking '/home/tyzros/chapt3/topic_ws/src/install/demo_python_topic/bin'
[1.070s] Level 1:colcon.colcon_core.environment:create_environment_scripts_only(demo_python_topic)
[1.070s] INFO:colcon.colcon_core.shell:Creating package script '/home/tyzros/chapt3/topic_ws/src/install/demo_python_topic/share/demo_python_topic/package.ps1'
[1.071s] INFO:colcon.colcon_core.shell:Creating package descriptor '/home/tyzros/chapt3/topic_ws/src/install/demo_python_topic/share/demo_python_topic/package.dsv'
[1.071s] INFO:colcon.colcon_core.shell:Creating package script '/home/tyzros/chapt3/topic_ws/src/install/demo_python_topic/share/demo_python_topic/package.sh'
[1.072s] INFO:colcon.colcon_core.shell:Creating package script '/home/tyzros/chapt3/topic_ws/src/install/demo_python_topic/share/demo_python_topic/package.bash'
[1.072s] INFO:colcon.colcon_core.shell:Creating package script '/home/tyzros/chapt3/topic_ws/src/install/demo_python_topic/share/demo_python_topic/package.zsh'
[1.072s] Level 1:colcon.colcon_core.environment:create_file_with_runtime_dependencies(/home/tyzros/chapt3/topic_ws/src/install/demo_python_topic/share/colcon-core/packages/demo_python_topic)
[1.445s] DEBUG:colcon.colcon_core.event_handler.log_command:Invoked command in '/home/tyzros/chapt3/topic_ws/src/build/demo_cpp_topic' returned '0': CMAKE_PREFIX_PATH=${CMAKE_PREFIX_PATH}:/home/tyzros/chapt3/install/status_publisher:/home/tyzros/chapt3/install/demo_python_topic:/opt/ros/humble /usr/bin/cmake /home/tyzros/chapt3/topic_ws/src/demo_cpp_topic -DCMAKE_INSTALL_PREFIX=/home/tyzros/chapt3/topic_ws/src/install/demo_cpp_topic
[1.447s] DEBUG:colcon.colcon_core.event_handler.log_command:Invoking command in '/home/tyzros/chapt3/topic_ws/src/build/demo_cpp_topic': CMAKE_PREFIX_PATH=${CMAKE_PREFIX_PATH}:/home/tyzros/chapt3/install/status_publisher:/home/tyzros/chapt3/install/demo_python_topic:/opt/ros/humble /usr/bin/cmake --build /home/tyzros/chapt3/topic_ws/src/build/demo_cpp_topic -- -j16 -l16
[8.261s] DEBUG:colcon.colcon_core.event_handler.log_command:Invoked command in '/home/tyzros/chapt3/topic_ws/src/build/demo_cpp_topic' returned '0': CMAKE_PREFIX_PATH=${CMAKE_PREFIX_PATH}:/home/tyzros/chapt3/install/status_publisher:/home/tyzros/chapt3/install/demo_python_topic:/opt/ros/humble /usr/bin/cmake --build /home/tyzros/chapt3/topic_ws/src/build/demo_cpp_topic -- -j16 -l16
[8.271s] DEBUG:colcon.colcon_core.event_handler.log_command:Invoking command in '/home/tyzros/chapt3/topic_ws/src/build/demo_cpp_topic': CMAKE_PREFIX_PATH=${CMAKE_PREFIX_PATH}:/home/tyzros/chapt3/install/status_publisher:/home/tyzros/chapt3/install/demo_python_topic:/opt/ros/humble /usr/bin/cmake --install /home/tyzros/chapt3/topic_ws/src/build/demo_cpp_topic
[8.287s] Level 1:colcon.colcon_core.environment:create_environment_scripts_only(demo_cpp_topic)
[8.287s] DEBUG:colcon.colcon_core.event_handler.log_command:Invoked command in '/home/tyzros/chapt3/topic_ws/src/build/demo_cpp_topic' returned '0': CMAKE_PREFIX_PATH=${CMAKE_PREFIX_PATH}:/home/tyzros/chapt3/install/status_publisher:/home/tyzros/chapt3/install/demo_python_topic:/opt/ros/humble /usr/bin/cmake --install /home/tyzros/chapt3/topic_ws/src/build/demo_cpp_topic
[8.288s] Level 1:colcon.colcon_core.environment:checking '/home/tyzros/chapt3/topic_ws/src/install/demo_cpp_topic' for CMake module files
[8.288s] Level 1:colcon.colcon_core.environment:checking '/home/tyzros/chapt3/topic_ws/src/install/demo_cpp_topic' for CMake config files
[8.288s] Level 1:colcon.colcon_core.shell:create_environment_hook('demo_cpp_topic', 'cmake_prefix_path')
[8.288s] INFO:colcon.colcon_core.shell:Creating environment hook '/home/tyzros/chapt3/topic_ws/src/install/demo_cpp_topic/share/demo_cpp_topic/hook/cmake_prefix_path.ps1'
[8.289s] INFO:colcon.colcon_core.shell:Creating environment descriptor '/home/tyzros/chapt3/topic_ws/src/install/demo_cpp_topic/share/demo_cpp_topic/hook/cmake_prefix_path.dsv'
[8.289s] INFO:colcon.colcon_core.shell:Creating environment hook '/home/tyzros/chapt3/topic_ws/src/install/demo_cpp_topic/share/demo_cpp_topic/hook/cmake_prefix_path.sh'
[8.289s] Level 1:colcon.colcon_core.environment:checking '/home/tyzros/chapt3/topic_ws/src/install/demo_cpp_topic/lib'
[8.289s] Level 1:colcon.colcon_core.environment:checking '/home/tyzros/chapt3/topic_ws/src/install/demo_cpp_topic/bin'
[8.290s] Level 1:colcon.colcon_core.environment:checking '/home/tyzros/chapt3/topic_ws/src/install/demo_cpp_topic/lib/pkgconfig/demo_cpp_topic.pc'
[8.290s] Level 1:colcon.colcon_core.environment:checking '/home/tyzros/chapt3/topic_ws/src/install/demo_cpp_topic/lib/python3.10/site-packages'
[8.290s] Level 1:colcon.colcon_core.environment:checking '/home/tyzros/chapt3/topic_ws/src/install/demo_cpp_topic/bin'
[8.290s] INFO:colcon.colcon_core.shell:Creating package script '/home/tyzros/chapt3/topic_ws/src/install/demo_cpp_topic/share/demo_cpp_topic/package.ps1'
[8.290s] INFO:colcon.colcon_core.shell:Creating package descriptor '/home/tyzros/chapt3/topic_ws/src/install/demo_cpp_topic/share/demo_cpp_topic/package.dsv'
[8.291s] INFO:colcon.colcon_core.shell:Creating package script '/home/tyzros/chapt3/topic_ws/src/install/demo_cpp_topic/share/demo_cpp_topic/package.sh'
[8.291s] INFO:colcon.colcon_core.shell:Creating package script '/home/tyzros/chapt3/topic_ws/src/install/demo_cpp_topic/share/demo_cpp_topic/package.bash'
[8.291s] INFO:colcon.colcon_core.shell:Creating package script '/home/tyzros/chapt3/topic_ws/src/install/demo_cpp_topic/share/demo_cpp_topic/package.zsh'
[8.291s] Level 1:colcon.colcon_core.environment:create_file_with_runtime_dependencies(/home/tyzros/chapt3/topic_ws/src/install/demo_cpp_topic/share/colcon-core/packages/demo_cpp_topic)
[8.292s] Level 1:colcon.colcon_core.environment:create_environment_scripts_only(demo_cpp_topic)
[8.292s] Level 1:colcon.colcon_core.environment:checking '/home/tyzros/chapt3/topic_ws/src/install/demo_cpp_topic' for CMake module files
[8.292s] Level 1:colcon.colcon_core.environment:checking '/home/tyzros/chapt3/topic_ws/src/install/demo_cpp_topic' for CMake config files
[8.293s] Level 1:colcon.colcon_core.shell:create_environment_hook('demo_cpp_topic', 'cmake_prefix_path')
[8.293s] INFO:colcon.colcon_core.shell:Creating environment hook '/home/tyzros/chapt3/topic_ws/src/install/demo_cpp_topic/share/demo_cpp_topic/hook/cmake_prefix_path.ps1'
[8.293s] INFO:colcon.colcon_core.shell:Creating environment descriptor '/home/tyzros/chapt3/topic_ws/src/install/demo_cpp_topic/share/demo_cpp_topic/hook/cmake_prefix_path.dsv'
[8.293s] INFO:colcon.colcon_core.shell:Creating environment hook '/home/tyzros/chapt3/topic_ws/src/install/demo_cpp_topic/share/demo_cpp_topic/hook/cmake_prefix_path.sh'
[8.294s] Level 1:colcon.colcon_core.environment:checking '/home/tyzros/chapt3/topic_ws/src/install/demo_cpp_topic/lib'
[8.294s] Level 1:colcon.colcon_core.environment:checking '/home/tyzros/chapt3/topic_ws/src/install/demo_cpp_topic/bin'
[8.294s] Level 1:colcon.colcon_core.environment:checking '/home/tyzros/chapt3/topic_ws/src/install/demo_cpp_topic/lib/pkgconfig/demo_cpp_topic.pc'
[8.294s] Level 1:colcon.colcon_core.environment:checking '/home/tyzros/chapt3/topic_ws/src/install/demo_cpp_topic/lib/python3.10/site-packages'
[8.294s] Level 1:colcon.colcon_core.environment:checking '/home/tyzros/chapt3/topic_ws/src/install/demo_cpp_topic/bin'
[8.294s] INFO:colcon.colcon_core.shell:Creating package script '/home/tyzros/chapt3/topic_ws/src/install/demo_cpp_topic/share/demo_cpp_topic/package.ps1'
[8.295s] INFO:colcon.colcon_core.shell:Creating package descriptor '/home/tyzros/chapt3/topic_ws/src/install/demo_cpp_topic/share/demo_cpp_topic/package.dsv'
[8.295s] INFO:colcon.colcon_core.shell:Creating package script '/home/tyzros/chapt3/topic_ws/src/install/demo_cpp_topic/share/demo_cpp_topic/package.sh'
[8.295s] INFO:colcon.colcon_core.shell:Creating package script '/home/tyzros/chapt3/topic_ws/src/install/demo_cpp_topic/share/demo_cpp_topic/package.bash'
[8.296s] INFO:colcon.colcon_core.shell:Creating package script '/home/tyzros/chapt3/topic_ws/src/install/demo_cpp_topic/share/demo_cpp_topic/package.zsh'
[8.296s] Level 1:colcon.colcon_core.environment:create_file_with_runtime_dependencies(/home/tyzros/chapt3/topic_ws/src/install/demo_cpp_topic/share/colcon-core/packages/demo_cpp_topic)
[8.296s] DEBUG:colcon.colcon_parallel_executor.executor.parallel:closing loop
[8.297s] DEBUG:colcon.colcon_parallel_executor.executor.parallel:loop closed
[8.297s] DEBUG:colcon.colcon_parallel_executor.executor.parallel:run_until_complete finished with '0'
[8.297s] DEBUG:colcon.colcon_core.event_reactor:joining thread
[8.301s] INFO:colcon.colcon_core.plugin_system:Skipping extension 'colcon_notification.desktop_notification.terminal_notifier': Not used on non-Darwin systems
[8.301s] INFO:colcon.colcon_core.plugin_system:Skipping extension 'colcon_notification.desktop_notification.win32': Not used on non-Windows systems
[8.301s] INFO:colcon.colcon_notification.desktop_notification:Sending desktop notification using 'notify2'
[8.315s] DEBUG:colcon.colcon_core.event_reactor:joined thread
[8.316s] INFO:colcon.colcon_core.shell:Creating prefix script '/home/tyzros/chapt3/topic_ws/src/install/local_setup.ps1'
[8.319s] INFO:colcon.colcon_core.shell:Creating prefix util module '/home/tyzros/chapt3/topic_ws/src/install/_local_setup_util_ps1.py'
[8.319s] INFO:colcon.colcon_core.shell:Creating prefix chain script '/home/tyzros/chapt3/topic_ws/src/install/setup.ps1'
[8.320s] INFO:colcon.colcon_core.shell:Creating prefix script '/home/tyzros/chapt3/topic_ws/src/install/local_setup.sh'
[8.321s] INFO:colcon.colcon_core.shell:Creating prefix util module '/home/tyzros/chapt3/topic_ws/src/install/_local_setup_util_sh.py'
[8.321s] INFO:colcon.colcon_core.shell:Creating prefix chain script '/home/tyzros/chapt3/topic_ws/src/install/setup.sh'
[8.322s] INFO:colcon.colcon_core.shell:Creating prefix script '/home/tyzros/chapt3/topic_ws/src/install/local_setup.bash'
[8.323s] INFO:colcon.colcon_core.shell:Creating prefix chain script '/home/tyzros/chapt3/topic_ws/src/install/setup.bash'
[8.324s] INFO:colcon.colcon_core.shell:Creating prefix script '/home/tyzros/chapt3/topic_ws/src/install/local_setup.zsh'
[8.324s] INFO:colcon.colcon_core.shell:Creating prefix chain script '/home/tyzros/chapt3/topic_ws/src/install/setup.zsh'
