[0.020s] Invoking command in '/home/tyzros/chapt3/topic_ws/src/build/demo_cpp_topic': CMAKE_PREFIX_PATH=${CMAKE_PREFIX_PATH}:/home/tyzros/chapt3/install/status_publisher:/home/tyzros/chapt3/install/demo_python_topic:/opt/ros/humble /usr/bin/cmake /home/tyzros/chapt3/topic_ws/src/demo_cpp_topic -DCMAKE_INSTALL_PREFIX=/home/tyzros/chapt3/topic_ws/src/install/demo_cpp_topic
[0.073s] -- The C compiler identification is GNU 11.4.0
[0.125s] -- The CXX compiler identification is GNU 11.4.0
[0.134s] -- Detecting C compiler ABI info
[0.201s] -- Detecting C compiler ABI info - done
[0.206s] -- Check for working C compiler: /usr/bin/cc - skipped
[0.206s] -- Detecting C compile features
[0.207s] -- Detecting C compile features - done
[0.213s] -- Detecting CXX compiler ABI info
[0.300s] -- Detecting CXX compiler ABI info - done
[0.302s] -- Check for working CXX compiler: /usr/bin/c++ - skipped
[0.303s] -- Detecting CXX compile features
[0.303s] -- Detecting CXX compile features - done
[0.305s] -- Found ament_cmake: 1.3.11 (/opt/ros/humble/share/ament_cmake/cmake)
[0.440s] -- Found Python3: /usr/bin/python3 (found version "3.10.12") found components: Interpreter 
[0.536s] -- Found rclcpp: 16.0.12 (/opt/ros/humble/share/rclcpp/cmake)
[0.574s] -- Found rosidl_generator_c: 3.1.6 (/opt/ros/humble/share/rosidl_generator_c/cmake)
[0.581s] -- Found rosidl_adapter: 3.1.6 (/opt/ros/humble/share/rosidl_adapter/cmake)
[0.594s] -- Found rosidl_generator_cpp: 3.1.6 (/opt/ros/humble/share/rosidl_generator_cpp/cmake)
[0.606s] -- Using all available rosidl_typesupport_c: rosidl_typesupport_fastrtps_c;rosidl_typesupport_introspection_c
[0.624s] -- Using all available rosidl_typesupport_cpp: rosidl_typesupport_fastrtps_cpp;rosidl_typesupport_introspection_cpp
[0.660s] -- Found rmw_implementation_cmake: 6.1.2 (/opt/ros/humble/share/rmw_implementation_cmake/cmake)
[0.663s] -- Found rmw_fastrtps_cpp: 6.2.7 (/opt/ros/humble/share/rmw_fastrtps_cpp/cmake)
[0.751s] -- Found OpenSSL: /usr/lib/x86_64-linux-gnu/libcrypto.so (found version "3.0.2")  
[0.776s] -- Found FastRTPS: /opt/ros/humble/include  
[0.813s] -- Using RMW implementation 'rmw_fastrtps_cpp' as default
[0.822s] -- Looking for pthread.h
[0.903s] -- Looking for pthread.h - found
[0.903s] -- Performing Test CMAKE_HAVE_LIBC_PTHREAD
[0.977s] -- Performing Test CMAKE_HAVE_LIBC_PTHREAD - Success
[0.978s] -- Found Threads: TRUE  
[1.016s] -- Found geometry_msgs: 4.8.0 (/opt/ros/humble/share/geometry_msgs/cmake)
[1.028s] -- Found turtlesim: 1.4.2 (/opt/ros/humble/share/turtlesim/cmake)
[1.059s] -- Found ament_lint_auto: 0.12.12 (/opt/ros/humble/share/ament_lint_auto/cmake)
[1.125s] -- Added test 'cppcheck' to perform static code analysis on C / C++ code
[1.125s] -- Configured cppcheck include dirs: 
[1.125s] -- Configured cppcheck exclude dirs and/or files: 
[1.126s] -- Added test 'lint_cmake' to check CMake code style
[1.127s] -- Added test 'uncrustify' to check C / C++ code style
[1.127s] -- Configured uncrustify additional arguments: 
[1.127s] -- Added test 'xmllint' to check XML markup files
[1.128s] -- Configuring done
[1.143s] -- Generating done
[1.146s] -- Build files have been written to: /home/tyzros/chapt3/topic_ws/src/build/demo_cpp_topic
[1.153s] Invoked command in '/home/tyzros/chapt3/topic_ws/src/build/demo_cpp_topic' returned '0': CMAKE_PREFIX_PATH=${CMAKE_PREFIX_PATH}:/home/tyzros/chapt3/install/status_publisher:/home/tyzros/chapt3/install/demo_python_topic:/opt/ros/humble /usr/bin/cmake /home/tyzros/chapt3/topic_ws/src/demo_cpp_topic -DCMAKE_INSTALL_PREFIX=/home/tyzros/chapt3/topic_ws/src/install/demo_cpp_topic
[1.156s] Invoking command in '/home/tyzros/chapt3/topic_ws/src/build/demo_cpp_topic': CMAKE_PREFIX_PATH=${CMAKE_PREFIX_PATH}:/home/tyzros/chapt3/install/status_publisher:/home/tyzros/chapt3/install/demo_python_topic:/opt/ros/humble /usr/bin/cmake --build /home/tyzros/chapt3/topic_ws/src/build/demo_cpp_topic -- -j16 -l16
[1.201s] [ 25%] [32mBuilding CXX object CMakeFiles/turtle_circle.dir/src/turtle_circle.cpp.o[0m
[1.201s] [ 50%] [32mBuilding CXX object CMakeFiles/turtle_control.dir/src/turtle_control.cpp.o[0m
[4.575s] [ 75%] [32m[1mLinking CXX executable turtle_circle[0m
[4.733s] [ 75%] Built target turtle_circle
[7.610s] [100%] [32m[1mLinking CXX executable turtle_control[0m
[7.956s] [100%] Built target turtle_control
[7.970s] Invoked command in '/home/tyzros/chapt3/topic_ws/src/build/demo_cpp_topic' returned '0': CMAKE_PREFIX_PATH=${CMAKE_PREFIX_PATH}:/home/tyzros/chapt3/install/status_publisher:/home/tyzros/chapt3/install/demo_python_topic:/opt/ros/humble /usr/bin/cmake --build /home/tyzros/chapt3/topic_ws/src/build/demo_cpp_topic -- -j16 -l16
[7.979s] Invoking command in '/home/tyzros/chapt3/topic_ws/src/build/demo_cpp_topic': CMAKE_PREFIX_PATH=${CMAKE_PREFIX_PATH}:/home/tyzros/chapt3/install/status_publisher:/home/tyzros/chapt3/install/demo_python_topic:/opt/ros/humble /usr/bin/cmake --install /home/tyzros/chapt3/topic_ws/src/build/demo_cpp_topic
[7.987s] -- Install configuration: ""
[7.987s] -- Installing: /home/tyzros/chapt3/topic_ws/src/install/demo_cpp_topic/lib/demo_cpp_topic/turtle_control
[7.990s] -- Set runtime path of "/home/tyzros/chapt3/topic_ws/src/install/demo_cpp_topic/lib/demo_cpp_topic/turtle_control" to ""
[7.990s] -- Installing: /home/tyzros/chapt3/topic_ws/src/install/demo_cpp_topic/lib/demo_cpp_topic/turtle_circle
[7.992s] -- Set runtime path of "/home/tyzros/chapt3/topic_ws/src/install/demo_cpp_topic/lib/demo_cpp_topic/turtle_circle" to ""
[7.992s] -- Installing: /home/tyzros/chapt3/topic_ws/src/install/demo_cpp_topic/share/ament_index/resource_index/package_run_dependencies/demo_cpp_topic
[7.992s] -- Installing: /home/tyzros/chapt3/topic_ws/src/install/demo_cpp_topic/share/ament_index/resource_index/parent_prefix_path/demo_cpp_topic
[7.992s] -- Installing: /home/tyzros/chapt3/topic_ws/src/install/demo_cpp_topic/share/demo_cpp_topic/environment/ament_prefix_path.sh
[7.992s] -- Installing: /home/tyzros/chapt3/topic_ws/src/install/demo_cpp_topic/share/demo_cpp_topic/environment/ament_prefix_path.dsv
[7.992s] -- Installing: /home/tyzros/chapt3/topic_ws/src/install/demo_cpp_topic/share/demo_cpp_topic/environment/path.sh
[7.992s] -- Installing: /home/tyzros/chapt3/topic_ws/src/install/demo_cpp_topic/share/demo_cpp_topic/environment/path.dsv
[7.992s] -- Installing: /home/tyzros/chapt3/topic_ws/src/install/demo_cpp_topic/share/demo_cpp_topic/local_setup.bash
[7.993s] -- Installing: /home/tyzros/chapt3/topic_ws/src/install/demo_cpp_topic/share/demo_cpp_topic/local_setup.sh
[7.993s] -- Installing: /home/tyzros/chapt3/topic_ws/src/install/demo_cpp_topic/share/demo_cpp_topic/local_setup.zsh
[7.993s] -- Installing: /home/tyzros/chapt3/topic_ws/src/install/demo_cpp_topic/share/demo_cpp_topic/local_setup.dsv
[7.993s] -- Installing: /home/tyzros/chapt3/topic_ws/src/install/demo_cpp_topic/share/demo_cpp_topic/package.dsv
[7.993s] -- Installing: /home/tyzros/chapt3/topic_ws/src/install/demo_cpp_topic/share/ament_index/resource_index/packages/demo_cpp_topic
[7.993s] -- Installing: /home/tyzros/chapt3/topic_ws/src/install/demo_cpp_topic/share/demo_cpp_topic/cmake/demo_cpp_topicConfig.cmake
[7.993s] -- Installing: /home/tyzros/chapt3/topic_ws/src/install/demo_cpp_topic/share/demo_cpp_topic/cmake/demo_cpp_topicConfig-version.cmake
[7.993s] -- Installing: /home/tyzros/chapt3/topic_ws/src/install/demo_cpp_topic/share/demo_cpp_topic/package.xml
[7.996s] Invoked command in '/home/tyzros/chapt3/topic_ws/src/build/demo_cpp_topic' returned '0': CMAKE_PREFIX_PATH=${CMAKE_PREFIX_PATH}:/home/tyzros/chapt3/install/status_publisher:/home/tyzros/chapt3/install/demo_python_topic:/opt/ros/humble /usr/bin/cmake --install /home/tyzros/chapt3/topic_ws/src/build/demo_cpp_topic
