[0.014s] Invoking command in '/home/tyzros/chapt3/topic_practice_ws/src/build/status_interfaces': CMAKE_PREFIX_PATH=/opt/ros/humble /usr/bin/cmake /home/tyzros/chapt3/topic_practice_ws/src/status_interfaces -DCMAKE_INSTALL_PREFIX=/home/tyzros/chapt3/topic_practice_ws/src/install/status_interfaces
[0.077s] -- The C compiler identification is GNU 11.4.0
[0.139s] -- The CXX compiler identification is GNU 11.4.0
[0.148s] -- Detecting C compiler ABI info
[0.217s] -- Detecting C compiler ABI info - done
[0.224s] -- Check for working C compiler: /usr/bin/cc - skipped
[0.225s] -- Detecting C compile features
[0.225s] -- Detecting C compile features - done
[0.227s] -- Detecting CXX compiler ABI info
[0.298s] -- Detecting CXX compiler ABI info - done
[0.302s] -- Check for working CXX compiler: /usr/bin/c++ - skipped
[0.304s] -- Detecting CXX compile features
[0.305s] -- Detecting CXX compile features - done
[0.307s] -- Found ament_cmake: 1.3.11 (/opt/ros/humble/share/ament_cmake/cmake)
[0.454s] -- Found Python3: /usr/bin/python3 (found version "3.10.12") found components: Interpreter 
[0.547s] -- Found rosidl_default_generators: 1.2.0 (/opt/ros/humble/share/rosidl_default_generators/cmake)
[0.549s] -- Using all available rosidl_typesupport_c: rosidl_typesupport_fastrtps_c;rosidl_typesupport_introspection_c
[0.554s] -- Found rosidl_adapter: 3.1.6 (/opt/ros/humble/share/rosidl_adapter/cmake)
[0.586s] -- Using all available rosidl_typesupport_cpp: rosidl_typesupport_fastrtps_cpp;rosidl_typesupport_introspection_cpp
[0.616s] -- Found builtin_interfaces: 1.2.1 (/opt/ros/humble/share/builtin_interfaces/cmake)
[0.823s] -- Found ament_cmake_ros: 0.10.0 (/opt/ros/humble/share/ament_cmake_ros/cmake)
[0.974s] -- Using all available rosidl_typesupport_c: rosidl_typesupport_fastrtps_c;rosidl_typesupport_introspection_c
[1.178s] -- Using all available rosidl_typesupport_cpp: rosidl_typesupport_fastrtps_cpp;rosidl_typesupport_introspection_cpp
[1.196s] -- Found PythonInterp: /usr/bin/python3 (found suitable version "3.10.12", minimum required is "3.6") 
[1.197s] -- Found python_cmake_module: 0.10.0 (/opt/ros/humble/share/python_cmake_module/cmake)
[1.218s] -- Found PythonLibs: /usr/lib/x86_64-linux-gnu/libpython3.10.so (found suitable version "3.10.12", minimum required is "3.5") 
[1.218s] -- Using PYTHON_EXECUTABLE: /usr/bin/python3
[1.218s] -- Using PYTHON_INCLUDE_DIRS: /usr/include/python3.10
[1.218s] -- Using PYTHON_LIBRARIES: /usr/lib/x86_64-linux-gnu/libpython3.10.so
[1.240s] -- Found PythonExtra: .so  
[1.271s] -- Found ament_lint_auto: 0.12.12 (/opt/ros/humble/share/ament_lint_auto/cmake)
[1.284s] -- Added test 'lint_cmake' to check CMake code style
[1.284s] -- Added test 'xmllint' to check XML markup files
[1.287s] -- Configuring done
[1.319s] -- Generating done
[1.328s] -- Build files have been written to: /home/tyzros/chapt3/topic_practice_ws/src/build/status_interfaces
[1.335s] Invoked command in '/home/tyzros/chapt3/topic_practice_ws/src/build/status_interfaces' returned '0': CMAKE_PREFIX_PATH=/opt/ros/humble /usr/bin/cmake /home/tyzros/chapt3/topic_practice_ws/src/status_interfaces -DCMAKE_INSTALL_PREFIX=/home/tyzros/chapt3/topic_practice_ws/src/install/status_interfaces
[1.337s] Invoking command in '/home/tyzros/chapt3/topic_practice_ws/src/build/status_interfaces': CMAKE_PREFIX_PATH=/opt/ros/humble /usr/bin/cmake --build /home/tyzros/chapt3/topic_practice_ws/src/build/status_interfaces -- -j16 -l16
[1.376s] [  3%] [34m[1mGenerating C code for ROS interfaces[0m
[1.386s] [  6%] [34m[1mGenerating C++ code for ROS interfaces[0m
[1.393s] [  6%] Built target ament_cmake_python_copy_status_interfaces
[1.610s] running egg_info
[1.611s] creating status_interfaces.egg-info
[1.611s] writing status_interfaces.egg-info/PKG-INFO
[1.611s] writing dependency_links to status_interfaces.egg-info/dependency_links.txt
[1.612s] writing top-level names to status_interfaces.egg-info/top_level.txt
[1.612s] writing manifest file 'status_interfaces.egg-info/SOURCES.txt'
[1.613s] [  6%] Built target status_interfaces__cpp
[1.613s] reading manifest file 'status_interfaces.egg-info/SOURCES.txt'
[1.614s] writing manifest file 'status_interfaces.egg-info/SOURCES.txt'
[1.616s] [  9%] [32mBuilding C object CMakeFiles/status_interfaces__rosidl_generator_c.dir/rosidl_generator_c/status_interfaces/msg/detail/system_status__functions.c.o[0m
[1.624s] [ 19%] [34m[1mGenerating C++ type support dispatch for ROS interfaces[0m
[1.624s] [ 19%] [34m[1mGenerating C++ type support for eProsima Fast-RTPS[0m
[1.624s] [ 19%] [34m[1mGenerating C++ introspection for ROS interfaces[0m
[1.642s] [ 19%] Built target ament_cmake_python_build_status_interfaces_egg
[1.675s] [ 22%] [32m[1mLinking C shared library libstatus_interfaces__rosidl_generator_c.so[0m
[1.712s] [ 22%] Built target status_interfaces__rosidl_generator_c
[1.725s] [ 25%] [34m[1mGenerating C introspection for ROS interfaces[0m
[1.725s] [ 29%] [34m[1mGenerating C type support for eProsima Fast-RTPS[0m
[1.729s] [ 32%] [34m[1mGenerating C type support dispatch for ROS interfaces[0m
[1.885s] [ 35%] [32mBuilding CXX object CMakeFiles/status_interfaces__rosidl_typesupport_cpp.dir/rosidl_typesupport_cpp/status_interfaces/msg/system_status__type_support.cpp.o[0m
[1.915s] [ 41%] [32mBuilding CXX object CMakeFiles/status_interfaces__rosidl_typesupport_introspection_cpp.dir/rosidl_typesupport_introspection_cpp/status_interfaces/msg/detail/system_status__type_support.cpp.o[0m
[1.916s] [ 41%] [32mBuilding CXX object CMakeFiles/status_interfaces__rosidl_typesupport_fastrtps_cpp.dir/rosidl_typesupport_fastrtps_cpp/status_interfaces/msg/detail/dds_fastrtps/system_status__type_support.cpp.o[0m
[1.990s] [ 45%] [32mBuilding CXX object CMakeFiles/status_interfaces__rosidl_typesupport_c.dir/rosidl_typesupport_c/status_interfaces/msg/system_status__type_support.cpp.o[0m
[2.000s] [ 48%] [32mBuilding C object CMakeFiles/status_interfaces__rosidl_typesupport_introspection_c.dir/rosidl_typesupport_introspection_c/status_interfaces/msg/detail/system_status__type_support.c.o[0m
[2.009s] [ 51%] [32mBuilding CXX object CMakeFiles/status_interfaces__rosidl_typesupport_fastrtps_c.dir/rosidl_typesupport_fastrtps_c/status_interfaces/msg/detail/system_status__type_support_c.cpp.o[0m
[2.029s] [ 54%] [32m[1mLinking CXX shared library libstatus_interfaces__rosidl_typesupport_c.so[0m
[2.041s] [ 58%] [32m[1mLinking C shared library libstatus_interfaces__rosidl_typesupport_introspection_c.so[0m
[2.076s] [ 58%] Built target status_interfaces__rosidl_typesupport_c
[2.091s] [ 58%] Built target status_interfaces__rosidl_typesupport_introspection_c
[2.127s] [ 61%] [32m[1mLinking CXX shared library libstatus_interfaces__rosidl_typesupport_cpp.so[0m
[2.176s] [ 61%] Built target status_interfaces__rosidl_typesupport_cpp
[2.297s] [ 64%] [32m[1mLinking CXX shared library libstatus_interfaces__rosidl_typesupport_introspection_cpp.so[0m
[2.297s] [ 67%] [32m[1mLinking CXX shared library libstatus_interfaces__rosidl_typesupport_fastrtps_cpp.so[0m
[2.324s] [ 70%] [32m[1mLinking CXX shared library libstatus_interfaces__rosidl_typesupport_fastrtps_c.so[0m
[2.356s] [ 70%] Built target status_interfaces__rosidl_typesupport_introspection_cpp
[2.366s] [ 70%] Built target status_interfaces__rosidl_typesupport_fastrtps_cpp
[2.392s] [ 70%] Built target status_interfaces__rosidl_typesupport_fastrtps_c
[2.411s] [ 70%] Built target status_interfaces
[2.432s] [ 74%] [34m[1mGenerating Python code for ROS interfaces[0m
[2.716s] [ 74%] Built target status_interfaces__py
[2.739s] [ 77%] [32mBuilding C object CMakeFiles/status_interfaces__rosidl_generator_py.dir/rosidl_generator_py/status_interfaces/msg/_system_status_s.c.o[0m
[2.841s] [ 80%] [32m[1mLinking C shared library rosidl_generator_py/status_interfaces/libstatus_interfaces__rosidl_generator_py.so[0m
[2.888s] [ 80%] Built target status_interfaces__rosidl_generator_py
[2.914s] [ 83%] [32mBuilding C object CMakeFiles/status_interfaces__rosidl_typesupport_fastrtps_c__pyext.dir/rosidl_generator_py/status_interfaces/_status_interfaces_s.ep.rosidl_typesupport_fastrtps_c.c.o[0m
[2.917s] [ 87%] [32mBuilding C object CMakeFiles/status_interfaces__rosidl_typesupport_c__pyext.dir/rosidl_generator_py/status_interfaces/_status_interfaces_s.ep.rosidl_typesupport_c.c.o[0m
[2.924s] [ 90%] [32mBuilding C object CMakeFiles/status_interfaces__rosidl_typesupport_introspection_c__pyext.dir/rosidl_generator_py/status_interfaces/_status_interfaces_s.ep.rosidl_typesupport_introspection_c.c.o[0m
[3.034s] [ 93%] [32m[1mLinking C shared library rosidl_generator_py/status_interfaces/status_interfaces_s__rosidl_typesupport_c.cpython-310-x86_64-linux-gnu.so[0m
[3.042s] [ 96%] [32m[1mLinking C shared library rosidl_generator_py/status_interfaces/status_interfaces_s__rosidl_typesupport_fastrtps_c.cpython-310-x86_64-linux-gnu.so[0m
[3.050s] [100%] [32m[1mLinking C shared library rosidl_generator_py/status_interfaces/status_interfaces_s__rosidl_typesupport_introspection_c.cpython-310-x86_64-linux-gnu.so[0m
[3.081s] [100%] Built target status_interfaces__rosidl_typesupport_c__pyext
[3.087s] [100%] Built target status_interfaces__rosidl_typesupport_fastrtps_c__pyext
[3.098s] [100%] Built target status_interfaces__rosidl_typesupport_introspection_c__pyext
[3.114s] Invoked command in '/home/tyzros/chapt3/topic_practice_ws/src/build/status_interfaces' returned '0': CMAKE_PREFIX_PATH=/opt/ros/humble /usr/bin/cmake --build /home/tyzros/chapt3/topic_practice_ws/src/build/status_interfaces -- -j16 -l16
[3.127s] Invoking command in '/home/tyzros/chapt3/topic_practice_ws/src/build/status_interfaces': CMAKE_PREFIX_PATH=/opt/ros/humble /usr/bin/cmake --install /home/tyzros/chapt3/topic_practice_ws/src/build/status_interfaces
[3.138s] -- Install configuration: ""
[3.138s] -- Installing: /home/tyzros/chapt3/topic_practice_ws/src/install/status_interfaces/share/ament_index/resource_index/rosidl_interfaces/status_interfaces
[3.138s] -- Installing: /home/tyzros/chapt3/topic_practice_ws/src/install/status_interfaces/include/status_interfaces/status_interfaces
[3.138s] -- Installing: /home/tyzros/chapt3/topic_practice_ws/src/install/status_interfaces/include/status_interfaces/status_interfaces/msg
[3.139s] -- Installing: /home/tyzros/chapt3/topic_practice_ws/src/install/status_interfaces/include/status_interfaces/status_interfaces/msg/detail
[3.139s] -- Installing: /home/tyzros/chapt3/topic_practice_ws/src/install/status_interfaces/include/status_interfaces/status_interfaces/msg/detail/system_status__struct.h
[3.139s] -- Installing: /home/tyzros/chapt3/topic_practice_ws/src/install/status_interfaces/include/status_interfaces/status_interfaces/msg/detail/system_status__type_support.h
[3.139s] -- Installing: /home/tyzros/chapt3/topic_practice_ws/src/install/status_interfaces/include/status_interfaces/status_interfaces/msg/detail/system_status__functions.h
[3.139s] -- Installing: /home/tyzros/chapt3/topic_practice_ws/src/install/status_interfaces/include/status_interfaces/status_interfaces/msg/detail/system_status__functions.c
[3.139s] -- Installing: /home/tyzros/chapt3/topic_practice_ws/src/install/status_interfaces/include/status_interfaces/status_interfaces/msg/rosidl_generator_c__visibility_control.h
[3.139s] -- Installing: /home/tyzros/chapt3/topic_practice_ws/src/install/status_interfaces/include/status_interfaces/status_interfaces/msg/system_status.h
[3.139s] -- Installing: /home/tyzros/chapt3/topic_practice_ws/src/install/status_interfaces/share/status_interfaces/environment/library_path.sh
[3.139s] -- Installing: /home/tyzros/chapt3/topic_practice_ws/src/install/status_interfaces/share/status_interfaces/environment/library_path.dsv
[3.139s] -- Installing: /home/tyzros/chapt3/topic_practice_ws/src/install/status_interfaces/lib/libstatus_interfaces__rosidl_generator_c.so
[3.140s] -- Set runtime path of "/home/tyzros/chapt3/topic_practice_ws/src/install/status_interfaces/lib/libstatus_interfaces__rosidl_generator_c.so" to ""
[3.140s] -- Up-to-date: /home/tyzros/chapt3/topic_practice_ws/src/install/status_interfaces/include/status_interfaces/status_interfaces
[3.140s] -- Up-to-date: /home/tyzros/chapt3/topic_practice_ws/src/install/status_interfaces/include/status_interfaces/status_interfaces/msg
[3.140s] -- Installing: /home/tyzros/chapt3/topic_practice_ws/src/install/status_interfaces/include/status_interfaces/status_interfaces/msg/rosidl_typesupport_fastrtps_c__visibility_control.h
[3.140s] -- Up-to-date: /home/tyzros/chapt3/topic_practice_ws/src/install/status_interfaces/include/status_interfaces/status_interfaces/msg/detail
[3.140s] -- Installing: /home/tyzros/chapt3/topic_practice_ws/src/install/status_interfaces/include/status_interfaces/status_interfaces/msg/detail/system_status__rosidl_typesupport_fastrtps_c.h
[3.140s] -- Installing: /home/tyzros/chapt3/topic_practice_ws/src/install/status_interfaces/lib/libstatus_interfaces__rosidl_typesupport_fastrtps_c.so
[3.141s] -- Set runtime path of "/home/tyzros/chapt3/topic_practice_ws/src/install/status_interfaces/lib/libstatus_interfaces__rosidl_typesupport_fastrtps_c.so" to ""
[3.141s] -- Up-to-date: /home/tyzros/chapt3/topic_practice_ws/src/install/status_interfaces/include/status_interfaces/status_interfaces
[3.141s] -- Up-to-date: /home/tyzros/chapt3/topic_practice_ws/src/install/status_interfaces/include/status_interfaces/status_interfaces/msg
[3.141s] -- Up-to-date: /home/tyzros/chapt3/topic_practice_ws/src/install/status_interfaces/include/status_interfaces/status_interfaces/msg/detail
[3.141s] -- Installing: /home/tyzros/chapt3/topic_practice_ws/src/install/status_interfaces/include/status_interfaces/status_interfaces/msg/detail/system_status__rosidl_typesupport_introspection_c.h
[3.142s] -- Installing: /home/tyzros/chapt3/topic_practice_ws/src/install/status_interfaces/include/status_interfaces/status_interfaces/msg/detail/system_status__type_support.c
[3.142s] -- Installing: /home/tyzros/chapt3/topic_practice_ws/src/install/status_interfaces/include/status_interfaces/status_interfaces/msg/rosidl_typesupport_introspection_c__visibility_control.h
[3.142s] -- Installing: /home/tyzros/chapt3/topic_practice_ws/src/install/status_interfaces/lib/libstatus_interfaces__rosidl_typesupport_introspection_c.so
[3.142s] -- Set runtime path of "/home/tyzros/chapt3/topic_practice_ws/src/install/status_interfaces/lib/libstatus_interfaces__rosidl_typesupport_introspection_c.so" to ""
[3.142s] -- Installing: /home/tyzros/chapt3/topic_practice_ws/src/install/status_interfaces/lib/libstatus_interfaces__rosidl_typesupport_c.so
[3.143s] -- Set runtime path of "/home/tyzros/chapt3/topic_practice_ws/src/install/status_interfaces/lib/libstatus_interfaces__rosidl_typesupport_c.so" to ""
[3.143s] -- Up-to-date: /home/tyzros/chapt3/topic_practice_ws/src/install/status_interfaces/include/status_interfaces/status_interfaces
[3.143s] -- Up-to-date: /home/tyzros/chapt3/topic_practice_ws/src/install/status_interfaces/include/status_interfaces/status_interfaces/msg
[3.143s] -- Installing: /home/tyzros/chapt3/topic_practice_ws/src/install/status_interfaces/include/status_interfaces/status_interfaces/msg/rosidl_generator_cpp__visibility_control.hpp
[3.143s] -- Installing: /home/tyzros/chapt3/topic_practice_ws/src/install/status_interfaces/include/status_interfaces/status_interfaces/msg/system_status.hpp
[3.143s] -- Up-to-date: /home/tyzros/chapt3/topic_practice_ws/src/install/status_interfaces/include/status_interfaces/status_interfaces/msg/detail
[3.143s] -- Installing: /home/tyzros/chapt3/topic_practice_ws/src/install/status_interfaces/include/status_interfaces/status_interfaces/msg/detail/system_status__type_support.hpp
[3.143s] -- Installing: /home/tyzros/chapt3/topic_practice_ws/src/install/status_interfaces/include/status_interfaces/status_interfaces/msg/detail/system_status__struct.hpp
[3.143s] -- Installing: /home/tyzros/chapt3/topic_practice_ws/src/install/status_interfaces/include/status_interfaces/status_interfaces/msg/detail/system_status__builder.hpp
[3.144s] -- Installing: /home/tyzros/chapt3/topic_practice_ws/src/install/status_interfaces/include/status_interfaces/status_interfaces/msg/detail/system_status__traits.hpp
[3.145s] -- Up-to-date: /home/tyzros/chapt3/topic_practice_ws/src/install/status_interfaces/include/status_interfaces/status_interfaces
[3.145s] -- Up-to-date: /home/tyzros/chapt3/topic_practice_ws/src/install/status_interfaces/include/status_interfaces/status_interfaces/msg
[3.145s] -- Installing: /home/tyzros/chapt3/topic_practice_ws/src/install/status_interfaces/include/status_interfaces/status_interfaces/msg/rosidl_typesupport_fastrtps_cpp__visibility_control.h
[3.145s] -- Up-to-date: /home/tyzros/chapt3/topic_practice_ws/src/install/status_interfaces/include/status_interfaces/status_interfaces/msg/detail
[3.145s] -- Installing: /home/tyzros/chapt3/topic_practice_ws/src/install/status_interfaces/include/status_interfaces/status_interfaces/msg/detail/system_status__rosidl_typesupport_fastrtps_cpp.hpp
[3.145s] -- Installing: /home/tyzros/chapt3/topic_practice_ws/src/install/status_interfaces/include/status_interfaces/status_interfaces/msg/detail/dds_fastrtps
[3.145s] -- Installing: /home/tyzros/chapt3/topic_practice_ws/src/install/status_interfaces/lib/libstatus_interfaces__rosidl_typesupport_fastrtps_cpp.so
[3.147s] -- Set runtime path of "/home/tyzros/chapt3/topic_practice_ws/src/install/status_interfaces/lib/libstatus_interfaces__rosidl_typesupport_fastrtps_cpp.so" to ""
[3.147s] -- Up-to-date: /home/tyzros/chapt3/topic_practice_ws/src/install/status_interfaces/include/status_interfaces/status_interfaces
[3.147s] -- Up-to-date: /home/tyzros/chapt3/topic_practice_ws/src/install/status_interfaces/include/status_interfaces/status_interfaces/msg
[3.147s] -- Up-to-date: /home/tyzros/chapt3/topic_practice_ws/src/install/status_interfaces/include/status_interfaces/status_interfaces/msg/detail
[3.148s] -- Installing: /home/tyzros/chapt3/topic_practice_ws/src/install/status_interfaces/include/status_interfaces/status_interfaces/msg/detail/system_status__type_support.cpp
[3.149s] -- Installing: /home/tyzros/chapt3/topic_practice_ws/src/install/status_interfaces/include/status_interfaces/status_interfaces/msg/detail/system_status__rosidl_typesupport_introspection_cpp.hpp
[3.149s] -- Installing: /home/tyzros/chapt3/topic_practice_ws/src/install/status_interfaces/lib/libstatus_interfaces__rosidl_typesupport_introspection_cpp.so
[3.149s] -- Set runtime path of "/home/tyzros/chapt3/topic_practice_ws/src/install/status_interfaces/lib/libstatus_interfaces__rosidl_typesupport_introspection_cpp.so" to ""
[3.149s] -- Installing: /home/tyzros/chapt3/topic_practice_ws/src/install/status_interfaces/lib/libstatus_interfaces__rosidl_typesupport_cpp.so
[3.150s] -- Set runtime path of "/home/tyzros/chapt3/topic_practice_ws/src/install/status_interfaces/lib/libstatus_interfaces__rosidl_typesupport_cpp.so" to ""
[3.150s] -- Installing: /home/tyzros/chapt3/topic_practice_ws/src/install/status_interfaces/share/status_interfaces/environment/pythonpath.sh
[3.150s] -- Installing: /home/tyzros/chapt3/topic_practice_ws/src/install/status_interfaces/share/status_interfaces/environment/pythonpath.dsv
[3.151s] -- Installing: /home/tyzros/chapt3/topic_practice_ws/src/install/status_interfaces/local/lib/python3.10/dist-packages/status_interfaces-0.0.0-py3.10.egg-info
[3.151s] -- Installing: /home/tyzros/chapt3/topic_practice_ws/src/install/status_interfaces/local/lib/python3.10/dist-packages/status_interfaces-0.0.0-py3.10.egg-info/top_level.txt
[3.151s] -- Installing: /home/tyzros/chapt3/topic_practice_ws/src/install/status_interfaces/local/lib/python3.10/dist-packages/status_interfaces-0.0.0-py3.10.egg-info/dependency_links.txt
[3.151s] -- Installing: /home/tyzros/chapt3/topic_practice_ws/src/install/status_interfaces/local/lib/python3.10/dist-packages/status_interfaces-0.0.0-py3.10.egg-info/SOURCES.txt
[3.151s] -- Installing: /home/tyzros/chapt3/topic_practice_ws/src/install/status_interfaces/local/lib/python3.10/dist-packages/status_interfaces-0.0.0-py3.10.egg-info/PKG-INFO
[3.151s] -- Installing: /home/tyzros/chapt3/topic_practice_ws/src/install/status_interfaces/local/lib/python3.10/dist-packages/status_interfaces
[3.151s] -- Installing: /home/tyzros/chapt3/topic_practice_ws/src/install/status_interfaces/local/lib/python3.10/dist-packages/status_interfaces/status_interfaces_s__rosidl_typesupport_introspection_c.cpython-310-x86_64-linux-gnu.so
[3.151s] -- Installing: /home/tyzros/chapt3/topic_practice_ws/src/install/status_interfaces/local/lib/python3.10/dist-packages/status_interfaces/status_interfaces_s__rosidl_typesupport_c.cpython-310-x86_64-linux-gnu.so
[3.151s] -- Installing: /home/tyzros/chapt3/topic_practice_ws/src/install/status_interfaces/local/lib/python3.10/dist-packages/status_interfaces/libstatus_interfaces__rosidl_generator_py.so
[3.152s] -- Installing: /home/tyzros/chapt3/topic_practice_ws/src/install/status_interfaces/local/lib/python3.10/dist-packages/status_interfaces/__init__.py
[3.152s] -- Installing: /home/tyzros/chapt3/topic_practice_ws/src/install/status_interfaces/local/lib/python3.10/dist-packages/status_interfaces/_status_interfaces_s.ep.rosidl_typesupport_introspection_c.c
[3.152s] -- Installing: /home/tyzros/chapt3/topic_practice_ws/src/install/status_interfaces/local/lib/python3.10/dist-packages/status_interfaces/msg
[3.152s] -- Installing: /home/tyzros/chapt3/topic_practice_ws/src/install/status_interfaces/local/lib/python3.10/dist-packages/status_interfaces/msg/__init__.py
[3.152s] -- Installing: /home/tyzros/chapt3/topic_practice_ws/src/install/status_interfaces/local/lib/python3.10/dist-packages/status_interfaces/msg/_system_status.py
[3.152s] -- Installing: /home/tyzros/chapt3/topic_practice_ws/src/install/status_interfaces/local/lib/python3.10/dist-packages/status_interfaces/msg/_system_status_s.c
[3.152s] -- Installing: /home/tyzros/chapt3/topic_practice_ws/src/install/status_interfaces/local/lib/python3.10/dist-packages/status_interfaces/_status_interfaces_s.ep.rosidl_typesupport_c.c
[3.152s] -- Installing: /home/tyzros/chapt3/topic_practice_ws/src/install/status_interfaces/local/lib/python3.10/dist-packages/status_interfaces/status_interfaces_s__rosidl_typesupport_fastrtps_c.cpython-310-x86_64-linux-gnu.so
[3.153s] -- Installing: /home/tyzros/chapt3/topic_practice_ws/src/install/status_interfaces/local/lib/python3.10/dist-packages/status_interfaces/_status_interfaces_s.ep.rosidl_typesupport_fastrtps_c.c
[3.186s] Listing '/home/tyzros/chapt3/topic_practice_ws/src/install/status_interfaces/local/lib/python3.10/dist-packages/status_interfaces'...
[3.187s] Compiling '/home/tyzros/chapt3/topic_practice_ws/src/install/status_interfaces/local/lib/python3.10/dist-packages/status_interfaces/__init__.py'...
[3.187s] Listing '/home/tyzros/chapt3/topic_practice_ws/src/install/status_interfaces/local/lib/python3.10/dist-packages/status_interfaces/msg'...
[3.187s] Compiling '/home/tyzros/chapt3/topic_practice_ws/src/install/status_interfaces/local/lib/python3.10/dist-packages/status_interfaces/msg/__init__.py'...
[3.187s] Compiling '/home/tyzros/chapt3/topic_practice_ws/src/install/status_interfaces/local/lib/python3.10/dist-packages/status_interfaces/msg/_system_status.py'...
[3.191s] -- Installing: /home/tyzros/chapt3/topic_practice_ws/src/install/status_interfaces/local/lib/python3.10/dist-packages/status_interfaces/status_interfaces_s__rosidl_typesupport_fastrtps_c.cpython-310-x86_64-linux-gnu.so
[3.192s] -- Set runtime path of "/home/tyzros/chapt3/topic_practice_ws/src/install/status_interfaces/local/lib/python3.10/dist-packages/status_interfaces/status_interfaces_s__rosidl_typesupport_fastrtps_c.cpython-310-x86_64-linux-gnu.so" to ""
[3.192s] -- Installing: /home/tyzros/chapt3/topic_practice_ws/src/install/status_interfaces/local/lib/python3.10/dist-packages/status_interfaces/status_interfaces_s__rosidl_typesupport_introspection_c.cpython-310-x86_64-linux-gnu.so
[3.193s] -- Set runtime path of "/home/tyzros/chapt3/topic_practice_ws/src/install/status_interfaces/local/lib/python3.10/dist-packages/status_interfaces/status_interfaces_s__rosidl_typesupport_introspection_c.cpython-310-x86_64-linux-gnu.so" to ""
[3.194s] -- Installing: /home/tyzros/chapt3/topic_practice_ws/src/install/status_interfaces/local/lib/python3.10/dist-packages/status_interfaces/status_interfaces_s__rosidl_typesupport_c.cpython-310-x86_64-linux-gnu.so
[3.195s] -- Set runtime path of "/home/tyzros/chapt3/topic_practice_ws/src/install/status_interfaces/local/lib/python3.10/dist-packages/status_interfaces/status_interfaces_s__rosidl_typesupport_c.cpython-310-x86_64-linux-gnu.so" to ""
[3.195s] -- Installing: /home/tyzros/chapt3/topic_practice_ws/src/install/status_interfaces/lib/libstatus_interfaces__rosidl_generator_py.so
[3.196s] -- Set runtime path of "/home/tyzros/chapt3/topic_practice_ws/src/install/status_interfaces/lib/libstatus_interfaces__rosidl_generator_py.so" to ""
[3.196s] -- Installing: /home/tyzros/chapt3/topic_practice_ws/src/install/status_interfaces/share/status_interfaces/msg/SystemStatus.idl
[3.196s] -- Installing: /home/tyzros/chapt3/topic_practice_ws/src/install/status_interfaces/share/status_interfaces/msg/SystemStatus.msg
[3.197s] -- Installing: /home/tyzros/chapt3/topic_practice_ws/src/install/status_interfaces/share/ament_index/resource_index/package_run_dependencies/status_interfaces
[3.197s] -- Installing: /home/tyzros/chapt3/topic_practice_ws/src/install/status_interfaces/share/ament_index/resource_index/parent_prefix_path/status_interfaces
[3.197s] -- Installing: /home/tyzros/chapt3/topic_practice_ws/src/install/status_interfaces/share/status_interfaces/environment/ament_prefix_path.sh
[3.198s] -- Installing: /home/tyzros/chapt3/topic_practice_ws/src/install/status_interfaces/share/status_interfaces/environment/ament_prefix_path.dsv
[3.199s] -- Installing: /home/tyzros/chapt3/topic_practice_ws/src/install/status_interfaces/share/status_interfaces/environment/path.sh
[3.199s] -- Installing: /home/tyzros/chapt3/topic_practice_ws/src/install/status_interfaces/share/status_interfaces/environment/path.dsv
[3.199s] -- Installing: /home/tyzros/chapt3/topic_practice_ws/src/install/status_interfaces/share/status_interfaces/local_setup.bash
[3.199s] -- Installing: /home/tyzros/chapt3/topic_practice_ws/src/install/status_interfaces/share/status_interfaces/local_setup.sh
[3.199s] -- Installing: /home/tyzros/chapt3/topic_practice_ws/src/install/status_interfaces/share/status_interfaces/local_setup.zsh
[3.199s] -- Installing: /home/tyzros/chapt3/topic_practice_ws/src/install/status_interfaces/share/status_interfaces/local_setup.dsv
[3.200s] -- Installing: /home/tyzros/chapt3/topic_practice_ws/src/install/status_interfaces/share/status_interfaces/package.dsv
[3.200s] -- Installing: /home/tyzros/chapt3/topic_practice_ws/src/install/status_interfaces/share/ament_index/resource_index/packages/status_interfaces
[3.200s] -- Installing: /home/tyzros/chapt3/topic_practice_ws/src/install/status_interfaces/share/status_interfaces/cmake/export_status_interfaces__rosidl_generator_cExport.cmake
[3.200s] -- Installing: /home/tyzros/chapt3/topic_practice_ws/src/install/status_interfaces/share/status_interfaces/cmake/export_status_interfaces__rosidl_generator_cExport-noconfig.cmake
[3.200s] -- Installing: /home/tyzros/chapt3/topic_practice_ws/src/install/status_interfaces/share/status_interfaces/cmake/export_status_interfaces__rosidl_typesupport_fastrtps_cExport.cmake
[3.201s] -- Installing: /home/tyzros/chapt3/topic_practice_ws/src/install/status_interfaces/share/status_interfaces/cmake/export_status_interfaces__rosidl_typesupport_fastrtps_cExport-noconfig.cmake
[3.201s] -- Installing: /home/tyzros/chapt3/topic_practice_ws/src/install/status_interfaces/share/status_interfaces/cmake/status_interfaces__rosidl_typesupport_introspection_cExport.cmake
[3.201s] -- Installing: /home/tyzros/chapt3/topic_practice_ws/src/install/status_interfaces/share/status_interfaces/cmake/status_interfaces__rosidl_typesupport_introspection_cExport-noconfig.cmake
[3.201s] -- Installing: /home/tyzros/chapt3/topic_practice_ws/src/install/status_interfaces/share/status_interfaces/cmake/status_interfaces__rosidl_typesupport_cExport.cmake
[3.201s] -- Installing: /home/tyzros/chapt3/topic_practice_ws/src/install/status_interfaces/share/status_interfaces/cmake/status_interfaces__rosidl_typesupport_cExport-noconfig.cmake
[3.202s] -- Installing: /home/tyzros/chapt3/topic_practice_ws/src/install/status_interfaces/share/status_interfaces/cmake/export_status_interfaces__rosidl_generator_cppExport.cmake
[3.202s] -- Installing: /home/tyzros/chapt3/topic_practice_ws/src/install/status_interfaces/share/status_interfaces/cmake/export_status_interfaces__rosidl_typesupport_fastrtps_cppExport.cmake
[3.202s] -- Installing: /home/tyzros/chapt3/topic_practice_ws/src/install/status_interfaces/share/status_interfaces/cmake/export_status_interfaces__rosidl_typesupport_fastrtps_cppExport-noconfig.cmake
[3.202s] -- Installing: /home/tyzros/chapt3/topic_practice_ws/src/install/status_interfaces/share/status_interfaces/cmake/status_interfaces__rosidl_typesupport_introspection_cppExport.cmake
[3.202s] -- Installing: /home/tyzros/chapt3/topic_practice_ws/src/install/status_interfaces/share/status_interfaces/cmake/status_interfaces__rosidl_typesupport_introspection_cppExport-noconfig.cmake
[3.202s] -- Installing: /home/tyzros/chapt3/topic_practice_ws/src/install/status_interfaces/share/status_interfaces/cmake/status_interfaces__rosidl_typesupport_cppExport.cmake
[3.202s] -- Installing: /home/tyzros/chapt3/topic_practice_ws/src/install/status_interfaces/share/status_interfaces/cmake/status_interfaces__rosidl_typesupport_cppExport-noconfig.cmake
[3.203s] -- Installing: /home/tyzros/chapt3/topic_practice_ws/src/install/status_interfaces/share/status_interfaces/cmake/export_status_interfaces__rosidl_generator_pyExport.cmake
[3.203s] -- Installing: /home/tyzros/chapt3/topic_practice_ws/src/install/status_interfaces/share/status_interfaces/cmake/export_status_interfaces__rosidl_generator_pyExport-noconfig.cmake
[3.203s] -- Installing: /home/tyzros/chapt3/topic_practice_ws/src/install/status_interfaces/share/status_interfaces/cmake/rosidl_cmake-extras.cmake
[3.203s] -- Installing: /home/tyzros/chapt3/topic_practice_ws/src/install/status_interfaces/share/status_interfaces/cmake/ament_cmake_export_dependencies-extras.cmake
[3.203s] -- Installing: /home/tyzros/chapt3/topic_practice_ws/src/install/status_interfaces/share/status_interfaces/cmake/ament_cmake_export_include_directories-extras.cmake
[3.203s] -- Installing: /home/tyzros/chapt3/topic_practice_ws/src/install/status_interfaces/share/status_interfaces/cmake/ament_cmake_export_libraries-extras.cmake
[3.203s] -- Installing: /home/tyzros/chapt3/topic_practice_ws/src/install/status_interfaces/share/status_interfaces/cmake/ament_cmake_export_targets-extras.cmake
[3.204s] -- Installing: /home/tyzros/chapt3/topic_practice_ws/src/install/status_interfaces/share/status_interfaces/cmake/rosidl_cmake_export_typesupport_targets-extras.cmake
[3.204s] -- Installing: /home/tyzros/chapt3/topic_practice_ws/src/install/status_interfaces/share/status_interfaces/cmake/rosidl_cmake_export_typesupport_libraries-extras.cmake
[3.204s] -- Installing: /home/tyzros/chapt3/topic_practice_ws/src/install/status_interfaces/share/status_interfaces/cmake/status_interfacesConfig.cmake
[3.204s] -- Installing: /home/tyzros/chapt3/topic_practice_ws/src/install/status_interfaces/share/status_interfaces/cmake/status_interfacesConfig-version.cmake
[3.204s] -- Installing: /home/tyzros/chapt3/topic_practice_ws/src/install/status_interfaces/share/status_interfaces/package.xml
[3.210s] Invoked command in '/home/tyzros/chapt3/topic_practice_ws/src/build/status_interfaces' returned '0': CMAKE_PREFIX_PATH=/opt/ros/humble /usr/bin/cmake --install /home/tyzros/chapt3/topic_practice_ws/src/build/status_interfaces
